[1.719s] Invoking command in '/home/shaxpy/colcon_ws_AMR/src/Robile/robile_demos/robile_control_square': PYTHONPATH=/home/shaxpy/colcon_ws_AMR/build/robile_control_square/prefix_override:/home/shaxpy/colcon_ws_AMR/install/robile_control_square/lib/python3.8/site-packages:${PYTHONPATH} /usr/bin/python3 setup.py egg_info --egg-base ../../../../build/robile_control_square build --build-base /home/shaxpy/colcon_ws_AMR/build/robile_control_square/build install --record /home/shaxpy/colcon_ws_AMR/build/robile_control_square/install.log --single-version-externally-managed
[1.921s] running egg_info
[1.922s] writing ../../../../build/robile_control_square/robile_control_square.egg-info/PKG-INFO
[1.922s] writing dependency_links to ../../../../build/robile_control_square/robile_control_square.egg-info/dependency_links.txt
[1.922s] writing entry points to ../../../../build/robile_control_square/robile_control_square.egg-info/entry_points.txt
[1.923s] writing requirements to ../../../../build/robile_control_square/robile_control_square.egg-info/requires.txt
[1.923s] writing top-level names to ../../../../build/robile_control_square/robile_control_square.egg-info/top_level.txt
[1.952s] reading manifest file '../../../../build/robile_control_square/robile_control_square.egg-info/SOURCES.txt'
[1.953s] writing manifest file '../../../../build/robile_control_square/robile_control_square.egg-info/SOURCES.txt'
[1.953s] running build
[1.953s] running build_py
[1.953s] copying robile_control_square/robile_control_square.py -> /home/shaxpy/colcon_ws_AMR/build/robile_control_square/build/lib/robile_control_square
[1.953s] running install
[1.954s] running install_lib
[1.955s] copying /home/shaxpy/colcon_ws_AMR/build/robile_control_square/build/lib/robile_control_square/robile_control_square.py -> /home/shaxpy/colcon_ws_AMR/install/robile_control_square/lib/python3.8/site-packages/robile_control_square
[1.956s] byte-compiling /home/shaxpy/colcon_ws_AMR/install/robile_control_square/lib/python3.8/site-packages/robile_control_square/robile_control_square.py to robile_control_square.cpython-38.pyc
[1.957s] running install_data
[1.958s] running install_egg_info
[1.960s] removing '/home/shaxpy/colcon_ws_AMR/install/robile_control_square/lib/python3.8/site-packages/robile_control_square-0.0.0-py3.8.egg-info' (and everything under it)
[1.960s] Copying ../../../../build/robile_control_square/robile_control_square.egg-info to /home/shaxpy/colcon_ws_AMR/install/robile_control_square/lib/python3.8/site-packages/robile_control_square-0.0.0-py3.8.egg-info
[1.961s] running install_scripts
[1.977s] Installing motion_publisher script to /home/shaxpy/colcon_ws_AMR/install/robile_control_square/lib/robile_control_square
[1.977s] writing list of installed files to '/home/shaxpy/colcon_ws_AMR/build/robile_control_square/install.log'
[2.029s] Invoked command in '/home/shaxpy/colcon_ws_AMR/src/Robile/robile_demos/robile_control_square' returned '0': PYTHONPATH=/home/shaxpy/colcon_ws_AMR/build/robile_control_square/prefix_override:/home/shaxpy/colcon_ws_AMR/install/robile_control_square/lib/python3.8/site-packages:${PYTHONPATH} /usr/bin/python3 setup.py egg_info --egg-base ../../../../build/robile_control_square build --build-base /home/shaxpy/colcon_ws_AMR/build/robile_control_square/build install --record /home/shaxpy/colcon_ws_AMR/build/robile_control_square/install.log --single-version-externally-managed
