[0.271s] DEBUG:colcon:Command line arguments: ['/usr/bin/colcon', 'build']
[0.271s] DEBUG:colcon:Parsed command line arguments: Namespace(allow_overriding=[], ament_cmake_args=None, base_paths=['.'], build_base='build', catkin_cmake_args=None, catkin_skip_building_tests=False, cmake_args=None, cmake_clean_cache=False, cmake_clean_first=False, cmake_force_configure=False, cmake_target=None, cmake_target_skip_unavailable=False, continue_on_error=False, event_handlers=None, executor='parallel', ignore_user_meta=False, install_base='install', log_base=None, log_level=None, main=<bound method BuildVerb.main of <colcon_core.verb.build.BuildVerb object at 0x7f9a0afbbe80>>, merge_install=False, metas=['./colcon.meta'], packages_above=None, packages_above_and_dependencies=None, packages_above_depth=None, packages_end=None, packages_ignore=None, packages_ignore_regex=None, packages_select=None, packages_select_build_failed=False, packages_select_by_dep=None, packages_select_regex=None, packages_select_test_failures=False, packages_skip=None, packages_skip_build_finished=False, packages_skip_by_dep=None, packages_skip_regex=None, packages_skip_test_passed=False, packages_skip_up_to=None, packages_start=None, packages_up_to=None, packages_up_to_regex=None, parallel_workers=12, paths=None, symlink_install=False, test_result_base=None, verb_extension=<colcon_core.verb.build.BuildVerb object at 0x7f9a0afbbe80>, verb_name='build', verb_parser=<colcon_defaults.argument_parser.defaults.DefaultArgumentsDecorator object at 0x7f9a0afc5430>)
[0.301s] Level 1:colcon.colcon_core.package_discovery:discover_packages(colcon_meta) check parameters
[0.301s] Level 1:colcon.colcon_core.package_discovery:discover_packages(recursive) check parameters
[0.301s] Level 1:colcon.colcon_core.package_discovery:discover_packages(ignore) check parameters
[0.302s] Level 1:colcon.colcon_core.package_discovery:discover_packages(path) check parameters
[0.302s] Level 1:colcon.colcon_core.package_discovery:discover_packages(colcon_meta) discover
[0.302s] Level 1:colcon.colcon_core.package_discovery:discover_packages(recursive) discover
[0.302s] INFO:colcon.colcon_core.package_discovery:Crawling recursively for packages in '/home/shaxpy/colcon_ws_AMR'
[0.302s] Level 1:colcon.colcon_core.package_identification:_identify(.) by extensions ['ignore', 'ignore_ament_install']
[0.302s] Level 1:colcon.colcon_core.package_identification:_identify(.) by extension 'ignore'
[0.302s] Level 1:colcon.colcon_core.package_identification:_identify(.) by extension 'ignore_ament_install'
[0.302s] Level 1:colcon.colcon_core.package_identification:_identify(.) by extensions ['colcon_pkg']
[0.302s] Level 1:colcon.colcon_core.package_identification:_identify(.) by extension 'colcon_pkg'
[0.302s] Level 1:colcon.colcon_core.package_identification:_identify(.) by extensions ['colcon_meta']
[0.302s] Level 1:colcon.colcon_core.package_identification:_identify(.) by extension 'colcon_meta'
[0.302s] Level 1:colcon.colcon_core.package_identification:_identify(.) by extensions ['ros']
[0.302s] Level 1:colcon.colcon_core.package_identification:_identify(.) by extension 'ros'
[0.309s] Level 1:colcon.colcon_core.package_identification:_identify(.) by extensions ['cmake', 'python']
[0.309s] Level 1:colcon.colcon_core.package_identification:_identify(.) by extension 'cmake'
[0.309s] Level 1:colcon.colcon_core.package_identification:_identify(.) by extension 'python'
[0.309s] Level 1:colcon.colcon_core.package_identification:_identify(.) by extensions ['python_setup_py']
[0.310s] Level 1:colcon.colcon_core.package_identification:_identify(.) by extension 'python_setup_py'
[0.310s] Level 1:colcon.colcon_core.package_identification:_identify(build) by extensions ['ignore', 'ignore_ament_install']
[0.310s] Level 1:colcon.colcon_core.package_identification:_identify(build) by extension 'ignore'
[0.310s] Level 1:colcon.colcon_core.package_identification:_identify(build) ignored
[0.310s] Level 1:colcon.colcon_core.package_identification:_identify(install) by extensions ['ignore', 'ignore_ament_install']
[0.310s] Level 1:colcon.colcon_core.package_identification:_identify(install) by extension 'ignore'
[0.310s] Level 1:colcon.colcon_core.package_identification:_identify(install) ignored
[0.310s] Level 1:colcon.colcon_core.package_identification:_identify(log) by extensions ['ignore', 'ignore_ament_install']
[0.310s] Level 1:colcon.colcon_core.package_identification:_identify(log) by extension 'ignore'
[0.310s] Level 1:colcon.colcon_core.package_identification:_identify(log) ignored
[0.310s] Level 1:colcon.colcon_core.package_identification:_identify(src) by extensions ['ignore', 'ignore_ament_install']
[0.310s] Level 1:colcon.colcon_core.package_identification:_identify(src) by extension 'ignore'
[0.310s] Level 1:colcon.colcon_core.package_identification:_identify(src) by extension 'ignore_ament_install'
[0.310s] Level 1:colcon.colcon_core.package_identification:_identify(src) by extensions ['colcon_pkg']
[0.310s] Level 1:colcon.colcon_core.package_identification:_identify(src) by extension 'colcon_pkg'
[0.310s] Level 1:colcon.colcon_core.package_identification:_identify(src) by extensions ['colcon_meta']
[0.310s] Level 1:colcon.colcon_core.package_identification:_identify(src) by extension 'colcon_meta'
[0.310s] Level 1:colcon.colcon_core.package_identification:_identify(src) by extensions ['ros']
[0.310s] Level 1:colcon.colcon_core.package_identification:_identify(src) by extension 'ros'
[0.310s] Level 1:colcon.colcon_core.package_identification:_identify(src) by extensions ['cmake', 'python']
[0.310s] Level 1:colcon.colcon_core.package_identification:_identify(src) by extension 'cmake'
[0.310s] Level 1:colcon.colcon_core.package_identification:_identify(src) by extension 'python'
[0.310s] Level 1:colcon.colcon_core.package_identification:_identify(src) by extensions ['python_setup_py']
[0.310s] Level 1:colcon.colcon_core.package_identification:_identify(src) by extension 'python_setup_py'
[0.311s] Level 1:colcon.colcon_core.package_identification:_identify(src/Robile) by extensions ['ignore', 'ignore_ament_install']
[0.311s] Level 1:colcon.colcon_core.package_identification:_identify(src/Robile) by extension 'ignore'
[0.311s] Level 1:colcon.colcon_core.package_identification:_identify(src/Robile) by extension 'ignore_ament_install'
[0.311s] Level 1:colcon.colcon_core.package_identification:_identify(src/Robile) by extensions ['colcon_pkg']
[0.311s] Level 1:colcon.colcon_core.package_identification:_identify(src/Robile) by extension 'colcon_pkg'
[0.311s] Level 1:colcon.colcon_core.package_identification:_identify(src/Robile) by extensions ['colcon_meta']
[0.311s] Level 1:colcon.colcon_core.package_identification:_identify(src/Robile) by extension 'colcon_meta'
[0.311s] Level 1:colcon.colcon_core.package_identification:_identify(src/Robile) by extensions ['ros']
[0.311s] Level 1:colcon.colcon_core.package_identification:_identify(src/Robile) by extension 'ros'
[0.311s] Level 1:colcon.colcon_core.package_identification:_identify(src/Robile) by extensions ['cmake', 'python']
[0.311s] Level 1:colcon.colcon_core.package_identification:_identify(src/Robile) by extension 'cmake'
[0.311s] Level 1:colcon.colcon_core.package_identification:_identify(src/Robile) by extension 'python'
[0.311s] Level 1:colcon.colcon_core.package_identification:_identify(src/Robile) by extensions ['python_setup_py']
[0.311s] Level 1:colcon.colcon_core.package_identification:_identify(src/Robile) by extension 'python_setup_py'
[0.311s] Level 1:colcon.colcon_core.package_identification:_identify(src/Robile/docs) by extensions ['ignore', 'ignore_ament_install']
[0.311s] Level 1:colcon.colcon_core.package_identification:_identify(src/Robile/docs) by extension 'ignore'
[0.311s] Level 1:colcon.colcon_core.package_identification:_identify(src/Robile/docs) ignored
[0.311s] Level 1:colcon.colcon_core.package_identification:_identify(src/Robile/robile_demos) by extensions ['ignore', 'ignore_ament_install']
[0.311s] Level 1:colcon.colcon_core.package_identification:_identify(src/Robile/robile_demos) by extension 'ignore'
[0.311s] Level 1:colcon.colcon_core.package_identification:_identify(src/Robile/robile_demos) by extension 'ignore_ament_install'
[0.311s] Level 1:colcon.colcon_core.package_identification:_identify(src/Robile/robile_demos) by extensions ['colcon_pkg']
[0.311s] Level 1:colcon.colcon_core.package_identification:_identify(src/Robile/robile_demos) by extension 'colcon_pkg'
[0.311s] Level 1:colcon.colcon_core.package_identification:_identify(src/Robile/robile_demos) by extensions ['colcon_meta']
[0.311s] Level 1:colcon.colcon_core.package_identification:_identify(src/Robile/robile_demos) by extension 'colcon_meta'
[0.311s] Level 1:colcon.colcon_core.package_identification:_identify(src/Robile/robile_demos) by extensions ['ros']
[0.311s] Level 1:colcon.colcon_core.package_identification:_identify(src/Robile/robile_demos) by extension 'ros'
[0.311s] Level 1:colcon.colcon_core.package_identification:_identify(src/Robile/robile_demos) by extensions ['cmake', 'python']
[0.311s] Level 1:colcon.colcon_core.package_identification:_identify(src/Robile/robile_demos) by extension 'cmake'
[0.312s] Level 1:colcon.colcon_core.package_identification:_identify(src/Robile/robile_demos) by extension 'python'
[0.312s] Level 1:colcon.colcon_core.package_identification:_identify(src/Robile/robile_demos) by extensions ['python_setup_py']
[0.312s] Level 1:colcon.colcon_core.package_identification:_identify(src/Robile/robile_demos) by extension 'python_setup_py'
[0.312s] Level 1:colcon.colcon_core.package_identification:_identify(src/Robile/robile_demos/robile_control_simple) by extensions ['ignore', 'ignore_ament_install']
[0.312s] Level 1:colcon.colcon_core.package_identification:_identify(src/Robile/robile_demos/robile_control_simple) by extension 'ignore'
[0.312s] Level 1:colcon.colcon_core.package_identification:_identify(src/Robile/robile_demos/robile_control_simple) by extension 'ignore_ament_install'
[0.312s] Level 1:colcon.colcon_core.package_identification:_identify(src/Robile/robile_demos/robile_control_simple) by extensions ['colcon_pkg']
[0.312s] Level 1:colcon.colcon_core.package_identification:_identify(src/Robile/robile_demos/robile_control_simple) by extension 'colcon_pkg'
[0.312s] Level 1:colcon.colcon_core.package_identification:_identify(src/Robile/robile_demos/robile_control_simple) by extensions ['colcon_meta']
[0.312s] Level 1:colcon.colcon_core.package_identification:_identify(src/Robile/robile_demos/robile_control_simple) by extension 'colcon_meta'
[0.312s] Level 1:colcon.colcon_core.package_identification:_identify(src/Robile/robile_demos/robile_control_simple) by extensions ['ros']
[0.312s] Level 1:colcon.colcon_core.package_identification:_identify(src/Robile/robile_demos/robile_control_simple) by extension 'ros'
[0.313s] DEBUG:colcon.colcon_core.package_identification:Package 'src/Robile/robile_demos/robile_control_simple' with type 'ros.ament_python' and name 'robile_control_simple'
[0.314s] Level 1:colcon.colcon_core.package_identification:_identify(src/Robile/robile_demos/robile_control_square) by extensions ['ignore', 'ignore_ament_install']
[0.314s] Level 1:colcon.colcon_core.package_identification:_identify(src/Robile/robile_demos/robile_control_square) by extension 'ignore'
[0.314s] Level 1:colcon.colcon_core.package_identification:_identify(src/Robile/robile_demos/robile_control_square) by extension 'ignore_ament_install'
[0.314s] Level 1:colcon.colcon_core.package_identification:_identify(src/Robile/robile_demos/robile_control_square) by extensions ['colcon_pkg']
[0.314s] Level 1:colcon.colcon_core.package_identification:_identify(src/Robile/robile_demos/robile_control_square) by extension 'colcon_pkg'
[0.314s] Level 1:colcon.colcon_core.package_identification:_identify(src/Robile/robile_demos/robile_control_square) by extensions ['colcon_meta']
[0.314s] Level 1:colcon.colcon_core.package_identification:_identify(src/Robile/robile_demos/robile_control_square) by extension 'colcon_meta'
[0.314s] Level 1:colcon.colcon_core.package_identification:_identify(src/Robile/robile_demos/robile_control_square) by extensions ['ros']
[0.314s] Level 1:colcon.colcon_core.package_identification:_identify(src/Robile/robile_demos/robile_control_square) by extension 'ros'
[0.314s] DEBUG:colcon.colcon_core.package_identification:Package 'src/Robile/robile_demos/robile_control_square' with type 'ros.ament_python' and name 'robile_control_simple'
[0.314s] Level 1:colcon.colcon_core.package_identification:_identify(src/Robile/robile_demos/robile_reach_goal) by extensions ['ignore', 'ignore_ament_install']
[0.314s] Level 1:colcon.colcon_core.package_identification:_identify(src/Robile/robile_demos/robile_reach_goal) by extension 'ignore'
[0.314s] Level 1:colcon.colcon_core.package_identification:_identify(src/Robile/robile_demos/robile_reach_goal) by extension 'ignore_ament_install'
[0.314s] Level 1:colcon.colcon_core.package_identification:_identify(src/Robile/robile_demos/robile_reach_goal) by extensions ['colcon_pkg']
[0.314s] Level 1:colcon.colcon_core.package_identification:_identify(src/Robile/robile_demos/robile_reach_goal) by extension 'colcon_pkg'
[0.314s] Level 1:colcon.colcon_core.package_identification:_identify(src/Robile/robile_demos/robile_reach_goal) by extensions ['colcon_meta']
[0.315s] Level 1:colcon.colcon_core.package_identification:_identify(src/Robile/robile_demos/robile_reach_goal) by extension 'colcon_meta'
[0.315s] Level 1:colcon.colcon_core.package_identification:_identify(src/Robile/robile_demos/robile_reach_goal) by extensions ['ros']
[0.315s] Level 1:colcon.colcon_core.package_identification:_identify(src/Robile/robile_demos/robile_reach_goal) by extension 'ros'
[0.315s] DEBUG:colcon.colcon_core.package_identification:Package 'src/Robile/robile_demos/robile_reach_goal' with type 'ros.ament_python' and name 'robile_reach_goal'
[0.315s] Level 1:colcon.colcon_core.package_identification:_identify(src/Robile/worksheets) by extensions ['ignore', 'ignore_ament_install']
[0.315s] Level 1:colcon.colcon_core.package_identification:_identify(src/Robile/worksheets) by extension 'ignore'
[0.315s] Level 1:colcon.colcon_core.package_identification:_identify(src/Robile/worksheets) by extension 'ignore_ament_install'
[0.315s] Level 1:colcon.colcon_core.package_identification:_identify(src/Robile/worksheets) by extensions ['colcon_pkg']
[0.315s] Level 1:colcon.colcon_core.package_identification:_identify(src/Robile/worksheets) by extension 'colcon_pkg'
[0.315s] Level 1:colcon.colcon_core.package_identification:_identify(src/Robile/worksheets) by extensions ['colcon_meta']
[0.315s] Level 1:colcon.colcon_core.package_identification:_identify(src/Robile/worksheets) by extension 'colcon_meta'
[0.315s] Level 1:colcon.colcon_core.package_identification:_identify(src/Robile/worksheets) by extensions ['ros']
[0.315s] Level 1:colcon.colcon_core.package_identification:_identify(src/Robile/worksheets) by extension 'ros'
[0.315s] Level 1:colcon.colcon_core.package_identification:_identify(src/Robile/worksheets) by extensions ['cmake', 'python']
[0.315s] Level 1:colcon.colcon_core.package_identification:_identify(src/Robile/worksheets) by extension 'cmake'
[0.315s] Level 1:colcon.colcon_core.package_identification:_identify(src/Robile/worksheets) by extension 'python'
[0.315s] Level 1:colcon.colcon_core.package_identification:_identify(src/Robile/worksheets) by extensions ['python_setup_py']
[0.315s] Level 1:colcon.colcon_core.package_identification:_identify(src/Robile/worksheets) by extension 'python_setup_py'
[0.316s] Level 1:colcon.colcon_core.package_identification:_identify(src/Robile/worksheets/bitmaps) by extensions ['ignore', 'ignore_ament_install']
[0.316s] Level 1:colcon.colcon_core.package_identification:_identify(src/Robile/worksheets/bitmaps) by extension 'ignore'
[0.316s] Level 1:colcon.colcon_core.package_identification:_identify(src/Robile/worksheets/bitmaps) by extension 'ignore_ament_install'
[0.316s] Level 1:colcon.colcon_core.package_identification:_identify(src/Robile/worksheets/bitmaps) by extensions ['colcon_pkg']
[0.316s] Level 1:colcon.colcon_core.package_identification:_identify(src/Robile/worksheets/bitmaps) by extension 'colcon_pkg'
[0.316s] Level 1:colcon.colcon_core.package_identification:_identify(src/Robile/worksheets/bitmaps) by extensions ['colcon_meta']
[0.316s] Level 1:colcon.colcon_core.package_identification:_identify(src/Robile/worksheets/bitmaps) by extension 'colcon_meta'
[0.316s] Level 1:colcon.colcon_core.package_identification:_identify(src/Robile/worksheets/bitmaps) by extensions ['ros']
[0.316s] Level 1:colcon.colcon_core.package_identification:_identify(src/Robile/worksheets/bitmaps) by extension 'ros'
[0.316s] Level 1:colcon.colcon_core.package_identification:_identify(src/Robile/worksheets/bitmaps) by extensions ['cmake', 'python']
[0.316s] Level 1:colcon.colcon_core.package_identification:_identify(src/Robile/worksheets/bitmaps) by extension 'cmake'
[0.316s] Level 1:colcon.colcon_core.package_identification:_identify(src/Robile/worksheets/bitmaps) by extension 'python'
[0.316s] Level 1:colcon.colcon_core.package_identification:_identify(src/Robile/worksheets/bitmaps) by extensions ['python_setup_py']
[0.316s] Level 1:colcon.colcon_core.package_identification:_identify(src/Robile/worksheets/bitmaps) by extension 'python_setup_py'
[0.316s] Level 1:colcon.colcon_core.package_identification:_identify(src/Robile/worksheets/worksheet01) by extensions ['ignore', 'ignore_ament_install']
[0.316s] Level 1:colcon.colcon_core.package_identification:_identify(src/Robile/worksheets/worksheet01) by extension 'ignore'
[0.316s] Level 1:colcon.colcon_core.package_identification:_identify(src/Robile/worksheets/worksheet01) by extension 'ignore_ament_install'
[0.316s] Level 1:colcon.colcon_core.package_identification:_identify(src/Robile/worksheets/worksheet01) by extensions ['colcon_pkg']
[0.316s] Level 1:colcon.colcon_core.package_identification:_identify(src/Robile/worksheets/worksheet01) by extension 'colcon_pkg'
[0.316s] Level 1:colcon.colcon_core.package_identification:_identify(src/Robile/worksheets/worksheet01) by extensions ['colcon_meta']
[0.316s] Level 1:colcon.colcon_core.package_identification:_identify(src/Robile/worksheets/worksheet01) by extension 'colcon_meta'
[0.316s] Level 1:colcon.colcon_core.package_identification:_identify(src/Robile/worksheets/worksheet01) by extensions ['ros']
[0.316s] Level 1:colcon.colcon_core.package_identification:_identify(src/Robile/worksheets/worksheet01) by extension 'ros'
[0.316s] Level 1:colcon.colcon_core.package_identification:_identify(src/Robile/worksheets/worksheet01) by extensions ['cmake', 'python']
[0.316s] Level 1:colcon.colcon_core.package_identification:_identify(src/Robile/worksheets/worksheet01) by extension 'cmake'
[0.316s] Level 1:colcon.colcon_core.package_identification:_identify(src/Robile/worksheets/worksheet01) by extension 'python'
[0.316s] Level 1:colcon.colcon_core.package_identification:_identify(src/Robile/worksheets/worksheet01) by extensions ['python_setup_py']
[0.316s] Level 1:colcon.colcon_core.package_identification:_identify(src/Robile/worksheets/worksheet01) by extension 'python_setup_py'
[0.316s] Level 1:colcon.colcon_core.package_identification:_identify(src/build) by extensions ['ignore', 'ignore_ament_install']
[0.317s] Level 1:colcon.colcon_core.package_identification:_identify(src/build) by extension 'ignore'
[0.317s] Level 1:colcon.colcon_core.package_identification:_identify(src/build) ignored
[0.317s] Level 1:colcon.colcon_core.package_identification:_identify(src/install) by extensions ['ignore', 'ignore_ament_install']
[0.317s] Level 1:colcon.colcon_core.package_identification:_identify(src/install) by extension 'ignore'
[0.317s] Level 1:colcon.colcon_core.package_identification:_identify(src/install) ignored
[0.317s] Level 1:colcon.colcon_core.package_identification:_identify(src/kelo_tulip) by extensions ['ignore', 'ignore_ament_install']
[0.317s] Level 1:colcon.colcon_core.package_identification:_identify(src/kelo_tulip) by extension 'ignore'
[0.317s] Level 1:colcon.colcon_core.package_identification:_identify(src/kelo_tulip) by extension 'ignore_ament_install'
[0.317s] Level 1:colcon.colcon_core.package_identification:_identify(src/kelo_tulip) by extensions ['colcon_pkg']
[0.317s] Level 1:colcon.colcon_core.package_identification:_identify(src/kelo_tulip) by extension 'colcon_pkg'
[0.317s] Level 1:colcon.colcon_core.package_identification:_identify(src/kelo_tulip) by extensions ['colcon_meta']
[0.317s] Level 1:colcon.colcon_core.package_identification:_identify(src/kelo_tulip) by extension 'colcon_meta'
[0.317s] Level 1:colcon.colcon_core.package_identification:_identify(src/kelo_tulip) by extensions ['ros']
[0.317s] Level 1:colcon.colcon_core.package_identification:_identify(src/kelo_tulip) by extension 'ros'
[0.317s] DEBUG:colcon.colcon_core.package_identification:Package 'src/kelo_tulip' with type 'ros.ament_cmake' and name 'kelo_tulip'
[0.318s] Level 1:colcon.colcon_core.package_identification:_identify(src/log) by extensions ['ignore', 'ignore_ament_install']
[0.318s] Level 1:colcon.colcon_core.package_identification:_identify(src/log) by extension 'ignore'
[0.318s] Level 1:colcon.colcon_core.package_identification:_identify(src/log) ignored
[0.318s] Level 1:colcon.colcon_core.package_identification:_identify(src/py_trees_ros) by extensions ['ignore', 'ignore_ament_install']
[0.318s] Level 1:colcon.colcon_core.package_identification:_identify(src/py_trees_ros) by extension 'ignore'
[0.318s] Level 1:colcon.colcon_core.package_identification:_identify(src/py_trees_ros) by extension 'ignore_ament_install'
[0.318s] Level 1:colcon.colcon_core.package_identification:_identify(src/py_trees_ros) by extensions ['colcon_pkg']
[0.318s] Level 1:colcon.colcon_core.package_identification:_identify(src/py_trees_ros) by extension 'colcon_pkg'
[0.318s] Level 1:colcon.colcon_core.package_identification:_identify(src/py_trees_ros) by extensions ['colcon_meta']
[0.318s] Level 1:colcon.colcon_core.package_identification:_identify(src/py_trees_ros) by extension 'colcon_meta'
[0.318s] Level 1:colcon.colcon_core.package_identification:_identify(src/py_trees_ros) by extensions ['ros']
[0.318s] Level 1:colcon.colcon_core.package_identification:_identify(src/py_trees_ros) by extension 'ros'
[0.319s] DEBUG:colcon.colcon_core.package_identification:Package 'src/py_trees_ros' with type 'ros.ament_python' and name 'py_trees_ros'
[0.319s] Level 1:colcon.colcon_core.package_identification:_identify(src/robile_description) by extensions ['ignore', 'ignore_ament_install']
[0.319s] Level 1:colcon.colcon_core.package_identification:_identify(src/robile_description) by extension 'ignore'
[0.319s] Level 1:colcon.colcon_core.package_identification:_identify(src/robile_description) by extension 'ignore_ament_install'
[0.319s] Level 1:colcon.colcon_core.package_identification:_identify(src/robile_description) by extensions ['colcon_pkg']
[0.319s] Level 1:colcon.colcon_core.package_identification:_identify(src/robile_description) by extension 'colcon_pkg'
[0.319s] Level 1:colcon.colcon_core.package_identification:_identify(src/robile_description) by extensions ['colcon_meta']
[0.319s] Level 1:colcon.colcon_core.package_identification:_identify(src/robile_description) by extension 'colcon_meta'
[0.319s] Level 1:colcon.colcon_core.package_identification:_identify(src/robile_description) by extensions ['ros']
[0.319s] Level 1:colcon.colcon_core.package_identification:_identify(src/robile_description) by extension 'ros'
[0.320s] DEBUG:colcon.colcon_core.package_identification:Package 'src/robile_description' with type 'ros.ament_cmake' and name 'robile_description'
[0.320s] Level 1:colcon.colcon_core.package_identification:_identify(src/robile_gazebo) by extensions ['ignore', 'ignore_ament_install']
[0.320s] Level 1:colcon.colcon_core.package_identification:_identify(src/robile_gazebo) by extension 'ignore'
[0.320s] Level 1:colcon.colcon_core.package_identification:_identify(src/robile_gazebo) by extension 'ignore_ament_install'
[0.320s] Level 1:colcon.colcon_core.package_identification:_identify(src/robile_gazebo) by extensions ['colcon_pkg']
[0.320s] Level 1:colcon.colcon_core.package_identification:_identify(src/robile_gazebo) by extension 'colcon_pkg'
[0.320s] Level 1:colcon.colcon_core.package_identification:_identify(src/robile_gazebo) by extensions ['colcon_meta']
[0.320s] Level 1:colcon.colcon_core.package_identification:_identify(src/robile_gazebo) by extension 'colcon_meta'
[0.320s] Level 1:colcon.colcon_core.package_identification:_identify(src/robile_gazebo) by extensions ['ros']
[0.320s] Level 1:colcon.colcon_core.package_identification:_identify(src/robile_gazebo) by extension 'ros'
[0.321s] DEBUG:colcon.colcon_core.package_identification:Package 'src/robile_gazebo' with type 'ros.ament_cmake' and name 'robile_gazebo'
[0.321s] Level 1:colcon.colcon_core.package_discovery:discover_packages(recursive) using defaults
[0.321s] Level 1:colcon.colcon_core.package_discovery:discover_packages(ignore) discover
[0.321s] Level 1:colcon.colcon_core.package_discovery:discover_packages(ignore) using defaults
[0.321s] Level 1:colcon.colcon_core.package_discovery:discover_packages(path) discover
[0.321s] Level 1:colcon.colcon_core.package_discovery:discover_packages(path) using defaults
[0.338s] Level 1:colcon.colcon_core.package_discovery:discover_packages(prefix_path) check parameters
[0.338s] Level 1:colcon.colcon_core.package_discovery:discover_packages(prefix_path) discover
[0.341s] DEBUG:colcon.colcon_installed_package_information.package_discovery:Found 6 installed packages in /home/shaxpy/colcon_ws_AMR/install
[0.342s] DEBUG:colcon.colcon_installed_package_information.package_discovery:Found 2 installed packages in /home/shaxpy/amr_first_ws/install
[0.344s] DEBUG:colcon.colcon_installed_package_information.package_discovery:Found 284 installed packages in /opt/ros/rolling
[0.345s] Level 1:colcon.colcon_core.package_discovery:discover_packages(prefix_path) using defaults
[0.405s] ERROR:colcon:colcon build: Duplicate package names not supported:
- robile_control_simple:
  - src/Robile/robile_demos/robile_control_simple
  - src/Robile/robile_demos/robile_control_square
