[0.059s] Invoking command in '/home/shaxpy/colcon_ws_AMR/build/kelo_tulip': CMAKE_PREFIX_PATH=${CMAKE_PREFIX_PATH}:/home/shaxpy/colcon_ws_AMR/install/robile_reach_goal:/home/shaxpy/colcon_ws_AMR/install/robile_control_simple:/home/shaxpy/colcon_ws_AMR/install/py_trees_ros:/opt/ros/rolling /usr/bin/cmake --build /home/shaxpy/colcon_ws_AMR/build/kelo_tulip -- -j12 -l12
[0.732s] [ 60%] Built target soem
[0.732s] [ 75%] Built target tulip_velocity_controller
[0.732s] [100%] Built target platform_driver
[0.735s] Invoked command in '/home/shaxpy/colcon_ws_AMR/build/kelo_tulip' returned '0': CMAKE_PREFIX_PATH=${CMAKE_PREFIX_PATH}:/home/shaxpy/colcon_ws_AMR/install/robile_reach_goal:/home/shaxpy/colcon_ws_AMR/install/robile_control_simple:/home/shaxpy/colcon_ws_AMR/install/py_trees_ros:/opt/ros/rolling /usr/bin/cmake --build /home/shaxpy/colcon_ws_AMR/build/kelo_tulip -- -j12 -l12
[0.765s] Invoking command in '/home/shaxpy/colcon_ws_AMR/build/kelo_tulip': CMAKE_PREFIX_PATH=${CMAKE_PREFIX_PATH}:/home/shaxpy/colcon_ws_AMR/install/robile_reach_goal:/home/shaxpy/colcon_ws_AMR/install/robile_control_simple:/home/shaxpy/colcon_ws_AMR/install/py_trees_ros:/opt/ros/rolling /usr/bin/cmake --install /home/shaxpy/colcon_ws_AMR/build/kelo_tulip
[0.782s] -- Install configuration: ""
[0.782s] -- Up-to-date: /home/shaxpy/colcon_ws_AMR/install/kelo_tulip/lib/kelo_tulip/platform_driver
[0.782s] -- Up-to-date: /home/shaxpy/colcon_ws_AMR/install/kelo_tulip/lib/libtulip_velocity_controller.a
[0.783s] -- Up-to-date: /home/shaxpy/colcon_ws_AMR/install/kelo_tulip/include
[0.783s] -- Up-to-date: /home/shaxpy/colcon_ws_AMR/install/kelo_tulip/include/kelo_tulip
[0.783s] -- Up-to-date: /home/shaxpy/colcon_ws_AMR/install/kelo_tulip/include/kelo_tulip/EtherCATModule.h
[0.783s] -- Up-to-date: /home/shaxpy/colcon_ws_AMR/install/kelo_tulip/include/kelo_tulip/modules
[0.783s] -- Up-to-date: /home/shaxpy/colcon_ws_AMR/install/kelo_tulip/include/kelo_tulip/modules/RobileMasterBattery.h
[0.783s] -- Up-to-date: /home/shaxpy/colcon_ws_AMR/install/kelo_tulip/include/kelo_tulip/KeloDriveAPI.h
[0.783s] -- Up-to-date: /home/shaxpy/colcon_ws_AMR/install/kelo_tulip/include/kelo_tulip/VelocityPlatformController.h
[0.783s] -- Up-to-date: /home/shaxpy/colcon_ws_AMR/install/kelo_tulip/include/kelo_tulip/Utils.h
[0.783s] -- Up-to-date: /home/shaxpy/colcon_ws_AMR/install/kelo_tulip/include/kelo_tulip/WheelConfig.h
[0.783s] -- Up-to-date: /home/shaxpy/colcon_ws_AMR/install/kelo_tulip/include/kelo_tulip/Structs.h
[0.783s] -- Up-to-date: /home/shaxpy/colcon_ws_AMR/install/kelo_tulip/include/kelo_tulip/PlatformDriver.h
[0.785s] -- Up-to-date: /home/shaxpy/colcon_ws_AMR/install/kelo_tulip/include/kelo_tulip/soem
[0.785s] -- Up-to-date: /home/shaxpy/colcon_ws_AMR/install/kelo_tulip/include/kelo_tulip/soem/ethercatdc.h
[0.785s] -- Up-to-date: /home/shaxpy/colcon_ws_AMR/install/kelo_tulip/include/kelo_tulip/soem/ethercatsoe.h
[0.785s] -- Up-to-date: /home/shaxpy/colcon_ws_AMR/install/kelo_tulip/include/kelo_tulip/soem/ethercateoe.h
[0.785s] -- Up-to-date: /home/shaxpy/colcon_ws_AMR/install/kelo_tulip/include/kelo_tulip/soem/ethercatconfiglist.h
[0.787s] -- Up-to-date: /home/shaxpy/colcon_ws_AMR/install/kelo_tulip/include/kelo_tulip/soem/ethercatmain.h
[0.787s] -- Up-to-date: /home/shaxpy/colcon_ws_AMR/install/kelo_tulip/include/kelo_tulip/soem/ethercatcoe.h
[0.787s] -- Up-to-date: /home/shaxpy/colcon_ws_AMR/install/kelo_tulip/include/kelo_tulip/soem/ethercat.h
[0.787s] -- Up-to-date: /home/shaxpy/colcon_ws_AMR/install/kelo_tulip/include/kelo_tulip/soem/ethercatconfig.h
[0.787s] -- Up-to-date: /home/shaxpy/colcon_ws_AMR/install/kelo_tulip/include/kelo_tulip/soem/oshw
[0.787s] -- Up-to-date: /home/shaxpy/colcon_ws_AMR/install/kelo_tulip/include/kelo_tulip/soem/oshw/rtems
[0.787s] -- Up-to-date: /home/shaxpy/colcon_ws_AMR/install/kelo_tulip/include/kelo_tulip/soem/oshw/rtems/nicdrv.c
[0.787s] -- Up-to-date: /home/shaxpy/colcon_ws_AMR/install/kelo_tulip/include/kelo_tulip/soem/oshw/rtems/oshw.h
[0.787s] -- Up-to-date: /home/shaxpy/colcon_ws_AMR/install/kelo_tulip/include/kelo_tulip/soem/oshw/rtems/nicdrv.h
[0.789s] -- Up-to-date: /home/shaxpy/colcon_ws_AMR/install/kelo_tulip/include/kelo_tulip/soem/oshw/rtems/oshw.c
[0.789s] -- Up-to-date: /home/shaxpy/colcon_ws_AMR/install/kelo_tulip/include/kelo_tulip/soem/oshw/linux
[0.789s] -- Up-to-date: /home/shaxpy/colcon_ws_AMR/install/kelo_tulip/include/kelo_tulip/soem/oshw/linux/nicdrv.c
[0.789s] -- Up-to-date: /home/shaxpy/colcon_ws_AMR/install/kelo_tulip/include/kelo_tulip/soem/oshw/linux/oshw.h
[0.789s] -- Up-to-date: /home/shaxpy/colcon_ws_AMR/install/kelo_tulip/include/kelo_tulip/soem/oshw/linux/nicdrv.h
[0.789s] -- Up-to-date: /home/shaxpy/colcon_ws_AMR/install/kelo_tulip/include/kelo_tulip/soem/oshw/linux/oshw.c
[0.789s] -- Up-to-date: /home/shaxpy/colcon_ws_AMR/install/kelo_tulip/include/kelo_tulip/soem/oshw/intime
[0.789s] -- Up-to-date: /home/shaxpy/colcon_ws_AMR/install/kelo_tulip/include/kelo_tulip/soem/oshw/intime/nicdrv.c
[0.790s] -- Up-to-date: /home/shaxpy/colcon_ws_AMR/install/kelo_tulip/include/kelo_tulip/soem/oshw/intime/oshw.h
[0.791s] -- Up-to-date: /home/shaxpy/colcon_ws_AMR/install/kelo_tulip/include/kelo_tulip/soem/oshw/intime/nicdrv.h
[0.791s] -- Up-to-date: /home/shaxpy/colcon_ws_AMR/install/kelo_tulip/include/kelo_tulip/soem/oshw/intime/oshw.c
[0.791s] -- Up-to-date: /home/shaxpy/colcon_ws_AMR/install/kelo_tulip/include/kelo_tulip/soem/oshw/win32
[0.791s] -- Up-to-date: /home/shaxpy/colcon_ws_AMR/install/kelo_tulip/include/kelo_tulip/soem/oshw/win32/wpcap
[0.792s] -- Up-to-date: /home/shaxpy/colcon_ws_AMR/install/kelo_tulip/include/kelo_tulip/soem/oshw/win32/wpcap/Include
[0.792s] -- Up-to-date: /home/shaxpy/colcon_ws_AMR/install/kelo_tulip/include/kelo_tulip/soem/oshw/win32/wpcap/Include/pcap.h
[0.792s] -- Up-to-date: /home/shaxpy/colcon_ws_AMR/install/kelo_tulip/include/kelo_tulip/soem/oshw/win32/wpcap/Include/bittypes.h
[0.792s] -- Up-to-date: /home/shaxpy/colcon_ws_AMR/install/kelo_tulip/include/kelo_tulip/soem/oshw/win32/wpcap/Include/pcap
[0.792s] -- Up-to-date: /home/shaxpy/colcon_ws_AMR/install/kelo_tulip/include/kelo_tulip/soem/oshw/win32/wpcap/Include/pcap/pcap.h
[0.793s] -- Up-to-date: /home/shaxpy/colcon_ws_AMR/install/kelo_tulip/include/kelo_tulip/soem/oshw/win32/wpcap/Include/pcap/namedb.h
[0.793s] -- Up-to-date: /home/shaxpy/colcon_ws_AMR/install/kelo_tulip/include/kelo_tulip/soem/oshw/win32/wpcap/Include/pcap/sll.h
[0.793s] -- Up-to-date: /home/shaxpy/colcon_ws_AMR/install/kelo_tulip/include/kelo_tulip/soem/oshw/win32/wpcap/Include/pcap/usb.h
[0.793s] -- Up-to-date: /home/shaxpy/colcon_ws_AMR/install/kelo_tulip/include/kelo_tulip/soem/oshw/win32/wpcap/Include/pcap/vlan.h
[0.793s] -- Up-to-date: /home/shaxpy/colcon_ws_AMR/install/kelo_tulip/include/kelo_tulip/soem/oshw/win32/wpcap/Include/pcap/bpf.h
[0.793s] -- Up-to-date: /home/shaxpy/colcon_ws_AMR/install/kelo_tulip/include/kelo_tulip/soem/oshw/win32/wpcap/Include/pcap/bluetooth.h
[0.793s] -- Up-to-date: /home/shaxpy/colcon_ws_AMR/install/kelo_tulip/include/kelo_tulip/soem/oshw/win32/wpcap/Include/Packet32.h
[0.794s] -- Up-to-date: /home/shaxpy/colcon_ws_AMR/install/kelo_tulip/include/kelo_tulip/soem/oshw/win32/wpcap/Include/pcap-bpf.h
[0.794s] -- Up-to-date: /home/shaxpy/colcon_ws_AMR/install/kelo_tulip/include/kelo_tulip/soem/oshw/win32/wpcap/Include/remote-ext.h
[0.794s] -- Up-to-date: /home/shaxpy/colcon_ws_AMR/install/kelo_tulip/include/kelo_tulip/soem/oshw/win32/wpcap/Include/ip6_misc.h
[0.794s] -- Up-to-date: /home/shaxpy/colcon_ws_AMR/install/kelo_tulip/include/kelo_tulip/soem/oshw/win32/wpcap/Include/Win32-Extensions.h
[0.794s] -- Up-to-date: /home/shaxpy/colcon_ws_AMR/install/kelo_tulip/include/kelo_tulip/soem/oshw/win32/wpcap/Include/pcap-stdinc.h
[0.794s] -- Up-to-date: /home/shaxpy/colcon_ws_AMR/install/kelo_tulip/include/kelo_tulip/soem/oshw/win32/wpcap/Include/pcap-namedb.h
[0.794s] -- Up-to-date: /home/shaxpy/colcon_ws_AMR/install/kelo_tulip/include/kelo_tulip/soem/oshw/win32/wpcap/Lib
[0.794s] -- Up-to-date: /home/shaxpy/colcon_ws_AMR/install/kelo_tulip/include/kelo_tulip/soem/oshw/win32/wpcap/Lib/libwpcap.a
[0.794s] -- Up-to-date: /home/shaxpy/colcon_ws_AMR/install/kelo_tulip/include/kelo_tulip/soem/oshw/win32/wpcap/Lib/x64
[0.794s] -- Up-to-date: /home/shaxpy/colcon_ws_AMR/install/kelo_tulip/include/kelo_tulip/soem/oshw/win32/wpcap/Lib/x64/wpcap.lib
[0.795s] -- Up-to-date: /home/shaxpy/colcon_ws_AMR/install/kelo_tulip/include/kelo_tulip/soem/oshw/win32/wpcap/Lib/x64/Packet.lib
[0.795s] -- Up-to-date: /home/shaxpy/colcon_ws_AMR/install/kelo_tulip/include/kelo_tulip/soem/oshw/win32/wpcap/Lib/wpcap.lib
[0.795s] -- Up-to-date: /home/shaxpy/colcon_ws_AMR/install/kelo_tulip/include/kelo_tulip/soem/oshw/win32/wpcap/Lib/Packet.lib
[0.795s] -- Up-to-date: /home/shaxpy/colcon_ws_AMR/install/kelo_tulip/include/kelo_tulip/soem/oshw/win32/wpcap/Lib/libpacket.a
[0.795s] -- Up-to-date: /home/shaxpy/colcon_ws_AMR/install/kelo_tulip/include/kelo_tulip/soem/oshw/win32/nicdrv.c
[0.795s] -- Up-to-date: /home/shaxpy/colcon_ws_AMR/install/kelo_tulip/include/kelo_tulip/soem/oshw/win32/oshw.h
[0.795s] -- Up-to-date: /home/shaxpy/colcon_ws_AMR/install/kelo_tulip/include/kelo_tulip/soem/oshw/win32/nicdrv.h
[0.798s] -- Up-to-date: /home/shaxpy/colcon_ws_AMR/install/kelo_tulip/include/kelo_tulip/soem/oshw/win32/oshw.c
[0.798s] -- Up-to-date: /home/shaxpy/colcon_ws_AMR/install/kelo_tulip/include/kelo_tulip/soem/oshw/rtk
[0.798s] -- Up-to-date: /home/shaxpy/colcon_ws_AMR/install/kelo_tulip/include/kelo_tulip/soem/oshw/rtk/fec
[0.798s] -- Up-to-date: /home/shaxpy/colcon_ws_AMR/install/kelo_tulip/include/kelo_tulip/soem/oshw/rtk/fec/fec_ecat.c
[0.798s] -- Up-to-date: /home/shaxpy/colcon_ws_AMR/install/kelo_tulip/include/kelo_tulip/soem/oshw/rtk/fec/fec_ecat.h
[0.798s] -- Up-to-date: /home/shaxpy/colcon_ws_AMR/install/kelo_tulip/include/kelo_tulip/soem/oshw/rtk/nicdrv.c
[0.799s] -- Up-to-date: /home/shaxpy/colcon_ws_AMR/install/kelo_tulip/include/kelo_tulip/soem/oshw/rtk/lw_mac
[0.799s] -- Up-to-date: /home/shaxpy/colcon_ws_AMR/install/kelo_tulip/include/kelo_tulip/soem/oshw/rtk/lw_mac/lw_emac.h
[0.799s] -- Up-to-date: /home/shaxpy/colcon_ws_AMR/install/kelo_tulip/include/kelo_tulip/soem/oshw/rtk/lw_mac/lw_emac.c
[0.800s] -- Up-to-date: /home/shaxpy/colcon_ws_AMR/install/kelo_tulip/include/kelo_tulip/soem/oshw/rtk/oshw.h
[0.800s] -- Up-to-date: /home/shaxpy/colcon_ws_AMR/install/kelo_tulip/include/kelo_tulip/soem/oshw/rtk/nicdrv.h
[0.800s] -- Up-to-date: /home/shaxpy/colcon_ws_AMR/install/kelo_tulip/include/kelo_tulip/soem/oshw/rtk/oshw.c
[0.805s] -- Up-to-date: /home/shaxpy/colcon_ws_AMR/install/kelo_tulip/include/kelo_tulip/soem/oshw/vxworks
[0.806s] -- Up-to-date: /home/shaxpy/colcon_ws_AMR/install/kelo_tulip/include/kelo_tulip/soem/oshw/vxworks/nicdrv.c
[0.806s] -- Up-to-date: /home/shaxpy/colcon_ws_AMR/install/kelo_tulip/include/kelo_tulip/soem/oshw/vxworks/oshw.h
[0.806s] -- Up-to-date: /home/shaxpy/colcon_ws_AMR/install/kelo_tulip/include/kelo_tulip/soem/oshw/vxworks/nicdrv.h
[0.807s] -- Up-to-date: /home/shaxpy/colcon_ws_AMR/install/kelo_tulip/include/kelo_tulip/soem/oshw/vxworks/oshw.c
[0.807s] -- Up-to-date: /home/shaxpy/colcon_ws_AMR/install/kelo_tulip/include/kelo_tulip/soem/ethercattype.h
[0.807s] -- Up-to-date: /home/shaxpy/colcon_ws_AMR/install/kelo_tulip/include/kelo_tulip/soem/ethercatbase.h
[0.807s] -- Up-to-date: /home/shaxpy/colcon_ws_AMR/install/kelo_tulip/include/kelo_tulip/soem/osal
[0.807s] -- Up-to-date: /home/shaxpy/colcon_ws_AMR/install/kelo_tulip/include/kelo_tulip/soem/osal/rtems
[0.808s] -- Up-to-date: /home/shaxpy/colcon_ws_AMR/install/kelo_tulip/include/kelo_tulip/soem/osal/rtems/osal_defs.h
[0.808s] -- Up-to-date: /home/shaxpy/colcon_ws_AMR/install/kelo_tulip/include/kelo_tulip/soem/osal/rtems/osal.c
[0.808s] -- Up-to-date: /home/shaxpy/colcon_ws_AMR/install/kelo_tulip/include/kelo_tulip/soem/osal/linux
[0.808s] -- Up-to-date: /home/shaxpy/colcon_ws_AMR/install/kelo_tulip/include/kelo_tulip/soem/osal/linux/osal_defs.h
[0.809s] -- Up-to-date: /home/shaxpy/colcon_ws_AMR/install/kelo_tulip/include/kelo_tulip/soem/osal/linux/osal.c
[0.809s] -- Up-to-date: /home/shaxpy/colcon_ws_AMR/install/kelo_tulip/include/kelo_tulip/soem/osal/intime
[0.809s] -- Up-to-date: /home/shaxpy/colcon_ws_AMR/install/kelo_tulip/include/kelo_tulip/soem/osal/intime/osal_defs.h
[0.809s] -- Up-to-date: /home/shaxpy/colcon_ws_AMR/install/kelo_tulip/include/kelo_tulip/soem/osal/intime/osal.c
[0.809s] -- Up-to-date: /home/shaxpy/colcon_ws_AMR/install/kelo_tulip/include/kelo_tulip/soem/osal/win32
[0.810s] -- Up-to-date: /home/shaxpy/colcon_ws_AMR/install/kelo_tulip/include/kelo_tulip/soem/osal/win32/inttypes.h
[0.810s] -- Up-to-date: /home/shaxpy/colcon_ws_AMR/install/kelo_tulip/include/kelo_tulip/soem/osal/win32/osal_win32.h
[0.810s] -- Up-to-date: /home/shaxpy/colcon_ws_AMR/install/kelo_tulip/include/kelo_tulip/soem/osal/win32/stdint.h
[0.810s] -- Up-to-date: /home/shaxpy/colcon_ws_AMR/install/kelo_tulip/include/kelo_tulip/soem/osal/win32/osal_defs.h
[0.810s] -- Up-to-date: /home/shaxpy/colcon_ws_AMR/install/kelo_tulip/include/kelo_tulip/soem/osal/win32/osal.c
[0.811s] -- Up-to-date: /home/shaxpy/colcon_ws_AMR/install/kelo_tulip/include/kelo_tulip/soem/osal/rtk
[0.811s] -- Up-to-date: /home/shaxpy/colcon_ws_AMR/install/kelo_tulip/include/kelo_tulip/soem/osal/rtk/osal_defs.h
[0.812s] -- Up-to-date: /home/shaxpy/colcon_ws_AMR/install/kelo_tulip/include/kelo_tulip/soem/osal/rtk/osal.c
[0.812s] -- Up-to-date: /home/shaxpy/colcon_ws_AMR/install/kelo_tulip/include/kelo_tulip/soem/osal/vxworks
[0.813s] -- Up-to-date: /home/shaxpy/colcon_ws_AMR/install/kelo_tulip/include/kelo_tulip/soem/osal/vxworks/osal_defs.h
[0.813s] -- Up-to-date: /home/shaxpy/colcon_ws_AMR/install/kelo_tulip/include/kelo_tulip/soem/osal/vxworks/osal.c
[0.813s] -- Up-to-date: /home/shaxpy/colcon_ws_AMR/install/kelo_tulip/include/kelo_tulip/soem/osal/osal.h
[0.818s] -- Up-to-date: /home/shaxpy/colcon_ws_AMR/install/kelo_tulip/include/kelo_tulip/soem/ethercatprint.h
[0.819s] -- Up-to-date: /home/shaxpy/colcon_ws_AMR/install/kelo_tulip/include/kelo_tulip/soem/ethercatfoe.h
[0.819s] -- Up-to-date: /home/shaxpy/colcon_ws_AMR/install/kelo_tulip/include/kelo_tulip
[0.819s] -- Up-to-date: /home/shaxpy/colcon_ws_AMR/install/kelo_tulip/include/kelo_tulip/EtherCATModule.h
[0.819s] -- Up-to-date: /home/shaxpy/colcon_ws_AMR/install/kelo_tulip/include/kelo_tulip/modules
[0.819s] -- Up-to-date: /home/shaxpy/colcon_ws_AMR/install/kelo_tulip/include/kelo_tulip/modules/RobileMasterBattery.h
[0.820s] -- Up-to-date: /home/shaxpy/colcon_ws_AMR/install/kelo_tulip/include/kelo_tulip/KeloDriveAPI.h
[0.820s] -- Up-to-date: /home/shaxpy/colcon_ws_AMR/install/kelo_tulip/include/kelo_tulip/VelocityPlatformController.h
[0.820s] -- Up-to-date: /home/shaxpy/colcon_ws_AMR/install/kelo_tulip/include/kelo_tulip/Utils.h
[0.820s] -- Up-to-date: /home/shaxpy/colcon_ws_AMR/install/kelo_tulip/include/kelo_tulip/WheelConfig.h
[0.820s] -- Up-to-date: /home/shaxpy/colcon_ws_AMR/install/kelo_tulip/include/kelo_tulip/Structs.h
[0.820s] -- Up-to-date: /home/shaxpy/colcon_ws_AMR/install/kelo_tulip/include/kelo_tulip/PlatformDriver.h
[0.820s] -- Up-to-date: /home/shaxpy/colcon_ws_AMR/install/kelo_tulip/include/kelo_tulip/soem
[0.821s] -- Up-to-date: /home/shaxpy/colcon_ws_AMR/install/kelo_tulip/include/kelo_tulip/soem/ethercatdc.h
[0.821s] -- Up-to-date: /home/shaxpy/colcon_ws_AMR/install/kelo_tulip/include/kelo_tulip/soem/ethercatsoe.h
[0.821s] -- Up-to-date: /home/shaxpy/colcon_ws_AMR/install/kelo_tulip/include/kelo_tulip/soem/ethercateoe.h
[0.821s] -- Up-to-date: /home/shaxpy/colcon_ws_AMR/install/kelo_tulip/include/kelo_tulip/soem/ethercatconfiglist.h
[0.821s] -- Up-to-date: /home/shaxpy/colcon_ws_AMR/install/kelo_tulip/include/kelo_tulip/soem/ethercatmain.h
[0.821s] -- Up-to-date: /home/shaxpy/colcon_ws_AMR/install/kelo_tulip/include/kelo_tulip/soem/ethercatcoe.h
[0.822s] -- Up-to-date: /home/shaxpy/colcon_ws_AMR/install/kelo_tulip/include/kelo_tulip/soem/ethercat.h
[0.822s] -- Up-to-date: /home/shaxpy/colcon_ws_AMR/install/kelo_tulip/include/kelo_tulip/soem/ethercatconfig.h
[0.822s] -- Up-to-date: /home/shaxpy/colcon_ws_AMR/install/kelo_tulip/include/kelo_tulip/soem/oshw
[0.822s] -- Up-to-date: /home/shaxpy/colcon_ws_AMR/install/kelo_tulip/include/kelo_tulip/soem/oshw/rtems
[0.822s] -- Up-to-date: /home/shaxpy/colcon_ws_AMR/install/kelo_tulip/include/kelo_tulip/soem/oshw/rtems/nicdrv.c
[0.822s] -- Up-to-date: /home/shaxpy/colcon_ws_AMR/install/kelo_tulip/include/kelo_tulip/soem/oshw/rtems/oshw.h
[0.823s] -- Up-to-date: /home/shaxpy/colcon_ws_AMR/install/kelo_tulip/include/kelo_tulip/soem/oshw/rtems/nicdrv.h
[0.823s] -- Up-to-date: /home/shaxpy/colcon_ws_AMR/install/kelo_tulip/include/kelo_tulip/soem/oshw/rtems/oshw.c
[0.823s] -- Up-to-date: /home/shaxpy/colcon_ws_AMR/install/kelo_tulip/include/kelo_tulip/soem/oshw/linux
[0.823s] -- Up-to-date: /home/shaxpy/colcon_ws_AMR/install/kelo_tulip/include/kelo_tulip/soem/oshw/linux/nicdrv.c
[0.823s] -- Up-to-date: /home/shaxpy/colcon_ws_AMR/install/kelo_tulip/include/kelo_tulip/soem/oshw/linux/oshw.h
[0.823s] -- Up-to-date: /home/shaxpy/colcon_ws_AMR/install/kelo_tulip/include/kelo_tulip/soem/oshw/linux/nicdrv.h
[0.827s] -- Up-to-date: /home/shaxpy/colcon_ws_AMR/install/kelo_tulip/include/kelo_tulip/soem/oshw/linux/oshw.c
[0.827s] -- Up-to-date: /home/shaxpy/colcon_ws_AMR/install/kelo_tulip/include/kelo_tulip/soem/oshw/intime
[0.827s] -- Up-to-date: /home/shaxpy/colcon_ws_AMR/install/kelo_tulip/include/kelo_tulip/soem/oshw/intime/nicdrv.c
[0.828s] -- Up-to-date: /home/shaxpy/colcon_ws_AMR/install/kelo_tulip/include/kelo_tulip/soem/oshw/intime/oshw.h
[0.828s] -- Up-to-date: /home/shaxpy/colcon_ws_AMR/install/kelo_tulip/include/kelo_tulip/soem/oshw/intime/nicdrv.h
[0.828s] -- Up-to-date: /home/shaxpy/colcon_ws_AMR/install/kelo_tulip/include/kelo_tulip/soem/oshw/intime/oshw.c
[0.829s] -- Up-to-date: /home/shaxpy/colcon_ws_AMR/install/kelo_tulip/include/kelo_tulip/soem/oshw/win32
[0.829s] -- Up-to-date: /home/shaxpy/colcon_ws_AMR/install/kelo_tulip/include/kelo_tulip/soem/oshw/win32/wpcap
[0.833s] -- Up-to-date: /home/shaxpy/colcon_ws_AMR/install/kelo_tulip/include/kelo_tulip/soem/oshw/win32/wpcap/Include
[0.834s] -- Up-to-date: /home/shaxpy/colcon_ws_AMR/install/kelo_tulip/include/kelo_tulip/soem/oshw/win32/wpcap/Include/pcap.h
[0.834s] -- Up-to-date: /home/shaxpy/colcon_ws_AMR/install/kelo_tulip/include/kelo_tulip/soem/oshw/win32/wpcap/Include/bittypes.h
[0.834s] -- Up-to-date: /home/shaxpy/colcon_ws_AMR/install/kelo_tulip/include/kelo_tulip/soem/oshw/win32/wpcap/Include/pcap
[0.835s] -- Up-to-date: /home/shaxpy/colcon_ws_AMR/install/kelo_tulip/include/kelo_tulip/soem/oshw/win32/wpcap/Include/pcap/pcap.h
[0.835s] -- Up-to-date: /home/shaxpy/colcon_ws_AMR/install/kelo_tulip/include/kelo_tulip/soem/oshw/win32/wpcap/Include/pcap/namedb.h
[0.835s] -- Up-to-date: /home/shaxpy/colcon_ws_AMR/install/kelo_tulip/include/kelo_tulip/soem/oshw/win32/wpcap/Include/pcap/sll.h
[0.835s] -- Up-to-date: /home/shaxpy/colcon_ws_AMR/install/kelo_tulip/include/kelo_tulip/soem/oshw/win32/wpcap/Include/pcap/usb.h
[0.836s] -- Up-to-date: /home/shaxpy/colcon_ws_AMR/install/kelo_tulip/include/kelo_tulip/soem/oshw/win32/wpcap/Include/pcap/vlan.h
[0.836s] -- Up-to-date: /home/shaxpy/colcon_ws_AMR/install/kelo_tulip/include/kelo_tulip/soem/oshw/win32/wpcap/Include/pcap/bpf.h
[0.836s] -- Up-to-date: /home/shaxpy/colcon_ws_AMR/install/kelo_tulip/include/kelo_tulip/soem/oshw/win32/wpcap/Include/pcap/bluetooth.h
[0.838s] -- Up-to-date: /home/shaxpy/colcon_ws_AMR/install/kelo_tulip/include/kelo_tulip/soem/oshw/win32/wpcap/Include/Packet32.h
[0.838s] -- Up-to-date: /home/shaxpy/colcon_ws_AMR/install/kelo_tulip/include/kelo_tulip/soem/oshw/win32/wpcap/Include/pcap-bpf.h
[0.839s] -- Up-to-date: /home/shaxpy/colcon_ws_AMR/install/kelo_tulip/include/kelo_tulip/soem/oshw/win32/wpcap/Include/remote-ext.h
[0.847s] -- Up-to-date: /home/shaxpy/colcon_ws_AMR/install/kelo_tulip/include/kelo_tulip/soem/oshw/win32/wpcap/Include/ip6_misc.h
[0.847s] -- Up-to-date: /home/shaxpy/colcon_ws_AMR/install/kelo_tulip/include/kelo_tulip/soem/oshw/win32/wpcap/Include/Win32-Extensions.h
[0.847s] -- Up-to-date: /home/shaxpy/colcon_ws_AMR/install/kelo_tulip/include/kelo_tulip/soem/oshw/win32/wpcap/Include/pcap-stdinc.h
[0.848s] -- Up-to-date: /home/shaxpy/colcon_ws_AMR/install/kelo_tulip/include/kelo_tulip/soem/oshw/win32/wpcap/Include/pcap-namedb.h
[0.848s] -- Up-to-date: /home/shaxpy/colcon_ws_AMR/install/kelo_tulip/include/kelo_tulip/soem/oshw/win32/wpcap/Lib
[0.848s] -- Up-to-date: /home/shaxpy/colcon_ws_AMR/install/kelo_tulip/include/kelo_tulip/soem/oshw/win32/wpcap/Lib/libwpcap.a
[0.848s] -- Up-to-date: /home/shaxpy/colcon_ws_AMR/install/kelo_tulip/include/kelo_tulip/soem/oshw/win32/wpcap/Lib/x64
[0.848s] -- Up-to-date: /home/shaxpy/colcon_ws_AMR/install/kelo_tulip/include/kelo_tulip/soem/oshw/win32/wpcap/Lib/x64/wpcap.lib
[0.848s] -- Up-to-date: /home/shaxpy/colcon_ws_AMR/install/kelo_tulip/include/kelo_tulip/soem/oshw/win32/wpcap/Lib/x64/Packet.lib
[0.849s] -- Up-to-date: /home/shaxpy/colcon_ws_AMR/install/kelo_tulip/include/kelo_tulip/soem/oshw/win32/wpcap/Lib/wpcap.lib
[0.849s] -- Up-to-date: /home/shaxpy/colcon_ws_AMR/install/kelo_tulip/include/kelo_tulip/soem/oshw/win32/wpcap/Lib/Packet.lib
[0.849s] -- Up-to-date: /home/shaxpy/colcon_ws_AMR/install/kelo_tulip/include/kelo_tulip/soem/oshw/win32/wpcap/Lib/libpacket.a
[0.849s] -- Up-to-date: /home/shaxpy/colcon_ws_AMR/install/kelo_tulip/include/kelo_tulip/soem/oshw/win32/nicdrv.c
[0.849s] -- Up-to-date: /home/shaxpy/colcon_ws_AMR/install/kelo_tulip/include/kelo_tulip/soem/oshw/win32/oshw.h
[0.849s] -- Up-to-date: /home/shaxpy/colcon_ws_AMR/install/kelo_tulip/include/kelo_tulip/soem/oshw/win32/nicdrv.h
[0.849s] -- Up-to-date: /home/shaxpy/colcon_ws_AMR/install/kelo_tulip/include/kelo_tulip/soem/oshw/win32/oshw.c
[0.850s] -- Up-to-date: /home/shaxpy/colcon_ws_AMR/install/kelo_tulip/include/kelo_tulip/soem/oshw/rtk
[0.850s] -- Up-to-date: /home/shaxpy/colcon_ws_AMR/install/kelo_tulip/include/kelo_tulip/soem/oshw/rtk/fec
[0.850s] -- Up-to-date: /home/shaxpy/colcon_ws_AMR/install/kelo_tulip/include/kelo_tulip/soem/oshw/rtk/fec/fec_ecat.c
[0.850s] -- Up-to-date: /home/shaxpy/colcon_ws_AMR/install/kelo_tulip/include/kelo_tulip/soem/oshw/rtk/fec/fec_ecat.h
[0.850s] -- Up-to-date: /home/shaxpy/colcon_ws_AMR/install/kelo_tulip/include/kelo_tulip/soem/oshw/rtk/nicdrv.c
[0.851s] -- Up-to-date: /home/shaxpy/colcon_ws_AMR/install/kelo_tulip/include/kelo_tulip/soem/oshw/rtk/lw_mac
[0.854s] -- Up-to-date: /home/shaxpy/colcon_ws_AMR/install/kelo_tulip/include/kelo_tulip/soem/oshw/rtk/lw_mac/lw_emac.h
[0.854s] -- Up-to-date: /home/shaxpy/colcon_ws_AMR/install/kelo_tulip/include/kelo_tulip/soem/oshw/rtk/lw_mac/lw_emac.c
[0.854s] -- Up-to-date: /home/shaxpy/colcon_ws_AMR/install/kelo_tulip/include/kelo_tulip/soem/oshw/rtk/oshw.h
[0.855s] -- Up-to-date: /home/shaxpy/colcon_ws_AMR/install/kelo_tulip/include/kelo_tulip/soem/oshw/rtk/nicdrv.h
[0.855s] -- Up-to-date: /home/shaxpy/colcon_ws_AMR/install/kelo_tulip/include/kelo_tulip/soem/oshw/rtk/oshw.c
[0.855s] -- Up-to-date: /home/shaxpy/colcon_ws_AMR/install/kelo_tulip/include/kelo_tulip/soem/oshw/vxworks
[0.859s] -- Up-to-date: /home/shaxpy/colcon_ws_AMR/install/kelo_tulip/include/kelo_tulip/soem/oshw/vxworks/nicdrv.c
[0.860s] -- Up-to-date: /home/shaxpy/colcon_ws_AMR/install/kelo_tulip/include/kelo_tulip/soem/oshw/vxworks/oshw.h
[0.860s] -- Up-to-date: /home/shaxpy/colcon_ws_AMR/install/kelo_tulip/include/kelo_tulip/soem/oshw/vxworks/nicdrv.h
[0.860s] -- Up-to-date: /home/shaxpy/colcon_ws_AMR/install/kelo_tulip/include/kelo_tulip/soem/oshw/vxworks/oshw.c
[0.861s] -- Up-to-date: /home/shaxpy/colcon_ws_AMR/install/kelo_tulip/include/kelo_tulip/soem/ethercattype.h
[0.861s] -- Up-to-date: /home/shaxpy/colcon_ws_AMR/install/kelo_tulip/include/kelo_tulip/soem/ethercatbase.h
[0.861s] -- Up-to-date: /home/shaxpy/colcon_ws_AMR/install/kelo_tulip/include/kelo_tulip/soem/osal
[0.861s] -- Up-to-date: /home/shaxpy/colcon_ws_AMR/install/kelo_tulip/include/kelo_tulip/soem/osal/rtems
[0.861s] -- Up-to-date: /home/shaxpy/colcon_ws_AMR/install/kelo_tulip/include/kelo_tulip/soem/osal/rtems/osal_defs.h
[0.861s] -- Up-to-date: /home/shaxpy/colcon_ws_AMR/install/kelo_tulip/include/kelo_tulip/soem/osal/rtems/osal.c
[0.861s] -- Up-to-date: /home/shaxpy/colcon_ws_AMR/install/kelo_tulip/include/kelo_tulip/soem/osal/linux
[0.861s] -- Up-to-date: /home/shaxpy/colcon_ws_AMR/install/kelo_tulip/include/kelo_tulip/soem/osal/linux/osal_defs.h
[0.861s] -- Up-to-date: /home/shaxpy/colcon_ws_AMR/install/kelo_tulip/include/kelo_tulip/soem/osal/linux/osal.c
[0.861s] -- Up-to-date: /home/shaxpy/colcon_ws_AMR/install/kelo_tulip/include/kelo_tulip/soem/osal/intime
[0.861s] -- Up-to-date: /home/shaxpy/colcon_ws_AMR/install/kelo_tulip/include/kelo_tulip/soem/osal/intime/osal_defs.h
[0.861s] -- Up-to-date: /home/shaxpy/colcon_ws_AMR/install/kelo_tulip/include/kelo_tulip/soem/osal/intime/osal.c
[0.861s] -- Up-to-date: /home/shaxpy/colcon_ws_AMR/install/kelo_tulip/include/kelo_tulip/soem/osal/win32
[0.862s] -- Up-to-date: /home/shaxpy/colcon_ws_AMR/install/kelo_tulip/include/kelo_tulip/soem/osal/win32/inttypes.h
[0.862s] -- Up-to-date: /home/shaxpy/colcon_ws_AMR/install/kelo_tulip/include/kelo_tulip/soem/osal/win32/osal_win32.h
[0.862s] -- Up-to-date: /home/shaxpy/colcon_ws_AMR/install/kelo_tulip/include/kelo_tulip/soem/osal/win32/stdint.h
[0.862s] -- Up-to-date: /home/shaxpy/colcon_ws_AMR/install/kelo_tulip/include/kelo_tulip/soem/osal/win32/osal_defs.h
[0.862s] -- Up-to-date: /home/shaxpy/colcon_ws_AMR/install/kelo_tulip/include/kelo_tulip/soem/osal/win32/osal.c
[0.862s] -- Up-to-date: /home/shaxpy/colcon_ws_AMR/install/kelo_tulip/include/kelo_tulip/soem/osal/rtk
[0.862s] -- Up-to-date: /home/shaxpy/colcon_ws_AMR/install/kelo_tulip/include/kelo_tulip/soem/osal/rtk/osal_defs.h
[0.862s] -- Up-to-date: /home/shaxpy/colcon_ws_AMR/install/kelo_tulip/include/kelo_tulip/soem/osal/rtk/osal.c
[0.862s] -- Up-to-date: /home/shaxpy/colcon_ws_AMR/install/kelo_tulip/include/kelo_tulip/soem/osal/vxworks
[0.862s] -- Up-to-date: /home/shaxpy/colcon_ws_AMR/install/kelo_tulip/include/kelo_tulip/soem/osal/vxworks/osal_defs.h
[0.862s] -- Up-to-date: /home/shaxpy/colcon_ws_AMR/install/kelo_tulip/include/kelo_tulip/soem/osal/vxworks/osal.c
[0.862s] -- Up-to-date: /home/shaxpy/colcon_ws_AMR/install/kelo_tulip/include/kelo_tulip/soem/osal/osal.h
[0.862s] -- Up-to-date: /home/shaxpy/colcon_ws_AMR/install/kelo_tulip/include/kelo_tulip/soem/ethercatprint.h
[0.862s] -- Up-to-date: /home/shaxpy/colcon_ws_AMR/install/kelo_tulip/include/kelo_tulip/soem/ethercatfoe.h
[0.862s] -- Up-to-date: /home/shaxpy/colcon_ws_AMR/install/kelo_tulip/share/kelo_tulip/launch
[0.862s] -- Up-to-date: /home/shaxpy/colcon_ws_AMR/install/kelo_tulip/share/kelo_tulip/launch/example.joypad.launch.py
[0.862s] -- Up-to-date: /home/shaxpy/colcon_ws_AMR/install/kelo_tulip/share/kelo_tulip/launch/example.launch.py
[0.863s] -- Up-to-date: /home/shaxpy/colcon_ws_AMR/install/kelo_tulip/share/kelo_tulip/config
[0.863s] -- Up-to-date: /home/shaxpy/colcon_ws_AMR/install/kelo_tulip/share/kelo_tulip/config/robile1.yaml
[0.863s] -- Up-to-date: /home/shaxpy/colcon_ws_AMR/install/kelo_tulip/share/kelo_tulip/config/robile3.yaml
[0.863s] -- Up-to-date: /home/shaxpy/colcon_ws_AMR/install/kelo_tulip/share/kelo_tulip/config/example.yaml
[0.863s] -- Up-to-date: /home/shaxpy/colcon_ws_AMR/install/kelo_tulip/share/kelo_tulip/config/robile2.yaml
[0.863s] -- Up-to-date: /home/shaxpy/colcon_ws_AMR/install/kelo_tulip/share/kelo_tulip/config/robile4.yaml
[0.863s] -- Up-to-date: /home/shaxpy/colcon_ws_AMR/install/kelo_tulip/share/ament_index/resource_index/package_run_dependencies/kelo_tulip
[0.864s] -- Up-to-date: /home/shaxpy/colcon_ws_AMR/install/kelo_tulip/share/ament_index/resource_index/parent_prefix_path/kelo_tulip
[0.864s] -- Up-to-date: /home/shaxpy/colcon_ws_AMR/install/kelo_tulip/share/kelo_tulip/environment/ament_prefix_path.sh
[0.865s] -- Up-to-date: /home/shaxpy/colcon_ws_AMR/install/kelo_tulip/share/kelo_tulip/environment/ament_prefix_path.dsv
[0.865s] -- Up-to-date: /home/shaxpy/colcon_ws_AMR/install/kelo_tulip/share/kelo_tulip/environment/path.sh
[0.865s] -- Up-to-date: /home/shaxpy/colcon_ws_AMR/install/kelo_tulip/share/kelo_tulip/environment/path.dsv
[0.866s] -- Up-to-date: /home/shaxpy/colcon_ws_AMR/install/kelo_tulip/share/kelo_tulip/local_setup.bash
[0.872s] -- Up-to-date: /home/shaxpy/colcon_ws_AMR/install/kelo_tulip/share/kelo_tulip/local_setup.sh
[0.873s] -- Up-to-date: /home/shaxpy/colcon_ws_AMR/install/kelo_tulip/share/kelo_tulip/local_setup.zsh
[0.873s] -- Up-to-date: /home/shaxpy/colcon_ws_AMR/install/kelo_tulip/share/kelo_tulip/local_setup.dsv
[0.873s] -- Installing: /home/shaxpy/colcon_ws_AMR/install/kelo_tulip/share/kelo_tulip/package.dsv
[0.873s] -- Up-to-date: /home/shaxpy/colcon_ws_AMR/install/kelo_tulip/share/ament_index/resource_index/packages/kelo_tulip
[0.873s] -- Up-to-date: /home/shaxpy/colcon_ws_AMR/install/kelo_tulip/share/kelo_tulip/cmake/kelo_tulipConfig.cmake
[0.874s] -- Up-to-date: /home/shaxpy/colcon_ws_AMR/install/kelo_tulip/share/kelo_tulip/cmake/kelo_tulipConfig-version.cmake
[0.874s] -- Up-to-date: /home/shaxpy/colcon_ws_AMR/install/kelo_tulip/share/kelo_tulip/package.xml
[0.874s] -- Up-to-date: /home/shaxpy/colcon_ws_AMR/install/kelo_tulip/lib/libsoem.a
[0.874s] Invoked command in '/home/shaxpy/colcon_ws_AMR/build/kelo_tulip' returned '0': CMAKE_PREFIX_PATH=${CMAKE_PREFIX_PATH}:/home/shaxpy/colcon_ws_AMR/install/robile_reach_goal:/home/shaxpy/colcon_ws_AMR/install/robile_control_simple:/home/shaxpy/colcon_ws_AMR/install/py_trees_ros:/opt/ros/rolling /usr/bin/cmake --install /home/shaxpy/colcon_ws_AMR/build/kelo_tulip
