running egg_info
writing ../../../../build/robile_control_simple/robile_control_simple.egg-info/PKG-INFO
writing dependency_links to ../../../../build/robile_control_simple/robile_control_simple.egg-info/dependency_links.txt
writing entry points to ../../../../build/robile_control_simple/robile_control_simple.egg-info/entry_points.txt
writing requirements to ../../../../build/robile_control_simple/robile_control_simple.egg-info/requires.txt
writing top-level names to ../../../../build/robile_control_simple/robile_control_simple.egg-info/top_level.txt
reading manifest file '../../../../build/robile_control_simple/robile_control_simple.egg-info/SOURCES.txt'
writing manifest file '../../../../build/robile_control_simple/robile_control_simple.egg-info/SOURCES.txt'
running build
running build_py
copying robile_control_simple/robile_control_simple.py -> /home/shaxpy/colcon_ws_AMR/build/robile_control_simple/build/lib/robile_control_simple
running install
running install_lib
copying /home/shaxpy/colcon_ws_AMR/build/robile_control_simple/build/lib/robile_control_simple/robile_control_simple.py -> /home/shaxpy/colcon_ws_AMR/install/robile_control_simple/lib/python3.8/site-packages/robile_control_simple
byte-compiling /home/shaxpy/colcon_ws_AMR/install/robile_control_simple/lib/python3.8/site-packages/robile_control_simple/robile_control_simple.py to robile_control_simple.cpython-38.pyc
running install_data
running install_egg_info
removing '/home/shaxpy/colcon_ws_AMR/install/robile_control_simple/lib/python3.8/site-packages/robile_control_simple-0.0.0-py3.8.egg-info' (and everything under it)
Copying ../../../../build/robile_control_simple/robile_control_simple.egg-info to /home/shaxpy/colcon_ws_AMR/install/robile_control_simple/lib/python3.8/site-packages/robile_control_simple-0.0.0-py3.8.egg-info
running install_scripts
Installing circular_motion_publisher script to /home/shaxpy/colcon_ws_AMR/install/robile_control_simple/lib/robile_control_simple
writing list of installed files to '/home/shaxpy/colcon_ws_AMR/build/robile_control_simple/install.log'
