[0.298s] DEBUG:colcon:Command line arguments: ['/usr/bin/colcon', 'build']
[0.298s] DEBUG:colcon:Parsed command line arguments: Namespace(allow_overriding=[], ament_cmake_args=None, base_paths=['.'], build_base='build', catkin_cmake_args=None, catkin_skip_building_tests=False, cmake_args=None, cmake_clean_cache=False, cmake_clean_first=False, cmake_force_configure=False, cmake_target=None, cmake_target_skip_unavailable=False, continue_on_error=False, event_handlers=None, executor='parallel', ignore_user_meta=False, install_base='install', log_base=None, log_level=None, main=<bound method BuildVerb.main of <colcon_core.verb.build.BuildVerb object at 0x7fd8dc702fd0>>, merge_install=False, metas=['./colcon.meta'], packages_above=None, packages_above_and_dependencies=None, packages_above_depth=None, packages_end=None, packages_ignore=None, packages_ignore_regex=None, packages_select=None, packages_select_build_failed=False, packages_select_by_dep=None, packages_select_regex=None, packages_select_test_failures=False, packages_skip=None, packages_skip_build_finished=False, packages_skip_by_dep=None, packages_skip_regex=None, packages_skip_test_passed=False, packages_skip_up_to=None, packages_start=None, packages_up_to=None, packages_up_to_regex=None, parallel_workers=12, paths=None, symlink_install=False, test_result_base=None, verb_extension=<colcon_core.verb.build.BuildVerb object at 0x7fd8dc702fd0>, verb_name='build', verb_parser=<colcon_defaults.argument_parser.defaults.DefaultArgumentsDecorator object at 0x7fd8dc70c520>)
[0.330s] Level 1:colcon.colcon_core.package_discovery:discover_packages(colcon_meta) check parameters
[0.330s] Level 1:colcon.colcon_core.package_discovery:discover_packages(recursive) check parameters
[0.330s] Level 1:colcon.colcon_core.package_discovery:discover_packages(ignore) check parameters
[0.330s] Level 1:colcon.colcon_core.package_discovery:discover_packages(path) check parameters
[0.330s] Level 1:colcon.colcon_core.package_discovery:discover_packages(colcon_meta) discover
[0.330s] Level 1:colcon.colcon_core.package_discovery:discover_packages(recursive) discover
[0.330s] INFO:colcon.colcon_core.package_discovery:Crawling recursively for packages in '/home/shaxpy/colcon_ws_AMR'
[0.331s] Level 1:colcon.colcon_core.package_identification:_identify(.) by extensions ['ignore', 'ignore_ament_install']
[0.331s] Level 1:colcon.colcon_core.package_identification:_identify(.) by extension 'ignore'
[0.331s] Level 1:colcon.colcon_core.package_identification:_identify(.) by extension 'ignore_ament_install'
[0.331s] Level 1:colcon.colcon_core.package_identification:_identify(.) by extensions ['colcon_pkg']
[0.331s] Level 1:colcon.colcon_core.package_identification:_identify(.) by extension 'colcon_pkg'
[0.331s] Level 1:colcon.colcon_core.package_identification:_identify(.) by extensions ['colcon_meta']
[0.331s] Level 1:colcon.colcon_core.package_identification:_identify(.) by extension 'colcon_meta'
[0.331s] Level 1:colcon.colcon_core.package_identification:_identify(.) by extensions ['ros']
[0.331s] Level 1:colcon.colcon_core.package_identification:_identify(.) by extension 'ros'
[0.339s] Level 1:colcon.colcon_core.package_identification:_identify(.) by extensions ['cmake', 'python']
[0.339s] Level 1:colcon.colcon_core.package_identification:_identify(.) by extension 'cmake'
[0.339s] Level 1:colcon.colcon_core.package_identification:_identify(.) by extension 'python'
[0.339s] Level 1:colcon.colcon_core.package_identification:_identify(.) by extensions ['python_setup_py']
[0.339s] Level 1:colcon.colcon_core.package_identification:_identify(.) by extension 'python_setup_py'
[0.339s] Level 1:colcon.colcon_core.package_identification:_identify(build) by extensions ['ignore', 'ignore_ament_install']
[0.340s] Level 1:colcon.colcon_core.package_identification:_identify(build) by extension 'ignore'
[0.340s] Level 1:colcon.colcon_core.package_identification:_identify(build) ignored
[0.340s] Level 1:colcon.colcon_core.package_identification:_identify(install) by extensions ['ignore', 'ignore_ament_install']
[0.340s] Level 1:colcon.colcon_core.package_identification:_identify(install) by extension 'ignore'
[0.340s] Level 1:colcon.colcon_core.package_identification:_identify(install) ignored
[0.340s] Level 1:colcon.colcon_core.package_identification:_identify(log) by extensions ['ignore', 'ignore_ament_install']
[0.340s] Level 1:colcon.colcon_core.package_identification:_identify(log) by extension 'ignore'
[0.340s] Level 1:colcon.colcon_core.package_identification:_identify(log) ignored
[0.340s] Level 1:colcon.colcon_core.package_identification:_identify(src) by extensions ['ignore', 'ignore_ament_install']
[0.340s] Level 1:colcon.colcon_core.package_identification:_identify(src) by extension 'ignore'
[0.340s] Level 1:colcon.colcon_core.package_identification:_identify(src) by extension 'ignore_ament_install'
[0.340s] Level 1:colcon.colcon_core.package_identification:_identify(src) by extensions ['colcon_pkg']
[0.340s] Level 1:colcon.colcon_core.package_identification:_identify(src) by extension 'colcon_pkg'
[0.340s] Level 1:colcon.colcon_core.package_identification:_identify(src) by extensions ['colcon_meta']
[0.340s] Level 1:colcon.colcon_core.package_identification:_identify(src) by extension 'colcon_meta'
[0.340s] Level 1:colcon.colcon_core.package_identification:_identify(src) by extensions ['ros']
[0.340s] Level 1:colcon.colcon_core.package_identification:_identify(src) by extension 'ros'
[0.340s] Level 1:colcon.colcon_core.package_identification:_identify(src) by extensions ['cmake', 'python']
[0.340s] Level 1:colcon.colcon_core.package_identification:_identify(src) by extension 'cmake'
[0.340s] Level 1:colcon.colcon_core.package_identification:_identify(src) by extension 'python'
[0.340s] Level 1:colcon.colcon_core.package_identification:_identify(src) by extensions ['python_setup_py']
[0.340s] Level 1:colcon.colcon_core.package_identification:_identify(src) by extension 'python_setup_py'
[0.340s] Level 1:colcon.colcon_core.package_identification:_identify(src/Robile) by extensions ['ignore', 'ignore_ament_install']
[0.341s] Level 1:colcon.colcon_core.package_identification:_identify(src/Robile) by extension 'ignore'
[0.341s] Level 1:colcon.colcon_core.package_identification:_identify(src/Robile) by extension 'ignore_ament_install'
[0.341s] Level 1:colcon.colcon_core.package_identification:_identify(src/Robile) by extensions ['colcon_pkg']
[0.341s] Level 1:colcon.colcon_core.package_identification:_identify(src/Robile) by extension 'colcon_pkg'
[0.341s] Level 1:colcon.colcon_core.package_identification:_identify(src/Robile) by extensions ['colcon_meta']
[0.341s] Level 1:colcon.colcon_core.package_identification:_identify(src/Robile) by extension 'colcon_meta'
[0.341s] Level 1:colcon.colcon_core.package_identification:_identify(src/Robile) by extensions ['ros']
[0.341s] Level 1:colcon.colcon_core.package_identification:_identify(src/Robile) by extension 'ros'
[0.341s] Level 1:colcon.colcon_core.package_identification:_identify(src/Robile) by extensions ['cmake', 'python']
[0.341s] Level 1:colcon.colcon_core.package_identification:_identify(src/Robile) by extension 'cmake'
[0.341s] Level 1:colcon.colcon_core.package_identification:_identify(src/Robile) by extension 'python'
[0.341s] Level 1:colcon.colcon_core.package_identification:_identify(src/Robile) by extensions ['python_setup_py']
[0.341s] Level 1:colcon.colcon_core.package_identification:_identify(src/Robile) by extension 'python_setup_py'
[0.341s] Level 1:colcon.colcon_core.package_identification:_identify(src/Robile/docs) by extensions ['ignore', 'ignore_ament_install']
[0.341s] Level 1:colcon.colcon_core.package_identification:_identify(src/Robile/docs) by extension 'ignore'
[0.341s] Level 1:colcon.colcon_core.package_identification:_identify(src/Robile/docs) ignored
[0.341s] Level 1:colcon.colcon_core.package_identification:_identify(src/Robile/robile_demos) by extensions ['ignore', 'ignore_ament_install']
[0.341s] Level 1:colcon.colcon_core.package_identification:_identify(src/Robile/robile_demos) by extension 'ignore'
[0.341s] Level 1:colcon.colcon_core.package_identification:_identify(src/Robile/robile_demos) by extension 'ignore_ament_install'
[0.341s] Level 1:colcon.colcon_core.package_identification:_identify(src/Robile/robile_demos) by extensions ['colcon_pkg']
[0.341s] Level 1:colcon.colcon_core.package_identification:_identify(src/Robile/robile_demos) by extension 'colcon_pkg'
[0.341s] Level 1:colcon.colcon_core.package_identification:_identify(src/Robile/robile_demos) by extensions ['colcon_meta']
[0.341s] Level 1:colcon.colcon_core.package_identification:_identify(src/Robile/robile_demos) by extension 'colcon_meta'
[0.341s] Level 1:colcon.colcon_core.package_identification:_identify(src/Robile/robile_demos) by extensions ['ros']
[0.341s] Level 1:colcon.colcon_core.package_identification:_identify(src/Robile/robile_demos) by extension 'ros'
[0.341s] Level 1:colcon.colcon_core.package_identification:_identify(src/Robile/robile_demos) by extensions ['cmake', 'python']
[0.341s] Level 1:colcon.colcon_core.package_identification:_identify(src/Robile/robile_demos) by extension 'cmake'
[0.341s] Level 1:colcon.colcon_core.package_identification:_identify(src/Robile/robile_demos) by extension 'python'
[0.341s] Level 1:colcon.colcon_core.package_identification:_identify(src/Robile/robile_demos) by extensions ['python_setup_py']
[0.341s] Level 1:colcon.colcon_core.package_identification:_identify(src/Robile/robile_demos) by extension 'python_setup_py'
[0.342s] Level 1:colcon.colcon_core.package_identification:_identify(src/Robile/robile_demos/robile_control_simple) by extensions ['ignore', 'ignore_ament_install']
[0.342s] Level 1:colcon.colcon_core.package_identification:_identify(src/Robile/robile_demos/robile_control_simple) by extension 'ignore'
[0.342s] Level 1:colcon.colcon_core.package_identification:_identify(src/Robile/robile_demos/robile_control_simple) by extension 'ignore_ament_install'
[0.342s] Level 1:colcon.colcon_core.package_identification:_identify(src/Robile/robile_demos/robile_control_simple) by extensions ['colcon_pkg']
[0.342s] Level 1:colcon.colcon_core.package_identification:_identify(src/Robile/robile_demos/robile_control_simple) by extension 'colcon_pkg'
[0.342s] Level 1:colcon.colcon_core.package_identification:_identify(src/Robile/robile_demos/robile_control_simple) by extensions ['colcon_meta']
[0.342s] Level 1:colcon.colcon_core.package_identification:_identify(src/Robile/robile_demos/robile_control_simple) by extension 'colcon_meta'
[0.342s] Level 1:colcon.colcon_core.package_identification:_identify(src/Robile/robile_demos/robile_control_simple) by extensions ['ros']
[0.342s] Level 1:colcon.colcon_core.package_identification:_identify(src/Robile/robile_demos/robile_control_simple) by extension 'ros'
[0.344s] DEBUG:colcon.colcon_core.package_identification:Package 'src/Robile/robile_demos/robile_control_simple' with type 'ros.ament_python' and name 'robile_control_simple'
[0.344s] Level 1:colcon.colcon_core.package_identification:_identify(src/Robile/robile_demos/robile_control_square) by extensions ['ignore', 'ignore_ament_install']
[0.344s] Level 1:colcon.colcon_core.package_identification:_identify(src/Robile/robile_demos/robile_control_square) by extension 'ignore'
[0.344s] Level 1:colcon.colcon_core.package_identification:_identify(src/Robile/robile_demos/robile_control_square) by extension 'ignore_ament_install'
[0.344s] Level 1:colcon.colcon_core.package_identification:_identify(src/Robile/robile_demos/robile_control_square) by extensions ['colcon_pkg']
[0.344s] Level 1:colcon.colcon_core.package_identification:_identify(src/Robile/robile_demos/robile_control_square) by extension 'colcon_pkg'
[0.344s] Level 1:colcon.colcon_core.package_identification:_identify(src/Robile/robile_demos/robile_control_square) by extensions ['colcon_meta']
[0.344s] Level 1:colcon.colcon_core.package_identification:_identify(src/Robile/robile_demos/robile_control_square) by extension 'colcon_meta'
[0.344s] Level 1:colcon.colcon_core.package_identification:_identify(src/Robile/robile_demos/robile_control_square) by extensions ['ros']
[0.344s] Level 1:colcon.colcon_core.package_identification:_identify(src/Robile/robile_demos/robile_control_square) by extension 'ros'
[0.345s] DEBUG:colcon.colcon_core.package_identification:Package 'src/Robile/robile_demos/robile_control_square' with type 'ros.ament_python' and name 'robile_control_square'
[0.345s] Level 1:colcon.colcon_core.package_identification:_identify(src/Robile/robile_demos/robile_reach_goal) by extensions ['ignore', 'ignore_ament_install']
[0.345s] Level 1:colcon.colcon_core.package_identification:_identify(src/Robile/robile_demos/robile_reach_goal) by extension 'ignore'
[0.345s] Level 1:colcon.colcon_core.package_identification:_identify(src/Robile/robile_demos/robile_reach_goal) by extension 'ignore_ament_install'
[0.345s] Level 1:colcon.colcon_core.package_identification:_identify(src/Robile/robile_demos/robile_reach_goal) by extensions ['colcon_pkg']
[0.345s] Level 1:colcon.colcon_core.package_identification:_identify(src/Robile/robile_demos/robile_reach_goal) by extension 'colcon_pkg'
[0.345s] Level 1:colcon.colcon_core.package_identification:_identify(src/Robile/robile_demos/robile_reach_goal) by extensions ['colcon_meta']
[0.345s] Level 1:colcon.colcon_core.package_identification:_identify(src/Robile/robile_demos/robile_reach_goal) by extension 'colcon_meta'
[0.345s] Level 1:colcon.colcon_core.package_identification:_identify(src/Robile/robile_demos/robile_reach_goal) by extensions ['ros']
[0.345s] Level 1:colcon.colcon_core.package_identification:_identify(src/Robile/robile_demos/robile_reach_goal) by extension 'ros'
[0.345s] DEBUG:colcon.colcon_core.package_identification:Package 'src/Robile/robile_demos/robile_reach_goal' with type 'ros.ament_python' and name 'robile_reach_goal'
[0.346s] Level 1:colcon.colcon_core.package_identification:_identify(src/Robile/worksheets) by extensions ['ignore', 'ignore_ament_install']
[0.346s] Level 1:colcon.colcon_core.package_identification:_identify(src/Robile/worksheets) by extension 'ignore'
[0.346s] Level 1:colcon.colcon_core.package_identification:_identify(src/Robile/worksheets) by extension 'ignore_ament_install'
[0.346s] Level 1:colcon.colcon_core.package_identification:_identify(src/Robile/worksheets) by extensions ['colcon_pkg']
[0.346s] Level 1:colcon.colcon_core.package_identification:_identify(src/Robile/worksheets) by extension 'colcon_pkg'
[0.346s] Level 1:colcon.colcon_core.package_identification:_identify(src/Robile/worksheets) by extensions ['colcon_meta']
[0.346s] Level 1:colcon.colcon_core.package_identification:_identify(src/Robile/worksheets) by extension 'colcon_meta'
[0.346s] Level 1:colcon.colcon_core.package_identification:_identify(src/Robile/worksheets) by extensions ['ros']
[0.346s] Level 1:colcon.colcon_core.package_identification:_identify(src/Robile/worksheets) by extension 'ros'
[0.346s] Level 1:colcon.colcon_core.package_identification:_identify(src/Robile/worksheets) by extensions ['cmake', 'python']
[0.346s] Level 1:colcon.colcon_core.package_identification:_identify(src/Robile/worksheets) by extension 'cmake'
[0.346s] Level 1:colcon.colcon_core.package_identification:_identify(src/Robile/worksheets) by extension 'python'
[0.346s] Level 1:colcon.colcon_core.package_identification:_identify(src/Robile/worksheets) by extensions ['python_setup_py']
[0.346s] Level 1:colcon.colcon_core.package_identification:_identify(src/Robile/worksheets) by extension 'python_setup_py'
[0.346s] Level 1:colcon.colcon_core.package_identification:_identify(src/Robile/worksheets/bitmaps) by extensions ['ignore', 'ignore_ament_install']
[0.346s] Level 1:colcon.colcon_core.package_identification:_identify(src/Robile/worksheets/bitmaps) by extension 'ignore'
[0.346s] Level 1:colcon.colcon_core.package_identification:_identify(src/Robile/worksheets/bitmaps) by extension 'ignore_ament_install'
[0.346s] Level 1:colcon.colcon_core.package_identification:_identify(src/Robile/worksheets/bitmaps) by extensions ['colcon_pkg']
[0.346s] Level 1:colcon.colcon_core.package_identification:_identify(src/Robile/worksheets/bitmaps) by extension 'colcon_pkg'
[0.346s] Level 1:colcon.colcon_core.package_identification:_identify(src/Robile/worksheets/bitmaps) by extensions ['colcon_meta']
[0.346s] Level 1:colcon.colcon_core.package_identification:_identify(src/Robile/worksheets/bitmaps) by extension 'colcon_meta'
[0.346s] Level 1:colcon.colcon_core.package_identification:_identify(src/Robile/worksheets/bitmaps) by extensions ['ros']
[0.346s] Level 1:colcon.colcon_core.package_identification:_identify(src/Robile/worksheets/bitmaps) by extension 'ros'
[0.347s] Level 1:colcon.colcon_core.package_identification:_identify(src/Robile/worksheets/bitmaps) by extensions ['cmake', 'python']
[0.347s] Level 1:colcon.colcon_core.package_identification:_identify(src/Robile/worksheets/bitmaps) by extension 'cmake'
[0.347s] Level 1:colcon.colcon_core.package_identification:_identify(src/Robile/worksheets/bitmaps) by extension 'python'
[0.347s] Level 1:colcon.colcon_core.package_identification:_identify(src/Robile/worksheets/bitmaps) by extensions ['python_setup_py']
[0.347s] Level 1:colcon.colcon_core.package_identification:_identify(src/Robile/worksheets/bitmaps) by extension 'python_setup_py'
[0.347s] Level 1:colcon.colcon_core.package_identification:_identify(src/Robile/worksheets/worksheet01) by extensions ['ignore', 'ignore_ament_install']
[0.347s] Level 1:colcon.colcon_core.package_identification:_identify(src/Robile/worksheets/worksheet01) by extension 'ignore'
[0.347s] Level 1:colcon.colcon_core.package_identification:_identify(src/Robile/worksheets/worksheet01) by extension 'ignore_ament_install'
[0.347s] Level 1:colcon.colcon_core.package_identification:_identify(src/Robile/worksheets/worksheet01) by extensions ['colcon_pkg']
[0.347s] Level 1:colcon.colcon_core.package_identification:_identify(src/Robile/worksheets/worksheet01) by extension 'colcon_pkg'
[0.347s] Level 1:colcon.colcon_core.package_identification:_identify(src/Robile/worksheets/worksheet01) by extensions ['colcon_meta']
[0.347s] Level 1:colcon.colcon_core.package_identification:_identify(src/Robile/worksheets/worksheet01) by extension 'colcon_meta'
[0.347s] Level 1:colcon.colcon_core.package_identification:_identify(src/Robile/worksheets/worksheet01) by extensions ['ros']
[0.347s] Level 1:colcon.colcon_core.package_identification:_identify(src/Robile/worksheets/worksheet01) by extension 'ros'
[0.347s] Level 1:colcon.colcon_core.package_identification:_identify(src/Robile/worksheets/worksheet01) by extensions ['cmake', 'python']
[0.347s] Level 1:colcon.colcon_core.package_identification:_identify(src/Robile/worksheets/worksheet01) by extension 'cmake'
[0.347s] Level 1:colcon.colcon_core.package_identification:_identify(src/Robile/worksheets/worksheet01) by extension 'python'
[0.347s] Level 1:colcon.colcon_core.package_identification:_identify(src/Robile/worksheets/worksheet01) by extensions ['python_setup_py']
[0.347s] Level 1:colcon.colcon_core.package_identification:_identify(src/Robile/worksheets/worksheet01) by extension 'python_setup_py'
[0.347s] Level 1:colcon.colcon_core.package_identification:_identify(src/build) by extensions ['ignore', 'ignore_ament_install']
[0.347s] Level 1:colcon.colcon_core.package_identification:_identify(src/build) by extension 'ignore'
[0.347s] Level 1:colcon.colcon_core.package_identification:_identify(src/build) ignored
[0.348s] Level 1:colcon.colcon_core.package_identification:_identify(src/install) by extensions ['ignore', 'ignore_ament_install']
[0.348s] Level 1:colcon.colcon_core.package_identification:_identify(src/install) by extension 'ignore'
[0.348s] Level 1:colcon.colcon_core.package_identification:_identify(src/install) ignored
[0.348s] Level 1:colcon.colcon_core.package_identification:_identify(src/kelo_tulip) by extensions ['ignore', 'ignore_ament_install']
[0.348s] Level 1:colcon.colcon_core.package_identification:_identify(src/kelo_tulip) by extension 'ignore'
[0.348s] Level 1:colcon.colcon_core.package_identification:_identify(src/kelo_tulip) by extension 'ignore_ament_install'
[0.348s] Level 1:colcon.colcon_core.package_identification:_identify(src/kelo_tulip) by extensions ['colcon_pkg']
[0.348s] Level 1:colcon.colcon_core.package_identification:_identify(src/kelo_tulip) by extension 'colcon_pkg'
[0.348s] Level 1:colcon.colcon_core.package_identification:_identify(src/kelo_tulip) by extensions ['colcon_meta']
[0.348s] Level 1:colcon.colcon_core.package_identification:_identify(src/kelo_tulip) by extension 'colcon_meta'
[0.348s] Level 1:colcon.colcon_core.package_identification:_identify(src/kelo_tulip) by extensions ['ros']
[0.348s] Level 1:colcon.colcon_core.package_identification:_identify(src/kelo_tulip) by extension 'ros'
[0.348s] DEBUG:colcon.colcon_core.package_identification:Package 'src/kelo_tulip' with type 'ros.ament_cmake' and name 'kelo_tulip'
[0.349s] Level 1:colcon.colcon_core.package_identification:_identify(src/log) by extensions ['ignore', 'ignore_ament_install']
[0.349s] Level 1:colcon.colcon_core.package_identification:_identify(src/log) by extension 'ignore'
[0.349s] Level 1:colcon.colcon_core.package_identification:_identify(src/log) ignored
[0.349s] Level 1:colcon.colcon_core.package_identification:_identify(src/py_trees_ros) by extensions ['ignore', 'ignore_ament_install']
[0.349s] Level 1:colcon.colcon_core.package_identification:_identify(src/py_trees_ros) by extension 'ignore'
[0.349s] Level 1:colcon.colcon_core.package_identification:_identify(src/py_trees_ros) by extension 'ignore_ament_install'
[0.349s] Level 1:colcon.colcon_core.package_identification:_identify(src/py_trees_ros) by extensions ['colcon_pkg']
[0.349s] Level 1:colcon.colcon_core.package_identification:_identify(src/py_trees_ros) by extension 'colcon_pkg'
[0.349s] Level 1:colcon.colcon_core.package_identification:_identify(src/py_trees_ros) by extensions ['colcon_meta']
[0.349s] Level 1:colcon.colcon_core.package_identification:_identify(src/py_trees_ros) by extension 'colcon_meta'
[0.349s] Level 1:colcon.colcon_core.package_identification:_identify(src/py_trees_ros) by extensions ['ros']
[0.349s] Level 1:colcon.colcon_core.package_identification:_identify(src/py_trees_ros) by extension 'ros'
[0.350s] DEBUG:colcon.colcon_core.package_identification:Package 'src/py_trees_ros' with type 'ros.ament_python' and name 'py_trees_ros'
[0.350s] Level 1:colcon.colcon_core.package_identification:_identify(src/robile_description) by extensions ['ignore', 'ignore_ament_install']
[0.350s] Level 1:colcon.colcon_core.package_identification:_identify(src/robile_description) by extension 'ignore'
[0.350s] Level 1:colcon.colcon_core.package_identification:_identify(src/robile_description) by extension 'ignore_ament_install'
[0.350s] Level 1:colcon.colcon_core.package_identification:_identify(src/robile_description) by extensions ['colcon_pkg']
[0.350s] Level 1:colcon.colcon_core.package_identification:_identify(src/robile_description) by extension 'colcon_pkg'
[0.350s] Level 1:colcon.colcon_core.package_identification:_identify(src/robile_description) by extensions ['colcon_meta']
[0.350s] Level 1:colcon.colcon_core.package_identification:_identify(src/robile_description) by extension 'colcon_meta'
[0.350s] Level 1:colcon.colcon_core.package_identification:_identify(src/robile_description) by extensions ['ros']
[0.350s] Level 1:colcon.colcon_core.package_identification:_identify(src/robile_description) by extension 'ros'
[0.351s] DEBUG:colcon.colcon_core.package_identification:Package 'src/robile_description' with type 'ros.ament_cmake' and name 'robile_description'
[0.351s] Level 1:colcon.colcon_core.package_identification:_identify(src/robile_gazebo) by extensions ['ignore', 'ignore_ament_install']
[0.351s] Level 1:colcon.colcon_core.package_identification:_identify(src/robile_gazebo) by extension 'ignore'
[0.351s] Level 1:colcon.colcon_core.package_identification:_identify(src/robile_gazebo) by extension 'ignore_ament_install'
[0.351s] Level 1:colcon.colcon_core.package_identification:_identify(src/robile_gazebo) by extensions ['colcon_pkg']
[0.351s] Level 1:colcon.colcon_core.package_identification:_identify(src/robile_gazebo) by extension 'colcon_pkg'
[0.351s] Level 1:colcon.colcon_core.package_identification:_identify(src/robile_gazebo) by extensions ['colcon_meta']
[0.351s] Level 1:colcon.colcon_core.package_identification:_identify(src/robile_gazebo) by extension 'colcon_meta'
[0.351s] Level 1:colcon.colcon_core.package_identification:_identify(src/robile_gazebo) by extensions ['ros']
[0.351s] Level 1:colcon.colcon_core.package_identification:_identify(src/robile_gazebo) by extension 'ros'
[0.352s] DEBUG:colcon.colcon_core.package_identification:Package 'src/robile_gazebo' with type 'ros.ament_cmake' and name 'robile_gazebo'
[0.352s] Level 1:colcon.colcon_core.package_discovery:discover_packages(recursive) using defaults
[0.352s] Level 1:colcon.colcon_core.package_discovery:discover_packages(ignore) discover
[0.352s] Level 1:colcon.colcon_core.package_discovery:discover_packages(ignore) using defaults
[0.352s] Level 1:colcon.colcon_core.package_discovery:discover_packages(path) discover
[0.352s] Level 1:colcon.colcon_core.package_discovery:discover_packages(path) using defaults
[0.371s] Level 1:colcon.colcon_core.package_discovery:discover_packages(prefix_path) check parameters
[0.371s] Level 1:colcon.colcon_core.package_discovery:discover_packages(prefix_path) discover
[0.374s] DEBUG:colcon.colcon_installed_package_information.package_discovery:Found 7 installed packages in /home/shaxpy/colcon_ws_AMR/install
[0.375s] DEBUG:colcon.colcon_installed_package_information.package_discovery:Found 2 installed packages in /home/shaxpy/amr_first_ws/install
[0.377s] DEBUG:colcon.colcon_installed_package_information.package_discovery:Found 284 installed packages in /opt/ros/rolling
[0.378s] Level 1:colcon.colcon_core.package_discovery:discover_packages(prefix_path) using defaults
[0.453s] Level 5:colcon.colcon_core.verb:set package 'kelo_tulip' build argument 'cmake_args' from command line to 'None'
[0.453s] Level 5:colcon.colcon_core.verb:set package 'kelo_tulip' build argument 'cmake_target' from command line to 'None'
[0.453s] Level 5:colcon.colcon_core.verb:set package 'kelo_tulip' build argument 'cmake_target_skip_unavailable' from command line to 'False'
[0.453s] Level 5:colcon.colcon_core.verb:set package 'kelo_tulip' build argument 'cmake_clean_cache' from command line to 'False'
[0.453s] Level 5:colcon.colcon_core.verb:set package 'kelo_tulip' build argument 'cmake_clean_first' from command line to 'False'
[0.453s] Level 5:colcon.colcon_core.verb:set package 'kelo_tulip' build argument 'cmake_force_configure' from command line to 'False'
[0.453s] Level 5:colcon.colcon_core.verb:set package 'kelo_tulip' build argument 'ament_cmake_args' from command line to 'None'
[0.453s] Level 5:colcon.colcon_core.verb:set package 'kelo_tulip' build argument 'catkin_cmake_args' from command line to 'None'
[0.453s] Level 5:colcon.colcon_core.verb:set package 'kelo_tulip' build argument 'catkin_skip_building_tests' from command line to 'False'
[0.453s] DEBUG:colcon.colcon_core.verb:Building package 'kelo_tulip' with the following arguments: {'ament_cmake_args': None, 'build_base': '/home/shaxpy/colcon_ws_AMR/build/kelo_tulip', 'catkin_cmake_args': None, 'catkin_skip_building_tests': False, 'cmake_args': None, 'cmake_clean_cache': False, 'cmake_clean_first': False, 'cmake_force_configure': False, 'cmake_target': None, 'cmake_target_skip_unavailable': False, 'install_base': '/home/shaxpy/colcon_ws_AMR/install/kelo_tulip', 'merge_install': False, 'path': '/home/shaxpy/colcon_ws_AMR/src/kelo_tulip', 'symlink_install': False, 'test_result_base': None}
[0.455s] Level 5:colcon.colcon_core.verb:set package 'py_trees_ros' build argument 'cmake_args' from command line to 'None'
[0.455s] Level 5:colcon.colcon_core.verb:set package 'py_trees_ros' build argument 'cmake_target' from command line to 'None'
[0.455s] Level 5:colcon.colcon_core.verb:set package 'py_trees_ros' build argument 'cmake_target_skip_unavailable' from command line to 'False'
[0.455s] Level 5:colcon.colcon_core.verb:set package 'py_trees_ros' build argument 'cmake_clean_cache' from command line to 'False'
[0.455s] Level 5:colcon.colcon_core.verb:set package 'py_trees_ros' build argument 'cmake_clean_first' from command line to 'False'
[0.455s] Level 5:colcon.colcon_core.verb:set package 'py_trees_ros' build argument 'cmake_force_configure' from command line to 'False'
[0.455s] Level 5:colcon.colcon_core.verb:set package 'py_trees_ros' build argument 'ament_cmake_args' from command line to 'None'
[0.455s] Level 5:colcon.colcon_core.verb:set package 'py_trees_ros' build argument 'catkin_cmake_args' from command line to 'None'
[0.455s] Level 5:colcon.colcon_core.verb:set package 'py_trees_ros' build argument 'catkin_skip_building_tests' from command line to 'False'
[0.455s] DEBUG:colcon.colcon_core.verb:Building package 'py_trees_ros' with the following arguments: {'ament_cmake_args': None, 'build_base': '/home/shaxpy/colcon_ws_AMR/build/py_trees_ros', 'catkin_cmake_args': None, 'catkin_skip_building_tests': False, 'cmake_args': None, 'cmake_clean_cache': False, 'cmake_clean_first': False, 'cmake_force_configure': False, 'cmake_target': None, 'cmake_target_skip_unavailable': False, 'install_base': '/home/shaxpy/colcon_ws_AMR/install/py_trees_ros', 'merge_install': False, 'path': '/home/shaxpy/colcon_ws_AMR/src/py_trees_ros', 'symlink_install': False, 'test_result_base': None}
[0.456s] Level 5:colcon.colcon_core.verb:set package 'robile_control_simple' build argument 'cmake_args' from command line to 'None'
[0.456s] Level 5:colcon.colcon_core.verb:set package 'robile_control_simple' build argument 'cmake_target' from command line to 'None'
[0.456s] Level 5:colcon.colcon_core.verb:set package 'robile_control_simple' build argument 'cmake_target_skip_unavailable' from command line to 'False'
[0.456s] Level 5:colcon.colcon_core.verb:set package 'robile_control_simple' build argument 'cmake_clean_cache' from command line to 'False'
[0.456s] Level 5:colcon.colcon_core.verb:set package 'robile_control_simple' build argument 'cmake_clean_first' from command line to 'False'
[0.456s] Level 5:colcon.colcon_core.verb:set package 'robile_control_simple' build argument 'cmake_force_configure' from command line to 'False'
[0.456s] Level 5:colcon.colcon_core.verb:set package 'robile_control_simple' build argument 'ament_cmake_args' from command line to 'None'
[0.457s] Level 5:colcon.colcon_core.verb:set package 'robile_control_simple' build argument 'catkin_cmake_args' from command line to 'None'
[0.457s] Level 5:colcon.colcon_core.verb:set package 'robile_control_simple' build argument 'catkin_skip_building_tests' from command line to 'False'
[0.457s] DEBUG:colcon.colcon_core.verb:Building package 'robile_control_simple' with the following arguments: {'ament_cmake_args': None, 'build_base': '/home/shaxpy/colcon_ws_AMR/build/robile_control_simple', 'catkin_cmake_args': None, 'catkin_skip_building_tests': False, 'cmake_args': None, 'cmake_clean_cache': False, 'cmake_clean_first': False, 'cmake_force_configure': False, 'cmake_target': None, 'cmake_target_skip_unavailable': False, 'install_base': '/home/shaxpy/colcon_ws_AMR/install/robile_control_simple', 'merge_install': False, 'path': '/home/shaxpy/colcon_ws_AMR/src/Robile/robile_demos/robile_control_simple', 'symlink_install': False, 'test_result_base': None}
[0.458s] Level 5:colcon.colcon_core.verb:set package 'robile_control_square' build argument 'cmake_args' from command line to 'None'
[0.458s] Level 5:colcon.colcon_core.verb:set package 'robile_control_square' build argument 'cmake_target' from command line to 'None'
[0.458s] Level 5:colcon.colcon_core.verb:set package 'robile_control_square' build argument 'cmake_target_skip_unavailable' from command line to 'False'
[0.458s] Level 5:colcon.colcon_core.verb:set package 'robile_control_square' build argument 'cmake_clean_cache' from command line to 'False'
[0.458s] Level 5:colcon.colcon_core.verb:set package 'robile_control_square' build argument 'cmake_clean_first' from command line to 'False'
[0.458s] Level 5:colcon.colcon_core.verb:set package 'robile_control_square' build argument 'cmake_force_configure' from command line to 'False'
[0.458s] Level 5:colcon.colcon_core.verb:set package 'robile_control_square' build argument 'ament_cmake_args' from command line to 'None'
[0.458s] Level 5:colcon.colcon_core.verb:set package 'robile_control_square' build argument 'catkin_cmake_args' from command line to 'None'
[0.458s] Level 5:colcon.colcon_core.verb:set package 'robile_control_square' build argument 'catkin_skip_building_tests' from command line to 'False'
[0.458s] DEBUG:colcon.colcon_core.verb:Building package 'robile_control_square' with the following arguments: {'ament_cmake_args': None, 'build_base': '/home/shaxpy/colcon_ws_AMR/build/robile_control_square', 'catkin_cmake_args': None, 'catkin_skip_building_tests': False, 'cmake_args': None, 'cmake_clean_cache': False, 'cmake_clean_first': False, 'cmake_force_configure': False, 'cmake_target': None, 'cmake_target_skip_unavailable': False, 'install_base': '/home/shaxpy/colcon_ws_AMR/install/robile_control_square', 'merge_install': False, 'path': '/home/shaxpy/colcon_ws_AMR/src/Robile/robile_demos/robile_control_square', 'symlink_install': False, 'test_result_base': None}
[0.459s] Level 5:colcon.colcon_core.verb:set package 'robile_description' build argument 'cmake_args' from command line to 'None'
[0.459s] Level 5:colcon.colcon_core.verb:set package 'robile_description' build argument 'cmake_target' from command line to 'None'
[0.459s] Level 5:colcon.colcon_core.verb:set package 'robile_description' build argument 'cmake_target_skip_unavailable' from command line to 'False'
[0.459s] Level 5:colcon.colcon_core.verb:set package 'robile_description' build argument 'cmake_clean_cache' from command line to 'False'
[0.459s] Level 5:colcon.colcon_core.verb:set package 'robile_description' build argument 'cmake_clean_first' from command line to 'False'
[0.459s] Level 5:colcon.colcon_core.verb:set package 'robile_description' build argument 'cmake_force_configure' from command line to 'False'
[0.459s] Level 5:colcon.colcon_core.verb:set package 'robile_description' build argument 'ament_cmake_args' from command line to 'None'
[0.459s] Level 5:colcon.colcon_core.verb:set package 'robile_description' build argument 'catkin_cmake_args' from command line to 'None'
[0.459s] Level 5:colcon.colcon_core.verb:set package 'robile_description' build argument 'catkin_skip_building_tests' from command line to 'False'
[0.459s] DEBUG:colcon.colcon_core.verb:Building package 'robile_description' with the following arguments: {'ament_cmake_args': None, 'build_base': '/home/shaxpy/colcon_ws_AMR/build/robile_description', 'catkin_cmake_args': None, 'catkin_skip_building_tests': False, 'cmake_args': None, 'cmake_clean_cache': False, 'cmake_clean_first': False, 'cmake_force_configure': False, 'cmake_target': None, 'cmake_target_skip_unavailable': False, 'install_base': '/home/shaxpy/colcon_ws_AMR/install/robile_description', 'merge_install': False, 'path': '/home/shaxpy/colcon_ws_AMR/src/robile_description', 'symlink_install': False, 'test_result_base': None}
[0.460s] Level 5:colcon.colcon_core.verb:set package 'robile_reach_goal' build argument 'cmake_args' from command line to 'None'
[0.460s] Level 5:colcon.colcon_core.verb:set package 'robile_reach_goal' build argument 'cmake_target' from command line to 'None'
[0.460s] Level 5:colcon.colcon_core.verb:set package 'robile_reach_goal' build argument 'cmake_target_skip_unavailable' from command line to 'False'
[0.460s] Level 5:colcon.colcon_core.verb:set package 'robile_reach_goal' build argument 'cmake_clean_cache' from command line to 'False'
[0.460s] Level 5:colcon.colcon_core.verb:set package 'robile_reach_goal' build argument 'cmake_clean_first' from command line to 'False'
[0.460s] Level 5:colcon.colcon_core.verb:set package 'robile_reach_goal' build argument 'cmake_force_configure' from command line to 'False'
[0.460s] Level 5:colcon.colcon_core.verb:set package 'robile_reach_goal' build argument 'ament_cmake_args' from command line to 'None'
[0.460s] Level 5:colcon.colcon_core.verb:set package 'robile_reach_goal' build argument 'catkin_cmake_args' from command line to 'None'
[0.460s] Level 5:colcon.colcon_core.verb:set package 'robile_reach_goal' build argument 'catkin_skip_building_tests' from command line to 'False'
[0.460s] DEBUG:colcon.colcon_core.verb:Building package 'robile_reach_goal' with the following arguments: {'ament_cmake_args': None, 'build_base': '/home/shaxpy/colcon_ws_AMR/build/robile_reach_goal', 'catkin_cmake_args': None, 'catkin_skip_building_tests': False, 'cmake_args': None, 'cmake_clean_cache': False, 'cmake_clean_first': False, 'cmake_force_configure': False, 'cmake_target': None, 'cmake_target_skip_unavailable': False, 'install_base': '/home/shaxpy/colcon_ws_AMR/install/robile_reach_goal', 'merge_install': False, 'path': '/home/shaxpy/colcon_ws_AMR/src/Robile/robile_demos/robile_reach_goal', 'symlink_install': False, 'test_result_base': None}
[0.461s] Level 5:colcon.colcon_core.verb:set package 'robile_gazebo' build argument 'cmake_args' from command line to 'None'
[0.461s] Level 5:colcon.colcon_core.verb:set package 'robile_gazebo' build argument 'cmake_target' from command line to 'None'
[0.461s] Level 5:colcon.colcon_core.verb:set package 'robile_gazebo' build argument 'cmake_target_skip_unavailable' from command line to 'False'
[0.461s] Level 5:colcon.colcon_core.verb:set package 'robile_gazebo' build argument 'cmake_clean_cache' from command line to 'False'
[0.461s] Level 5:colcon.colcon_core.verb:set package 'robile_gazebo' build argument 'cmake_clean_first' from command line to 'False'
[0.461s] Level 5:colcon.colcon_core.verb:set package 'robile_gazebo' build argument 'cmake_force_configure' from command line to 'False'
[0.461s] Level 5:colcon.colcon_core.verb:set package 'robile_gazebo' build argument 'ament_cmake_args' from command line to 'None'
[0.461s] Level 5:colcon.colcon_core.verb:set package 'robile_gazebo' build argument 'catkin_cmake_args' from command line to 'None'
[0.461s] Level 5:colcon.colcon_core.verb:set package 'robile_gazebo' build argument 'catkin_skip_building_tests' from command line to 'False'
[0.461s] DEBUG:colcon.colcon_core.verb:Building package 'robile_gazebo' with the following arguments: {'ament_cmake_args': None, 'build_base': '/home/shaxpy/colcon_ws_AMR/build/robile_gazebo', 'catkin_cmake_args': None, 'catkin_skip_building_tests': False, 'cmake_args': None, 'cmake_clean_cache': False, 'cmake_clean_first': False, 'cmake_force_configure': False, 'cmake_target': None, 'cmake_target_skip_unavailable': False, 'install_base': '/home/shaxpy/colcon_ws_AMR/install/robile_gazebo', 'merge_install': False, 'path': '/home/shaxpy/colcon_ws_AMR/src/robile_gazebo', 'symlink_install': False, 'test_result_base': None}
[0.462s] INFO:colcon.colcon_core.executor:Executing jobs using 'parallel' executor
[0.466s] DEBUG:colcon.colcon_parallel_executor.executor.parallel:run_until_complete
[0.467s] INFO:colcon.colcon_ros.task.ament_cmake.build:Building ROS package in '/home/shaxpy/colcon_ws_AMR/src/robile_description' with build type 'ament_cmake'
[0.467s] INFO:colcon.colcon_cmake.task.cmake.build:Building CMake package in '/home/shaxpy/colcon_ws_AMR/src/robile_description'
[0.478s] INFO:colcon.colcon_core.plugin_system:Skipping extension 'colcon_core.shell.bat': Not used on non-Windows systems
[0.479s] INFO:colcon.colcon_core.shell:Skip shell extension 'powershell' for command environment: Not usable outside of PowerShell
[0.479s] DEBUG:colcon.colcon_core.shell:Skip shell extension 'dsv' for command environment
[0.488s] INFO:colcon.colcon_ros.task.ament_cmake.build:Building ROS package in '/home/shaxpy/colcon_ws_AMR/src/kelo_tulip' with build type 'ament_cmake'
[0.488s] INFO:colcon.colcon_cmake.task.cmake.build:Building CMake package in '/home/shaxpy/colcon_ws_AMR/src/kelo_tulip'
[0.490s] INFO:colcon.colcon_core.shell:Skip shell extension 'powershell' for command environment: Not usable outside of PowerShell
[0.490s] DEBUG:colcon.colcon_core.shell:Skip shell extension 'dsv' for command environment
[0.498s] INFO:colcon.colcon_ros.task.ament_python.build:Building ROS package in '/home/shaxpy/colcon_ws_AMR/src/py_trees_ros' with build type 'ament_python'
[0.498s] Level 1:colcon.colcon_core.shell:create_environment_hook('py_trees_ros', 'ament_prefix_path')
[0.500s] INFO:colcon.colcon_core.shell:Creating environment hook '/home/shaxpy/colcon_ws_AMR/install/py_trees_ros/share/py_trees_ros/hook/ament_prefix_path.ps1'
[0.501s] INFO:colcon.colcon_core.shell:Creating environment descriptor '/home/shaxpy/colcon_ws_AMR/install/py_trees_ros/share/py_trees_ros/hook/ament_prefix_path.dsv'
[0.501s] INFO:colcon.colcon_core.shell:Creating environment hook '/home/shaxpy/colcon_ws_AMR/install/py_trees_ros/share/py_trees_ros/hook/ament_prefix_path.sh'
[0.508s] INFO:colcon.colcon_core.shell:Skip shell extension 'powershell' for command environment: Not usable outside of PowerShell
[0.508s] DEBUG:colcon.colcon_core.shell:Skip shell extension 'dsv' for command environment
[0.520s] INFO:colcon.colcon_ros.task.ament_python.build:Building ROS package in '/home/shaxpy/colcon_ws_AMR/src/Robile/robile_demos/robile_control_simple' with build type 'ament_python'
[0.521s] Level 1:colcon.colcon_core.shell:create_environment_hook('robile_control_simple', 'ament_prefix_path')
[0.523s] INFO:colcon.colcon_core.shell:Creating environment hook '/home/shaxpy/colcon_ws_AMR/install/robile_control_simple/share/robile_control_simple/hook/ament_prefix_path.ps1'
[0.524s] INFO:colcon.colcon_core.shell:Creating environment descriptor '/home/shaxpy/colcon_ws_AMR/install/robile_control_simple/share/robile_control_simple/hook/ament_prefix_path.dsv'
[0.524s] INFO:colcon.colcon_core.shell:Creating environment hook '/home/shaxpy/colcon_ws_AMR/install/robile_control_simple/share/robile_control_simple/hook/ament_prefix_path.sh'
[0.526s] INFO:colcon.colcon_core.shell:Skip shell extension 'powershell' for command environment: Not usable outside of PowerShell
[0.526s] DEBUG:colcon.colcon_core.shell:Skip shell extension 'dsv' for command environment
[0.533s] INFO:colcon.colcon_ros.task.ament_python.build:Building ROS package in '/home/shaxpy/colcon_ws_AMR/src/Robile/robile_demos/robile_control_square' with build type 'ament_python'
[0.534s] Level 1:colcon.colcon_core.shell:create_environment_hook('robile_control_square', 'ament_prefix_path')
[0.536s] INFO:colcon.colcon_core.shell:Creating environment hook '/home/shaxpy/colcon_ws_AMR/install/robile_control_square/share/robile_control_square/hook/ament_prefix_path.ps1'
[0.537s] INFO:colcon.colcon_core.shell:Creating environment descriptor '/home/shaxpy/colcon_ws_AMR/install/robile_control_square/share/robile_control_square/hook/ament_prefix_path.dsv'
[0.537s] INFO:colcon.colcon_core.shell:Creating environment hook '/home/shaxpy/colcon_ws_AMR/install/robile_control_square/share/robile_control_square/hook/ament_prefix_path.sh'
[0.539s] INFO:colcon.colcon_core.shell:Skip shell extension 'powershell' for command environment: Not usable outside of PowerShell
[0.539s] DEBUG:colcon.colcon_core.shell:Skip shell extension 'dsv' for command environment
[0.546s] INFO:colcon.colcon_ros.task.ament_python.build:Building ROS package in '/home/shaxpy/colcon_ws_AMR/src/Robile/robile_demos/robile_reach_goal' with build type 'ament_python'
[0.547s] Level 1:colcon.colcon_core.shell:create_environment_hook('robile_reach_goal', 'ament_prefix_path')
[0.549s] INFO:colcon.colcon_core.shell:Creating environment hook '/home/shaxpy/colcon_ws_AMR/install/robile_reach_goal/share/robile_reach_goal/hook/ament_prefix_path.ps1'
[0.550s] INFO:colcon.colcon_core.shell:Creating environment descriptor '/home/shaxpy/colcon_ws_AMR/install/robile_reach_goal/share/robile_reach_goal/hook/ament_prefix_path.dsv'
[0.550s] INFO:colcon.colcon_core.shell:Creating environment hook '/home/shaxpy/colcon_ws_AMR/install/robile_reach_goal/share/robile_reach_goal/hook/ament_prefix_path.sh'
[0.553s] INFO:colcon.colcon_core.shell:Skip shell extension 'powershell' for command environment: Not usable outside of PowerShell
[0.553s] DEBUG:colcon.colcon_core.shell:Skip shell extension 'dsv' for command environment
[0.565s] DEBUG:colcon.colcon_core.event_handler.log_command:Invoking command in '/home/shaxpy/colcon_ws_AMR/build/robile_description': CMAKE_PREFIX_PATH=${CMAKE_PREFIX_PATH}:/home/shaxpy/colcon_ws_AMR/install/robile_reach_goal:/home/shaxpy/colcon_ws_AMR/install/robile_control_square:/home/shaxpy/colcon_ws_AMR/install/robile_control_simple:/home/shaxpy/colcon_ws_AMR/install/py_trees_ros:/opt/ros/rolling /usr/bin/cmake --build /home/shaxpy/colcon_ws_AMR/build/robile_description -- -j12 -l12
[0.575s] DEBUG:colcon.colcon_core.event_handler.log_command:Invoking command in '/home/shaxpy/colcon_ws_AMR/build/kelo_tulip': CMAKE_PREFIX_PATH=${CMAKE_PREFIX_PATH}:/home/shaxpy/colcon_ws_AMR/install/robile_reach_goal:/home/shaxpy/colcon_ws_AMR/install/robile_control_square:/home/shaxpy/colcon_ws_AMR/install/robile_control_simple:/home/shaxpy/colcon_ws_AMR/install/py_trees_ros:/opt/ros/rolling /usr/bin/cmake --build /home/shaxpy/colcon_ws_AMR/build/kelo_tulip -- -j12 -l12
[0.788s] INFO:colcon.colcon_core.task.python.build:Building Python package in '/home/shaxpy/colcon_ws_AMR/src/py_trees_ros'
[0.791s] INFO:colcon.colcon_core.shell:Skip shell extension 'powershell' for command environment: Not usable outside of PowerShell
[0.791s] DEBUG:colcon.colcon_core.shell:Skip shell extension 'dsv' for command environment
[1.007s] INFO:colcon.colcon_core.task.python.build:Building Python package in '/home/shaxpy/colcon_ws_AMR/src/Robile/robile_demos/robile_control_simple'
[1.012s] INFO:colcon.colcon_core.shell:Skip shell extension 'powershell' for command environment: Not usable outside of PowerShell
[1.012s] DEBUG:colcon.colcon_core.shell:Skip shell extension 'dsv' for command environment
[1.229s] INFO:colcon.colcon_core.task.python.build:Building Python package in '/home/shaxpy/colcon_ws_AMR/src/Robile/robile_demos/robile_control_square'
[1.236s] INFO:colcon.colcon_core.shell:Skip shell extension 'powershell' for command environment: Not usable outside of PowerShell
[1.236s] DEBUG:colcon.colcon_core.shell:Skip shell extension 'dsv' for command environment
[1.453s] INFO:colcon.colcon_core.task.python.build:Building Python package in '/home/shaxpy/colcon_ws_AMR/src/Robile/robile_demos/robile_reach_goal'
[1.459s] INFO:colcon.colcon_core.shell:Skip shell extension 'powershell' for command environment: Not usable outside of PowerShell
[1.460s] DEBUG:colcon.colcon_core.shell:Skip shell extension 'dsv' for command environment
[1.477s] DEBUG:colcon.colcon_core.event_handler.log_command:Invoked command in '/home/shaxpy/colcon_ws_AMR/build/robile_description' returned '0': CMAKE_PREFIX_PATH=${CMAKE_PREFIX_PATH}:/home/shaxpy/colcon_ws_AMR/install/robile_reach_goal:/home/shaxpy/colcon_ws_AMR/install/robile_control_square:/home/shaxpy/colcon_ws_AMR/install/robile_control_simple:/home/shaxpy/colcon_ws_AMR/install/py_trees_ros:/opt/ros/rolling /usr/bin/cmake --build /home/shaxpy/colcon_ws_AMR/build/robile_description -- -j12 -l12
[1.482s] DEBUG:colcon.colcon_core.event_handler.log_command:Invoked command in '/home/shaxpy/colcon_ws_AMR/build/kelo_tulip' returned '0': CMAKE_PREFIX_PATH=${CMAKE_PREFIX_PATH}:/home/shaxpy/colcon_ws_AMR/install/robile_reach_goal:/home/shaxpy/colcon_ws_AMR/install/robile_control_square:/home/shaxpy/colcon_ws_AMR/install/robile_control_simple:/home/shaxpy/colcon_ws_AMR/install/py_trees_ros:/opt/ros/rolling /usr/bin/cmake --build /home/shaxpy/colcon_ws_AMR/build/kelo_tulip -- -j12 -l12
[1.519s] DEBUG:colcon.colcon_core.event_handler.log_command:Invoking command in '/home/shaxpy/colcon_ws_AMR/build/robile_description': CMAKE_PREFIX_PATH=${CMAKE_PREFIX_PATH}:/home/shaxpy/colcon_ws_AMR/install/robile_reach_goal:/home/shaxpy/colcon_ws_AMR/install/robile_control_square:/home/shaxpy/colcon_ws_AMR/install/robile_control_simple:/home/shaxpy/colcon_ws_AMR/install/py_trees_ros:/opt/ros/rolling /usr/bin/cmake --install /home/shaxpy/colcon_ws_AMR/build/robile_description
[1.523s] DEBUG:colcon.colcon_core.event_handler.log_command:Invoking command in '/home/shaxpy/colcon_ws_AMR/build/kelo_tulip': CMAKE_PREFIX_PATH=${CMAKE_PREFIX_PATH}:/home/shaxpy/colcon_ws_AMR/install/robile_reach_goal:/home/shaxpy/colcon_ws_AMR/install/robile_control_square:/home/shaxpy/colcon_ws_AMR/install/robile_control_simple:/home/shaxpy/colcon_ws_AMR/install/py_trees_ros:/opt/ros/rolling /usr/bin/cmake --install /home/shaxpy/colcon_ws_AMR/build/kelo_tulip
[1.534s] Level 1:colcon.colcon_core.environment:create_environment_scripts_only(robile_description)
[1.545s] Level 1:colcon.colcon_core.environment:checking '/home/shaxpy/colcon_ws_AMR/install/robile_description' for CMake module files
[1.547s] Level 1:colcon.colcon_core.environment:checking '/home/shaxpy/colcon_ws_AMR/install/robile_description' for CMake config files
[1.548s] Level 1:colcon.colcon_core.shell:create_environment_hook('robile_description', 'cmake_prefix_path')
[1.551s] INFO:colcon.colcon_core.shell:Creating environment hook '/home/shaxpy/colcon_ws_AMR/install/robile_description/share/robile_description/hook/cmake_prefix_path.ps1'
[1.552s] INFO:colcon.colcon_core.shell:Creating environment descriptor '/home/shaxpy/colcon_ws_AMR/install/robile_description/share/robile_description/hook/cmake_prefix_path.dsv'
[1.552s] INFO:colcon.colcon_core.shell:Creating environment hook '/home/shaxpy/colcon_ws_AMR/install/robile_description/share/robile_description/hook/cmake_prefix_path.sh'
[1.553s] Level 1:colcon.colcon_core.environment:checking '/home/shaxpy/colcon_ws_AMR/install/robile_description/bin'
[1.553s] Level 1:colcon.colcon_core.environment:checking '/home/shaxpy/colcon_ws_AMR/install/robile_description/lib/pkgconfig/robile_description.pc'
[1.553s] Level 1:colcon.colcon_core.environment:checking '/home/shaxpy/colcon_ws_AMR/install/robile_description/lib/python3.8/site-packages'
[1.553s] Level 1:colcon.colcon_core.environment:checking '/home/shaxpy/colcon_ws_AMR/install/robile_description/bin'
[1.556s] INFO:colcon.colcon_core.shell:Creating package script '/home/shaxpy/colcon_ws_AMR/install/robile_description/share/robile_description/package.ps1'
[1.557s] INFO:colcon.colcon_core.shell:Creating package descriptor '/home/shaxpy/colcon_ws_AMR/install/robile_description/share/robile_description/package.dsv'
[1.558s] INFO:colcon.colcon_core.shell:Creating package script '/home/shaxpy/colcon_ws_AMR/install/robile_description/share/robile_description/package.sh'
[1.558s] DEBUG:colcon.colcon_core.event_handler.log_command:Invoked command in '/home/shaxpy/colcon_ws_AMR/build/robile_description' returned '0': CMAKE_PREFIX_PATH=${CMAKE_PREFIX_PATH}:/home/shaxpy/colcon_ws_AMR/install/robile_reach_goal:/home/shaxpy/colcon_ws_AMR/install/robile_control_square:/home/shaxpy/colcon_ws_AMR/install/robile_control_simple:/home/shaxpy/colcon_ws_AMR/install/py_trees_ros:/opt/ros/rolling /usr/bin/cmake --install /home/shaxpy/colcon_ws_AMR/build/robile_description
[1.559s] INFO:colcon.colcon_core.shell:Creating package script '/home/shaxpy/colcon_ws_AMR/install/robile_description/share/robile_description/package.bash'
[1.559s] INFO:colcon.colcon_core.shell:Creating package script '/home/shaxpy/colcon_ws_AMR/install/robile_description/share/robile_description/package.zsh'
[1.560s] Level 1:colcon.colcon_core.environment:create_file_with_runtime_dependencies(/home/shaxpy/colcon_ws_AMR/install/robile_description/share/colcon-core/packages/robile_description)
[1.565s] Level 1:colcon.colcon_core.environment:create_environment_scripts_only(kelo_tulip)
[1.569s] Level 1:colcon.colcon_core.environment:checking '/home/shaxpy/colcon_ws_AMR/install/kelo_tulip' for CMake module files
[1.570s] Level 1:colcon.colcon_core.environment:checking '/home/shaxpy/colcon_ws_AMR/install/kelo_tulip' for CMake config files
[1.576s] Level 1:colcon.colcon_core.shell:create_environment_hook('kelo_tulip', 'cmake_prefix_path')
[1.579s] INFO:colcon.colcon_core.shell:Creating environment hook '/home/shaxpy/colcon_ws_AMR/install/kelo_tulip/share/kelo_tulip/hook/cmake_prefix_path.ps1'
[1.580s] INFO:colcon.colcon_core.shell:Creating environment descriptor '/home/shaxpy/colcon_ws_AMR/install/kelo_tulip/share/kelo_tulip/hook/cmake_prefix_path.dsv'
[1.581s] INFO:colcon.colcon_core.shell:Creating environment hook '/home/shaxpy/colcon_ws_AMR/install/kelo_tulip/share/kelo_tulip/hook/cmake_prefix_path.sh'
[1.582s] Level 1:colcon.colcon_core.environment:checking '/home/shaxpy/colcon_ws_AMR/install/kelo_tulip/lib'
[1.582s] Level 1:colcon.colcon_core.environment:checking '/home/shaxpy/colcon_ws_AMR/install/kelo_tulip/bin'
[1.582s] Level 1:colcon.colcon_core.environment:checking '/home/shaxpy/colcon_ws_AMR/install/kelo_tulip/lib/pkgconfig/kelo_tulip.pc'
[1.582s] Level 1:colcon.colcon_core.environment:checking '/home/shaxpy/colcon_ws_AMR/install/kelo_tulip/lib/python3.8/site-packages'
[1.583s] Level 1:colcon.colcon_core.environment:checking '/home/shaxpy/colcon_ws_AMR/install/kelo_tulip/bin'
[1.586s] INFO:colcon.colcon_core.shell:Creating package script '/home/shaxpy/colcon_ws_AMR/install/kelo_tulip/share/kelo_tulip/package.ps1'
[1.586s] INFO:colcon.colcon_core.shell:Creating package descriptor '/home/shaxpy/colcon_ws_AMR/install/kelo_tulip/share/kelo_tulip/package.dsv'
[1.587s] INFO:colcon.colcon_core.shell:Creating package script '/home/shaxpy/colcon_ws_AMR/install/kelo_tulip/share/kelo_tulip/package.sh'
[1.588s] INFO:colcon.colcon_core.shell:Creating package script '/home/shaxpy/colcon_ws_AMR/install/kelo_tulip/share/kelo_tulip/package.bash'
[1.588s] INFO:colcon.colcon_core.shell:Creating package script '/home/shaxpy/colcon_ws_AMR/install/kelo_tulip/share/kelo_tulip/package.zsh'
[1.589s] Level 1:colcon.colcon_core.environment:create_file_with_runtime_dependencies(/home/shaxpy/colcon_ws_AMR/install/kelo_tulip/share/colcon-core/packages/kelo_tulip)
[1.597s] Level 1:colcon.colcon_core.environment:create_environment_scripts_only(robile_description)
[1.601s] Level 1:colcon.colcon_core.environment:checking '/home/shaxpy/colcon_ws_AMR/install/robile_description' for CMake module files
[1.602s] Level 1:colcon.colcon_core.environment:checking '/home/shaxpy/colcon_ws_AMR/install/robile_description' for CMake config files
[1.604s] Level 1:colcon.colcon_core.shell:create_environment_hook('robile_description', 'cmake_prefix_path')
[1.607s] INFO:colcon.colcon_core.shell:Creating environment hook '/home/shaxpy/colcon_ws_AMR/install/robile_description/share/robile_description/hook/cmake_prefix_path.ps1'
[1.608s] INFO:colcon.colcon_core.shell:Creating environment descriptor '/home/shaxpy/colcon_ws_AMR/install/robile_description/share/robile_description/hook/cmake_prefix_path.dsv'
[1.608s] INFO:colcon.colcon_core.shell:Creating environment hook '/home/shaxpy/colcon_ws_AMR/install/robile_description/share/robile_description/hook/cmake_prefix_path.sh'
[1.609s] Level 1:colcon.colcon_core.environment:checking '/home/shaxpy/colcon_ws_AMR/install/robile_description/bin'
[1.609s] Level 1:colcon.colcon_core.environment:checking '/home/shaxpy/colcon_ws_AMR/install/robile_description/lib/pkgconfig/robile_description.pc'
[1.610s] Level 1:colcon.colcon_core.environment:checking '/home/shaxpy/colcon_ws_AMR/install/robile_description/lib/python3.8/site-packages'
[1.610s] Level 1:colcon.colcon_core.environment:checking '/home/shaxpy/colcon_ws_AMR/install/robile_description/bin'
[1.613s] INFO:colcon.colcon_core.shell:Creating package script '/home/shaxpy/colcon_ws_AMR/install/robile_description/share/robile_description/package.ps1'
[1.613s] INFO:colcon.colcon_core.shell:Creating package descriptor '/home/shaxpy/colcon_ws_AMR/install/robile_description/share/robile_description/package.dsv'
[1.614s] INFO:colcon.colcon_core.shell:Creating package script '/home/shaxpy/colcon_ws_AMR/install/robile_description/share/robile_description/package.sh'
[1.615s] INFO:colcon.colcon_core.shell:Creating package script '/home/shaxpy/colcon_ws_AMR/install/robile_description/share/robile_description/package.bash'
[1.615s] INFO:colcon.colcon_core.shell:Creating package script '/home/shaxpy/colcon_ws_AMR/install/robile_description/share/robile_description/package.zsh'
[1.616s] Level 1:colcon.colcon_core.environment:create_file_with_runtime_dependencies(/home/shaxpy/colcon_ws_AMR/install/robile_description/share/colcon-core/packages/robile_description)
[1.617s] INFO:colcon.colcon_ros.task.ament_cmake.build:Building ROS package in '/home/shaxpy/colcon_ws_AMR/src/robile_gazebo' with build type 'ament_cmake'
[1.617s] INFO:colcon.colcon_cmake.task.cmake.build:Building CMake package in '/home/shaxpy/colcon_ws_AMR/src/robile_gazebo'
[1.619s] INFO:colcon.colcon_core.shell:Skip shell extension 'powershell' for command environment: Not usable outside of PowerShell
[1.619s] DEBUG:colcon.colcon_core.shell:Skip shell extension 'dsv' for command environment
[1.638s] Level 1:colcon.colcon_core.environment:create_environment_scripts_only(kelo_tulip)
[1.642s] Level 1:colcon.colcon_core.environment:checking '/home/shaxpy/colcon_ws_AMR/install/kelo_tulip' for CMake module files
[1.643s] Level 1:colcon.colcon_core.environment:checking '/home/shaxpy/colcon_ws_AMR/install/kelo_tulip' for CMake config files
[1.644s] DEBUG:colcon.colcon_core.event_handler.log_command:Invoked command in '/home/shaxpy/colcon_ws_AMR/build/kelo_tulip' returned '0': CMAKE_PREFIX_PATH=${CMAKE_PREFIX_PATH}:/home/shaxpy/colcon_ws_AMR/install/robile_reach_goal:/home/shaxpy/colcon_ws_AMR/install/robile_control_square:/home/shaxpy/colcon_ws_AMR/install/robile_control_simple:/home/shaxpy/colcon_ws_AMR/install/py_trees_ros:/opt/ros/rolling /usr/bin/cmake --install /home/shaxpy/colcon_ws_AMR/build/kelo_tulip
[1.645s] Level 1:colcon.colcon_core.shell:create_environment_hook('kelo_tulip', 'cmake_prefix_path')
[1.648s] INFO:colcon.colcon_core.shell:Creating environment hook '/home/shaxpy/colcon_ws_AMR/install/kelo_tulip/share/kelo_tulip/hook/cmake_prefix_path.ps1'
[1.649s] INFO:colcon.colcon_core.shell:Creating environment descriptor '/home/shaxpy/colcon_ws_AMR/install/kelo_tulip/share/kelo_tulip/hook/cmake_prefix_path.dsv'
[1.649s] INFO:colcon.colcon_core.shell:Creating environment hook '/home/shaxpy/colcon_ws_AMR/install/kelo_tulip/share/kelo_tulip/hook/cmake_prefix_path.sh'
[1.649s] Level 1:colcon.colcon_core.environment:checking '/home/shaxpy/colcon_ws_AMR/install/kelo_tulip/lib'
[1.650s] Level 1:colcon.colcon_core.environment:checking '/home/shaxpy/colcon_ws_AMR/install/kelo_tulip/bin'
[1.650s] Level 1:colcon.colcon_core.environment:checking '/home/shaxpy/colcon_ws_AMR/install/kelo_tulip/lib/pkgconfig/kelo_tulip.pc'
[1.650s] Level 1:colcon.colcon_core.environment:checking '/home/shaxpy/colcon_ws_AMR/install/kelo_tulip/lib/python3.8/site-packages'
[1.650s] Level 1:colcon.colcon_core.environment:checking '/home/shaxpy/colcon_ws_AMR/install/kelo_tulip/bin'
[1.653s] INFO:colcon.colcon_core.shell:Creating package script '/home/shaxpy/colcon_ws_AMR/install/kelo_tulip/share/kelo_tulip/package.ps1'
[1.653s] INFO:colcon.colcon_core.shell:Creating package descriptor '/home/shaxpy/colcon_ws_AMR/install/kelo_tulip/share/kelo_tulip/package.dsv'
[1.654s] INFO:colcon.colcon_core.shell:Creating package script '/home/shaxpy/colcon_ws_AMR/install/kelo_tulip/share/kelo_tulip/package.sh'
[1.654s] INFO:colcon.colcon_core.shell:Creating package script '/home/shaxpy/colcon_ws_AMR/install/kelo_tulip/share/kelo_tulip/package.bash'
[1.654s] INFO:colcon.colcon_core.shell:Creating package script '/home/shaxpy/colcon_ws_AMR/install/kelo_tulip/share/kelo_tulip/package.zsh'
[1.655s] Level 1:colcon.colcon_core.environment:create_file_with_runtime_dependencies(/home/shaxpy/colcon_ws_AMR/install/kelo_tulip/share/colcon-core/packages/kelo_tulip)
[1.662s] DEBUG:colcon.colcon_core.event_handler.log_command:Invoking command in '/home/shaxpy/colcon_ws_AMR/build/robile_gazebo': CMAKE_PREFIX_PATH=/home/shaxpy/colcon_ws_AMR/install/robile_description:/home/shaxpy/colcon_ws_AMR/install/robile_gazebo:/home/shaxpy/colcon_ws_AMR/install/kelo_tulip:/home/shaxpy/amr_first_ws/install/robile_gazebo:/home/shaxpy/amr_first_ws/install/robile_description:/home/shaxpy/colcon_ws_AMR/install/robile_reach_goal:/home/shaxpy/colcon_ws_AMR/install/robile_control_square:/home/shaxpy/colcon_ws_AMR/install/robile_control_simple:/home/shaxpy/colcon_ws_AMR/install/py_trees_ros:/opt/ros/rolling /usr/bin/cmake --build /home/shaxpy/colcon_ws_AMR/build/robile_gazebo -- -j12 -l12
[1.717s] DEBUG:colcon.colcon_core.event_handler.log_command:Invoked command in '/home/shaxpy/colcon_ws_AMR/build/robile_gazebo' returned '0': CMAKE_PREFIX_PATH=/home/shaxpy/colcon_ws_AMR/install/robile_description:/home/shaxpy/colcon_ws_AMR/install/robile_gazebo:/home/shaxpy/colcon_ws_AMR/install/kelo_tulip:/home/shaxpy/amr_first_ws/install/robile_gazebo:/home/shaxpy/amr_first_ws/install/robile_description:/home/shaxpy/colcon_ws_AMR/install/robile_reach_goal:/home/shaxpy/colcon_ws_AMR/install/robile_control_square:/home/shaxpy/colcon_ws_AMR/install/robile_control_simple:/home/shaxpy/colcon_ws_AMR/install/py_trees_ros:/opt/ros/rolling /usr/bin/cmake --build /home/shaxpy/colcon_ws_AMR/build/robile_gazebo -- -j12 -l12
[1.740s] DEBUG:colcon.colcon_core.event_handler.log_command:Invoking command in '/home/shaxpy/colcon_ws_AMR/build/robile_gazebo': CMAKE_PREFIX_PATH=/home/shaxpy/colcon_ws_AMR/install/robile_description:/home/shaxpy/colcon_ws_AMR/install/robile_gazebo:/home/shaxpy/colcon_ws_AMR/install/kelo_tulip:/home/shaxpy/amr_first_ws/install/robile_gazebo:/home/shaxpy/amr_first_ws/install/robile_description:/home/shaxpy/colcon_ws_AMR/install/robile_reach_goal:/home/shaxpy/colcon_ws_AMR/install/robile_control_square:/home/shaxpy/colcon_ws_AMR/install/robile_control_simple:/home/shaxpy/colcon_ws_AMR/install/py_trees_ros:/opt/ros/rolling /usr/bin/cmake --install /home/shaxpy/colcon_ws_AMR/build/robile_gazebo
[1.752s] Level 1:colcon.colcon_core.environment:create_environment_scripts_only(robile_gazebo)
[1.756s] Level 1:colcon.colcon_core.environment:checking '/home/shaxpy/colcon_ws_AMR/install/robile_gazebo' for CMake module files
[1.757s] DEBUG:colcon.colcon_core.event_handler.log_command:Invoked command in '/home/shaxpy/colcon_ws_AMR/build/robile_gazebo' returned '0': CMAKE_PREFIX_PATH=/home/shaxpy/colcon_ws_AMR/install/robile_description:/home/shaxpy/colcon_ws_AMR/install/robile_gazebo:/home/shaxpy/colcon_ws_AMR/install/kelo_tulip:/home/shaxpy/amr_first_ws/install/robile_gazebo:/home/shaxpy/amr_first_ws/install/robile_description:/home/shaxpy/colcon_ws_AMR/install/robile_reach_goal:/home/shaxpy/colcon_ws_AMR/install/robile_control_square:/home/shaxpy/colcon_ws_AMR/install/robile_control_simple:/home/shaxpy/colcon_ws_AMR/install/py_trees_ros:/opt/ros/rolling /usr/bin/cmake --install /home/shaxpy/colcon_ws_AMR/build/robile_gazebo
[1.757s] Level 1:colcon.colcon_core.environment:checking '/home/shaxpy/colcon_ws_AMR/install/robile_gazebo' for CMake config files
[1.757s] Level 1:colcon.colcon_core.shell:create_environment_hook('robile_gazebo', 'cmake_prefix_path')
[1.760s] INFO:colcon.colcon_core.shell:Creating environment hook '/home/shaxpy/colcon_ws_AMR/install/robile_gazebo/share/robile_gazebo/hook/cmake_prefix_path.ps1'
[1.760s] INFO:colcon.colcon_core.shell:Creating environment descriptor '/home/shaxpy/colcon_ws_AMR/install/robile_gazebo/share/robile_gazebo/hook/cmake_prefix_path.dsv'
[1.761s] INFO:colcon.colcon_core.shell:Creating environment hook '/home/shaxpy/colcon_ws_AMR/install/robile_gazebo/share/robile_gazebo/hook/cmake_prefix_path.sh'
[1.761s] Level 1:colcon.colcon_core.environment:checking '/home/shaxpy/colcon_ws_AMR/install/robile_gazebo/bin'
[1.761s] Level 1:colcon.colcon_core.environment:checking '/home/shaxpy/colcon_ws_AMR/install/robile_gazebo/lib/pkgconfig/robile_gazebo.pc'
[1.761s] Level 1:colcon.colcon_core.environment:checking '/home/shaxpy/colcon_ws_AMR/install/robile_gazebo/lib/python3.8/site-packages'
[1.761s] Level 1:colcon.colcon_core.environment:checking '/home/shaxpy/colcon_ws_AMR/install/robile_gazebo/bin'
[1.764s] INFO:colcon.colcon_core.shell:Creating package script '/home/shaxpy/colcon_ws_AMR/install/robile_gazebo/share/robile_gazebo/package.ps1'
[1.764s] INFO:colcon.colcon_core.shell:Creating package descriptor '/home/shaxpy/colcon_ws_AMR/install/robile_gazebo/share/robile_gazebo/package.dsv'
[1.764s] INFO:colcon.colcon_core.shell:Creating package script '/home/shaxpy/colcon_ws_AMR/install/robile_gazebo/share/robile_gazebo/package.sh'
[1.765s] INFO:colcon.colcon_core.shell:Creating package script '/home/shaxpy/colcon_ws_AMR/install/robile_gazebo/share/robile_gazebo/package.bash'
[1.765s] INFO:colcon.colcon_core.shell:Creating package script '/home/shaxpy/colcon_ws_AMR/install/robile_gazebo/share/robile_gazebo/package.zsh'
[1.765s] Level 1:colcon.colcon_core.environment:create_file_with_runtime_dependencies(/home/shaxpy/colcon_ws_AMR/install/robile_gazebo/share/colcon-core/packages/robile_gazebo)
[1.790s] Level 1:colcon.colcon_core.environment:create_environment_scripts_only(robile_gazebo)
[1.794s] Level 1:colcon.colcon_core.environment:checking '/home/shaxpy/colcon_ws_AMR/install/robile_gazebo' for CMake module files
[1.795s] Level 1:colcon.colcon_core.environment:checking '/home/shaxpy/colcon_ws_AMR/install/robile_gazebo' for CMake config files
[1.795s] Level 1:colcon.colcon_core.shell:create_environment_hook('robile_gazebo', 'cmake_prefix_path')
[1.798s] INFO:colcon.colcon_core.shell:Creating environment hook '/home/shaxpy/colcon_ws_AMR/install/robile_gazebo/share/robile_gazebo/hook/cmake_prefix_path.ps1'
[1.798s] INFO:colcon.colcon_core.shell:Creating environment descriptor '/home/shaxpy/colcon_ws_AMR/install/robile_gazebo/share/robile_gazebo/hook/cmake_prefix_path.dsv'
[1.798s] INFO:colcon.colcon_core.shell:Creating environment hook '/home/shaxpy/colcon_ws_AMR/install/robile_gazebo/share/robile_gazebo/hook/cmake_prefix_path.sh'
[1.799s] Level 1:colcon.colcon_core.environment:checking '/home/shaxpy/colcon_ws_AMR/install/robile_gazebo/bin'
[1.799s] Level 1:colcon.colcon_core.environment:checking '/home/shaxpy/colcon_ws_AMR/install/robile_gazebo/lib/pkgconfig/robile_gazebo.pc'
[1.799s] Level 1:colcon.colcon_core.environment:checking '/home/shaxpy/colcon_ws_AMR/install/robile_gazebo/lib/python3.8/site-packages'
[1.799s] Level 1:colcon.colcon_core.environment:checking '/home/shaxpy/colcon_ws_AMR/install/robile_gazebo/bin'
[1.802s] INFO:colcon.colcon_core.shell:Creating package script '/home/shaxpy/colcon_ws_AMR/install/robile_gazebo/share/robile_gazebo/package.ps1'
[1.802s] INFO:colcon.colcon_core.shell:Creating package descriptor '/home/shaxpy/colcon_ws_AMR/install/robile_gazebo/share/robile_gazebo/package.dsv'
[1.803s] INFO:colcon.colcon_core.shell:Creating package script '/home/shaxpy/colcon_ws_AMR/install/robile_gazebo/share/robile_gazebo/package.sh'
[1.803s] INFO:colcon.colcon_core.shell:Creating package script '/home/shaxpy/colcon_ws_AMR/install/robile_gazebo/share/robile_gazebo/package.bash'
[1.803s] INFO:colcon.colcon_core.shell:Creating package script '/home/shaxpy/colcon_ws_AMR/install/robile_gazebo/share/robile_gazebo/package.zsh'
[1.803s] Level 1:colcon.colcon_core.environment:create_file_with_runtime_dependencies(/home/shaxpy/colcon_ws_AMR/install/robile_gazebo/share/colcon-core/packages/robile_gazebo)
[2.165s] DEBUG:colcon.colcon_core.event_handler.log_command:Invoking command in '/home/shaxpy/colcon_ws_AMR/src/Robile/robile_demos/robile_control_square': PYTHONPATH=/home/shaxpy/colcon_ws_AMR/build/robile_control_square/prefix_override:/home/shaxpy/colcon_ws_AMR/install/robile_control_square/lib/python3.8/site-packages:${PYTHONPATH} /usr/bin/python3 setup.py egg_info --egg-base ../../../../build/robile_control_square build --build-base /home/shaxpy/colcon_ws_AMR/build/robile_control_square/build install --record /home/shaxpy/colcon_ws_AMR/build/robile_control_square/install.log --single-version-externally-managed
[2.186s] DEBUG:colcon.colcon_core.event_handler.log_command:Invoking command in '/home/shaxpy/colcon_ws_AMR/src/Robile/robile_demos/robile_reach_goal': PYTHONPATH=/home/shaxpy/colcon_ws_AMR/build/robile_reach_goal/prefix_override:/home/shaxpy/colcon_ws_AMR/install/robile_reach_goal/lib/python3.8/site-packages:${PYTHONPATH} /usr/bin/python3 setup.py egg_info --egg-base ../../../../build/robile_reach_goal build --build-base /home/shaxpy/colcon_ws_AMR/build/robile_reach_goal/build install --record /home/shaxpy/colcon_ws_AMR/build/robile_reach_goal/install.log --single-version-externally-managed
[2.190s] DEBUG:colcon.colcon_core.event_handler.log_command:Invoking command in '/home/shaxpy/colcon_ws_AMR/src/py_trees_ros': PYTHONPATH=/home/shaxpy/colcon_ws_AMR/build/py_trees_ros/prefix_override:/home/shaxpy/colcon_ws_AMR/install/py_trees_ros/lib/python3.8/site-packages:${PYTHONPATH} /usr/bin/python3 setup.py egg_info --egg-base ../../build/py_trees_ros build --build-base /home/shaxpy/colcon_ws_AMR/build/py_trees_ros/build install --record /home/shaxpy/colcon_ws_AMR/build/py_trees_ros/install.log --single-version-externally-managed
[2.194s] DEBUG:colcon.colcon_core.event_handler.log_command:Invoking command in '/home/shaxpy/colcon_ws_AMR/src/Robile/robile_demos/robile_control_simple': PYTHONPATH=/home/shaxpy/colcon_ws_AMR/build/robile_control_simple/prefix_override:/home/shaxpy/colcon_ws_AMR/install/robile_control_simple/lib/python3.8/site-packages:${PYTHONPATH} /usr/bin/python3 setup.py egg_info --egg-base ../../../../build/robile_control_simple build --build-base /home/shaxpy/colcon_ws_AMR/build/robile_control_simple/build install --record /home/shaxpy/colcon_ws_AMR/build/robile_control_simple/install.log --single-version-externally-managed
[2.436s] Level 1:colcon.colcon_core.environment:checking '/home/shaxpy/colcon_ws_AMR/install/robile_control_square' for CMake module files
[2.436s] DEBUG:colcon.colcon_core.event_handler.log_command:Invoked command in '/home/shaxpy/colcon_ws_AMR/src/Robile/robile_demos/robile_control_square' returned '0': PYTHONPATH=/home/shaxpy/colcon_ws_AMR/build/robile_control_square/prefix_override:/home/shaxpy/colcon_ws_AMR/install/robile_control_square/lib/python3.8/site-packages:${PYTHONPATH} /usr/bin/python3 setup.py egg_info --egg-base ../../../../build/robile_control_square build --build-base /home/shaxpy/colcon_ws_AMR/build/robile_control_square/build install --record /home/shaxpy/colcon_ws_AMR/build/robile_control_square/install.log --single-version-externally-managed
[2.437s] Level 1:colcon.colcon_core.environment:checking '/home/shaxpy/colcon_ws_AMR/install/robile_control_square' for CMake config files
[2.438s] Level 1:colcon.colcon_core.environment:checking '/home/shaxpy/colcon_ws_AMR/install/robile_control_square/lib'
[2.438s] Level 1:colcon.colcon_core.environment:checking '/home/shaxpy/colcon_ws_AMR/install/robile_control_square/bin'
[2.438s] Level 1:colcon.colcon_core.environment:checking '/home/shaxpy/colcon_ws_AMR/install/robile_control_square/lib/pkgconfig/robile_control_square.pc'
[2.438s] Level 1:colcon.colcon_core.environment:checking '/home/shaxpy/colcon_ws_AMR/install/robile_control_square/lib/python3.8/site-packages'
[2.438s] Level 1:colcon.colcon_core.shell:create_environment_hook('robile_control_square', 'pythonpath')
[2.441s] INFO:colcon.colcon_core.shell:Creating environment hook '/home/shaxpy/colcon_ws_AMR/install/robile_control_square/share/robile_control_square/hook/pythonpath.ps1'
[2.442s] INFO:colcon.colcon_core.shell:Creating environment descriptor '/home/shaxpy/colcon_ws_AMR/install/robile_control_square/share/robile_control_square/hook/pythonpath.dsv'
[2.442s] INFO:colcon.colcon_core.shell:Creating environment hook '/home/shaxpy/colcon_ws_AMR/install/robile_control_square/share/robile_control_square/hook/pythonpath.sh'
[2.443s] Level 1:colcon.colcon_core.environment:checking '/home/shaxpy/colcon_ws_AMR/install/robile_control_square/bin'
[2.443s] Level 1:colcon.colcon_core.environment:create_environment_scripts_only(robile_control_square)
[2.445s] INFO:colcon.colcon_core.shell:Creating package script '/home/shaxpy/colcon_ws_AMR/install/robile_control_square/share/robile_control_square/package.ps1'
[2.445s] INFO:colcon.colcon_core.shell:Creating package descriptor '/home/shaxpy/colcon_ws_AMR/install/robile_control_square/share/robile_control_square/package.dsv'
[2.446s] INFO:colcon.colcon_core.shell:Creating package script '/home/shaxpy/colcon_ws_AMR/install/robile_control_square/share/robile_control_square/package.sh'
[2.446s] INFO:colcon.colcon_core.shell:Creating package script '/home/shaxpy/colcon_ws_AMR/install/robile_control_square/share/robile_control_square/package.bash'
[2.446s] INFO:colcon.colcon_core.shell:Creating package script '/home/shaxpy/colcon_ws_AMR/install/robile_control_square/share/robile_control_square/package.zsh'
[2.447s] Level 1:colcon.colcon_core.environment:create_file_with_runtime_dependencies(/home/shaxpy/colcon_ws_AMR/install/robile_control_square/share/colcon-core/packages/robile_control_square)
[2.457s] Level 1:colcon.colcon_core.environment:checking '/home/shaxpy/colcon_ws_AMR/install/robile_reach_goal' for CMake module files
[2.457s] DEBUG:colcon.colcon_core.event_handler.log_command:Invoked command in '/home/shaxpy/colcon_ws_AMR/src/Robile/robile_demos/robile_reach_goal' returned '0': PYTHONPATH=/home/shaxpy/colcon_ws_AMR/build/robile_reach_goal/prefix_override:/home/shaxpy/colcon_ws_AMR/install/robile_reach_goal/lib/python3.8/site-packages:${PYTHONPATH} /usr/bin/python3 setup.py egg_info --egg-base ../../../../build/robile_reach_goal build --build-base /home/shaxpy/colcon_ws_AMR/build/robile_reach_goal/build install --record /home/shaxpy/colcon_ws_AMR/build/robile_reach_goal/install.log --single-version-externally-managed
[2.458s] Level 1:colcon.colcon_core.environment:checking '/home/shaxpy/colcon_ws_AMR/install/robile_reach_goal' for CMake config files
[2.458s] Level 1:colcon.colcon_core.environment:checking '/home/shaxpy/colcon_ws_AMR/install/robile_reach_goal/lib'
[2.458s] Level 1:colcon.colcon_core.environment:checking '/home/shaxpy/colcon_ws_AMR/install/robile_reach_goal/bin'
[2.458s] Level 1:colcon.colcon_core.environment:checking '/home/shaxpy/colcon_ws_AMR/install/robile_reach_goal/lib/pkgconfig/robile_reach_goal.pc'
[2.458s] Level 1:colcon.colcon_core.environment:checking '/home/shaxpy/colcon_ws_AMR/install/robile_reach_goal/lib/python3.8/site-packages'
[2.458s] Level 1:colcon.colcon_core.shell:create_environment_hook('robile_reach_goal', 'pythonpath')
[2.460s] INFO:colcon.colcon_core.shell:Creating environment hook '/home/shaxpy/colcon_ws_AMR/install/robile_reach_goal/share/robile_reach_goal/hook/pythonpath.ps1'
[2.461s] INFO:colcon.colcon_core.shell:Creating environment descriptor '/home/shaxpy/colcon_ws_AMR/install/robile_reach_goal/share/robile_reach_goal/hook/pythonpath.dsv'
[2.461s] INFO:colcon.colcon_core.shell:Creating environment hook '/home/shaxpy/colcon_ws_AMR/install/robile_reach_goal/share/robile_reach_goal/hook/pythonpath.sh'
[2.461s] Level 1:colcon.colcon_core.environment:checking '/home/shaxpy/colcon_ws_AMR/install/robile_reach_goal/bin'
[2.461s] Level 1:colcon.colcon_core.environment:create_environment_scripts_only(robile_reach_goal)
[2.463s] INFO:colcon.colcon_core.shell:Creating package script '/home/shaxpy/colcon_ws_AMR/install/robile_reach_goal/share/robile_reach_goal/package.ps1'
[2.464s] INFO:colcon.colcon_core.shell:Creating package descriptor '/home/shaxpy/colcon_ws_AMR/install/robile_reach_goal/share/robile_reach_goal/package.dsv'
[2.464s] INFO:colcon.colcon_core.shell:Creating package script '/home/shaxpy/colcon_ws_AMR/install/robile_reach_goal/share/robile_reach_goal/package.sh'
[2.464s] INFO:colcon.colcon_core.shell:Creating package script '/home/shaxpy/colcon_ws_AMR/install/robile_reach_goal/share/robile_reach_goal/package.bash'
[2.464s] INFO:colcon.colcon_core.shell:Creating package script '/home/shaxpy/colcon_ws_AMR/install/robile_reach_goal/share/robile_reach_goal/package.zsh'
[2.465s] Level 1:colcon.colcon_core.environment:create_file_with_runtime_dependencies(/home/shaxpy/colcon_ws_AMR/install/robile_reach_goal/share/colcon-core/packages/robile_reach_goal)
[2.470s] Level 1:colcon.colcon_core.environment:checking '/home/shaxpy/colcon_ws_AMR/install/py_trees_ros' for CMake module files
[2.471s] DEBUG:colcon.colcon_core.event_handler.log_command:Invoked command in '/home/shaxpy/colcon_ws_AMR/src/py_trees_ros' returned '0': PYTHONPATH=/home/shaxpy/colcon_ws_AMR/build/py_trees_ros/prefix_override:/home/shaxpy/colcon_ws_AMR/install/py_trees_ros/lib/python3.8/site-packages:${PYTHONPATH} /usr/bin/python3 setup.py egg_info --egg-base ../../build/py_trees_ros build --build-base /home/shaxpy/colcon_ws_AMR/build/py_trees_ros/build install --record /home/shaxpy/colcon_ws_AMR/build/py_trees_ros/install.log --single-version-externally-managed
[2.472s] Level 1:colcon.colcon_core.environment:checking '/home/shaxpy/colcon_ws_AMR/install/py_trees_ros' for CMake config files
[2.474s] Level 1:colcon.colcon_core.environment:checking '/home/shaxpy/colcon_ws_AMR/install/py_trees_ros/lib'
[2.474s] Level 1:colcon.colcon_core.environment:checking '/home/shaxpy/colcon_ws_AMR/install/py_trees_ros/bin'
[2.474s] Level 1:colcon.colcon_core.shell:create_environment_hook('py_trees_ros', 'path')
[2.476s] INFO:colcon.colcon_core.shell:Creating environment hook '/home/shaxpy/colcon_ws_AMR/install/py_trees_ros/share/py_trees_ros/hook/path.ps1'
[2.477s] INFO:colcon.colcon_core.shell:Creating environment descriptor '/home/shaxpy/colcon_ws_AMR/install/py_trees_ros/share/py_trees_ros/hook/path.dsv'
[2.477s] INFO:colcon.colcon_core.shell:Creating environment hook '/home/shaxpy/colcon_ws_AMR/install/py_trees_ros/share/py_trees_ros/hook/path.sh'
[2.477s] Level 1:colcon.colcon_core.environment:checking '/home/shaxpy/colcon_ws_AMR/install/py_trees_ros/lib/pkgconfig/py_trees_ros.pc'
[2.478s] Level 1:colcon.colcon_core.environment:checking '/home/shaxpy/colcon_ws_AMR/install/py_trees_ros/lib/python3.8/site-packages'
[2.478s] Level 1:colcon.colcon_core.shell:create_environment_hook('py_trees_ros', 'pythonpath')
[2.480s] INFO:colcon.colcon_core.shell:Creating environment hook '/home/shaxpy/colcon_ws_AMR/install/py_trees_ros/share/py_trees_ros/hook/pythonpath.ps1'
[2.480s] INFO:colcon.colcon_core.shell:Creating environment descriptor '/home/shaxpy/colcon_ws_AMR/install/py_trees_ros/share/py_trees_ros/hook/pythonpath.dsv'
[2.480s] INFO:colcon.colcon_core.shell:Creating environment hook '/home/shaxpy/colcon_ws_AMR/install/py_trees_ros/share/py_trees_ros/hook/pythonpath.sh'
[2.481s] Level 1:colcon.colcon_core.environment:checking '/home/shaxpy/colcon_ws_AMR/install/py_trees_ros/bin'
[2.481s] Level 1:colcon.colcon_core.shell:create_environment_hook('py_trees_ros', 'pythonscriptspath')
[2.482s] INFO:colcon.colcon_core.shell:Creating environment hook '/home/shaxpy/colcon_ws_AMR/install/py_trees_ros/share/py_trees_ros/hook/pythonscriptspath.ps1'
[2.483s] INFO:colcon.colcon_core.shell:Creating environment descriptor '/home/shaxpy/colcon_ws_AMR/install/py_trees_ros/share/py_trees_ros/hook/pythonscriptspath.dsv'
[2.483s] INFO:colcon.colcon_core.shell:Creating environment hook '/home/shaxpy/colcon_ws_AMR/install/py_trees_ros/share/py_trees_ros/hook/pythonscriptspath.sh'
[2.483s] Level 1:colcon.colcon_core.environment:create_environment_scripts_only(py_trees_ros)
[2.485s] INFO:colcon.colcon_core.shell:Creating package script '/home/shaxpy/colcon_ws_AMR/install/py_trees_ros/share/py_trees_ros/package.ps1'
[2.485s] INFO:colcon.colcon_core.shell:Creating package descriptor '/home/shaxpy/colcon_ws_AMR/install/py_trees_ros/share/py_trees_ros/package.dsv'
[2.486s] INFO:colcon.colcon_core.shell:Creating package script '/home/shaxpy/colcon_ws_AMR/install/py_trees_ros/share/py_trees_ros/package.sh'
[2.486s] INFO:colcon.colcon_core.shell:Creating package script '/home/shaxpy/colcon_ws_AMR/install/py_trees_ros/share/py_trees_ros/package.bash'
[2.486s] INFO:colcon.colcon_core.shell:Creating package script '/home/shaxpy/colcon_ws_AMR/install/py_trees_ros/share/py_trees_ros/package.zsh'
[2.486s] Level 1:colcon.colcon_core.environment:create_file_with_runtime_dependencies(/home/shaxpy/colcon_ws_AMR/install/py_trees_ros/share/colcon-core/packages/py_trees_ros)
[2.489s] Level 1:colcon.colcon_core.environment:checking '/home/shaxpy/colcon_ws_AMR/install/robile_control_simple' for CMake module files
[2.490s] Level 1:colcon.colcon_core.environment:checking '/home/shaxpy/colcon_ws_AMR/install/robile_control_simple' for CMake config files
[2.490s] DEBUG:colcon.colcon_core.event_handler.log_command:Invoked command in '/home/shaxpy/colcon_ws_AMR/src/Robile/robile_demos/robile_control_simple' returned '0': PYTHONPATH=/home/shaxpy/colcon_ws_AMR/build/robile_control_simple/prefix_override:/home/shaxpy/colcon_ws_AMR/install/robile_control_simple/lib/python3.8/site-packages:${PYTHONPATH} /usr/bin/python3 setup.py egg_info --egg-base ../../../../build/robile_control_simple build --build-base /home/shaxpy/colcon_ws_AMR/build/robile_control_simple/build install --record /home/shaxpy/colcon_ws_AMR/build/robile_control_simple/install.log --single-version-externally-managed
[2.491s] Level 1:colcon.colcon_core.environment:checking '/home/shaxpy/colcon_ws_AMR/install/robile_control_simple/lib'
[2.491s] Level 1:colcon.colcon_core.environment:checking '/home/shaxpy/colcon_ws_AMR/install/robile_control_simple/bin'
[2.491s] Level 1:colcon.colcon_core.environment:checking '/home/shaxpy/colcon_ws_AMR/install/robile_control_simple/lib/pkgconfig/robile_control_simple.pc'
[2.491s] Level 1:colcon.colcon_core.environment:checking '/home/shaxpy/colcon_ws_AMR/install/robile_control_simple/lib/python3.8/site-packages'
[2.491s] Level 1:colcon.colcon_core.shell:create_environment_hook('robile_control_simple', 'pythonpath')
[2.496s] INFO:colcon.colcon_core.shell:Creating environment hook '/home/shaxpy/colcon_ws_AMR/install/robile_control_simple/share/robile_control_simple/hook/pythonpath.ps1'
[2.497s] INFO:colcon.colcon_core.shell:Creating environment descriptor '/home/shaxpy/colcon_ws_AMR/install/robile_control_simple/share/robile_control_simple/hook/pythonpath.dsv'
[2.498s] INFO:colcon.colcon_core.shell:Creating environment hook '/home/shaxpy/colcon_ws_AMR/install/robile_control_simple/share/robile_control_simple/hook/pythonpath.sh'
[2.499s] Level 1:colcon.colcon_core.environment:checking '/home/shaxpy/colcon_ws_AMR/install/robile_control_simple/bin'
[2.499s] Level 1:colcon.colcon_core.environment:create_environment_scripts_only(robile_control_simple)
[2.501s] INFO:colcon.colcon_core.shell:Creating package script '/home/shaxpy/colcon_ws_AMR/install/robile_control_simple/share/robile_control_simple/package.ps1'
[2.501s] INFO:colcon.colcon_core.shell:Creating package descriptor '/home/shaxpy/colcon_ws_AMR/install/robile_control_simple/share/robile_control_simple/package.dsv'
[2.501s] INFO:colcon.colcon_core.shell:Creating package script '/home/shaxpy/colcon_ws_AMR/install/robile_control_simple/share/robile_control_simple/package.sh'
[2.501s] INFO:colcon.colcon_core.shell:Creating package script '/home/shaxpy/colcon_ws_AMR/install/robile_control_simple/share/robile_control_simple/package.bash'
[2.502s] INFO:colcon.colcon_core.shell:Creating package script '/home/shaxpy/colcon_ws_AMR/install/robile_control_simple/share/robile_control_simple/package.zsh'
[2.502s] Level 1:colcon.colcon_core.environment:create_file_with_runtime_dependencies(/home/shaxpy/colcon_ws_AMR/install/robile_control_simple/share/colcon-core/packages/robile_control_simple)
[2.502s] DEBUG:colcon.colcon_parallel_executor.executor.parallel:closing loop
[2.502s] DEBUG:colcon.colcon_parallel_executor.executor.parallel:loop closed
[2.502s] DEBUG:colcon.colcon_parallel_executor.executor.parallel:run_until_complete finished with '0'
[2.502s] DEBUG:colcon.colcon_core.event_reactor:joining thread
[2.515s] INFO:colcon.colcon_core.plugin_system:Skipping extension 'colcon_notification.desktop_notification.terminal_notifier': Not used on non-Darwin systems
[2.515s] INFO:colcon.colcon_core.plugin_system:Skipping extension 'colcon_notification.desktop_notification.win32': Not used on non-Windows systems
[2.515s] INFO:colcon.colcon_notification.desktop_notification:Sending desktop notification using 'notify2'
[2.527s] DEBUG:colcon.colcon_core.event_reactor:joined thread
[2.530s] INFO:colcon.colcon_core.shell:Creating prefix script '/home/shaxpy/colcon_ws_AMR/install/local_setup.ps1'
[2.531s] INFO:colcon.colcon_core.shell:Creating prefix util module '/home/shaxpy/colcon_ws_AMR/install/_local_setup_util_ps1.py'
[2.532s] INFO:colcon.colcon_core.shell:Creating prefix chain script '/home/shaxpy/colcon_ws_AMR/install/setup.ps1'
[2.537s] INFO:colcon.colcon_core.shell:Creating prefix script '/home/shaxpy/colcon_ws_AMR/install/local_setup.sh'
[2.538s] INFO:colcon.colcon_core.shell:Creating prefix util module '/home/shaxpy/colcon_ws_AMR/install/_local_setup_util_sh.py'
[2.539s] INFO:colcon.colcon_core.shell:Creating prefix chain script '/home/shaxpy/colcon_ws_AMR/install/setup.sh'
[2.543s] INFO:colcon.colcon_core.shell:Creating prefix script '/home/shaxpy/colcon_ws_AMR/install/local_setup.bash'
[2.543s] INFO:colcon.colcon_core.shell:Creating prefix chain script '/home/shaxpy/colcon_ws_AMR/install/setup.bash'
[2.545s] INFO:colcon.colcon_core.shell:Creating prefix script '/home/shaxpy/colcon_ws_AMR/install/local_setup.zsh'
[2.545s] INFO:colcon.colcon_core.shell:Creating prefix chain script '/home/shaxpy/colcon_ws_AMR/install/setup.zsh'
