[1.794s] Invoking command in '/home/shaxpy/colcon_ws_AMR/src/Robile/robile_demos/robile_control_square': PYTHONPATH=/home/shaxpy/colcon_ws_AMR/build/robile_control_square/prefix_override:/home/shaxpy/colcon_ws_AMR/install/robile_control_square/lib/python3.8/site-packages:${PYTHONPATH} /usr/bin/python3 setup.py egg_info --egg-base ../../../../build/robile_control_square build --build-base /home/shaxpy/colcon_ws_AMR/build/robile_control_square/build install --record /home/shaxpy/colcon_ws_AMR/build/robile_control_square/install.log --single-version-externally-managed
[2.008s] running egg_info
[2.009s] writing ../../../../build/robile_control_square/robile_control_square.egg-info/PKG-INFO
[2.009s] writing dependency_links to ../../../../build/robile_control_square/robile_control_square.egg-info/dependency_links.txt
[2.009s] writing entry points to ../../../../build/robile_control_square/robile_control_square.egg-info/entry_points.txt
[2.009s] writing requirements to ../../../../build/robile_control_square/robile_control_square.egg-info/requires.txt
[2.009s] writing top-level names to ../../../../build/robile_control_square/robile_control_square.egg-info/top_level.txt
[2.043s] reading manifest file '../../../../build/robile_control_square/robile_control_square.egg-info/SOURCES.txt'
[2.043s] writing manifest file '../../../../build/robile_control_square/robile_control_square.egg-info/SOURCES.txt'
[2.043s] running build
[2.044s] running build_py
[2.044s] copying robile_control_square/robile_control_square.py -> /home/shaxpy/colcon_ws_AMR/build/robile_control_square/build/lib/robile_control_square
[2.044s] running install
[2.044s] running install_lib
[2.044s] copying /home/shaxpy/colcon_ws_AMR/build/robile_control_square/build/lib/robile_control_square/robile_control_square.py -> /home/shaxpy/colcon_ws_AMR/install/robile_control_square/lib/python3.8/site-packages/robile_control_square
[2.044s] byte-compiling /home/shaxpy/colcon_ws_AMR/install/robile_control_square/lib/python3.8/site-packages/robile_control_square/robile_control_square.py to robile_control_square.cpython-38.pyc
[2.044s] running install_data
[2.044s] running install_egg_info
[2.044s] removing '/home/shaxpy/colcon_ws_AMR/install/robile_control_square/lib/python3.8/site-packages/robile_control_square-0.0.0-py3.8.egg-info' (and everything under it)
[2.045s] Copying ../../../../build/robile_control_square/robile_control_square.egg-info to /home/shaxpy/colcon_ws_AMR/install/robile_control_square/lib/python3.8/site-packages/robile_control_square-0.0.0-py3.8.egg-info
[2.046s] running install_scripts
[2.059s] Installing motion_publisher script to /home/shaxpy/colcon_ws_AMR/install/robile_control_square/lib/robile_control_square
[2.059s] writing list of installed files to '/home/shaxpy/colcon_ws_AMR/build/robile_control_square/install.log'
[2.109s] Invoked command in '/home/shaxpy/colcon_ws_AMR/src/Robile/robile_demos/robile_control_square' returned '0': PYTHONPATH=/home/shaxpy/colcon_ws_AMR/build/robile_control_square/prefix_override:/home/shaxpy/colcon_ws_AMR/install/robile_control_square/lib/python3.8/site-packages:${PYTHONPATH} /usr/bin/python3 setup.py egg_info --egg-base ../../../../build/robile_control_square build --build-base /home/shaxpy/colcon_ws_AMR/build/robile_control_square/build install --record /home/shaxpy/colcon_ws_AMR/build/robile_control_square/install.log --single-version-externally-managed
