[0.301s] DEBUG:colcon:Command line arguments: ['/usr/bin/colcon', 'build']
[0.302s] DEBUG:colcon:Parsed command line arguments: Namespace(allow_overriding=[], ament_cmake_args=None, base_paths=['.'], build_base='build', catkin_cmake_args=None, catkin_skip_building_tests=False, cmake_args=None, cmake_clean_cache=False, cmake_clean_first=False, cmake_force_configure=False, cmake_target=None, cmake_target_skip_unavailable=False, continue_on_error=False, event_handlers=None, executor='parallel', ignore_user_meta=False, install_base='install', log_base=None, log_level=None, main=<bound method BuildVerb.main of <colcon_core.verb.build.BuildVerb object at 0x7f6cd51711c0>>, merge_install=False, metas=['./colcon.meta'], packages_above=None, packages_above_and_dependencies=None, packages_above_depth=None, packages_end=None, packages_ignore=None, packages_ignore_regex=None, packages_select=None, packages_select_build_failed=False, packages_select_by_dep=None, packages_select_regex=None, packages_select_test_failures=False, packages_skip=None, packages_skip_build_finished=False, packages_skip_by_dep=None, packages_skip_regex=None, packages_skip_test_passed=False, packages_skip_up_to=None, packages_start=None, packages_up_to=None, packages_up_to_regex=None, parallel_workers=12, paths=None, symlink_install=False, test_result_base=None, verb_extension=<colcon_core.verb.build.BuildVerb object at 0x7f6cd51711c0>, verb_name='build', verb_parser=<colcon_defaults.argument_parser.defaults.DefaultArgumentsDecorator object at 0x7f6cd5171700>)
[0.345s] Level 1:colcon.colcon_core.package_discovery:discover_packages(colcon_meta) check parameters
[0.346s] Level 1:colcon.colcon_core.package_discovery:discover_packages(recursive) check parameters
[0.346s] Level 1:colcon.colcon_core.package_discovery:discover_packages(ignore) check parameters
[0.346s] Level 1:colcon.colcon_core.package_discovery:discover_packages(path) check parameters
[0.346s] Level 1:colcon.colcon_core.package_discovery:discover_packages(colcon_meta) discover
[0.346s] Level 1:colcon.colcon_core.package_discovery:discover_packages(recursive) discover
[0.346s] INFO:colcon.colcon_core.package_discovery:Crawling recursively for packages in '/home/shaxpy/colcon_ws_AMR'
[0.346s] Level 1:colcon.colcon_core.package_identification:_identify(.) by extensions ['ignore', 'ignore_ament_install']
[0.346s] Level 1:colcon.colcon_core.package_identification:_identify(.) by extension 'ignore'
[0.346s] Level 1:colcon.colcon_core.package_identification:_identify(.) by extension 'ignore_ament_install'
[0.346s] Level 1:colcon.colcon_core.package_identification:_identify(.) by extensions ['colcon_pkg']
[0.346s] Level 1:colcon.colcon_core.package_identification:_identify(.) by extension 'colcon_pkg'
[0.346s] Level 1:colcon.colcon_core.package_identification:_identify(.) by extensions ['colcon_meta']
[0.346s] Level 1:colcon.colcon_core.package_identification:_identify(.) by extension 'colcon_meta'
[0.346s] Level 1:colcon.colcon_core.package_identification:_identify(.) by extensions ['ros']
[0.346s] Level 1:colcon.colcon_core.package_identification:_identify(.) by extension 'ros'
[0.355s] Level 1:colcon.colcon_core.package_identification:_identify(.) by extensions ['cmake', 'python']
[0.355s] Level 1:colcon.colcon_core.package_identification:_identify(.) by extension 'cmake'
[0.355s] Level 1:colcon.colcon_core.package_identification:_identify(.) by extension 'python'
[0.355s] Level 1:colcon.colcon_core.package_identification:_identify(.) by extensions ['python_setup_py']
[0.355s] Level 1:colcon.colcon_core.package_identification:_identify(.) by extension 'python_setup_py'
[0.355s] Level 1:colcon.colcon_core.package_identification:_identify(build) by extensions ['ignore', 'ignore_ament_install']
[0.355s] Level 1:colcon.colcon_core.package_identification:_identify(build) by extension 'ignore'
[0.355s] Level 1:colcon.colcon_core.package_identification:_identify(build) ignored
[0.356s] Level 1:colcon.colcon_core.package_identification:_identify(install) by extensions ['ignore', 'ignore_ament_install']
[0.356s] Level 1:colcon.colcon_core.package_identification:_identify(install) by extension 'ignore'
[0.356s] Level 1:colcon.colcon_core.package_identification:_identify(install) ignored
[0.356s] Level 1:colcon.colcon_core.package_identification:_identify(log) by extensions ['ignore', 'ignore_ament_install']
[0.356s] Level 1:colcon.colcon_core.package_identification:_identify(log) by extension 'ignore'
[0.356s] Level 1:colcon.colcon_core.package_identification:_identify(log) ignored
[0.356s] Level 1:colcon.colcon_core.package_identification:_identify(src) by extensions ['ignore', 'ignore_ament_install']
[0.356s] Level 1:colcon.colcon_core.package_identification:_identify(src) by extension 'ignore'
[0.356s] Level 1:colcon.colcon_core.package_identification:_identify(src) by extension 'ignore_ament_install'
[0.356s] Level 1:colcon.colcon_core.package_identification:_identify(src) by extensions ['colcon_pkg']
[0.356s] Level 1:colcon.colcon_core.package_identification:_identify(src) by extension 'colcon_pkg'
[0.356s] Level 1:colcon.colcon_core.package_identification:_identify(src) by extensions ['colcon_meta']
[0.356s] Level 1:colcon.colcon_core.package_identification:_identify(src) by extension 'colcon_meta'
[0.356s] Level 1:colcon.colcon_core.package_identification:_identify(src) by extensions ['ros']
[0.356s] Level 1:colcon.colcon_core.package_identification:_identify(src) by extension 'ros'
[0.356s] Level 1:colcon.colcon_core.package_identification:_identify(src) by extensions ['cmake', 'python']
[0.356s] Level 1:colcon.colcon_core.package_identification:_identify(src) by extension 'cmake'
[0.356s] Level 1:colcon.colcon_core.package_identification:_identify(src) by extension 'python'
[0.356s] Level 1:colcon.colcon_core.package_identification:_identify(src) by extensions ['python_setup_py']
[0.356s] Level 1:colcon.colcon_core.package_identification:_identify(src) by extension 'python_setup_py'
[0.356s] Level 1:colcon.colcon_core.package_identification:_identify(src/Robile) by extensions ['ignore', 'ignore_ament_install']
[0.356s] Level 1:colcon.colcon_core.package_identification:_identify(src/Robile) by extension 'ignore'
[0.356s] Level 1:colcon.colcon_core.package_identification:_identify(src/Robile) by extension 'ignore_ament_install'
[0.356s] Level 1:colcon.colcon_core.package_identification:_identify(src/Robile) by extensions ['colcon_pkg']
[0.357s] Level 1:colcon.colcon_core.package_identification:_identify(src/Robile) by extension 'colcon_pkg'
[0.357s] Level 1:colcon.colcon_core.package_identification:_identify(src/Robile) by extensions ['colcon_meta']
[0.357s] Level 1:colcon.colcon_core.package_identification:_identify(src/Robile) by extension 'colcon_meta'
[0.357s] Level 1:colcon.colcon_core.package_identification:_identify(src/Robile) by extensions ['ros']
[0.357s] Level 1:colcon.colcon_core.package_identification:_identify(src/Robile) by extension 'ros'
[0.357s] Level 1:colcon.colcon_core.package_identification:_identify(src/Robile) by extensions ['cmake', 'python']
[0.357s] Level 1:colcon.colcon_core.package_identification:_identify(src/Robile) by extension 'cmake'
[0.357s] Level 1:colcon.colcon_core.package_identification:_identify(src/Robile) by extension 'python'
[0.357s] Level 1:colcon.colcon_core.package_identification:_identify(src/Robile) by extensions ['python_setup_py']
[0.357s] Level 1:colcon.colcon_core.package_identification:_identify(src/Robile) by extension 'python_setup_py'
[0.357s] Level 1:colcon.colcon_core.package_identification:_identify(src/Robile/docs) by extensions ['ignore', 'ignore_ament_install']
[0.357s] Level 1:colcon.colcon_core.package_identification:_identify(src/Robile/docs) by extension 'ignore'
[0.357s] Level 1:colcon.colcon_core.package_identification:_identify(src/Robile/docs) ignored
[0.357s] Level 1:colcon.colcon_core.package_identification:_identify(src/Robile/robile_demos) by extensions ['ignore', 'ignore_ament_install']
[0.357s] Level 1:colcon.colcon_core.package_identification:_identify(src/Robile/robile_demos) by extension 'ignore'
[0.357s] Level 1:colcon.colcon_core.package_identification:_identify(src/Robile/robile_demos) by extension 'ignore_ament_install'
[0.357s] Level 1:colcon.colcon_core.package_identification:_identify(src/Robile/robile_demos) by extensions ['colcon_pkg']
[0.357s] Level 1:colcon.colcon_core.package_identification:_identify(src/Robile/robile_demos) by extension 'colcon_pkg'
[0.357s] Level 1:colcon.colcon_core.package_identification:_identify(src/Robile/robile_demos) by extensions ['colcon_meta']
[0.357s] Level 1:colcon.colcon_core.package_identification:_identify(src/Robile/robile_demos) by extension 'colcon_meta'
[0.357s] Level 1:colcon.colcon_core.package_identification:_identify(src/Robile/robile_demos) by extensions ['ros']
[0.357s] Level 1:colcon.colcon_core.package_identification:_identify(src/Robile/robile_demos) by extension 'ros'
[0.357s] Level 1:colcon.colcon_core.package_identification:_identify(src/Robile/robile_demos) by extensions ['cmake', 'python']
[0.357s] Level 1:colcon.colcon_core.package_identification:_identify(src/Robile/robile_demos) by extension 'cmake'
[0.357s] Level 1:colcon.colcon_core.package_identification:_identify(src/Robile/robile_demos) by extension 'python'
[0.357s] Level 1:colcon.colcon_core.package_identification:_identify(src/Robile/robile_demos) by extensions ['python_setup_py']
[0.357s] Level 1:colcon.colcon_core.package_identification:_identify(src/Robile/robile_demos) by extension 'python_setup_py'
[0.357s] Level 1:colcon.colcon_core.package_identification:_identify(src/Robile/robile_demos/robile_control_simple) by extensions ['ignore', 'ignore_ament_install']
[0.357s] Level 1:colcon.colcon_core.package_identification:_identify(src/Robile/robile_demos/robile_control_simple) by extension 'ignore'
[0.358s] Level 1:colcon.colcon_core.package_identification:_identify(src/Robile/robile_demos/robile_control_simple) by extension 'ignore_ament_install'
[0.358s] Level 1:colcon.colcon_core.package_identification:_identify(src/Robile/robile_demos/robile_control_simple) by extensions ['colcon_pkg']
[0.358s] Level 1:colcon.colcon_core.package_identification:_identify(src/Robile/robile_demos/robile_control_simple) by extension 'colcon_pkg'
[0.358s] Level 1:colcon.colcon_core.package_identification:_identify(src/Robile/robile_demos/robile_control_simple) by extensions ['colcon_meta']
[0.358s] Level 1:colcon.colcon_core.package_identification:_identify(src/Robile/robile_demos/robile_control_simple) by extension 'colcon_meta'
[0.358s] Level 1:colcon.colcon_core.package_identification:_identify(src/Robile/robile_demos/robile_control_simple) by extensions ['ros']
[0.358s] Level 1:colcon.colcon_core.package_identification:_identify(src/Robile/robile_demos/robile_control_simple) by extension 'ros'
[0.360s] DEBUG:colcon.colcon_core.package_identification:Package 'src/Robile/robile_demos/robile_control_simple' with type 'ros.ament_python' and name 'robile_control_simple'
[0.360s] Level 1:colcon.colcon_core.package_identification:_identify(src/Robile/robile_demos/robile_control_square) by extensions ['ignore', 'ignore_ament_install']
[0.360s] Level 1:colcon.colcon_core.package_identification:_identify(src/Robile/robile_demos/robile_control_square) by extension 'ignore'
[0.360s] Level 1:colcon.colcon_core.package_identification:_identify(src/Robile/robile_demos/robile_control_square) by extension 'ignore_ament_install'
[0.360s] Level 1:colcon.colcon_core.package_identification:_identify(src/Robile/robile_demos/robile_control_square) by extensions ['colcon_pkg']
[0.360s] Level 1:colcon.colcon_core.package_identification:_identify(src/Robile/robile_demos/robile_control_square) by extension 'colcon_pkg'
[0.360s] Level 1:colcon.colcon_core.package_identification:_identify(src/Robile/robile_demos/robile_control_square) by extensions ['colcon_meta']
[0.360s] Level 1:colcon.colcon_core.package_identification:_identify(src/Robile/robile_demos/robile_control_square) by extension 'colcon_meta'
[0.360s] Level 1:colcon.colcon_core.package_identification:_identify(src/Robile/robile_demos/robile_control_square) by extensions ['ros']
[0.360s] Level 1:colcon.colcon_core.package_identification:_identify(src/Robile/robile_demos/robile_control_square) by extension 'ros'
[0.361s] DEBUG:colcon.colcon_core.package_identification:Package 'src/Robile/robile_demos/robile_control_square' with type 'ros.ament_python' and name 'robile_control_square'
[0.361s] Level 1:colcon.colcon_core.package_identification:_identify(src/Robile/robile_demos/robile_reach_goal) by extensions ['ignore', 'ignore_ament_install']
[0.361s] Level 1:colcon.colcon_core.package_identification:_identify(src/Robile/robile_demos/robile_reach_goal) by extension 'ignore'
[0.361s] Level 1:colcon.colcon_core.package_identification:_identify(src/Robile/robile_demos/robile_reach_goal) by extension 'ignore_ament_install'
[0.361s] Level 1:colcon.colcon_core.package_identification:_identify(src/Robile/robile_demos/robile_reach_goal) by extensions ['colcon_pkg']
[0.361s] Level 1:colcon.colcon_core.package_identification:_identify(src/Robile/robile_demos/robile_reach_goal) by extension 'colcon_pkg'
[0.361s] Level 1:colcon.colcon_core.package_identification:_identify(src/Robile/robile_demos/robile_reach_goal) by extensions ['colcon_meta']
[0.361s] Level 1:colcon.colcon_core.package_identification:_identify(src/Robile/robile_demos/robile_reach_goal) by extension 'colcon_meta'
[0.361s] Level 1:colcon.colcon_core.package_identification:_identify(src/Robile/robile_demos/robile_reach_goal) by extensions ['ros']
[0.361s] Level 1:colcon.colcon_core.package_identification:_identify(src/Robile/robile_demos/robile_reach_goal) by extension 'ros'
[0.362s] DEBUG:colcon.colcon_core.package_identification:Package 'src/Robile/robile_demos/robile_reach_goal' with type 'ros.ament_python' and name 'robile_reach_goal'
[0.362s] Level 1:colcon.colcon_core.package_identification:_identify(src/Robile/worksheets) by extensions ['ignore', 'ignore_ament_install']
[0.362s] Level 1:colcon.colcon_core.package_identification:_identify(src/Robile/worksheets) by extension 'ignore'
[0.362s] Level 1:colcon.colcon_core.package_identification:_identify(src/Robile/worksheets) by extension 'ignore_ament_install'
[0.362s] Level 1:colcon.colcon_core.package_identification:_identify(src/Robile/worksheets) by extensions ['colcon_pkg']
[0.362s] Level 1:colcon.colcon_core.package_identification:_identify(src/Robile/worksheets) by extension 'colcon_pkg'
[0.362s] Level 1:colcon.colcon_core.package_identification:_identify(src/Robile/worksheets) by extensions ['colcon_meta']
[0.362s] Level 1:colcon.colcon_core.package_identification:_identify(src/Robile/worksheets) by extension 'colcon_meta'
[0.362s] Level 1:colcon.colcon_core.package_identification:_identify(src/Robile/worksheets) by extensions ['ros']
[0.362s] Level 1:colcon.colcon_core.package_identification:_identify(src/Robile/worksheets) by extension 'ros'
[0.362s] Level 1:colcon.colcon_core.package_identification:_identify(src/Robile/worksheets) by extensions ['cmake', 'python']
[0.362s] Level 1:colcon.colcon_core.package_identification:_identify(src/Robile/worksheets) by extension 'cmake'
[0.362s] Level 1:colcon.colcon_core.package_identification:_identify(src/Robile/worksheets) by extension 'python'
[0.362s] Level 1:colcon.colcon_core.package_identification:_identify(src/Robile/worksheets) by extensions ['python_setup_py']
[0.362s] Level 1:colcon.colcon_core.package_identification:_identify(src/Robile/worksheets) by extension 'python_setup_py'
[0.362s] Level 1:colcon.colcon_core.package_identification:_identify(src/Robile/worksheets/bitmaps) by extensions ['ignore', 'ignore_ament_install']
[0.362s] Level 1:colcon.colcon_core.package_identification:_identify(src/Robile/worksheets/bitmaps) by extension 'ignore'
[0.362s] Level 1:colcon.colcon_core.package_identification:_identify(src/Robile/worksheets/bitmaps) by extension 'ignore_ament_install'
[0.362s] Level 1:colcon.colcon_core.package_identification:_identify(src/Robile/worksheets/bitmaps) by extensions ['colcon_pkg']
[0.362s] Level 1:colcon.colcon_core.package_identification:_identify(src/Robile/worksheets/bitmaps) by extension 'colcon_pkg'
[0.362s] Level 1:colcon.colcon_core.package_identification:_identify(src/Robile/worksheets/bitmaps) by extensions ['colcon_meta']
[0.362s] Level 1:colcon.colcon_core.package_identification:_identify(src/Robile/worksheets/bitmaps) by extension 'colcon_meta'
[0.363s] Level 1:colcon.colcon_core.package_identification:_identify(src/Robile/worksheets/bitmaps) by extensions ['ros']
[0.363s] Level 1:colcon.colcon_core.package_identification:_identify(src/Robile/worksheets/bitmaps) by extension 'ros'
[0.363s] Level 1:colcon.colcon_core.package_identification:_identify(src/Robile/worksheets/bitmaps) by extensions ['cmake', 'python']
[0.363s] Level 1:colcon.colcon_core.package_identification:_identify(src/Robile/worksheets/bitmaps) by extension 'cmake'
[0.363s] Level 1:colcon.colcon_core.package_identification:_identify(src/Robile/worksheets/bitmaps) by extension 'python'
[0.363s] Level 1:colcon.colcon_core.package_identification:_identify(src/Robile/worksheets/bitmaps) by extensions ['python_setup_py']
[0.363s] Level 1:colcon.colcon_core.package_identification:_identify(src/Robile/worksheets/bitmaps) by extension 'python_setup_py'
[0.363s] Level 1:colcon.colcon_core.package_identification:_identify(src/Robile/worksheets/worksheet01) by extensions ['ignore', 'ignore_ament_install']
[0.363s] Level 1:colcon.colcon_core.package_identification:_identify(src/Robile/worksheets/worksheet01) by extension 'ignore'
[0.363s] Level 1:colcon.colcon_core.package_identification:_identify(src/Robile/worksheets/worksheet01) by extension 'ignore_ament_install'
[0.363s] Level 1:colcon.colcon_core.package_identification:_identify(src/Robile/worksheets/worksheet01) by extensions ['colcon_pkg']
[0.363s] Level 1:colcon.colcon_core.package_identification:_identify(src/Robile/worksheets/worksheet01) by extension 'colcon_pkg'
[0.363s] Level 1:colcon.colcon_core.package_identification:_identify(src/Robile/worksheets/worksheet01) by extensions ['colcon_meta']
[0.363s] Level 1:colcon.colcon_core.package_identification:_identify(src/Robile/worksheets/worksheet01) by extension 'colcon_meta'
[0.363s] Level 1:colcon.colcon_core.package_identification:_identify(src/Robile/worksheets/worksheet01) by extensions ['ros']
[0.363s] Level 1:colcon.colcon_core.package_identification:_identify(src/Robile/worksheets/worksheet01) by extension 'ros'
[0.363s] Level 1:colcon.colcon_core.package_identification:_identify(src/Robile/worksheets/worksheet01) by extensions ['cmake', 'python']
[0.363s] Level 1:colcon.colcon_core.package_identification:_identify(src/Robile/worksheets/worksheet01) by extension 'cmake'
[0.363s] Level 1:colcon.colcon_core.package_identification:_identify(src/Robile/worksheets/worksheet01) by extension 'python'
[0.363s] Level 1:colcon.colcon_core.package_identification:_identify(src/Robile/worksheets/worksheet01) by extensions ['python_setup_py']
[0.363s] Level 1:colcon.colcon_core.package_identification:_identify(src/Robile/worksheets/worksheet01) by extension 'python_setup_py'
[0.363s] Level 1:colcon.colcon_core.package_identification:_identify(src/build) by extensions ['ignore', 'ignore_ament_install']
[0.363s] Level 1:colcon.colcon_core.package_identification:_identify(src/build) by extension 'ignore'
[0.363s] Level 1:colcon.colcon_core.package_identification:_identify(src/build) ignored
[0.363s] Level 1:colcon.colcon_core.package_identification:_identify(src/install) by extensions ['ignore', 'ignore_ament_install']
[0.364s] Level 1:colcon.colcon_core.package_identification:_identify(src/install) by extension 'ignore'
[0.364s] Level 1:colcon.colcon_core.package_identification:_identify(src/install) ignored
[0.364s] Level 1:colcon.colcon_core.package_identification:_identify(src/kelo_tulip) by extensions ['ignore', 'ignore_ament_install']
[0.364s] Level 1:colcon.colcon_core.package_identification:_identify(src/kelo_tulip) by extension 'ignore'
[0.364s] Level 1:colcon.colcon_core.package_identification:_identify(src/kelo_tulip) by extension 'ignore_ament_install'
[0.364s] Level 1:colcon.colcon_core.package_identification:_identify(src/kelo_tulip) by extensions ['colcon_pkg']
[0.364s] Level 1:colcon.colcon_core.package_identification:_identify(src/kelo_tulip) by extension 'colcon_pkg'
[0.364s] Level 1:colcon.colcon_core.package_identification:_identify(src/kelo_tulip) by extensions ['colcon_meta']
[0.364s] Level 1:colcon.colcon_core.package_identification:_identify(src/kelo_tulip) by extension 'colcon_meta'
[0.364s] Level 1:colcon.colcon_core.package_identification:_identify(src/kelo_tulip) by extensions ['ros']
[0.364s] Level 1:colcon.colcon_core.package_identification:_identify(src/kelo_tulip) by extension 'ros'
[0.364s] DEBUG:colcon.colcon_core.package_identification:Package 'src/kelo_tulip' with type 'ros.ament_cmake' and name 'kelo_tulip'
[0.364s] Level 1:colcon.colcon_core.package_identification:_identify(src/log) by extensions ['ignore', 'ignore_ament_install']
[0.365s] Level 1:colcon.colcon_core.package_identification:_identify(src/log) by extension 'ignore'
[0.365s] Level 1:colcon.colcon_core.package_identification:_identify(src/log) ignored
[0.365s] Level 1:colcon.colcon_core.package_identification:_identify(src/py_trees_ros) by extensions ['ignore', 'ignore_ament_install']
[0.365s] Level 1:colcon.colcon_core.package_identification:_identify(src/py_trees_ros) by extension 'ignore'
[0.365s] Level 1:colcon.colcon_core.package_identification:_identify(src/py_trees_ros) by extension 'ignore_ament_install'
[0.365s] Level 1:colcon.colcon_core.package_identification:_identify(src/py_trees_ros) by extensions ['colcon_pkg']
[0.365s] Level 1:colcon.colcon_core.package_identification:_identify(src/py_trees_ros) by extension 'colcon_pkg'
[0.365s] Level 1:colcon.colcon_core.package_identification:_identify(src/py_trees_ros) by extensions ['colcon_meta']
[0.365s] Level 1:colcon.colcon_core.package_identification:_identify(src/py_trees_ros) by extension 'colcon_meta'
[0.365s] Level 1:colcon.colcon_core.package_identification:_identify(src/py_trees_ros) by extensions ['ros']
[0.365s] Level 1:colcon.colcon_core.package_identification:_identify(src/py_trees_ros) by extension 'ros'
[0.366s] DEBUG:colcon.colcon_core.package_identification:Package 'src/py_trees_ros' with type 'ros.ament_python' and name 'py_trees_ros'
[0.366s] Level 1:colcon.colcon_core.package_identification:_identify(src/robile_description) by extensions ['ignore', 'ignore_ament_install']
[0.366s] Level 1:colcon.colcon_core.package_identification:_identify(src/robile_description) by extension 'ignore'
[0.366s] Level 1:colcon.colcon_core.package_identification:_identify(src/robile_description) by extension 'ignore_ament_install'
[0.366s] Level 1:colcon.colcon_core.package_identification:_identify(src/robile_description) by extensions ['colcon_pkg']
[0.366s] Level 1:colcon.colcon_core.package_identification:_identify(src/robile_description) by extension 'colcon_pkg'
[0.366s] Level 1:colcon.colcon_core.package_identification:_identify(src/robile_description) by extensions ['colcon_meta']
[0.366s] Level 1:colcon.colcon_core.package_identification:_identify(src/robile_description) by extension 'colcon_meta'
[0.366s] Level 1:colcon.colcon_core.package_identification:_identify(src/robile_description) by extensions ['ros']
[0.366s] Level 1:colcon.colcon_core.package_identification:_identify(src/robile_description) by extension 'ros'
[0.367s] DEBUG:colcon.colcon_core.package_identification:Package 'src/robile_description' with type 'ros.ament_cmake' and name 'robile_description'
[0.367s] Level 1:colcon.colcon_core.package_identification:_identify(src/robile_gazebo) by extensions ['ignore', 'ignore_ament_install']
[0.367s] Level 1:colcon.colcon_core.package_identification:_identify(src/robile_gazebo) by extension 'ignore'
[0.367s] Level 1:colcon.colcon_core.package_identification:_identify(src/robile_gazebo) by extension 'ignore_ament_install'
[0.367s] Level 1:colcon.colcon_core.package_identification:_identify(src/robile_gazebo) by extensions ['colcon_pkg']
[0.367s] Level 1:colcon.colcon_core.package_identification:_identify(src/robile_gazebo) by extension 'colcon_pkg'
[0.367s] Level 1:colcon.colcon_core.package_identification:_identify(src/robile_gazebo) by extensions ['colcon_meta']
[0.367s] Level 1:colcon.colcon_core.package_identification:_identify(src/robile_gazebo) by extension 'colcon_meta'
[0.367s] Level 1:colcon.colcon_core.package_identification:_identify(src/robile_gazebo) by extensions ['ros']
[0.367s] Level 1:colcon.colcon_core.package_identification:_identify(src/robile_gazebo) by extension 'ros'
[0.368s] DEBUG:colcon.colcon_core.package_identification:Package 'src/robile_gazebo' with type 'ros.ament_cmake' and name 'robile_gazebo'
[0.368s] Level 1:colcon.colcon_core.package_discovery:discover_packages(recursive) using defaults
[0.368s] Level 1:colcon.colcon_core.package_discovery:discover_packages(ignore) discover
[0.368s] Level 1:colcon.colcon_core.package_discovery:discover_packages(ignore) using defaults
[0.368s] Level 1:colcon.colcon_core.package_discovery:discover_packages(path) discover
[0.368s] Level 1:colcon.colcon_core.package_discovery:discover_packages(path) using defaults
[0.390s] Level 1:colcon.colcon_core.package_discovery:discover_packages(prefix_path) check parameters
[0.390s] Level 1:colcon.colcon_core.package_discovery:discover_packages(prefix_path) discover
[0.394s] DEBUG:colcon.colcon_installed_package_information.package_discovery:Found 6 installed packages in /home/shaxpy/colcon_ws_AMR/install
[0.395s] DEBUG:colcon.colcon_installed_package_information.package_discovery:Found 2 installed packages in /home/shaxpy/amr_first_ws/install
[0.397s] DEBUG:colcon.colcon_installed_package_information.package_discovery:Found 284 installed packages in /opt/ros/rolling
[0.398s] Level 1:colcon.colcon_core.package_discovery:discover_packages(prefix_path) using defaults
[0.470s] Level 5:colcon.colcon_core.verb:set package 'kelo_tulip' build argument 'cmake_args' from command line to 'None'
[0.470s] Level 5:colcon.colcon_core.verb:set package 'kelo_tulip' build argument 'cmake_target' from command line to 'None'
[0.470s] Level 5:colcon.colcon_core.verb:set package 'kelo_tulip' build argument 'cmake_target_skip_unavailable' from command line to 'False'
[0.470s] Level 5:colcon.colcon_core.verb:set package 'kelo_tulip' build argument 'cmake_clean_cache' from command line to 'False'
[0.470s] Level 5:colcon.colcon_core.verb:set package 'kelo_tulip' build argument 'cmake_clean_first' from command line to 'False'
[0.470s] Level 5:colcon.colcon_core.verb:set package 'kelo_tulip' build argument 'cmake_force_configure' from command line to 'False'
[0.470s] Level 5:colcon.colcon_core.verb:set package 'kelo_tulip' build argument 'ament_cmake_args' from command line to 'None'
[0.470s] Level 5:colcon.colcon_core.verb:set package 'kelo_tulip' build argument 'catkin_cmake_args' from command line to 'None'
[0.470s] Level 5:colcon.colcon_core.verb:set package 'kelo_tulip' build argument 'catkin_skip_building_tests' from command line to 'False'
[0.470s] DEBUG:colcon.colcon_core.verb:Building package 'kelo_tulip' with the following arguments: {'ament_cmake_args': None, 'build_base': '/home/shaxpy/colcon_ws_AMR/build/kelo_tulip', 'catkin_cmake_args': None, 'catkin_skip_building_tests': False, 'cmake_args': None, 'cmake_clean_cache': False, 'cmake_clean_first': False, 'cmake_force_configure': False, 'cmake_target': None, 'cmake_target_skip_unavailable': False, 'install_base': '/home/shaxpy/colcon_ws_AMR/install/kelo_tulip', 'merge_install': False, 'path': '/home/shaxpy/colcon_ws_AMR/src/kelo_tulip', 'symlink_install': False, 'test_result_base': None}
[0.471s] Level 5:colcon.colcon_core.verb:set package 'py_trees_ros' build argument 'cmake_args' from command line to 'None'
[0.471s] Level 5:colcon.colcon_core.verb:set package 'py_trees_ros' build argument 'cmake_target' from command line to 'None'
[0.471s] Level 5:colcon.colcon_core.verb:set package 'py_trees_ros' build argument 'cmake_target_skip_unavailable' from command line to 'False'
[0.471s] Level 5:colcon.colcon_core.verb:set package 'py_trees_ros' build argument 'cmake_clean_cache' from command line to 'False'
[0.471s] Level 5:colcon.colcon_core.verb:set package 'py_trees_ros' build argument 'cmake_clean_first' from command line to 'False'
[0.471s] Level 5:colcon.colcon_core.verb:set package 'py_trees_ros' build argument 'cmake_force_configure' from command line to 'False'
[0.471s] Level 5:colcon.colcon_core.verb:set package 'py_trees_ros' build argument 'ament_cmake_args' from command line to 'None'
[0.471s] Level 5:colcon.colcon_core.verb:set package 'py_trees_ros' build argument 'catkin_cmake_args' from command line to 'None'
[0.471s] Level 5:colcon.colcon_core.verb:set package 'py_trees_ros' build argument 'catkin_skip_building_tests' from command line to 'False'
[0.471s] DEBUG:colcon.colcon_core.verb:Building package 'py_trees_ros' with the following arguments: {'ament_cmake_args': None, 'build_base': '/home/shaxpy/colcon_ws_AMR/build/py_trees_ros', 'catkin_cmake_args': None, 'catkin_skip_building_tests': False, 'cmake_args': None, 'cmake_clean_cache': False, 'cmake_clean_first': False, 'cmake_force_configure': False, 'cmake_target': None, 'cmake_target_skip_unavailable': False, 'install_base': '/home/shaxpy/colcon_ws_AMR/install/py_trees_ros', 'merge_install': False, 'path': '/home/shaxpy/colcon_ws_AMR/src/py_trees_ros', 'symlink_install': False, 'test_result_base': None}
[0.472s] Level 5:colcon.colcon_core.verb:set package 'robile_control_simple' build argument 'cmake_args' from command line to 'None'
[0.473s] Level 5:colcon.colcon_core.verb:set package 'robile_control_simple' build argument 'cmake_target' from command line to 'None'
[0.473s] Level 5:colcon.colcon_core.verb:set package 'robile_control_simple' build argument 'cmake_target_skip_unavailable' from command line to 'False'
[0.473s] Level 5:colcon.colcon_core.verb:set package 'robile_control_simple' build argument 'cmake_clean_cache' from command line to 'False'
[0.473s] Level 5:colcon.colcon_core.verb:set package 'robile_control_simple' build argument 'cmake_clean_first' from command line to 'False'
[0.473s] Level 5:colcon.colcon_core.verb:set package 'robile_control_simple' build argument 'cmake_force_configure' from command line to 'False'
[0.473s] Level 5:colcon.colcon_core.verb:set package 'robile_control_simple' build argument 'ament_cmake_args' from command line to 'None'
[0.473s] Level 5:colcon.colcon_core.verb:set package 'robile_control_simple' build argument 'catkin_cmake_args' from command line to 'None'
[0.473s] Level 5:colcon.colcon_core.verb:set package 'robile_control_simple' build argument 'catkin_skip_building_tests' from command line to 'False'
[0.473s] DEBUG:colcon.colcon_core.verb:Building package 'robile_control_simple' with the following arguments: {'ament_cmake_args': None, 'build_base': '/home/shaxpy/colcon_ws_AMR/build/robile_control_simple', 'catkin_cmake_args': None, 'catkin_skip_building_tests': False, 'cmake_args': None, 'cmake_clean_cache': False, 'cmake_clean_first': False, 'cmake_force_configure': False, 'cmake_target': None, 'cmake_target_skip_unavailable': False, 'install_base': '/home/shaxpy/colcon_ws_AMR/install/robile_control_simple', 'merge_install': False, 'path': '/home/shaxpy/colcon_ws_AMR/src/Robile/robile_demos/robile_control_simple', 'symlink_install': False, 'test_result_base': None}
[0.474s] Level 5:colcon.colcon_core.verb:set package 'robile_control_square' build argument 'cmake_args' from command line to 'None'
[0.474s] Level 5:colcon.colcon_core.verb:set package 'robile_control_square' build argument 'cmake_target' from command line to 'None'
[0.474s] Level 5:colcon.colcon_core.verb:set package 'robile_control_square' build argument 'cmake_target_skip_unavailable' from command line to 'False'
[0.474s] Level 5:colcon.colcon_core.verb:set package 'robile_control_square' build argument 'cmake_clean_cache' from command line to 'False'
[0.474s] Level 5:colcon.colcon_core.verb:set package 'robile_control_square' build argument 'cmake_clean_first' from command line to 'False'
[0.474s] Level 5:colcon.colcon_core.verb:set package 'robile_control_square' build argument 'cmake_force_configure' from command line to 'False'
[0.474s] Level 5:colcon.colcon_core.verb:set package 'robile_control_square' build argument 'ament_cmake_args' from command line to 'None'
[0.474s] Level 5:colcon.colcon_core.verb:set package 'robile_control_square' build argument 'catkin_cmake_args' from command line to 'None'
[0.474s] Level 5:colcon.colcon_core.verb:set package 'robile_control_square' build argument 'catkin_skip_building_tests' from command line to 'False'
[0.474s] DEBUG:colcon.colcon_core.verb:Building package 'robile_control_square' with the following arguments: {'ament_cmake_args': None, 'build_base': '/home/shaxpy/colcon_ws_AMR/build/robile_control_square', 'catkin_cmake_args': None, 'catkin_skip_building_tests': False, 'cmake_args': None, 'cmake_clean_cache': False, 'cmake_clean_first': False, 'cmake_force_configure': False, 'cmake_target': None, 'cmake_target_skip_unavailable': False, 'install_base': '/home/shaxpy/colcon_ws_AMR/install/robile_control_square', 'merge_install': False, 'path': '/home/shaxpy/colcon_ws_AMR/src/Robile/robile_demos/robile_control_square', 'symlink_install': False, 'test_result_base': None}
[0.475s] Level 5:colcon.colcon_core.verb:set package 'robile_description' build argument 'cmake_args' from command line to 'None'
[0.475s] Level 5:colcon.colcon_core.verb:set package 'robile_description' build argument 'cmake_target' from command line to 'None'
[0.475s] Level 5:colcon.colcon_core.verb:set package 'robile_description' build argument 'cmake_target_skip_unavailable' from command line to 'False'
[0.475s] Level 5:colcon.colcon_core.verb:set package 'robile_description' build argument 'cmake_clean_cache' from command line to 'False'
[0.475s] Level 5:colcon.colcon_core.verb:set package 'robile_description' build argument 'cmake_clean_first' from command line to 'False'
[0.475s] Level 5:colcon.colcon_core.verb:set package 'robile_description' build argument 'cmake_force_configure' from command line to 'False'
[0.475s] Level 5:colcon.colcon_core.verb:set package 'robile_description' build argument 'ament_cmake_args' from command line to 'None'
[0.475s] Level 5:colcon.colcon_core.verb:set package 'robile_description' build argument 'catkin_cmake_args' from command line to 'None'
[0.475s] Level 5:colcon.colcon_core.verb:set package 'robile_description' build argument 'catkin_skip_building_tests' from command line to 'False'
[0.475s] DEBUG:colcon.colcon_core.verb:Building package 'robile_description' with the following arguments: {'ament_cmake_args': None, 'build_base': '/home/shaxpy/colcon_ws_AMR/build/robile_description', 'catkin_cmake_args': None, 'catkin_skip_building_tests': False, 'cmake_args': None, 'cmake_clean_cache': False, 'cmake_clean_first': False, 'cmake_force_configure': False, 'cmake_target': None, 'cmake_target_skip_unavailable': False, 'install_base': '/home/shaxpy/colcon_ws_AMR/install/robile_description', 'merge_install': False, 'path': '/home/shaxpy/colcon_ws_AMR/src/robile_description', 'symlink_install': False, 'test_result_base': None}
[0.476s] Level 5:colcon.colcon_core.verb:set package 'robile_reach_goal' build argument 'cmake_args' from command line to 'None'
[0.476s] Level 5:colcon.colcon_core.verb:set package 'robile_reach_goal' build argument 'cmake_target' from command line to 'None'
[0.476s] Level 5:colcon.colcon_core.verb:set package 'robile_reach_goal' build argument 'cmake_target_skip_unavailable' from command line to 'False'
[0.476s] Level 5:colcon.colcon_core.verb:set package 'robile_reach_goal' build argument 'cmake_clean_cache' from command line to 'False'
[0.476s] Level 5:colcon.colcon_core.verb:set package 'robile_reach_goal' build argument 'cmake_clean_first' from command line to 'False'
[0.476s] Level 5:colcon.colcon_core.verb:set package 'robile_reach_goal' build argument 'cmake_force_configure' from command line to 'False'
[0.476s] Level 5:colcon.colcon_core.verb:set package 'robile_reach_goal' build argument 'ament_cmake_args' from command line to 'None'
[0.476s] Level 5:colcon.colcon_core.verb:set package 'robile_reach_goal' build argument 'catkin_cmake_args' from command line to 'None'
[0.476s] Level 5:colcon.colcon_core.verb:set package 'robile_reach_goal' build argument 'catkin_skip_building_tests' from command line to 'False'
[0.476s] DEBUG:colcon.colcon_core.verb:Building package 'robile_reach_goal' with the following arguments: {'ament_cmake_args': None, 'build_base': '/home/shaxpy/colcon_ws_AMR/build/robile_reach_goal', 'catkin_cmake_args': None, 'catkin_skip_building_tests': False, 'cmake_args': None, 'cmake_clean_cache': False, 'cmake_clean_first': False, 'cmake_force_configure': False, 'cmake_target': None, 'cmake_target_skip_unavailable': False, 'install_base': '/home/shaxpy/colcon_ws_AMR/install/robile_reach_goal', 'merge_install': False, 'path': '/home/shaxpy/colcon_ws_AMR/src/Robile/robile_demos/robile_reach_goal', 'symlink_install': False, 'test_result_base': None}
[0.478s] Level 5:colcon.colcon_core.verb:set package 'robile_gazebo' build argument 'cmake_args' from command line to 'None'
[0.478s] Level 5:colcon.colcon_core.verb:set package 'robile_gazebo' build argument 'cmake_target' from command line to 'None'
[0.478s] Level 5:colcon.colcon_core.verb:set package 'robile_gazebo' build argument 'cmake_target_skip_unavailable' from command line to 'False'
[0.478s] Level 5:colcon.colcon_core.verb:set package 'robile_gazebo' build argument 'cmake_clean_cache' from command line to 'False'
[0.478s] Level 5:colcon.colcon_core.verb:set package 'robile_gazebo' build argument 'cmake_clean_first' from command line to 'False'
[0.478s] Level 5:colcon.colcon_core.verb:set package 'robile_gazebo' build argument 'cmake_force_configure' from command line to 'False'
[0.478s] Level 5:colcon.colcon_core.verb:set package 'robile_gazebo' build argument 'ament_cmake_args' from command line to 'None'
[0.478s] Level 5:colcon.colcon_core.verb:set package 'robile_gazebo' build argument 'catkin_cmake_args' from command line to 'None'
[0.478s] Level 5:colcon.colcon_core.verb:set package 'robile_gazebo' build argument 'catkin_skip_building_tests' from command line to 'False'
[0.478s] DEBUG:colcon.colcon_core.verb:Building package 'robile_gazebo' with the following arguments: {'ament_cmake_args': None, 'build_base': '/home/shaxpy/colcon_ws_AMR/build/robile_gazebo', 'catkin_cmake_args': None, 'catkin_skip_building_tests': False, 'cmake_args': None, 'cmake_clean_cache': False, 'cmake_clean_first': False, 'cmake_force_configure': False, 'cmake_target': None, 'cmake_target_skip_unavailable': False, 'install_base': '/home/shaxpy/colcon_ws_AMR/install/robile_gazebo', 'merge_install': False, 'path': '/home/shaxpy/colcon_ws_AMR/src/robile_gazebo', 'symlink_install': False, 'test_result_base': None}
[0.479s] INFO:colcon.colcon_core.executor:Executing jobs using 'parallel' executor
[0.484s] DEBUG:colcon.colcon_parallel_executor.executor.parallel:run_until_complete
[0.484s] INFO:colcon.colcon_ros.task.ament_cmake.build:Building ROS package in '/home/shaxpy/colcon_ws_AMR/src/robile_description' with build type 'ament_cmake'
[0.484s] INFO:colcon.colcon_cmake.task.cmake.build:Building CMake package in '/home/shaxpy/colcon_ws_AMR/src/robile_description'
[0.490s] INFO:colcon.colcon_core.plugin_system:Skipping extension 'colcon_core.shell.bat': Not used on non-Windows systems
[0.490s] INFO:colcon.colcon_core.shell:Skip shell extension 'powershell' for command environment: Not usable outside of PowerShell
[0.490s] DEBUG:colcon.colcon_core.shell:Skip shell extension 'dsv' for command environment
[0.498s] INFO:colcon.colcon_ros.task.ament_cmake.build:Building ROS package in '/home/shaxpy/colcon_ws_AMR/src/kelo_tulip' with build type 'ament_cmake'
[0.498s] INFO:colcon.colcon_cmake.task.cmake.build:Building CMake package in '/home/shaxpy/colcon_ws_AMR/src/kelo_tulip'
[0.500s] INFO:colcon.colcon_core.shell:Skip shell extension 'powershell' for command environment: Not usable outside of PowerShell
[0.500s] DEBUG:colcon.colcon_core.shell:Skip shell extension 'dsv' for command environment
[0.506s] INFO:colcon.colcon_ros.task.ament_python.build:Building ROS package in '/home/shaxpy/colcon_ws_AMR/src/py_trees_ros' with build type 'ament_python'
[0.507s] Level 1:colcon.colcon_core.shell:create_environment_hook('py_trees_ros', 'ament_prefix_path')
[0.510s] INFO:colcon.colcon_core.shell:Creating environment hook '/home/shaxpy/colcon_ws_AMR/install/py_trees_ros/share/py_trees_ros/hook/ament_prefix_path.ps1'
[0.512s] INFO:colcon.colcon_core.shell:Creating environment descriptor '/home/shaxpy/colcon_ws_AMR/install/py_trees_ros/share/py_trees_ros/hook/ament_prefix_path.dsv'
[0.513s] INFO:colcon.colcon_core.shell:Creating environment hook '/home/shaxpy/colcon_ws_AMR/install/py_trees_ros/share/py_trees_ros/hook/ament_prefix_path.sh'
[0.521s] INFO:colcon.colcon_core.shell:Skip shell extension 'powershell' for command environment: Not usable outside of PowerShell
[0.521s] DEBUG:colcon.colcon_core.shell:Skip shell extension 'dsv' for command environment
[0.528s] INFO:colcon.colcon_ros.task.ament_python.build:Building ROS package in '/home/shaxpy/colcon_ws_AMR/src/Robile/robile_demos/robile_control_simple' with build type 'ament_python'
[0.528s] Level 1:colcon.colcon_core.shell:create_environment_hook('robile_control_simple', 'ament_prefix_path')
[0.530s] INFO:colcon.colcon_core.shell:Creating environment hook '/home/shaxpy/colcon_ws_AMR/install/robile_control_simple/share/robile_control_simple/hook/ament_prefix_path.ps1'
[0.531s] INFO:colcon.colcon_core.shell:Creating environment descriptor '/home/shaxpy/colcon_ws_AMR/install/robile_control_simple/share/robile_control_simple/hook/ament_prefix_path.dsv'
[0.531s] INFO:colcon.colcon_core.shell:Creating environment hook '/home/shaxpy/colcon_ws_AMR/install/robile_control_simple/share/robile_control_simple/hook/ament_prefix_path.sh'
[0.533s] INFO:colcon.colcon_core.shell:Skip shell extension 'powershell' for command environment: Not usable outside of PowerShell
[0.533s] DEBUG:colcon.colcon_core.shell:Skip shell extension 'dsv' for command environment
[0.539s] INFO:colcon.colcon_ros.task.ament_python.build:Building ROS package in '/home/shaxpy/colcon_ws_AMR/src/Robile/robile_demos/robile_control_square' with build type 'ament_python'
[0.540s] Level 1:colcon.colcon_core.shell:create_environment_hook('robile_control_square', 'ament_prefix_path')
[0.542s] INFO:colcon.colcon_core.shell:Creating environment hook '/home/shaxpy/colcon_ws_AMR/install/robile_control_square/share/robile_control_square/hook/ament_prefix_path.ps1'
[0.543s] INFO:colcon.colcon_core.shell:Creating environment descriptor '/home/shaxpy/colcon_ws_AMR/install/robile_control_square/share/robile_control_square/hook/ament_prefix_path.dsv'
[0.543s] INFO:colcon.colcon_core.shell:Creating environment hook '/home/shaxpy/colcon_ws_AMR/install/robile_control_square/share/robile_control_square/hook/ament_prefix_path.sh'
[0.545s] INFO:colcon.colcon_core.shell:Skip shell extension 'powershell' for command environment: Not usable outside of PowerShell
[0.545s] DEBUG:colcon.colcon_core.shell:Skip shell extension 'dsv' for command environment
[0.551s] INFO:colcon.colcon_ros.task.ament_python.build:Building ROS package in '/home/shaxpy/colcon_ws_AMR/src/Robile/robile_demos/robile_reach_goal' with build type 'ament_python'
[0.552s] Level 1:colcon.colcon_core.shell:create_environment_hook('robile_reach_goal', 'ament_prefix_path')
[0.554s] INFO:colcon.colcon_core.shell:Creating environment hook '/home/shaxpy/colcon_ws_AMR/install/robile_reach_goal/share/robile_reach_goal/hook/ament_prefix_path.ps1'
[0.554s] INFO:colcon.colcon_core.shell:Creating environment descriptor '/home/shaxpy/colcon_ws_AMR/install/robile_reach_goal/share/robile_reach_goal/hook/ament_prefix_path.dsv'
[0.555s] INFO:colcon.colcon_core.shell:Creating environment hook '/home/shaxpy/colcon_ws_AMR/install/robile_reach_goal/share/robile_reach_goal/hook/ament_prefix_path.sh'
[0.557s] INFO:colcon.colcon_core.shell:Skip shell extension 'powershell' for command environment: Not usable outside of PowerShell
[0.557s] DEBUG:colcon.colcon_core.shell:Skip shell extension 'dsv' for command environment
[0.567s] DEBUG:colcon.colcon_core.event_handler.log_command:Invoking command in '/home/shaxpy/colcon_ws_AMR/build/robile_description': CMAKE_PREFIX_PATH=${CMAKE_PREFIX_PATH}:/home/shaxpy/colcon_ws_AMR/install/robile_reach_goal:/home/shaxpy/colcon_ws_AMR/install/robile_control_simple:/home/shaxpy/colcon_ws_AMR/install/py_trees_ros:/opt/ros/rolling /usr/bin/cmake --build /home/shaxpy/colcon_ws_AMR/build/robile_description -- -j12 -l12
[0.575s] DEBUG:colcon.colcon_core.event_handler.log_command:Invoking command in '/home/shaxpy/colcon_ws_AMR/build/kelo_tulip': CMAKE_PREFIX_PATH=${CMAKE_PREFIX_PATH}:/home/shaxpy/colcon_ws_AMR/install/robile_reach_goal:/home/shaxpy/colcon_ws_AMR/install/robile_control_simple:/home/shaxpy/colcon_ws_AMR/install/py_trees_ros:/opt/ros/rolling /usr/bin/cmake --build /home/shaxpy/colcon_ws_AMR/build/kelo_tulip -- -j12 -l12
[0.791s] INFO:colcon.colcon_core.task.python.build:Building Python package in '/home/shaxpy/colcon_ws_AMR/src/py_trees_ros'
[0.798s] INFO:colcon.colcon_core.shell:Skip shell extension 'powershell' for command environment: Not usable outside of PowerShell
[0.799s] DEBUG:colcon.colcon_core.shell:Skip shell extension 'dsv' for command environment
[1.010s] INFO:colcon.colcon_core.task.python.build:Building Python package in '/home/shaxpy/colcon_ws_AMR/src/Robile/robile_demos/robile_control_simple'
[1.016s] INFO:colcon.colcon_core.shell:Skip shell extension 'powershell' for command environment: Not usable outside of PowerShell
[1.017s] DEBUG:colcon.colcon_core.shell:Skip shell extension 'dsv' for command environment
[1.220s] INFO:colcon.colcon_core.task.python.build:Building Python package in '/home/shaxpy/colcon_ws_AMR/src/Robile/robile_demos/robile_control_square'
[1.227s] INFO:colcon.colcon_core.shell:Skip shell extension 'powershell' for command environment: Not usable outside of PowerShell
[1.227s] DEBUG:colcon.colcon_core.shell:Skip shell extension 'dsv' for command environment
[1.452s] INFO:colcon.colcon_core.task.python.build:Building Python package in '/home/shaxpy/colcon_ws_AMR/src/Robile/robile_demos/robile_reach_goal'
[1.456s] INFO:colcon.colcon_core.shell:Skip shell extension 'powershell' for command environment: Not usable outside of PowerShell
[1.456s] DEBUG:colcon.colcon_core.shell:Skip shell extension 'dsv' for command environment
[1.466s] DEBUG:colcon.colcon_core.event_handler.log_command:Invoked command in '/home/shaxpy/colcon_ws_AMR/build/robile_description' returned '0': CMAKE_PREFIX_PATH=${CMAKE_PREFIX_PATH}:/home/shaxpy/colcon_ws_AMR/install/robile_reach_goal:/home/shaxpy/colcon_ws_AMR/install/robile_control_simple:/home/shaxpy/colcon_ws_AMR/install/py_trees_ros:/opt/ros/rolling /usr/bin/cmake --build /home/shaxpy/colcon_ws_AMR/build/robile_description -- -j12 -l12
[1.468s] DEBUG:colcon.colcon_core.event_handler.log_command:Invoked command in '/home/shaxpy/colcon_ws_AMR/build/kelo_tulip' returned '0': CMAKE_PREFIX_PATH=${CMAKE_PREFIX_PATH}:/home/shaxpy/colcon_ws_AMR/install/robile_reach_goal:/home/shaxpy/colcon_ws_AMR/install/robile_control_simple:/home/shaxpy/colcon_ws_AMR/install/py_trees_ros:/opt/ros/rolling /usr/bin/cmake --build /home/shaxpy/colcon_ws_AMR/build/kelo_tulip -- -j12 -l12
[1.501s] DEBUG:colcon.colcon_core.event_handler.log_command:Invoking command in '/home/shaxpy/colcon_ws_AMR/build/robile_description': CMAKE_PREFIX_PATH=${CMAKE_PREFIX_PATH}:/home/shaxpy/colcon_ws_AMR/install/robile_reach_goal:/home/shaxpy/colcon_ws_AMR/install/robile_control_simple:/home/shaxpy/colcon_ws_AMR/install/py_trees_ros:/opt/ros/rolling /usr/bin/cmake --install /home/shaxpy/colcon_ws_AMR/build/robile_description
[1.506s] DEBUG:colcon.colcon_core.event_handler.log_command:Invoking command in '/home/shaxpy/colcon_ws_AMR/build/kelo_tulip': CMAKE_PREFIX_PATH=${CMAKE_PREFIX_PATH}:/home/shaxpy/colcon_ws_AMR/install/robile_reach_goal:/home/shaxpy/colcon_ws_AMR/install/robile_control_simple:/home/shaxpy/colcon_ws_AMR/install/py_trees_ros:/opt/ros/rolling /usr/bin/cmake --install /home/shaxpy/colcon_ws_AMR/build/kelo_tulip
[1.521s] Level 1:colcon.colcon_core.environment:create_environment_scripts_only(robile_description)
[1.532s] DEBUG:colcon.colcon_core.event_handler.log_command:Invoked command in '/home/shaxpy/colcon_ws_AMR/build/robile_description' returned '0': CMAKE_PREFIX_PATH=${CMAKE_PREFIX_PATH}:/home/shaxpy/colcon_ws_AMR/install/robile_reach_goal:/home/shaxpy/colcon_ws_AMR/install/robile_control_simple:/home/shaxpy/colcon_ws_AMR/install/py_trees_ros:/opt/ros/rolling /usr/bin/cmake --install /home/shaxpy/colcon_ws_AMR/build/robile_description
[1.548s] Level 1:colcon.colcon_core.environment:checking '/home/shaxpy/colcon_ws_AMR/install/robile_description' for CMake module files
[1.549s] Level 1:colcon.colcon_core.environment:checking '/home/shaxpy/colcon_ws_AMR/install/robile_description' for CMake config files
[1.550s] Level 1:colcon.colcon_core.shell:create_environment_hook('robile_description', 'cmake_prefix_path')
[1.554s] INFO:colcon.colcon_core.shell:Creating environment hook '/home/shaxpy/colcon_ws_AMR/install/robile_description/share/robile_description/hook/cmake_prefix_path.ps1'
[1.555s] INFO:colcon.colcon_core.shell:Creating environment descriptor '/home/shaxpy/colcon_ws_AMR/install/robile_description/share/robile_description/hook/cmake_prefix_path.dsv'
[1.555s] INFO:colcon.colcon_core.shell:Creating environment hook '/home/shaxpy/colcon_ws_AMR/install/robile_description/share/robile_description/hook/cmake_prefix_path.sh'
[1.556s] Level 1:colcon.colcon_core.environment:checking '/home/shaxpy/colcon_ws_AMR/install/robile_description/bin'
[1.556s] Level 1:colcon.colcon_core.environment:checking '/home/shaxpy/colcon_ws_AMR/install/robile_description/lib/pkgconfig/robile_description.pc'
[1.556s] Level 1:colcon.colcon_core.environment:checking '/home/shaxpy/colcon_ws_AMR/install/robile_description/lib/python3.8/site-packages'
[1.557s] Level 1:colcon.colcon_core.environment:checking '/home/shaxpy/colcon_ws_AMR/install/robile_description/bin'
[1.561s] INFO:colcon.colcon_core.shell:Creating package script '/home/shaxpy/colcon_ws_AMR/install/robile_description/share/robile_description/package.ps1'
[1.562s] INFO:colcon.colcon_core.shell:Creating package descriptor '/home/shaxpy/colcon_ws_AMR/install/robile_description/share/robile_description/package.dsv'
[1.563s] INFO:colcon.colcon_core.shell:Creating package script '/home/shaxpy/colcon_ws_AMR/install/robile_description/share/robile_description/package.sh'
[1.564s] INFO:colcon.colcon_core.shell:Creating package script '/home/shaxpy/colcon_ws_AMR/install/robile_description/share/robile_description/package.bash'
[1.565s] INFO:colcon.colcon_core.shell:Creating package script '/home/shaxpy/colcon_ws_AMR/install/robile_description/share/robile_description/package.zsh'
[1.566s] Level 1:colcon.colcon_core.environment:create_file_with_runtime_dependencies(/home/shaxpy/colcon_ws_AMR/install/robile_description/share/colcon-core/packages/robile_description)
[1.569s] Level 1:colcon.colcon_core.environment:create_environment_scripts_only(kelo_tulip)
[1.577s] Level 1:colcon.colcon_core.environment:checking '/home/shaxpy/colcon_ws_AMR/install/kelo_tulip' for CMake module files
[1.577s] DEBUG:colcon.colcon_core.event_handler.log_command:Invoked command in '/home/shaxpy/colcon_ws_AMR/build/kelo_tulip' returned '0': CMAKE_PREFIX_PATH=${CMAKE_PREFIX_PATH}:/home/shaxpy/colcon_ws_AMR/install/robile_reach_goal:/home/shaxpy/colcon_ws_AMR/install/robile_control_simple:/home/shaxpy/colcon_ws_AMR/install/py_trees_ros:/opt/ros/rolling /usr/bin/cmake --install /home/shaxpy/colcon_ws_AMR/build/kelo_tulip
[1.578s] Level 1:colcon.colcon_core.environment:checking '/home/shaxpy/colcon_ws_AMR/install/kelo_tulip' for CMake config files
[1.579s] Level 1:colcon.colcon_core.shell:create_environment_hook('kelo_tulip', 'cmake_prefix_path')
[1.584s] INFO:colcon.colcon_core.shell:Creating environment hook '/home/shaxpy/colcon_ws_AMR/install/kelo_tulip/share/kelo_tulip/hook/cmake_prefix_path.ps1'
[1.585s] INFO:colcon.colcon_core.shell:Creating environment descriptor '/home/shaxpy/colcon_ws_AMR/install/kelo_tulip/share/kelo_tulip/hook/cmake_prefix_path.dsv'
[1.585s] INFO:colcon.colcon_core.shell:Creating environment hook '/home/shaxpy/colcon_ws_AMR/install/kelo_tulip/share/kelo_tulip/hook/cmake_prefix_path.sh'
[1.586s] Level 1:colcon.colcon_core.environment:checking '/home/shaxpy/colcon_ws_AMR/install/kelo_tulip/lib'
[1.586s] Level 1:colcon.colcon_core.environment:checking '/home/shaxpy/colcon_ws_AMR/install/kelo_tulip/bin'
[1.586s] Level 1:colcon.colcon_core.environment:checking '/home/shaxpy/colcon_ws_AMR/install/kelo_tulip/lib/pkgconfig/kelo_tulip.pc'
[1.586s] Level 1:colcon.colcon_core.environment:checking '/home/shaxpy/colcon_ws_AMR/install/kelo_tulip/lib/python3.8/site-packages'
[1.586s] Level 1:colcon.colcon_core.environment:checking '/home/shaxpy/colcon_ws_AMR/install/kelo_tulip/bin'
[1.591s] INFO:colcon.colcon_core.shell:Creating package script '/home/shaxpy/colcon_ws_AMR/install/kelo_tulip/share/kelo_tulip/package.ps1'
[1.592s] INFO:colcon.colcon_core.shell:Creating package descriptor '/home/shaxpy/colcon_ws_AMR/install/kelo_tulip/share/kelo_tulip/package.dsv'
[1.592s] INFO:colcon.colcon_core.shell:Creating package script '/home/shaxpy/colcon_ws_AMR/install/kelo_tulip/share/kelo_tulip/package.sh'
[1.593s] INFO:colcon.colcon_core.shell:Creating package script '/home/shaxpy/colcon_ws_AMR/install/kelo_tulip/share/kelo_tulip/package.bash'
[1.593s] INFO:colcon.colcon_core.shell:Creating package script '/home/shaxpy/colcon_ws_AMR/install/kelo_tulip/share/kelo_tulip/package.zsh'
[1.594s] Level 1:colcon.colcon_core.environment:create_file_with_runtime_dependencies(/home/shaxpy/colcon_ws_AMR/install/kelo_tulip/share/colcon-core/packages/kelo_tulip)
[1.602s] Level 1:colcon.colcon_core.environment:create_environment_scripts_only(robile_description)
[1.608s] Level 1:colcon.colcon_core.environment:checking '/home/shaxpy/colcon_ws_AMR/install/robile_description' for CMake module files
[1.609s] Level 1:colcon.colcon_core.environment:checking '/home/shaxpy/colcon_ws_AMR/install/robile_description' for CMake config files
[1.609s] Level 1:colcon.colcon_core.shell:create_environment_hook('robile_description', 'cmake_prefix_path')
[1.614s] INFO:colcon.colcon_core.shell:Creating environment hook '/home/shaxpy/colcon_ws_AMR/install/robile_description/share/robile_description/hook/cmake_prefix_path.ps1'
[1.615s] INFO:colcon.colcon_core.shell:Creating environment descriptor '/home/shaxpy/colcon_ws_AMR/install/robile_description/share/robile_description/hook/cmake_prefix_path.dsv'
[1.615s] INFO:colcon.colcon_core.shell:Creating environment hook '/home/shaxpy/colcon_ws_AMR/install/robile_description/share/robile_description/hook/cmake_prefix_path.sh'
[1.616s] Level 1:colcon.colcon_core.environment:checking '/home/shaxpy/colcon_ws_AMR/install/robile_description/bin'
[1.616s] Level 1:colcon.colcon_core.environment:checking '/home/shaxpy/colcon_ws_AMR/install/robile_description/lib/pkgconfig/robile_description.pc'
[1.617s] Level 1:colcon.colcon_core.environment:checking '/home/shaxpy/colcon_ws_AMR/install/robile_description/lib/python3.8/site-packages'
[1.617s] Level 1:colcon.colcon_core.environment:checking '/home/shaxpy/colcon_ws_AMR/install/robile_description/bin'
[1.621s] INFO:colcon.colcon_core.shell:Creating package script '/home/shaxpy/colcon_ws_AMR/install/robile_description/share/robile_description/package.ps1'
[1.622s] INFO:colcon.colcon_core.shell:Creating package descriptor '/home/shaxpy/colcon_ws_AMR/install/robile_description/share/robile_description/package.dsv'
[1.623s] INFO:colcon.colcon_core.shell:Creating package script '/home/shaxpy/colcon_ws_AMR/install/robile_description/share/robile_description/package.sh'
[1.623s] INFO:colcon.colcon_core.shell:Creating package script '/home/shaxpy/colcon_ws_AMR/install/robile_description/share/robile_description/package.bash'
[1.624s] INFO:colcon.colcon_core.shell:Creating package script '/home/shaxpy/colcon_ws_AMR/install/robile_description/share/robile_description/package.zsh'
[1.624s] Level 1:colcon.colcon_core.environment:create_file_with_runtime_dependencies(/home/shaxpy/colcon_ws_AMR/install/robile_description/share/colcon-core/packages/robile_description)
[1.625s] INFO:colcon.colcon_ros.task.ament_cmake.build:Building ROS package in '/home/shaxpy/colcon_ws_AMR/src/robile_gazebo' with build type 'ament_cmake'
[1.626s] INFO:colcon.colcon_cmake.task.cmake.build:Building CMake package in '/home/shaxpy/colcon_ws_AMR/src/robile_gazebo'
[1.630s] INFO:colcon.colcon_core.shell:Skip shell extension 'powershell' for command environment: Not usable outside of PowerShell
[1.630s] DEBUG:colcon.colcon_core.shell:Skip shell extension 'dsv' for command environment
[1.648s] Level 1:colcon.colcon_core.environment:create_environment_scripts_only(kelo_tulip)
[1.655s] Level 1:colcon.colcon_core.environment:checking '/home/shaxpy/colcon_ws_AMR/install/kelo_tulip' for CMake module files
[1.656s] Level 1:colcon.colcon_core.environment:checking '/home/shaxpy/colcon_ws_AMR/install/kelo_tulip' for CMake config files
[1.657s] Level 1:colcon.colcon_core.shell:create_environment_hook('kelo_tulip', 'cmake_prefix_path')
[1.662s] INFO:colcon.colcon_core.shell:Creating environment hook '/home/shaxpy/colcon_ws_AMR/install/kelo_tulip/share/kelo_tulip/hook/cmake_prefix_path.ps1'
[1.662s] INFO:colcon.colcon_core.shell:Creating environment descriptor '/home/shaxpy/colcon_ws_AMR/install/kelo_tulip/share/kelo_tulip/hook/cmake_prefix_path.dsv'
[1.663s] INFO:colcon.colcon_core.shell:Creating environment hook '/home/shaxpy/colcon_ws_AMR/install/kelo_tulip/share/kelo_tulip/hook/cmake_prefix_path.sh'
[1.663s] Level 1:colcon.colcon_core.environment:checking '/home/shaxpy/colcon_ws_AMR/install/kelo_tulip/lib'
[1.663s] Level 1:colcon.colcon_core.environment:checking '/home/shaxpy/colcon_ws_AMR/install/kelo_tulip/bin'
[1.663s] Level 1:colcon.colcon_core.environment:checking '/home/shaxpy/colcon_ws_AMR/install/kelo_tulip/lib/pkgconfig/kelo_tulip.pc'
[1.664s] Level 1:colcon.colcon_core.environment:checking '/home/shaxpy/colcon_ws_AMR/install/kelo_tulip/lib/python3.8/site-packages'
[1.664s] Level 1:colcon.colcon_core.environment:checking '/home/shaxpy/colcon_ws_AMR/install/kelo_tulip/bin'
[1.668s] INFO:colcon.colcon_core.shell:Creating package script '/home/shaxpy/colcon_ws_AMR/install/kelo_tulip/share/kelo_tulip/package.ps1'
[1.669s] INFO:colcon.colcon_core.shell:Creating package descriptor '/home/shaxpy/colcon_ws_AMR/install/kelo_tulip/share/kelo_tulip/package.dsv'
[1.669s] INFO:colcon.colcon_core.shell:Creating package script '/home/shaxpy/colcon_ws_AMR/install/kelo_tulip/share/kelo_tulip/package.sh'
[1.670s] INFO:colcon.colcon_core.shell:Creating package script '/home/shaxpy/colcon_ws_AMR/install/kelo_tulip/share/kelo_tulip/package.bash'
[1.670s] INFO:colcon.colcon_core.shell:Creating package script '/home/shaxpy/colcon_ws_AMR/install/kelo_tulip/share/kelo_tulip/package.zsh'
[1.671s] Level 1:colcon.colcon_core.environment:create_file_with_runtime_dependencies(/home/shaxpy/colcon_ws_AMR/install/kelo_tulip/share/colcon-core/packages/kelo_tulip)
[1.678s] DEBUG:colcon.colcon_core.event_handler.log_command:Invoking command in '/home/shaxpy/colcon_ws_AMR/build/robile_gazebo': CMAKE_PREFIX_PATH=/home/shaxpy/colcon_ws_AMR/install/robile_description:/home/shaxpy/colcon_ws_AMR/install/robile_gazebo:/home/shaxpy/colcon_ws_AMR/install/kelo_tulip:/home/shaxpy/amr_first_ws/install/robile_gazebo:/home/shaxpy/amr_first_ws/install/robile_description:/home/shaxpy/colcon_ws_AMR/install/robile_reach_goal:/home/shaxpy/colcon_ws_AMR/install/robile_control_simple:/home/shaxpy/colcon_ws_AMR/install/py_trees_ros:/opt/ros/rolling /usr/bin/cmake --build /home/shaxpy/colcon_ws_AMR/build/robile_gazebo -- -j12 -l12
[1.724s] DEBUG:colcon.colcon_core.event_handler.log_command:Invoked command in '/home/shaxpy/colcon_ws_AMR/build/robile_gazebo' returned '0': CMAKE_PREFIX_PATH=/home/shaxpy/colcon_ws_AMR/install/robile_description:/home/shaxpy/colcon_ws_AMR/install/robile_gazebo:/home/shaxpy/colcon_ws_AMR/install/kelo_tulip:/home/shaxpy/amr_first_ws/install/robile_gazebo:/home/shaxpy/amr_first_ws/install/robile_description:/home/shaxpy/colcon_ws_AMR/install/robile_reach_goal:/home/shaxpy/colcon_ws_AMR/install/robile_control_simple:/home/shaxpy/colcon_ws_AMR/install/py_trees_ros:/opt/ros/rolling /usr/bin/cmake --build /home/shaxpy/colcon_ws_AMR/build/robile_gazebo -- -j12 -l12
[1.745s] DEBUG:colcon.colcon_core.event_handler.log_command:Invoking command in '/home/shaxpy/colcon_ws_AMR/build/robile_gazebo': CMAKE_PREFIX_PATH=/home/shaxpy/colcon_ws_AMR/install/robile_description:/home/shaxpy/colcon_ws_AMR/install/robile_gazebo:/home/shaxpy/colcon_ws_AMR/install/kelo_tulip:/home/shaxpy/amr_first_ws/install/robile_gazebo:/home/shaxpy/amr_first_ws/install/robile_description:/home/shaxpy/colcon_ws_AMR/install/robile_reach_goal:/home/shaxpy/colcon_ws_AMR/install/robile_control_simple:/home/shaxpy/colcon_ws_AMR/install/py_trees_ros:/opt/ros/rolling /usr/bin/cmake --install /home/shaxpy/colcon_ws_AMR/build/robile_gazebo
[1.756s] Level 1:colcon.colcon_core.environment:create_environment_scripts_only(robile_gazebo)
[1.763s] Level 1:colcon.colcon_core.environment:checking '/home/shaxpy/colcon_ws_AMR/install/robile_gazebo' for CMake module files
[1.763s] DEBUG:colcon.colcon_core.event_handler.log_command:Invoked command in '/home/shaxpy/colcon_ws_AMR/build/robile_gazebo' returned '0': CMAKE_PREFIX_PATH=/home/shaxpy/colcon_ws_AMR/install/robile_description:/home/shaxpy/colcon_ws_AMR/install/robile_gazebo:/home/shaxpy/colcon_ws_AMR/install/kelo_tulip:/home/shaxpy/amr_first_ws/install/robile_gazebo:/home/shaxpy/amr_first_ws/install/robile_description:/home/shaxpy/colcon_ws_AMR/install/robile_reach_goal:/home/shaxpy/colcon_ws_AMR/install/robile_control_simple:/home/shaxpy/colcon_ws_AMR/install/py_trees_ros:/opt/ros/rolling /usr/bin/cmake --install /home/shaxpy/colcon_ws_AMR/build/robile_gazebo
[1.764s] Level 1:colcon.colcon_core.environment:checking '/home/shaxpy/colcon_ws_AMR/install/robile_gazebo' for CMake config files
[1.764s] Level 1:colcon.colcon_core.shell:create_environment_hook('robile_gazebo', 'cmake_prefix_path')
[1.769s] INFO:colcon.colcon_core.shell:Creating environment hook '/home/shaxpy/colcon_ws_AMR/install/robile_gazebo/share/robile_gazebo/hook/cmake_prefix_path.ps1'
[1.769s] INFO:colcon.colcon_core.shell:Creating environment descriptor '/home/shaxpy/colcon_ws_AMR/install/robile_gazebo/share/robile_gazebo/hook/cmake_prefix_path.dsv'
[1.770s] INFO:colcon.colcon_core.shell:Creating environment hook '/home/shaxpy/colcon_ws_AMR/install/robile_gazebo/share/robile_gazebo/hook/cmake_prefix_path.sh'
[1.770s] Level 1:colcon.colcon_core.environment:checking '/home/shaxpy/colcon_ws_AMR/install/robile_gazebo/bin'
[1.770s] Level 1:colcon.colcon_core.environment:checking '/home/shaxpy/colcon_ws_AMR/install/robile_gazebo/lib/pkgconfig/robile_gazebo.pc'
[1.771s] Level 1:colcon.colcon_core.environment:checking '/home/shaxpy/colcon_ws_AMR/install/robile_gazebo/lib/python3.8/site-packages'
[1.771s] Level 1:colcon.colcon_core.environment:checking '/home/shaxpy/colcon_ws_AMR/install/robile_gazebo/bin'
[1.775s] INFO:colcon.colcon_core.shell:Creating package script '/home/shaxpy/colcon_ws_AMR/install/robile_gazebo/share/robile_gazebo/package.ps1'
[1.776s] INFO:colcon.colcon_core.shell:Creating package descriptor '/home/shaxpy/colcon_ws_AMR/install/robile_gazebo/share/robile_gazebo/package.dsv'
[1.776s] INFO:colcon.colcon_core.shell:Creating package script '/home/shaxpy/colcon_ws_AMR/install/robile_gazebo/share/robile_gazebo/package.sh'
[1.776s] INFO:colcon.colcon_core.shell:Creating package script '/home/shaxpy/colcon_ws_AMR/install/robile_gazebo/share/robile_gazebo/package.bash'
[1.777s] INFO:colcon.colcon_core.shell:Creating package script '/home/shaxpy/colcon_ws_AMR/install/robile_gazebo/share/robile_gazebo/package.zsh'
[1.777s] Level 1:colcon.colcon_core.environment:create_file_with_runtime_dependencies(/home/shaxpy/colcon_ws_AMR/install/robile_gazebo/share/colcon-core/packages/robile_gazebo)
[1.801s] Level 1:colcon.colcon_core.environment:create_environment_scripts_only(robile_gazebo)
[1.807s] Level 1:colcon.colcon_core.environment:checking '/home/shaxpy/colcon_ws_AMR/install/robile_gazebo' for CMake module files
[1.808s] Level 1:colcon.colcon_core.environment:checking '/home/shaxpy/colcon_ws_AMR/install/robile_gazebo' for CMake config files
[1.808s] Level 1:colcon.colcon_core.shell:create_environment_hook('robile_gazebo', 'cmake_prefix_path')
[1.813s] INFO:colcon.colcon_core.shell:Creating environment hook '/home/shaxpy/colcon_ws_AMR/install/robile_gazebo/share/robile_gazebo/hook/cmake_prefix_path.ps1'
[1.813s] INFO:colcon.colcon_core.shell:Creating environment descriptor '/home/shaxpy/colcon_ws_AMR/install/robile_gazebo/share/robile_gazebo/hook/cmake_prefix_path.dsv'
[1.814s] INFO:colcon.colcon_core.shell:Creating environment hook '/home/shaxpy/colcon_ws_AMR/install/robile_gazebo/share/robile_gazebo/hook/cmake_prefix_path.sh'
[1.814s] Level 1:colcon.colcon_core.environment:checking '/home/shaxpy/colcon_ws_AMR/install/robile_gazebo/bin'
[1.814s] Level 1:colcon.colcon_core.environment:checking '/home/shaxpy/colcon_ws_AMR/install/robile_gazebo/lib/pkgconfig/robile_gazebo.pc'
[1.814s] Level 1:colcon.colcon_core.environment:checking '/home/shaxpy/colcon_ws_AMR/install/robile_gazebo/lib/python3.8/site-packages'
[1.815s] Level 1:colcon.colcon_core.environment:checking '/home/shaxpy/colcon_ws_AMR/install/robile_gazebo/bin'
[1.819s] INFO:colcon.colcon_core.shell:Creating package script '/home/shaxpy/colcon_ws_AMR/install/robile_gazebo/share/robile_gazebo/package.ps1'
[1.820s] INFO:colcon.colcon_core.shell:Creating package descriptor '/home/shaxpy/colcon_ws_AMR/install/robile_gazebo/share/robile_gazebo/package.dsv'
[1.820s] INFO:colcon.colcon_core.shell:Creating package script '/home/shaxpy/colcon_ws_AMR/install/robile_gazebo/share/robile_gazebo/package.sh'
[1.821s] INFO:colcon.colcon_core.shell:Creating package script '/home/shaxpy/colcon_ws_AMR/install/robile_gazebo/share/robile_gazebo/package.bash'
[1.821s] INFO:colcon.colcon_core.shell:Creating package script '/home/shaxpy/colcon_ws_AMR/install/robile_gazebo/share/robile_gazebo/package.zsh'
[1.822s] Level 1:colcon.colcon_core.environment:create_file_with_runtime_dependencies(/home/shaxpy/colcon_ws_AMR/install/robile_gazebo/share/colcon-core/packages/robile_gazebo)
[2.092s] DEBUG:colcon.colcon_core.event_handler.log_command:Invoking command in '/home/shaxpy/colcon_ws_AMR/src/Robile/robile_demos/robile_reach_goal': PYTHONPATH=/home/shaxpy/colcon_ws_AMR/build/robile_reach_goal/prefix_override:/home/shaxpy/colcon_ws_AMR/install/robile_reach_goal/lib/python3.8/site-packages:${PYTHONPATH} /usr/bin/python3 setup.py egg_info --egg-base ../../../../build/robile_reach_goal build --build-base /home/shaxpy/colcon_ws_AMR/build/robile_reach_goal/build install --record /home/shaxpy/colcon_ws_AMR/build/robile_reach_goal/install.log --single-version-externally-managed
[2.094s] DEBUG:colcon.colcon_core.event_handler.log_command:Invoking command in '/home/shaxpy/colcon_ws_AMR/src/Robile/robile_demos/robile_control_square': PYTHONPATH=/home/shaxpy/colcon_ws_AMR/build/robile_control_square/prefix_override:/home/shaxpy/colcon_ws_AMR/install/robile_control_square/lib/python3.8/site-packages:${PYTHONPATH} /usr/bin/python3 setup.py egg_info --egg-base ../../../../build/robile_control_square build --build-base /home/shaxpy/colcon_ws_AMR/build/robile_control_square/build install --record /home/shaxpy/colcon_ws_AMR/build/robile_control_square/install.log --single-version-externally-managed
[2.098s] DEBUG:colcon.colcon_core.event_handler.log_command:Invoking command in '/home/shaxpy/colcon_ws_AMR/src/Robile/robile_demos/robile_control_simple': PYTHONPATH=/home/shaxpy/colcon_ws_AMR/build/robile_control_simple/prefix_override:/home/shaxpy/colcon_ws_AMR/install/robile_control_simple/lib/python3.8/site-packages:${PYTHONPATH} /usr/bin/python3 setup.py egg_info --egg-base ../../../../build/robile_control_simple build --build-base /home/shaxpy/colcon_ws_AMR/build/robile_control_simple/build install --record /home/shaxpy/colcon_ws_AMR/build/robile_control_simple/install.log --single-version-externally-managed
[2.100s] DEBUG:colcon.colcon_core.event_handler.log_command:Invoking command in '/home/shaxpy/colcon_ws_AMR/src/py_trees_ros': PYTHONPATH=/home/shaxpy/colcon_ws_AMR/build/py_trees_ros/prefix_override:/home/shaxpy/colcon_ws_AMR/install/py_trees_ros/lib/python3.8/site-packages:${PYTHONPATH} /usr/bin/python3 setup.py egg_info --egg-base ../../build/py_trees_ros build --build-base /home/shaxpy/colcon_ws_AMR/build/py_trees_ros/build install --record /home/shaxpy/colcon_ws_AMR/build/py_trees_ros/install.log --single-version-externally-managed
[2.378s] Level 1:colcon.colcon_core.environment:checking '/home/shaxpy/colcon_ws_AMR/install/py_trees_ros' for CMake module files
[2.378s] DEBUG:colcon.colcon_core.event_handler.log_command:Invoked command in '/home/shaxpy/colcon_ws_AMR/src/py_trees_ros' returned '0': PYTHONPATH=/home/shaxpy/colcon_ws_AMR/build/py_trees_ros/prefix_override:/home/shaxpy/colcon_ws_AMR/install/py_trees_ros/lib/python3.8/site-packages:${PYTHONPATH} /usr/bin/python3 setup.py egg_info --egg-base ../../build/py_trees_ros build --build-base /home/shaxpy/colcon_ws_AMR/build/py_trees_ros/build install --record /home/shaxpy/colcon_ws_AMR/build/py_trees_ros/install.log --single-version-externally-managed
[2.379s] Level 1:colcon.colcon_core.environment:checking '/home/shaxpy/colcon_ws_AMR/install/py_trees_ros' for CMake config files
[2.379s] Level 1:colcon.colcon_core.environment:checking '/home/shaxpy/colcon_ws_AMR/install/py_trees_ros/lib'
[2.379s] Level 1:colcon.colcon_core.environment:checking '/home/shaxpy/colcon_ws_AMR/install/py_trees_ros/bin'
[2.379s] Level 1:colcon.colcon_core.shell:create_environment_hook('py_trees_ros', 'path')
[2.382s] INFO:colcon.colcon_core.shell:Creating environment hook '/home/shaxpy/colcon_ws_AMR/install/py_trees_ros/share/py_trees_ros/hook/path.ps1'
[2.382s] INFO:colcon.colcon_core.shell:Creating environment descriptor '/home/shaxpy/colcon_ws_AMR/install/py_trees_ros/share/py_trees_ros/hook/path.dsv'
[2.382s] INFO:colcon.colcon_core.shell:Creating environment hook '/home/shaxpy/colcon_ws_AMR/install/py_trees_ros/share/py_trees_ros/hook/path.sh'
[2.383s] Level 1:colcon.colcon_core.environment:checking '/home/shaxpy/colcon_ws_AMR/install/py_trees_ros/lib/pkgconfig/py_trees_ros.pc'
[2.383s] Level 1:colcon.colcon_core.environment:checking '/home/shaxpy/colcon_ws_AMR/install/py_trees_ros/lib/python3.8/site-packages'
[2.383s] Level 1:colcon.colcon_core.shell:create_environment_hook('py_trees_ros', 'pythonpath')
[2.385s] INFO:colcon.colcon_core.shell:Creating environment hook '/home/shaxpy/colcon_ws_AMR/install/py_trees_ros/share/py_trees_ros/hook/pythonpath.ps1'
[2.386s] INFO:colcon.colcon_core.shell:Creating environment descriptor '/home/shaxpy/colcon_ws_AMR/install/py_trees_ros/share/py_trees_ros/hook/pythonpath.dsv'
[2.386s] INFO:colcon.colcon_core.shell:Creating environment hook '/home/shaxpy/colcon_ws_AMR/install/py_trees_ros/share/py_trees_ros/hook/pythonpath.sh'
[2.386s] Level 1:colcon.colcon_core.environment:checking '/home/shaxpy/colcon_ws_AMR/install/py_trees_ros/bin'
[2.386s] Level 1:colcon.colcon_core.shell:create_environment_hook('py_trees_ros', 'pythonscriptspath')
[2.389s] INFO:colcon.colcon_core.shell:Creating environment hook '/home/shaxpy/colcon_ws_AMR/install/py_trees_ros/share/py_trees_ros/hook/pythonscriptspath.ps1'
[2.389s] INFO:colcon.colcon_core.shell:Creating environment descriptor '/home/shaxpy/colcon_ws_AMR/install/py_trees_ros/share/py_trees_ros/hook/pythonscriptspath.dsv'
[2.390s] INFO:colcon.colcon_core.shell:Creating environment hook '/home/shaxpy/colcon_ws_AMR/install/py_trees_ros/share/py_trees_ros/hook/pythonscriptspath.sh'
[2.390s] Level 1:colcon.colcon_core.environment:create_environment_scripts_only(py_trees_ros)
[2.393s] INFO:colcon.colcon_core.shell:Creating package script '/home/shaxpy/colcon_ws_AMR/install/py_trees_ros/share/py_trees_ros/package.ps1'
[2.394s] INFO:colcon.colcon_core.shell:Creating package descriptor '/home/shaxpy/colcon_ws_AMR/install/py_trees_ros/share/py_trees_ros/package.dsv'
[2.394s] INFO:colcon.colcon_core.shell:Creating package script '/home/shaxpy/colcon_ws_AMR/install/py_trees_ros/share/py_trees_ros/package.sh'
[2.395s] INFO:colcon.colcon_core.shell:Creating package script '/home/shaxpy/colcon_ws_AMR/install/py_trees_ros/share/py_trees_ros/package.bash'
[2.395s] INFO:colcon.colcon_core.shell:Creating package script '/home/shaxpy/colcon_ws_AMR/install/py_trees_ros/share/py_trees_ros/package.zsh'
[2.395s] Level 1:colcon.colcon_core.environment:create_file_with_runtime_dependencies(/home/shaxpy/colcon_ws_AMR/install/py_trees_ros/share/colcon-core/packages/py_trees_ros)
[2.400s] Level 1:colcon.colcon_core.environment:checking '/home/shaxpy/colcon_ws_AMR/install/robile_control_square' for CMake module files
[2.400s] DEBUG:colcon.colcon_core.event_handler.log_command:Invoked command in '/home/shaxpy/colcon_ws_AMR/src/Robile/robile_demos/robile_control_square' returned '0': PYTHONPATH=/home/shaxpy/colcon_ws_AMR/build/robile_control_square/prefix_override:/home/shaxpy/colcon_ws_AMR/install/robile_control_square/lib/python3.8/site-packages:${PYTHONPATH} /usr/bin/python3 setup.py egg_info --egg-base ../../../../build/robile_control_square build --build-base /home/shaxpy/colcon_ws_AMR/build/robile_control_square/build install --record /home/shaxpy/colcon_ws_AMR/build/robile_control_square/install.log --single-version-externally-managed
[2.401s] Level 1:colcon.colcon_core.environment:checking '/home/shaxpy/colcon_ws_AMR/install/robile_control_square' for CMake config files
[2.401s] Level 1:colcon.colcon_core.environment:checking '/home/shaxpy/colcon_ws_AMR/install/robile_control_square/lib'
[2.401s] Level 1:colcon.colcon_core.environment:checking '/home/shaxpy/colcon_ws_AMR/install/robile_control_square/bin'
[2.401s] Level 1:colcon.colcon_core.environment:checking '/home/shaxpy/colcon_ws_AMR/install/robile_control_square/lib/pkgconfig/robile_control_square.pc'
[2.401s] Level 1:colcon.colcon_core.environment:checking '/home/shaxpy/colcon_ws_AMR/install/robile_control_square/lib/python3.8/site-packages'
[2.401s] Level 1:colcon.colcon_core.shell:create_environment_hook('robile_control_square', 'pythonpath')
[2.404s] INFO:colcon.colcon_core.shell:Creating environment hook '/home/shaxpy/colcon_ws_AMR/install/robile_control_square/share/robile_control_square/hook/pythonpath.ps1'
[2.404s] INFO:colcon.colcon_core.shell:Creating environment descriptor '/home/shaxpy/colcon_ws_AMR/install/robile_control_square/share/robile_control_square/hook/pythonpath.dsv'
[2.404s] INFO:colcon.colcon_core.shell:Creating environment hook '/home/shaxpy/colcon_ws_AMR/install/robile_control_square/share/robile_control_square/hook/pythonpath.sh'
[2.405s] Level 1:colcon.colcon_core.environment:checking '/home/shaxpy/colcon_ws_AMR/install/robile_control_square/bin'
[2.405s] Level 1:colcon.colcon_core.environment:create_environment_scripts_only(robile_control_square)
[2.407s] INFO:colcon.colcon_core.shell:Creating package script '/home/shaxpy/colcon_ws_AMR/install/robile_control_square/share/robile_control_square/package.ps1'
[2.408s] INFO:colcon.colcon_core.shell:Creating package descriptor '/home/shaxpy/colcon_ws_AMR/install/robile_control_square/share/robile_control_square/package.dsv'
[2.408s] INFO:colcon.colcon_core.shell:Creating package script '/home/shaxpy/colcon_ws_AMR/install/robile_control_square/share/robile_control_square/package.sh'
[2.408s] INFO:colcon.colcon_core.shell:Creating package script '/home/shaxpy/colcon_ws_AMR/install/robile_control_square/share/robile_control_square/package.bash'
[2.408s] INFO:colcon.colcon_core.shell:Creating package script '/home/shaxpy/colcon_ws_AMR/install/robile_control_square/share/robile_control_square/package.zsh'
[2.409s] Level 1:colcon.colcon_core.environment:create_file_with_runtime_dependencies(/home/shaxpy/colcon_ws_AMR/install/robile_control_square/share/colcon-core/packages/robile_control_square)
[2.413s] Level 1:colcon.colcon_core.environment:checking '/home/shaxpy/colcon_ws_AMR/install/robile_reach_goal' for CMake module files
[2.413s] DEBUG:colcon.colcon_core.event_handler.log_command:Invoked command in '/home/shaxpy/colcon_ws_AMR/src/Robile/robile_demos/robile_reach_goal' returned '0': PYTHONPATH=/home/shaxpy/colcon_ws_AMR/build/robile_reach_goal/prefix_override:/home/shaxpy/colcon_ws_AMR/install/robile_reach_goal/lib/python3.8/site-packages:${PYTHONPATH} /usr/bin/python3 setup.py egg_info --egg-base ../../../../build/robile_reach_goal build --build-base /home/shaxpy/colcon_ws_AMR/build/robile_reach_goal/build install --record /home/shaxpy/colcon_ws_AMR/build/robile_reach_goal/install.log --single-version-externally-managed
[2.414s] Level 1:colcon.colcon_core.environment:checking '/home/shaxpy/colcon_ws_AMR/install/robile_reach_goal' for CMake config files
[2.414s] Level 1:colcon.colcon_core.environment:checking '/home/shaxpy/colcon_ws_AMR/install/robile_reach_goal/lib'
[2.414s] Level 1:colcon.colcon_core.environment:checking '/home/shaxpy/colcon_ws_AMR/install/robile_reach_goal/bin'
[2.414s] Level 1:colcon.colcon_core.environment:checking '/home/shaxpy/colcon_ws_AMR/install/robile_reach_goal/lib/pkgconfig/robile_reach_goal.pc'
[2.414s] Level 1:colcon.colcon_core.environment:checking '/home/shaxpy/colcon_ws_AMR/install/robile_reach_goal/lib/python3.8/site-packages'
[2.414s] Level 1:colcon.colcon_core.shell:create_environment_hook('robile_reach_goal', 'pythonpath')
[2.417s] INFO:colcon.colcon_core.shell:Creating environment hook '/home/shaxpy/colcon_ws_AMR/install/robile_reach_goal/share/robile_reach_goal/hook/pythonpath.ps1'
[2.417s] INFO:colcon.colcon_core.shell:Creating environment descriptor '/home/shaxpy/colcon_ws_AMR/install/robile_reach_goal/share/robile_reach_goal/hook/pythonpath.dsv'
[2.417s] INFO:colcon.colcon_core.shell:Creating environment hook '/home/shaxpy/colcon_ws_AMR/install/robile_reach_goal/share/robile_reach_goal/hook/pythonpath.sh'
[2.418s] Level 1:colcon.colcon_core.environment:checking '/home/shaxpy/colcon_ws_AMR/install/robile_reach_goal/bin'
[2.418s] Level 1:colcon.colcon_core.environment:create_environment_scripts_only(robile_reach_goal)
[2.420s] INFO:colcon.colcon_core.shell:Creating package script '/home/shaxpy/colcon_ws_AMR/install/robile_reach_goal/share/robile_reach_goal/package.ps1'
[2.421s] INFO:colcon.colcon_core.shell:Creating package descriptor '/home/shaxpy/colcon_ws_AMR/install/robile_reach_goal/share/robile_reach_goal/package.dsv'
[2.421s] INFO:colcon.colcon_core.shell:Creating package script '/home/shaxpy/colcon_ws_AMR/install/robile_reach_goal/share/robile_reach_goal/package.sh'
[2.421s] INFO:colcon.colcon_core.shell:Creating package script '/home/shaxpy/colcon_ws_AMR/install/robile_reach_goal/share/robile_reach_goal/package.bash'
[2.421s] INFO:colcon.colcon_core.shell:Creating package script '/home/shaxpy/colcon_ws_AMR/install/robile_reach_goal/share/robile_reach_goal/package.zsh'
[2.422s] Level 1:colcon.colcon_core.environment:create_file_with_runtime_dependencies(/home/shaxpy/colcon_ws_AMR/install/robile_reach_goal/share/colcon-core/packages/robile_reach_goal)
[2.425s] Level 1:colcon.colcon_core.environment:checking '/home/shaxpy/colcon_ws_AMR/install/robile_control_simple' for CMake module files
[2.425s] DEBUG:colcon.colcon_core.event_handler.log_command:Invoked command in '/home/shaxpy/colcon_ws_AMR/src/Robile/robile_demos/robile_control_simple' returned '0': PYTHONPATH=/home/shaxpy/colcon_ws_AMR/build/robile_control_simple/prefix_override:/home/shaxpy/colcon_ws_AMR/install/robile_control_simple/lib/python3.8/site-packages:${PYTHONPATH} /usr/bin/python3 setup.py egg_info --egg-base ../../../../build/robile_control_simple build --build-base /home/shaxpy/colcon_ws_AMR/build/robile_control_simple/build install --record /home/shaxpy/colcon_ws_AMR/build/robile_control_simple/install.log --single-version-externally-managed
[2.425s] Level 1:colcon.colcon_core.environment:checking '/home/shaxpy/colcon_ws_AMR/install/robile_control_simple' for CMake config files
[2.426s] Level 1:colcon.colcon_core.environment:checking '/home/shaxpy/colcon_ws_AMR/install/robile_control_simple/lib'
[2.426s] Level 1:colcon.colcon_core.environment:checking '/home/shaxpy/colcon_ws_AMR/install/robile_control_simple/bin'
[2.426s] Level 1:colcon.colcon_core.environment:checking '/home/shaxpy/colcon_ws_AMR/install/robile_control_simple/lib/pkgconfig/robile_control_simple.pc'
[2.426s] Level 1:colcon.colcon_core.environment:checking '/home/shaxpy/colcon_ws_AMR/install/robile_control_simple/lib/python3.8/site-packages'
[2.426s] Level 1:colcon.colcon_core.shell:create_environment_hook('robile_control_simple', 'pythonpath')
[2.428s] INFO:colcon.colcon_core.shell:Creating environment hook '/home/shaxpy/colcon_ws_AMR/install/robile_control_simple/share/robile_control_simple/hook/pythonpath.ps1'
[2.428s] INFO:colcon.colcon_core.shell:Creating environment descriptor '/home/shaxpy/colcon_ws_AMR/install/robile_control_simple/share/robile_control_simple/hook/pythonpath.dsv'
[2.429s] INFO:colcon.colcon_core.shell:Creating environment hook '/home/shaxpy/colcon_ws_AMR/install/robile_control_simple/share/robile_control_simple/hook/pythonpath.sh'
[2.429s] Level 1:colcon.colcon_core.environment:checking '/home/shaxpy/colcon_ws_AMR/install/robile_control_simple/bin'
[2.429s] Level 1:colcon.colcon_core.environment:create_environment_scripts_only(robile_control_simple)
[2.433s] INFO:colcon.colcon_core.shell:Creating package script '/home/shaxpy/colcon_ws_AMR/install/robile_control_simple/share/robile_control_simple/package.ps1'
[2.433s] INFO:colcon.colcon_core.shell:Creating package descriptor '/home/shaxpy/colcon_ws_AMR/install/robile_control_simple/share/robile_control_simple/package.dsv'
[2.434s] INFO:colcon.colcon_core.shell:Creating package script '/home/shaxpy/colcon_ws_AMR/install/robile_control_simple/share/robile_control_simple/package.sh'
[2.434s] INFO:colcon.colcon_core.shell:Creating package script '/home/shaxpy/colcon_ws_AMR/install/robile_control_simple/share/robile_control_simple/package.bash'
[2.434s] INFO:colcon.colcon_core.shell:Creating package script '/home/shaxpy/colcon_ws_AMR/install/robile_control_simple/share/robile_control_simple/package.zsh'
[2.435s] Level 1:colcon.colcon_core.environment:create_file_with_runtime_dependencies(/home/shaxpy/colcon_ws_AMR/install/robile_control_simple/share/colcon-core/packages/robile_control_simple)
[2.435s] DEBUG:colcon.colcon_parallel_executor.executor.parallel:closing loop
[2.435s] DEBUG:colcon.colcon_parallel_executor.executor.parallel:loop closed
[2.435s] DEBUG:colcon.colcon_parallel_executor.executor.parallel:run_until_complete finished with '0'
[2.436s] DEBUG:colcon.colcon_core.event_reactor:joining thread
[2.442s] INFO:colcon.colcon_core.plugin_system:Skipping extension 'colcon_notification.desktop_notification.terminal_notifier': Not used on non-Darwin systems
[2.442s] INFO:colcon.colcon_core.plugin_system:Skipping extension 'colcon_notification.desktop_notification.win32': Not used on non-Windows systems
[2.442s] INFO:colcon.colcon_notification.desktop_notification:Sending desktop notification using 'notify2'
[2.475s] DEBUG:colcon.colcon_core.event_reactor:joined thread
[2.478s] INFO:colcon.colcon_core.shell:Creating prefix script '/home/shaxpy/colcon_ws_AMR/install/local_setup.ps1'
[2.479s] INFO:colcon.colcon_core.shell:Creating prefix util module '/home/shaxpy/colcon_ws_AMR/install/_local_setup_util_ps1.py'
[2.480s] INFO:colcon.colcon_core.shell:Creating prefix chain script '/home/shaxpy/colcon_ws_AMR/install/setup.ps1'
[2.482s] INFO:colcon.colcon_core.shell:Creating prefix script '/home/shaxpy/colcon_ws_AMR/install/local_setup.sh'
[2.483s] INFO:colcon.colcon_core.shell:Creating prefix util module '/home/shaxpy/colcon_ws_AMR/install/_local_setup_util_sh.py'
[2.483s] INFO:colcon.colcon_core.shell:Creating prefix chain script '/home/shaxpy/colcon_ws_AMR/install/setup.sh'
[2.485s] INFO:colcon.colcon_core.shell:Creating prefix script '/home/shaxpy/colcon_ws_AMR/install/local_setup.bash'
[2.485s] INFO:colcon.colcon_core.shell:Creating prefix chain script '/home/shaxpy/colcon_ws_AMR/install/setup.bash'
[2.487s] INFO:colcon.colcon_core.shell:Creating prefix script '/home/shaxpy/colcon_ws_AMR/install/local_setup.zsh'
[2.487s] INFO:colcon.colcon_core.shell:Creating prefix chain script '/home/shaxpy/colcon_ws_AMR/install/setup.zsh'
