[1.681s] Invoking command in '/home/shaxpy/colcon_ws_AMR/src/Robile/robile_demos/robile_new': PYTHONPATH=/home/shaxpy/colcon_ws_AMR/build/robile_new/prefix_override:/home/shaxpy/colcon_ws_AMR/install/robile_new/lib/python3.8/site-packages:${PYTHONPATH} /usr/bin/python3 setup.py egg_info --egg-base ../../../../build/robile_new build --build-base /home/shaxpy/colcon_ws_AMR/build/robile_new/build install --record /home/shaxpy/colcon_ws_AMR/build/robile_new/install.log --single-version-externally-managed
[1.880s] running egg_info
[1.880s] writing ../../../../build/robile_new/robile_new.egg-info/PKG-INFO
[1.881s] writing dependency_links to ../../../../build/robile_new/robile_new.egg-info/dependency_links.txt
[1.881s] writing entry points to ../../../../build/robile_new/robile_new.egg-info/entry_points.txt
[1.881s] writing requirements to ../../../../build/robile_new/robile_new.egg-info/requires.txt
[1.881s] writing top-level names to ../../../../build/robile_new/robile_new.egg-info/top_level.txt
[1.908s] reading manifest file '../../../../build/robile_new/robile_new.egg-info/SOURCES.txt'
[1.909s] writing manifest file '../../../../build/robile_new/robile_new.egg-info/SOURCES.txt'
[1.909s] running build
[1.909s] running build_py
[1.909s] running install
[1.910s] running install_lib
[1.911s] running install_data
[1.911s] running install_egg_info
[1.913s] removing '/home/shaxpy/colcon_ws_AMR/install/robile_new/lib/python3.8/site-packages/robile_new-0.0.0-py3.8.egg-info' (and everything under it)
[1.913s] Copying ../../../../build/robile_new/robile_new.egg-info to /home/shaxpy/colcon_ws_AMR/install/robile_new/lib/python3.8/site-packages/robile_new-0.0.0-py3.8.egg-info
[1.913s] running install_scripts
[1.927s] Installing motion_publisher script to /home/shaxpy/colcon_ws_AMR/install/robile_new/lib/robile_new
[1.928s] writing list of installed files to '/home/shaxpy/colcon_ws_AMR/build/robile_new/install.log'
[1.953s] Invoked command in '/home/shaxpy/colcon_ws_AMR/src/Robile/robile_demos/robile_new' returned '0': PYTHONPATH=/home/shaxpy/colcon_ws_AMR/build/robile_new/prefix_override:/home/shaxpy/colcon_ws_AMR/install/robile_new/lib/python3.8/site-packages:${PYTHONPATH} /usr/bin/python3 setup.py egg_info --egg-base ../../../../build/robile_new build --build-base /home/shaxpy/colcon_ws_AMR/build/robile_new/build install --record /home/shaxpy/colcon_ws_AMR/build/robile_new/install.log --single-version-externally-managed
