[1.421s] Invoking command in '/home/shaxpy/colcon_ws_AMR/src/Robile/robile_demos/robile_control_simple': PYTHONPATH=/home/shaxpy/colcon_ws_AMR/build/robile_control_simple/prefix_override:/home/shaxpy/colcon_ws_AMR/install/robile_control_simple/lib/python3.8/site-packages:${PYTHONPATH} /usr/bin/python3 setup.py egg_info --egg-base ../../../../build/robile_control_simple build --build-base /home/shaxpy/colcon_ws_AMR/build/robile_control_simple/build install --record /home/shaxpy/colcon_ws_AMR/build/robile_control_simple/install.log --single-version-externally-managed
[1.634s] running egg_info
[1.634s] creating ../../../../build/robile_control_simple/robile_control_simple.egg-info
[1.635s] writing ../../../../build/robile_control_simple/robile_control_simple.egg-info/PKG-INFO
[1.635s] writing dependency_links to ../../../../build/robile_control_simple/robile_control_simple.egg-info/dependency_links.txt
[1.635s] writing entry points to ../../../../build/robile_control_simple/robile_control_simple.egg-info/entry_points.txt
[1.635s] writing requirements to ../../../../build/robile_control_simple/robile_control_simple.egg-info/requires.txt
[1.635s] writing top-level names to ../../../../build/robile_control_simple/robile_control_simple.egg-info/top_level.txt
[1.636s] writing manifest file '../../../../build/robile_control_simple/robile_control_simple.egg-info/SOURCES.txt'
[1.665s] reading manifest file '../../../../build/robile_control_simple/robile_control_simple.egg-info/SOURCES.txt'
[1.666s] writing manifest file '../../../../build/robile_control_simple/robile_control_simple.egg-info/SOURCES.txt'
[1.666s] running build
[1.666s] running build_py
[1.666s] creating /home/shaxpy/colcon_ws_AMR/build/robile_control_simple/build
[1.666s] creating /home/shaxpy/colcon_ws_AMR/build/robile_control_simple/build/lib
[1.666s] creating /home/shaxpy/colcon_ws_AMR/build/robile_control_simple/build/lib/robile_control_simple
[1.667s] copying robile_control_simple/robile_control_simple.py -> /home/shaxpy/colcon_ws_AMR/build/robile_control_simple/build/lib/robile_control_simple
[1.667s] copying robile_control_simple/__init__.py -> /home/shaxpy/colcon_ws_AMR/build/robile_control_simple/build/lib/robile_control_simple
[1.667s] running install
[1.667s] running install_lib
[1.668s] creating /home/shaxpy/colcon_ws_AMR/install/robile_control_simple/lib/python3.8/site-packages/robile_control_simple
[1.668s] copying /home/shaxpy/colcon_ws_AMR/build/robile_control_simple/build/lib/robile_control_simple/robile_control_simple.py -> /home/shaxpy/colcon_ws_AMR/install/robile_control_simple/lib/python3.8/site-packages/robile_control_simple
[1.668s] copying /home/shaxpy/colcon_ws_AMR/build/robile_control_simple/build/lib/robile_control_simple/__init__.py -> /home/shaxpy/colcon_ws_AMR/install/robile_control_simple/lib/python3.8/site-packages/robile_control_simple
[1.669s] byte-compiling /home/shaxpy/colcon_ws_AMR/install/robile_control_simple/lib/python3.8/site-packages/robile_control_simple/robile_control_simple.py to robile_control_simple.cpython-38.pyc
[1.670s] byte-compiling /home/shaxpy/colcon_ws_AMR/install/robile_control_simple/lib/python3.8/site-packages/robile_control_simple/__init__.py to __init__.cpython-38.pyc
[1.670s] running install_data
[1.671s] creating /home/shaxpy/colcon_ws_AMR/install/robile_control_simple/share/ament_index
[1.671s] creating /home/shaxpy/colcon_ws_AMR/install/robile_control_simple/share/ament_index/resource_index
[1.671s] creating /home/shaxpy/colcon_ws_AMR/install/robile_control_simple/share/ament_index/resource_index/packages
[1.671s] copying resource/robile_control_simple -> /home/shaxpy/colcon_ws_AMR/install/robile_control_simple/share/ament_index/resource_index/packages
[1.671s] copying package.xml -> /home/shaxpy/colcon_ws_AMR/install/robile_control_simple/share/robile_control_simple
[1.672s] running install_egg_info
[1.673s] Copying ../../../../build/robile_control_simple/robile_control_simple.egg-info to /home/shaxpy/colcon_ws_AMR/install/robile_control_simple/lib/python3.8/site-packages/robile_control_simple-0.0.0-py3.8.egg-info
[1.674s] running install_scripts
[1.691s] Installing circular_motion_publisher script to /home/shaxpy/colcon_ws_AMR/install/robile_control_simple/lib/robile_control_simple
[1.691s] writing list of installed files to '/home/shaxpy/colcon_ws_AMR/build/robile_control_simple/install.log'
[1.715s] Invoked command in '/home/shaxpy/colcon_ws_AMR/src/Robile/robile_demos/robile_control_simple' returned '0': PYTHONPATH=/home/shaxpy/colcon_ws_AMR/build/robile_control_simple/prefix_override:/home/shaxpy/colcon_ws_AMR/install/robile_control_simple/lib/python3.8/site-packages:${PYTHONPATH} /usr/bin/python3 setup.py egg_info --egg-base ../../../../build/robile_control_simple build --build-base /home/shaxpy/colcon_ws_AMR/build/robile_control_simple/build install --record /home/shaxpy/colcon_ws_AMR/build/robile_control_simple/install.log --single-version-externally-managed
