[1.644s] Invoking command in '/home/shaxpy/colcon_ws_AMR/src/py_trees_ros': PYTHONPATH=/home/shaxpy/colcon_ws_AMR/build/py_trees_ros/prefix_override:/home/shaxpy/colcon_ws_AMR/install/py_trees_ros/lib/python3.8/site-packages:${PYTHONPATH} /usr/bin/python3 setup.py egg_info --egg-base ../../build/py_trees_ros build --build-base /home/shaxpy/colcon_ws_AMR/build/py_trees_ros/build install --record /home/shaxpy/colcon_ws_AMR/build/py_trees_ros/install.log --single-version-externally-managed
[1.833s] running egg_info
[1.834s] writing ../../build/py_trees_ros/py_trees_ros.egg-info/PKG-INFO
[1.834s] writing dependency_links to ../../build/py_trees_ros/py_trees_ros.egg-info/dependency_links.txt
[1.834s] writing entry points to ../../build/py_trees_ros/py_trees_ros.egg-info/entry_points.txt
[1.834s] writing top-level names to ../../build/py_trees_ros/py_trees_ros.egg-info/top_level.txt
[1.863s] reading manifest file '../../build/py_trees_ros/py_trees_ros.egg-info/SOURCES.txt'
[1.864s] writing manifest file '../../build/py_trees_ros/py_trees_ros.egg-info/SOURCES.txt'
[1.864s] running build
[1.864s] running build_py
[1.865s] running install
[1.866s] running install_lib
[1.868s] running install_data
[1.868s] running install_egg_info
[1.874s] removing '/home/shaxpy/colcon_ws_AMR/install/py_trees_ros/lib/python3.8/site-packages/py_trees_ros-2.2.2-py3.8.egg-info' (and everything under it)
[1.874s] Copying ../../build/py_trees_ros/py_trees_ros.egg-info to /home/shaxpy/colcon_ws_AMR/install/py_trees_ros/lib/python3.8/site-packages/py_trees_ros-2.2.2-py3.8.egg-info
[1.874s] running install_scripts
[1.883s] Installing py-trees-blackboard-watcher script to /home/shaxpy/colcon_ws_AMR/install/py_trees_ros/bin
[1.883s] Installing py-trees-tree-watcher script to /home/shaxpy/colcon_ws_AMR/install/py_trees_ros/bin
[1.883s] writing list of installed files to '/home/shaxpy/colcon_ws_AMR/build/py_trees_ros/install.log'
[1.939s] Invoked command in '/home/shaxpy/colcon_ws_AMR/src/py_trees_ros' returned '0': PYTHONPATH=/home/shaxpy/colcon_ws_AMR/build/py_trees_ros/prefix_override:/home/shaxpy/colcon_ws_AMR/install/py_trees_ros/lib/python3.8/site-packages:${PYTHONPATH} /usr/bin/python3 setup.py egg_info --egg-base ../../build/py_trees_ros build --build-base /home/shaxpy/colcon_ws_AMR/build/py_trees_ros/build install --record /home/shaxpy/colcon_ws_AMR/build/py_trees_ros/install.log --single-version-externally-managed
