running egg_info
creating ../../../../build/robile_control_square/robile_control_square.egg-info
writing ../../../../build/robile_control_square/robile_control_square.egg-info/PKG-INFO
writing dependency_links to ../../../../build/robile_control_square/robile_control_square.egg-info/dependency_links.txt
writing entry points to ../../../../build/robile_control_square/robile_control_square.egg-info/entry_points.txt
writing requirements to ../../../../build/robile_control_square/robile_control_square.egg-info/requires.txt
writing top-level names to ../../../../build/robile_control_square/robile_control_square.egg-info/top_level.txt
writing manifest file '../../../../build/robile_control_square/robile_control_square.egg-info/SOURCES.txt'
reading manifest file '../../../../build/robile_control_square/robile_control_square.egg-info/SOURCES.txt'
writing manifest file '../../../../build/robile_control_square/robile_control_square.egg-info/SOURCES.txt'
running build
running build_py
creating /home/shaxpy/colcon_ws_AMR/build/robile_control_square/build
creating /home/shaxpy/colcon_ws_AMR/build/robile_control_square/build/lib
creating /home/shaxpy/colcon_ws_AMR/build/robile_control_square/build/lib/robile_control_square
copying robile_control_square/__init__.py -> /home/shaxpy/colcon_ws_AMR/build/robile_control_square/build/lib/robile_control_square
copying robile_control_square/robile_control_square.py -> /home/shaxpy/colcon_ws_AMR/build/robile_control_square/build/lib/robile_control_square
running install
running install_lib
creating /home/shaxpy/colcon_ws_AMR/install/robile_control_square/lib/python3.8/site-packages/robile_control_square
copying /home/shaxpy/colcon_ws_AMR/build/robile_control_square/build/lib/robile_control_square/__init__.py -> /home/shaxpy/colcon_ws_AMR/install/robile_control_square/lib/python3.8/site-packages/robile_control_square
copying /home/shaxpy/colcon_ws_AMR/build/robile_control_square/build/lib/robile_control_square/robile_control_square.py -> /home/shaxpy/colcon_ws_AMR/install/robile_control_square/lib/python3.8/site-packages/robile_control_square
byte-compiling /home/shaxpy/colcon_ws_AMR/install/robile_control_square/lib/python3.8/site-packages/robile_control_square/__init__.py to __init__.cpython-38.pyc
byte-compiling /home/shaxpy/colcon_ws_AMR/install/robile_control_square/lib/python3.8/site-packages/robile_control_square/robile_control_square.py to robile_control_square.cpython-38.pyc
running install_data
Sorry: TabError: inconsistent use of tabs and spaces in indentation (robile_control_square.py, line 22)
creating /home/shaxpy/colcon_ws_AMR/install/robile_control_square/share/ament_index
creating /home/shaxpy/colcon_ws_AMR/install/robile_control_square/share/ament_index/resource_index
creating /home/shaxpy/colcon_ws_AMR/install/robile_control_square/share/ament_index/resource_index/packages
copying resource/robile_control_square -> /home/shaxpy/colcon_ws_AMR/install/robile_control_square/share/ament_index/resource_index/packages
copying package.xml -> /home/shaxpy/colcon_ws_AMR/install/robile_control_square/share/robile_control_square
running install_egg_info
Copying ../../../../build/robile_control_square/robile_control_square.egg-info to /home/shaxpy/colcon_ws_AMR/install/robile_control_square/lib/python3.8/site-packages/robile_control_square-0.0.0-py3.8.egg-info
running install_scripts
writing list of installed files to '/home/shaxpy/colcon_ws_AMR/build/robile_control_square/install.log'
