[1.552s] Invoking command in '/home/shaxpy/colcon_ws_AMR/src/Robile/robile_demos/robile_control_square': PYTHONPATH=/home/shaxpy/colcon_ws_AMR/build/robile_control_square/prefix_override:/home/shaxpy/colcon_ws_AMR/install/robile_control_square/lib/python3.8/site-packages:${PYTHONPATH} /usr/bin/python3 setup.py egg_info --egg-base ../../../../build/robile_control_square build --build-base /home/shaxpy/colcon_ws_AMR/build/robile_control_square/build install --record /home/shaxpy/colcon_ws_AMR/build/robile_control_square/install.log --single-version-externally-managed
[1.752s] running egg_info
[1.752s] creating ../../../../build/robile_control_square/robile_control_square.egg-info
[1.752s] writing ../../../../build/robile_control_square/robile_control_square.egg-info/PKG-INFO
[1.752s] writing dependency_links to ../../../../build/robile_control_square/robile_control_square.egg-info/dependency_links.txt
[1.752s] writing entry points to ../../../../build/robile_control_square/robile_control_square.egg-info/entry_points.txt
[1.753s] writing requirements to ../../../../build/robile_control_square/robile_control_square.egg-info/requires.txt
[1.753s] writing top-level names to ../../../../build/robile_control_square/robile_control_square.egg-info/top_level.txt
[1.754s] writing manifest file '../../../../build/robile_control_square/robile_control_square.egg-info/SOURCES.txt'
[1.786s] reading manifest file '../../../../build/robile_control_square/robile_control_square.egg-info/SOURCES.txt'
[1.787s] writing manifest file '../../../../build/robile_control_square/robile_control_square.egg-info/SOURCES.txt'
[1.787s] running build
[1.787s] running build_py
[1.787s] creating /home/shaxpy/colcon_ws_AMR/build/robile_control_square/build
[1.787s] creating /home/shaxpy/colcon_ws_AMR/build/robile_control_square/build/lib
[1.787s] creating /home/shaxpy/colcon_ws_AMR/build/robile_control_square/build/lib/robile_control_square
[1.787s] copying robile_control_square/__init__.py -> /home/shaxpy/colcon_ws_AMR/build/robile_control_square/build/lib/robile_control_square
[1.787s] copying robile_control_square/robile_control_square.py -> /home/shaxpy/colcon_ws_AMR/build/robile_control_square/build/lib/robile_control_square
[1.787s] running install
[1.788s] running install_lib
[1.789s] creating /home/shaxpy/colcon_ws_AMR/install/robile_control_square/lib/python3.8/site-packages/robile_control_square
[1.789s] copying /home/shaxpy/colcon_ws_AMR/build/robile_control_square/build/lib/robile_control_square/__init__.py -> /home/shaxpy/colcon_ws_AMR/install/robile_control_square/lib/python3.8/site-packages/robile_control_square
[1.789s] copying /home/shaxpy/colcon_ws_AMR/build/robile_control_square/build/lib/robile_control_square/robile_control_square.py -> /home/shaxpy/colcon_ws_AMR/install/robile_control_square/lib/python3.8/site-packages/robile_control_square
[1.789s] byte-compiling /home/shaxpy/colcon_ws_AMR/install/robile_control_square/lib/python3.8/site-packages/robile_control_square/__init__.py to __init__.cpython-38.pyc
[1.791s] byte-compiling /home/shaxpy/colcon_ws_AMR/install/robile_control_square/lib/python3.8/site-packages/robile_control_square/robile_control_square.py to robile_control_square.cpython-38.pyc
[1.791s] running install_data
[1.792s] Sorry: TabError: inconsistent use of tabs and spaces in indentation (robile_control_square.py, line 22)
[1.792s] creating /home/shaxpy/colcon_ws_AMR/install/robile_control_square/share/ament_index
[1.792s] creating /home/shaxpy/colcon_ws_AMR/install/robile_control_square/share/ament_index/resource_index
[1.792s] creating /home/shaxpy/colcon_ws_AMR/install/robile_control_square/share/ament_index/resource_index/packages
[1.792s] copying resource/robile_control_square -> /home/shaxpy/colcon_ws_AMR/install/robile_control_square/share/ament_index/resource_index/packages
[1.792s] copying package.xml -> /home/shaxpy/colcon_ws_AMR/install/robile_control_square/share/robile_control_square
[1.793s] running install_egg_info
[1.794s] Copying ../../../../build/robile_control_square/robile_control_square.egg-info to /home/shaxpy/colcon_ws_AMR/install/robile_control_square/lib/python3.8/site-packages/robile_control_square-0.0.0-py3.8.egg-info
[1.795s] running install_scripts
[1.810s] writing list of installed files to '/home/shaxpy/colcon_ws_AMR/build/robile_control_square/install.log'
[1.858s] Invoked command in '/home/shaxpy/colcon_ws_AMR/src/Robile/robile_demos/robile_control_square' returned '0': PYTHONPATH=/home/shaxpy/colcon_ws_AMR/build/robile_control_square/prefix_override:/home/shaxpy/colcon_ws_AMR/install/robile_control_square/lib/python3.8/site-packages:${PYTHONPATH} /usr/bin/python3 setup.py egg_info --egg-base ../../../../build/robile_control_square build --build-base /home/shaxpy/colcon_ws_AMR/build/robile_control_square/build install --record /home/shaxpy/colcon_ws_AMR/build/robile_control_square/install.log --single-version-externally-managed
