[0.059s] Invoking command in '/home/shaxpy/colcon_ws_AMR/build/kelo_tulip': CMAKE_PREFIX_PATH=${CMAKE_PREFIX_PATH}:/opt/ros/rolling /usr/bin/cmake /home/shaxpy/colcon_ws_AMR/src/kelo_tulip -DCMAKE_INSTALL_PREFIX=/home/shaxpy/colcon_ws_AMR/install/kelo_tulip
[0.733s] -- The C compiler identification is GNU 9.4.0
[0.733s] -- The CXX compiler identification is GNU 9.4.0
[0.733s] -- Check for working C compiler: /usr/bin/cc
[0.733s] -- Check for working C compiler: /usr/bin/cc -- works
[0.734s] -- Detecting C compiler ABI info
[0.734s] -- Detecting C compiler ABI info - done
[0.734s] -- Detecting C compile features
[0.734s] -- Detecting C compile features - done
[0.735s] -- Check for working CXX compiler: /usr/bin/c++
[0.735s] -- Check for working CXX compiler: /usr/bin/c++ -- works
[0.736s] -- Detecting CXX compiler ABI info
[0.736s] -- Detecting CXX compiler ABI info - done
[0.736s] -- Detecting CXX compile features
[0.736s] -- Detecting CXX compile features - done
[0.736s] -- Found ament_cmake: 1.2.1 (/opt/ros/rolling/share/ament_cmake/cmake)
[0.736s] -- Found Python3: /usr/bin/python3.8 (found version "3.8.10") found components: Interpreter 
[0.736s] -- Found ament_index_cpp: 1.3.0 (/opt/ros/rolling/share/ament_index_cpp/cmake)
[0.737s] -- Found rclcpp: 15.0.0 (/opt/ros/rolling/share/rclcpp/cmake)
[0.737s] -- Using all available rosidl_typesupport_c: rosidl_typesupport_fastrtps_c;rosidl_typesupport_introspection_c
[0.737s] -- Found rosidl_adapter: 3.0.1 (/opt/ros/rolling/share/rosidl_adapter/cmake)
[0.763s] -- Using all available rosidl_typesupport_cpp: rosidl_typesupport_fastrtps_cpp;rosidl_typesupport_introspection_cpp
[0.838s] -- Found rmw_implementation_cmake: 5.1.0 (/opt/ros/rolling/share/rmw_implementation_cmake/cmake)
[0.839s] -- Found rmw_cyclonedds_cpp: 1.1.2 (/opt/ros/rolling/share/rmw_cyclonedds_cpp/cmake)
[0.863s] -- Using RMW implementation 'rmw_cyclonedds_cpp' as default
[1.052s] -- Found sensor_msgs: 4.0.0 (/opt/ros/rolling/share/sensor_msgs/cmake)
[1.187s] -- Found nav_msgs: 4.0.0 (/opt/ros/rolling/share/nav_msgs/cmake)
[1.302s] -- Found tf2: 0.21.0 (/opt/ros/rolling/share/tf2/cmake)
[1.316s] -- Found tf2_ros: 0.21.0 (/opt/ros/rolling/share/tf2_ros/cmake)
[1.816s] -- Found tf2_geometry_msgs: 0.21.0 (/opt/ros/rolling/share/tf2_geometry_msgs/cmake)
[1.824s] -- Found eigen3_cmake_module: 0.1.1 (/opt/ros/rolling/share/eigen3_cmake_module/cmake)
[1.826s] -- Found Eigen3: TRUE (found version "3.3.7") 
[2.102s] -- Found Boost: /usr/lib/x86_64-linux-gnu/cmake/Boost-1.71.0/BoostConfig.cmake (found version "1.71.0") found components: thread 
[2.159s] -- Configuring done
[2.206s] -- Generating done
[2.207s] -- Build files have been written to: /home/shaxpy/colcon_ws_AMR/build/kelo_tulip
[2.215s] Invoked command in '/home/shaxpy/colcon_ws_AMR/build/kelo_tulip' returned '0': CMAKE_PREFIX_PATH=${CMAKE_PREFIX_PATH}:/opt/ros/rolling /usr/bin/cmake /home/shaxpy/colcon_ws_AMR/src/kelo_tulip -DCMAKE_INSTALL_PREFIX=/home/shaxpy/colcon_ws_AMR/install/kelo_tulip
[2.218s] Invoking command in '/home/shaxpy/colcon_ws_AMR/build/kelo_tulip': CMAKE_PREFIX_PATH=${CMAKE_PREFIX_PATH}:/opt/ros/rolling /usr/bin/cmake --build /home/shaxpy/colcon_ws_AMR/build/kelo_tulip -- -j12 -l12
[2.259s] [35m[1mScanning dependencies of target soem[0m
[2.259s] [35m[1mScanning dependencies of target tulip_velocity_controller[0m
[2.267s] [  5%] [32mBuilding CXX object CMakeFiles/tulip_velocity_controller.dir/src/VelocityPlatformController.cpp.o[0m
[2.268s] [ 10%] [32mBuilding CXX object CMakeFiles/tulip_velocity_controller.dir/src/Utils.cpp.o[0m
[2.276s] [ 25%] [32mBuilding C object src/soem/CMakeFiles/soem.dir/ethercatcoe.c.o[0m
[2.276s] [ 25%] [32mBuilding C object src/soem/CMakeFiles/soem.dir/ethercatprint.c.o[0m
[2.276s] [ 25%] [32mBuilding C object src/soem/CMakeFiles/soem.dir/ethercatbase.c.o[0m
[2.277s] [ 30%] [32mBuilding C object src/soem/CMakeFiles/soem.dir/osal/linux/osal.c.o[0m
[2.277s] [ 35%] [32mBuilding C object src/soem/CMakeFiles/soem.dir/ethercatmain.c.o[0m
[2.278s] [ 40%] [32mBuilding C object src/soem/CMakeFiles/soem.dir/ethercatfoe.c.o[0m
[2.278s] [ 45%] [32mBuilding C object src/soem/CMakeFiles/soem.dir/ethercatdc.c.o[0m
[2.279s] [ 50%] [32mBuilding C object src/soem/CMakeFiles/soem.dir/ethercatconfig.c.o[0m
[2.279s] [ 55%] [32mBuilding C object src/soem/CMakeFiles/soem.dir/oshw/linux/nicdrv.c.o[0m
[2.288s] [ 60%] [32mBuilding C object src/soem/CMakeFiles/soem.dir/ethercatsoe.c.o[0m
[2.301s] In file included from [01m[K/home/shaxpy/colcon_ws_AMR/src/kelo_tulip/include/kelo_tulip/soem/ethercat.h:22[m[K,
[2.301s]                  from [01m[K/home/shaxpy/colcon_ws_AMR/src/kelo_tulip/src/soem/ethercatmain.c:22[m[K:
[2.302s] [01m[K/home/shaxpy/colcon_ws_AMR/src/kelo_tulip/include/kelo_tulip/soem/ethercateoe.h:166:10:[m[K [01;35m[Kwarning: [m[KISO C forbids zero-size array ‘[01m[Kdata[m[K’ [[01;35m[K-Wpedantic[m[K]
[2.302s]   166 |    uint8 [01;35m[Kdata[m[K[0];
[2.302s]       |          [01;35m[K^~~~[m[K
[2.304s] [01m[K/home/shaxpy/colcon_ws_AMR/src/kelo_tulip/src/soem/ethercatmain.c:323:2:[m[K [01;35m[Kwarning: [m[KISO C does not allow extra ‘[01m[K;[m[K’ outside of a function [[01;35m[K-Wpedantic[m[K]
[2.304s]   323 | }[01;35m[K;[m[K
[2.304s]       |  [01;35m[K^[m[K
[2.306s] [01m[K/home/shaxpy/colcon_ws_AMR/src/kelo_tulip/src/soem/osal/linux/osal.c:[m[K In function ‘[01m[Kosal_thread_create[m[K’:
[2.306s] [01m[K/home/shaxpy/colcon_ws_AMR/src/kelo_tulip/src/soem/osal/linux/osal.c:111:41:[m[K [01;35m[Kwarning: [m[KISO C forbids passing argument 3 of ‘[01m[Kpthread_create[m[K’ between function pointer and ‘[01m[Kvoid *[m[K’ [[01;35m[K-Wpedantic[m[K]
[2.306s]   111 |    ret = pthread_create(threadp, &attr, [01;35m[Kfunc[m[K, param);
[2.306s]       |                                         [01;35m[K^~~~[m[K
[2.307s] In file included from [01m[K/home/shaxpy/colcon_ws_AMR/src/kelo_tulip/include/kelo_tulip/soem/osal/linux/osal_defs.h:20[m[K,
[2.307s]                  from [01m[K/home/shaxpy/colcon_ws_AMR/src/kelo_tulip/include/kelo_tulip/soem/osal/osal.h:14[m[K,
[2.307s]                  from [01m[K/home/shaxpy/colcon_ws_AMR/src/kelo_tulip/src/soem/osal/linux/osal.c:11[m[K:
[2.307s] [01m[K/usr/include/pthread.h:200:15:[m[K [01;36m[Knote: [m[Kexpected ‘[01m[Kvoid * (*)(void *)[m[K’ but argument is of type ‘[01m[Kvoid *[m[K’
[2.307s]   200 |       [01;36m[Kvoid *(*__start_routine) (void *)[m[K,
[2.307s]       |       [01;36m[K~~~~~~~~^~~~~~~~~~~~~~~~~~~~~~~~~[m[K
[2.307s] [01m[K/home/shaxpy/colcon_ws_AMR/src/kelo_tulip/src/soem/osal/linux/osal.c:[m[K In function ‘[01m[Kosal_thread_create_rt[m[K’:
[2.307s] [01m[K/home/shaxpy/colcon_ws_AMR/src/kelo_tulip/src/soem/osal/linux/osal.c:129:41:[m[K [01;35m[Kwarning: [m[KISO C forbids passing argument 3 of ‘[01m[Kpthread_create[m[K’ between function pointer and ‘[01m[Kvoid *[m[K’ [[01;35m[K-Wpedantic[m[K]
[2.307s]   129 |    ret = pthread_create(threadp, &attr, [01;35m[Kfunc[m[K, param);
[2.308s]       |                                         [01;35m[K^~~~[m[K
[2.308s] In file included from [01m[K/home/shaxpy/colcon_ws_AMR/src/kelo_tulip/include/kelo_tulip/soem/osal/linux/osal_defs.h:20[m[K,
[2.308s]                  from [01m[K/home/shaxpy/colcon_ws_AMR/src/kelo_tulip/include/kelo_tulip/soem/osal/osal.h:14[m[K,
[2.308s]                  from [01m[K/home/shaxpy/colcon_ws_AMR/src/kelo_tulip/src/soem/osal/linux/osal.c:11[m[K:
[2.308s] [01m[K/usr/include/pthread.h:200:15:[m[K [01;36m[Knote: [m[Kexpected ‘[01m[Kvoid * (*)(void *)[m[K’ but argument is of type ‘[01m[Kvoid *[m[K’
[2.308s]   200 |       [01;36m[Kvoid *(*__start_routine) (void *)[m[K,
[2.308s]       |       [01;36m[K~~~~~~~~^~~~~~~~~~~~~~~~~~~~~~~~~[m[K
[2.309s] [01m[K/home/shaxpy/colcon_ws_AMR/src/kelo_tulip/src/soem/ethercatfoe.c:[m[K In function ‘[01m[Kecx_FOEdefinehook[m[K’:
[2.309s] [01m[K/home/shaxpy/colcon_ws_AMR/src/kelo_tulip/src/soem/ethercatfoe.c:56:20:[m[K [01;35m[Kwarning: [m[KISO C forbids assignment between function pointer and ‘[01m[Kvoid *[m[K’ [[01;35m[K-Wpedantic[m[K]
[2.309s]    56 |   context->FOEhook [01;35m[K=[m[K hook;
[2.309s]       |                    [01;35m[K^[m[K
[2.309s] [01m[K/home/shaxpy/colcon_ws_AMR/src/kelo_tulip/src/soem/ethercatconfig.c:[m[K In function ‘[01m[Kecx_config_find_mappings[m[K’:
[2.309s] [01m[K/home/shaxpy/colcon_ws_AMR/src/kelo_tulip/src/soem/ethercatconfig.c:864:16:[m[K [01;35m[Kwarning: [m[KISO C forbids passing argument 3 of ‘[01m[Kosal_thread_create[m[K’ between function pointer and ‘[01m[Kvoid *[m[K’ [[01;35m[K-Wpedantic[m[K]
[2.309s]   864 |                [01;35m[K&ecx_mapper_thread[m[K, &(ecx_mapt[thrn]));
[2.309s]       |                [01;35m[K^~~~~~~~~~~~~~~~~~[m[K
[2.310s] In file included from [01m[K/home/shaxpy/colcon_ws_AMR/src/kelo_tulip/src/soem/ethercatconfig.c:16[m[K:
[2.310s] [01m[K/home/shaxpy/colcon_ws_AMR/src/kelo_tulip/include/kelo_tulip/soem/osal/osal.h:48:60:[m[K [01;36m[Knote: [m[Kexpected ‘[01m[Kvoid *[m[K’ but argument is of type ‘[01m[Kvoid (*)(void *)[m[K’
[2.310s]    48 | int osal_thread_create(void *thandle, int stacksize, [01;36m[Kvoid *func[m[K, void *param);
[2.310s]       |                                                      [01;36m[K~~~~~~^~~~[m[K
[2.317s] [01m[K/home/shaxpy/colcon_ws_AMR/src/kelo_tulip/src/soem/ethercatmain.c:2048:2:[m[K [01;35m[Kwarning: [m[KISO C does not allow extra ‘[01m[K;[m[K’ outside of a function [[01;35m[K-Wpedantic[m[K]
[2.317s]  2048 | }[01;35m[K;[m[K
[2.317s]       |  [01;35m[K^[m[K
[2.339s] [ 65%] [32mBuilding C object src/soem/CMakeFiles/soem.dir/oshw/linux/oshw.c.o[0m
[2.438s] [ 70%] [32m[1mLinking C static library libsoem.a[0m
[2.467s] [ 70%] Built target soem
[4.050s] [ 75%] [32m[1mLinking CXX static library libtulip_velocity_controller.a[0m
[4.090s] [ 75%] Built target tulip_velocity_controller
[4.098s] [35m[1mScanning dependencies of target platform_driver[0m
[4.223s] [ 80%] [32mBuilding CXX object CMakeFiles/platform_driver.dir/src/EtherCATModule.cpp.o[0m
[4.223s] [ 85%] [32mBuilding CXX object CMakeFiles/platform_driver.dir/src/PlatformDriver.cpp.o[0m
[4.227s] [ 95%] [32mBuilding CXX object CMakeFiles/platform_driver.dir/src/modules/RobileMasterBattery.cpp.o[0m
[4.227s] [ 95%] [32mBuilding CXX object CMakeFiles/platform_driver.dir/src/PlatformDriverROS.cpp.o[0m
[4.237s] In file included from [01m[K/home/shaxpy/colcon_ws_AMR/src/kelo_tulip/include/kelo_tulip/EtherCATModule.h:48[m[K,
[4.237s]                  from [01m[K/home/shaxpy/colcon_ws_AMR/src/kelo_tulip/src/EtherCATModule.cpp:44[m[K:
[4.238s] [01m[K/home/shaxpy/colcon_ws_AMR/src/kelo_tulip/include/kelo_tulip/soem/ethercattype.h:493:7:[m[K [01;35m[Kwarning: [m[KISO C++ prohibits anonymous structs [[01;35m[K-Wpedantic[m[K]
[4.238s]   493 |       [01;35m[K}[m[K;
[4.238s]       |       [01;35m[K^[m[K
[4.580s] In file included from [01m[K/home/shaxpy/colcon_ws_AMR/src/kelo_tulip/include/kelo_tulip/PlatformDriver.h:49[m[K,
[4.580s]                  from [01m[K/home/shaxpy/colcon_ws_AMR/src/kelo_tulip/src/PlatformDriver.cpp:44[m[K:
[4.580s] [01m[K/home/shaxpy/colcon_ws_AMR/src/kelo_tulip/include/kelo_tulip/soem/ethercattype.h:493:7:[m[K [01;35m[Kwarning: [m[KISO C++ prohibits anonymous structs [[01;35m[K-Wpedantic[m[K]
[4.581s]   493 |       [01;35m[K}[m[K;
[4.581s]       |       [01;35m[K^[m[K
[4.682s] In file included from [01m[K/home/shaxpy/colcon_ws_AMR/src/kelo_tulip/include/kelo_tulip/PlatformDriver.h:49[m[K,
[4.682s]                  from [01m[K/home/shaxpy/colcon_ws_AMR/src/kelo_tulip/src/PlatformDriverROS.cpp:44[m[K:
[4.682s] [01m[K/home/shaxpy/colcon_ws_AMR/src/kelo_tulip/include/kelo_tulip/soem/ethercattype.h:493:7:[m[K [01;35m[Kwarning: [m[KISO C++ prohibits anonymous structs [[01;35m[K-Wpedantic[m[K]
[4.682s]   493 |       [01;35m[K}[m[K;
[4.683s]       |       [01;35m[K^[m[K
[4.730s] In file included from [01m[K/home/shaxpy/colcon_ws_AMR/src/kelo_tulip/include/kelo_tulip/EtherCATModule.h:48[m[K,
[4.730s]                  from [01m[K/home/shaxpy/colcon_ws_AMR/src/kelo_tulip/include/kelo_tulip/modules/RobileMasterBattery.h:48[m[K,
[4.731s]                  from [01m[K/home/shaxpy/colcon_ws_AMR/src/kelo_tulip/src/modules/RobileMasterBattery.cpp:45[m[K:
[4.731s] [01m[K/home/shaxpy/colcon_ws_AMR/src/kelo_tulip/include/kelo_tulip/soem/ethercattype.h:493:7:[m[K [01;35m[Kwarning: [m[KISO C++ prohibits anonymous structs [[01;35m[K-Wpedantic[m[K]
[4.731s]   493 |       [01;35m[K}[m[K;
[4.731s]       |       [01;35m[K^[m[K
[5.544s] [01m[K/home/shaxpy/colcon_ws_AMR/src/kelo_tulip/src/modules/RobileMasterBattery.cpp:[m[K In member function ‘[01m[Kvirtual bool kelo::RobileMasterBattery::step()[m[K’:
[5.544s] [01m[K/home/shaxpy/colcon_ws_AMR/src/kelo_tulip/src/modules/RobileMasterBattery.cpp:87:40:[m[K [01;35m[Kwarning: [m[Kunused variable ‘[01m[Kinput[m[K’ [[01;35m[K-Wunused-variable[m[K]
[5.544s]    87 |   RobileMasterBatteryProcessDataInput* [01;35m[Kinput[m[K = (RobileMasterBatteryProcessDataInput*) ecx_slaves[slaveNumber].inputs;
[5.544s]       |                                        [01;35m[K^~~~~[m[K
[5.544s] [01m[K/home/shaxpy/colcon_ws_AMR/src/kelo_tulip/src/modules/RobileMasterBattery.cpp:[m[K In member function ‘[01m[Kvoid kelo::RobileMasterBattery::shutdown(int)[m[K’:
[5.544s] [01m[K/home/shaxpy/colcon_ws_AMR/src/kelo_tulip/src/modules/RobileMasterBattery.cpp:141:40:[m[K [01;35m[Kwarning: [m[Kunused parameter ‘[01m[Kseconds[m[K’ [[01;35m[K-Wunused-parameter[m[K]
[5.544s]   141 | void RobileMasterBattery::shutdown([01;35m[Kint seconds[m[K) {
[5.544s]       |                                    [01;35m[K~~~~^~~~~~~[m[K
[5.590s] In file included from [01m[K/home/shaxpy/colcon_ws_AMR/src/kelo_tulip/include/kelo_tulip/soem/ethercat.h:22[m[K,
[5.590s]                  from [01m[K/home/shaxpy/colcon_ws_AMR/src/kelo_tulip/src/PlatformDriver.cpp:48[m[K:
[5.591s] [01m[K/home/shaxpy/colcon_ws_AMR/src/kelo_tulip/include/kelo_tulip/soem/ethercateoe.h:166:15:[m[K [01;35m[Kwarning: [m[KISO C++ forbids zero-size array ‘[01m[Kdata[m[K’ [[01;35m[K-Wpedantic[m[K]
[5.591s]   166 |    uint8 data[[01;35m[K0[m[K];
[5.591s]       |               [01;35m[K^[m[K
[5.609s] [01m[K/home/shaxpy/colcon_ws_AMR/src/kelo_tulip/src/PlatformDriver.cpp:[m[K In member function ‘[01m[Kvoid kelo::PlatformDriver::reconnectSlave(int)[m[K’:
[5.609s] [01m[K/home/shaxpy/colcon_ws_AMR/src/kelo_tulip/src/PlatformDriver.cpp:346:41:[m[K [01;35m[Kwarning: [m[Kunused parameter ‘[01m[Kslave[m[K’ [[01;35m[K-Wunused-parameter[m[K]
[5.609s]   346 | void PlatformDriver::reconnectSlave([01;35m[Kint slave[m[K) {
[5.609s]       |                                     [01;35m[K~~~~^~~~~[m[K
[5.613s] [01m[K/home/shaxpy/colcon_ws_AMR/src/kelo_tulip/src/PlatformDriver.cpp:[m[K In member function ‘[01m[Kvoid kelo::PlatformDriver::ethercatHandler()[m[K’:
[5.613s] [01m[K/home/shaxpy/colcon_ws_AMR/src/kelo_tulip/src/PlatformDriver.cpp:514:9:[m[K [01;35m[Kwarning: [m[Kunused variable ‘[01m[Kok[m[K’ [[01;35m[K-Wunused-variable[m[K]
[5.613s]   514 |    bool [01;35m[Kok[m[K = modules[i]->step();
[5.613s]       |         [01;35m[K^~[m[K
[6.018s] [01m[K/home/shaxpy/colcon_ws_AMR/src/kelo_tulip/src/PlatformDriver.cpp:[m[K In member function ‘[01m[Kstd::vector<double> kelo::PlatformDriver::getEncoderValue(unsigned int)[m[K’:
[6.018s] [01m[K/home/shaxpy/colcon_ws_AMR/src/kelo_tulip/src/PlatformDriver.cpp:547:1:[m[K [01;35m[Kwarning: [m[Kcontrol reaches end of non-void function [[01;35m[K-Wreturn-type[m[K]
[6.018s]   547 | [01;35m[K}[m[K
[6.018s]       | [01;35m[K^[m[K
[19.062s] [100%] [32m[1mLinking CXX executable platform_driver[0m
[19.928s] [100%] Built target platform_driver
[19.941s] Invoked command in '/home/shaxpy/colcon_ws_AMR/build/kelo_tulip' returned '0': CMAKE_PREFIX_PATH=${CMAKE_PREFIX_PATH}:/opt/ros/rolling /usr/bin/cmake --build /home/shaxpy/colcon_ws_AMR/build/kelo_tulip -- -j12 -l12
[19.976s] Invoking command in '/home/shaxpy/colcon_ws_AMR/build/kelo_tulip': CMAKE_PREFIX_PATH=${CMAKE_PREFIX_PATH}:/opt/ros/rolling /usr/bin/cmake --install /home/shaxpy/colcon_ws_AMR/build/kelo_tulip
[19.987s] -- Install configuration: ""
[19.987s] -- Installing: /home/shaxpy/colcon_ws_AMR/install/kelo_tulip/lib/kelo_tulip/platform_driver
[19.993s] -- Set runtime path of "/home/shaxpy/colcon_ws_AMR/install/kelo_tulip/lib/kelo_tulip/platform_driver" to ""
[19.993s] -- Installing: /home/shaxpy/colcon_ws_AMR/install/kelo_tulip/lib/libtulip_velocity_controller.a
[19.993s] -- Installing: /home/shaxpy/colcon_ws_AMR/install/kelo_tulip/include
[19.994s] -- Installing: /home/shaxpy/colcon_ws_AMR/install/kelo_tulip/include/kelo_tulip
[19.994s] -- Installing: /home/shaxpy/colcon_ws_AMR/install/kelo_tulip/include/kelo_tulip/EtherCATModule.h
[19.994s] -- Installing: /home/shaxpy/colcon_ws_AMR/install/kelo_tulip/include/kelo_tulip/modules
[19.994s] -- Installing: /home/shaxpy/colcon_ws_AMR/install/kelo_tulip/include/kelo_tulip/modules/RobileMasterBattery.h
[19.994s] -- Installing: /home/shaxpy/colcon_ws_AMR/install/kelo_tulip/include/kelo_tulip/KeloDriveAPI.h
[19.994s] -- Installing: /home/shaxpy/colcon_ws_AMR/install/kelo_tulip/include/kelo_tulip/VelocityPlatformController.h
[19.994s] -- Installing: /home/shaxpy/colcon_ws_AMR/install/kelo_tulip/include/kelo_tulip/Utils.h
[19.994s] -- Installing: /home/shaxpy/colcon_ws_AMR/install/kelo_tulip/include/kelo_tulip/WheelConfig.h
[19.994s] -- Installing: /home/shaxpy/colcon_ws_AMR/install/kelo_tulip/include/kelo_tulip/Structs.h
[19.994s] -- Installing: /home/shaxpy/colcon_ws_AMR/install/kelo_tulip/include/kelo_tulip/PlatformDriver.h
[19.994s] -- Installing: /home/shaxpy/colcon_ws_AMR/install/kelo_tulip/include/kelo_tulip/soem
[19.994s] -- Installing: /home/shaxpy/colcon_ws_AMR/install/kelo_tulip/include/kelo_tulip/soem/ethercatdc.h
[19.994s] -- Installing: /home/shaxpy/colcon_ws_AMR/install/kelo_tulip/include/kelo_tulip/soem/ethercatsoe.h
[19.994s] -- Installing: /home/shaxpy/colcon_ws_AMR/install/kelo_tulip/include/kelo_tulip/soem/ethercateoe.h
[19.994s] -- Installing: /home/shaxpy/colcon_ws_AMR/install/kelo_tulip/include/kelo_tulip/soem/ethercatconfiglist.h
[19.995s] -- Installing: /home/shaxpy/colcon_ws_AMR/install/kelo_tulip/include/kelo_tulip/soem/ethercatmain.h
[19.995s] -- Installing: /home/shaxpy/colcon_ws_AMR/install/kelo_tulip/include/kelo_tulip/soem/ethercatcoe.h
[19.995s] -- Installing: /home/shaxpy/colcon_ws_AMR/install/kelo_tulip/include/kelo_tulip/soem/ethercat.h
[19.995s] -- Installing: /home/shaxpy/colcon_ws_AMR/install/kelo_tulip/include/kelo_tulip/soem/ethercatconfig.h
[19.995s] -- Installing: /home/shaxpy/colcon_ws_AMR/install/kelo_tulip/include/kelo_tulip/soem/oshw
[19.995s] -- Installing: /home/shaxpy/colcon_ws_AMR/install/kelo_tulip/include/kelo_tulip/soem/oshw/rtems
[19.995s] -- Installing: /home/shaxpy/colcon_ws_AMR/install/kelo_tulip/include/kelo_tulip/soem/oshw/rtems/nicdrv.c
[19.995s] -- Installing: /home/shaxpy/colcon_ws_AMR/install/kelo_tulip/include/kelo_tulip/soem/oshw/rtems/oshw.h
[19.995s] -- Installing: /home/shaxpy/colcon_ws_AMR/install/kelo_tulip/include/kelo_tulip/soem/oshw/rtems/nicdrv.h
[19.995s] -- Installing: /home/shaxpy/colcon_ws_AMR/install/kelo_tulip/include/kelo_tulip/soem/oshw/rtems/oshw.c
[19.995s] -- Installing: /home/shaxpy/colcon_ws_AMR/install/kelo_tulip/include/kelo_tulip/soem/oshw/linux
[19.995s] -- Installing: /home/shaxpy/colcon_ws_AMR/install/kelo_tulip/include/kelo_tulip/soem/oshw/linux/nicdrv.c
[19.995s] -- Installing: /home/shaxpy/colcon_ws_AMR/install/kelo_tulip/include/kelo_tulip/soem/oshw/linux/oshw.h
[19.996s] -- Installing: /home/shaxpy/colcon_ws_AMR/install/kelo_tulip/include/kelo_tulip/soem/oshw/linux/nicdrv.h
[19.996s] -- Installing: /home/shaxpy/colcon_ws_AMR/install/kelo_tulip/include/kelo_tulip/soem/oshw/linux/oshw.c
[19.996s] -- Installing: /home/shaxpy/colcon_ws_AMR/install/kelo_tulip/include/kelo_tulip/soem/oshw/intime
[19.996s] -- Installing: /home/shaxpy/colcon_ws_AMR/install/kelo_tulip/include/kelo_tulip/soem/oshw/intime/nicdrv.c
[19.996s] -- Installing: /home/shaxpy/colcon_ws_AMR/install/kelo_tulip/include/kelo_tulip/soem/oshw/intime/oshw.h
[19.996s] -- Installing: /home/shaxpy/colcon_ws_AMR/install/kelo_tulip/include/kelo_tulip/soem/oshw/intime/nicdrv.h
[19.997s] -- Installing: /home/shaxpy/colcon_ws_AMR/install/kelo_tulip/include/kelo_tulip/soem/oshw/intime/oshw.c
[19.997s] -- Installing: /home/shaxpy/colcon_ws_AMR/install/kelo_tulip/include/kelo_tulip/soem/oshw/win32
[19.997s] -- Installing: /home/shaxpy/colcon_ws_AMR/install/kelo_tulip/include/kelo_tulip/soem/oshw/win32/wpcap
[19.997s] -- Installing: /home/shaxpy/colcon_ws_AMR/install/kelo_tulip/include/kelo_tulip/soem/oshw/win32/wpcap/Include
[19.997s] -- Installing: /home/shaxpy/colcon_ws_AMR/install/kelo_tulip/include/kelo_tulip/soem/oshw/win32/wpcap/Include/pcap.h
[19.997s] -- Installing: /home/shaxpy/colcon_ws_AMR/install/kelo_tulip/include/kelo_tulip/soem/oshw/win32/wpcap/Include/bittypes.h
[19.997s] -- Installing: /home/shaxpy/colcon_ws_AMR/install/kelo_tulip/include/kelo_tulip/soem/oshw/win32/wpcap/Include/pcap
[19.998s] -- Installing: /home/shaxpy/colcon_ws_AMR/install/kelo_tulip/include/kelo_tulip/soem/oshw/win32/wpcap/Include/pcap/pcap.h
[19.998s] -- Installing: /home/shaxpy/colcon_ws_AMR/install/kelo_tulip/include/kelo_tulip/soem/oshw/win32/wpcap/Include/pcap/namedb.h
[19.998s] -- Installing: /home/shaxpy/colcon_ws_AMR/install/kelo_tulip/include/kelo_tulip/soem/oshw/win32/wpcap/Include/pcap/sll.h
[19.998s] -- Installing: /home/shaxpy/colcon_ws_AMR/install/kelo_tulip/include/kelo_tulip/soem/oshw/win32/wpcap/Include/pcap/usb.h
[19.998s] -- Installing: /home/shaxpy/colcon_ws_AMR/install/kelo_tulip/include/kelo_tulip/soem/oshw/win32/wpcap/Include/pcap/vlan.h
[19.998s] -- Installing: /home/shaxpy/colcon_ws_AMR/install/kelo_tulip/include/kelo_tulip/soem/oshw/win32/wpcap/Include/pcap/bpf.h
[19.999s] -- Installing: /home/shaxpy/colcon_ws_AMR/install/kelo_tulip/include/kelo_tulip/soem/oshw/win32/wpcap/Include/pcap/bluetooth.h
[19.999s] -- Installing: /home/shaxpy/colcon_ws_AMR/install/kelo_tulip/include/kelo_tulip/soem/oshw/win32/wpcap/Include/Packet32.h
[19.999s] -- Installing: /home/shaxpy/colcon_ws_AMR/install/kelo_tulip/include/kelo_tulip/soem/oshw/win32/wpcap/Include/pcap-bpf.h
[19.999s] -- Installing: /home/shaxpy/colcon_ws_AMR/install/kelo_tulip/include/kelo_tulip/soem/oshw/win32/wpcap/Include/remote-ext.h
[19.999s] -- Installing: /home/shaxpy/colcon_ws_AMR/install/kelo_tulip/include/kelo_tulip/soem/oshw/win32/wpcap/Include/ip6_misc.h
[19.999s] -- Installing: /home/shaxpy/colcon_ws_AMR/install/kelo_tulip/include/kelo_tulip/soem/oshw/win32/wpcap/Include/Win32-Extensions.h
[20.000s] -- Installing: /home/shaxpy/colcon_ws_AMR/install/kelo_tulip/include/kelo_tulip/soem/oshw/win32/wpcap/Include/pcap-stdinc.h
[20.000s] -- Installing: /home/shaxpy/colcon_ws_AMR/install/kelo_tulip/include/kelo_tulip/soem/oshw/win32/wpcap/Include/pcap-namedb.h
[20.000s] -- Installing: /home/shaxpy/colcon_ws_AMR/install/kelo_tulip/include/kelo_tulip/soem/oshw/win32/wpcap/Lib
[20.000s] -- Installing: /home/shaxpy/colcon_ws_AMR/install/kelo_tulip/include/kelo_tulip/soem/oshw/win32/wpcap/Lib/libwpcap.a
[20.000s] -- Installing: /home/shaxpy/colcon_ws_AMR/install/kelo_tulip/include/kelo_tulip/soem/oshw/win32/wpcap/Lib/x64
[20.000s] -- Installing: /home/shaxpy/colcon_ws_AMR/install/kelo_tulip/include/kelo_tulip/soem/oshw/win32/wpcap/Lib/x64/wpcap.lib
[20.001s] -- Installing: /home/shaxpy/colcon_ws_AMR/install/kelo_tulip/include/kelo_tulip/soem/oshw/win32/wpcap/Lib/x64/Packet.lib
[20.001s] -- Installing: /home/shaxpy/colcon_ws_AMR/install/kelo_tulip/include/kelo_tulip/soem/oshw/win32/wpcap/Lib/wpcap.lib
[20.001s] -- Installing: /home/shaxpy/colcon_ws_AMR/install/kelo_tulip/include/kelo_tulip/soem/oshw/win32/wpcap/Lib/Packet.lib
[20.001s] -- Installing: /home/shaxpy/colcon_ws_AMR/install/kelo_tulip/include/kelo_tulip/soem/oshw/win32/wpcap/Lib/libpacket.a
[20.002s] -- Installing: /home/shaxpy/colcon_ws_AMR/install/kelo_tulip/include/kelo_tulip/soem/oshw/win32/nicdrv.c
[20.002s] -- Installing: /home/shaxpy/colcon_ws_AMR/install/kelo_tulip/include/kelo_tulip/soem/oshw/win32/oshw.h
[20.002s] -- Installing: /home/shaxpy/colcon_ws_AMR/install/kelo_tulip/include/kelo_tulip/soem/oshw/win32/nicdrv.h
[20.002s] -- Installing: /home/shaxpy/colcon_ws_AMR/install/kelo_tulip/include/kelo_tulip/soem/oshw/win32/oshw.c
[20.002s] -- Installing: /home/shaxpy/colcon_ws_AMR/install/kelo_tulip/include/kelo_tulip/soem/oshw/rtk
[20.003s] -- Installing: /home/shaxpy/colcon_ws_AMR/install/kelo_tulip/include/kelo_tulip/soem/oshw/rtk/fec
[20.003s] -- Installing: /home/shaxpy/colcon_ws_AMR/install/kelo_tulip/include/kelo_tulip/soem/oshw/rtk/fec/fec_ecat.c
[20.003s] -- Installing: /home/shaxpy/colcon_ws_AMR/install/kelo_tulip/include/kelo_tulip/soem/oshw/rtk/fec/fec_ecat.h
[20.003s] -- Installing: /home/shaxpy/colcon_ws_AMR/install/kelo_tulip/include/kelo_tulip/soem/oshw/rtk/nicdrv.c
[20.003s] -- Installing: /home/shaxpy/colcon_ws_AMR/install/kelo_tulip/include/kelo_tulip/soem/oshw/rtk/lw_mac
[20.003s] -- Installing: /home/shaxpy/colcon_ws_AMR/install/kelo_tulip/include/kelo_tulip/soem/oshw/rtk/lw_mac/lw_emac.h
[20.003s] -- Installing: /home/shaxpy/colcon_ws_AMR/install/kelo_tulip/include/kelo_tulip/soem/oshw/rtk/lw_mac/lw_emac.c
[20.004s] -- Installing: /home/shaxpy/colcon_ws_AMR/install/kelo_tulip/include/kelo_tulip/soem/oshw/rtk/oshw.h
[20.004s] -- Installing: /home/shaxpy/colcon_ws_AMR/install/kelo_tulip/include/kelo_tulip/soem/oshw/rtk/nicdrv.h
[20.004s] -- Installing: /home/shaxpy/colcon_ws_AMR/install/kelo_tulip/include/kelo_tulip/soem/oshw/rtk/oshw.c
[20.004s] -- Installing: /home/shaxpy/colcon_ws_AMR/install/kelo_tulip/include/kelo_tulip/soem/oshw/vxworks
[20.004s] -- Installing: /home/shaxpy/colcon_ws_AMR/install/kelo_tulip/include/kelo_tulip/soem/oshw/vxworks/nicdrv.c
[20.005s] -- Installing: /home/shaxpy/colcon_ws_AMR/install/kelo_tulip/include/kelo_tulip/soem/oshw/vxworks/oshw.h
[20.005s] -- Installing: /home/shaxpy/colcon_ws_AMR/install/kelo_tulip/include/kelo_tulip/soem/oshw/vxworks/nicdrv.h
[20.005s] -- Installing: /home/shaxpy/colcon_ws_AMR/install/kelo_tulip/include/kelo_tulip/soem/oshw/vxworks/oshw.c
[20.005s] -- Installing: /home/shaxpy/colcon_ws_AMR/install/kelo_tulip/include/kelo_tulip/soem/ethercattype.h
[20.005s] -- Installing: /home/shaxpy/colcon_ws_AMR/install/kelo_tulip/include/kelo_tulip/soem/ethercatbase.h
[20.005s] -- Installing: /home/shaxpy/colcon_ws_AMR/install/kelo_tulip/include/kelo_tulip/soem/osal
[20.005s] -- Installing: /home/shaxpy/colcon_ws_AMR/install/kelo_tulip/include/kelo_tulip/soem/osal/rtems
[20.005s] -- Installing: /home/shaxpy/colcon_ws_AMR/install/kelo_tulip/include/kelo_tulip/soem/osal/rtems/osal_defs.h
[20.006s] -- Installing: /home/shaxpy/colcon_ws_AMR/install/kelo_tulip/include/kelo_tulip/soem/osal/rtems/osal.c
[20.006s] -- Installing: /home/shaxpy/colcon_ws_AMR/install/kelo_tulip/include/kelo_tulip/soem/osal/linux
[20.006s] -- Installing: /home/shaxpy/colcon_ws_AMR/install/kelo_tulip/include/kelo_tulip/soem/osal/linux/osal_defs.h
[20.006s] -- Installing: /home/shaxpy/colcon_ws_AMR/install/kelo_tulip/include/kelo_tulip/soem/osal/linux/osal.c
[20.006s] -- Installing: /home/shaxpy/colcon_ws_AMR/install/kelo_tulip/include/kelo_tulip/soem/osal/intime
[20.006s] -- Installing: /home/shaxpy/colcon_ws_AMR/install/kelo_tulip/include/kelo_tulip/soem/osal/intime/osal_defs.h
[20.006s] -- Installing: /home/shaxpy/colcon_ws_AMR/install/kelo_tulip/include/kelo_tulip/soem/osal/intime/osal.c
[20.006s] -- Installing: /home/shaxpy/colcon_ws_AMR/install/kelo_tulip/include/kelo_tulip/soem/osal/win32
[20.007s] -- Installing: /home/shaxpy/colcon_ws_AMR/install/kelo_tulip/include/kelo_tulip/soem/osal/win32/inttypes.h
[20.007s] -- Installing: /home/shaxpy/colcon_ws_AMR/install/kelo_tulip/include/kelo_tulip/soem/osal/win32/osal_win32.h
[20.007s] -- Installing: /home/shaxpy/colcon_ws_AMR/install/kelo_tulip/include/kelo_tulip/soem/osal/win32/stdint.h
[20.007s] -- Installing: /home/shaxpy/colcon_ws_AMR/install/kelo_tulip/include/kelo_tulip/soem/osal/win32/osal_defs.h
[20.007s] -- Installing: /home/shaxpy/colcon_ws_AMR/install/kelo_tulip/include/kelo_tulip/soem/osal/win32/osal.c
[20.007s] -- Installing: /home/shaxpy/colcon_ws_AMR/install/kelo_tulip/include/kelo_tulip/soem/osal/rtk
[20.008s] -- Installing: /home/shaxpy/colcon_ws_AMR/install/kelo_tulip/include/kelo_tulip/soem/osal/rtk/osal_defs.h
[20.008s] -- Installing: /home/shaxpy/colcon_ws_AMR/install/kelo_tulip/include/kelo_tulip/soem/osal/rtk/osal.c
[20.008s] -- Installing: /home/shaxpy/colcon_ws_AMR/install/kelo_tulip/include/kelo_tulip/soem/osal/vxworks
[20.008s] -- Installing: /home/shaxpy/colcon_ws_AMR/install/kelo_tulip/include/kelo_tulip/soem/osal/vxworks/osal_defs.h
[20.008s] -- Installing: /home/shaxpy/colcon_ws_AMR/install/kelo_tulip/include/kelo_tulip/soem/osal/vxworks/osal.c
[20.008s] -- Installing: /home/shaxpy/colcon_ws_AMR/install/kelo_tulip/include/kelo_tulip/soem/osal/osal.h
[20.008s] -- Installing: /home/shaxpy/colcon_ws_AMR/install/kelo_tulip/include/kelo_tulip/soem/ethercatprint.h
[20.009s] -- Installing: /home/shaxpy/colcon_ws_AMR/install/kelo_tulip/include/kelo_tulip/soem/ethercatfoe.h
[20.009s] -- Up-to-date: /home/shaxpy/colcon_ws_AMR/install/kelo_tulip/include/kelo_tulip
[20.009s] -- Up-to-date: /home/shaxpy/colcon_ws_AMR/install/kelo_tulip/include/kelo_tulip/EtherCATModule.h
[20.009s] -- Up-to-date: /home/shaxpy/colcon_ws_AMR/install/kelo_tulip/include/kelo_tulip/modules
[20.009s] -- Up-to-date: /home/shaxpy/colcon_ws_AMR/install/kelo_tulip/include/kelo_tulip/modules/RobileMasterBattery.h
[20.009s] -- Up-to-date: /home/shaxpy/colcon_ws_AMR/install/kelo_tulip/include/kelo_tulip/KeloDriveAPI.h
[20.009s] -- Up-to-date: /home/shaxpy/colcon_ws_AMR/install/kelo_tulip/include/kelo_tulip/VelocityPlatformController.h
[20.010s] -- Up-to-date: /home/shaxpy/colcon_ws_AMR/install/kelo_tulip/include/kelo_tulip/Utils.h
[20.010s] -- Up-to-date: /home/shaxpy/colcon_ws_AMR/install/kelo_tulip/include/kelo_tulip/WheelConfig.h
[20.010s] -- Up-to-date: /home/shaxpy/colcon_ws_AMR/install/kelo_tulip/include/kelo_tulip/Structs.h
[20.010s] -- Up-to-date: /home/shaxpy/colcon_ws_AMR/install/kelo_tulip/include/kelo_tulip/PlatformDriver.h
[20.010s] -- Up-to-date: /home/shaxpy/colcon_ws_AMR/install/kelo_tulip/include/kelo_tulip/soem
[20.010s] -- Up-to-date: /home/shaxpy/colcon_ws_AMR/install/kelo_tulip/include/kelo_tulip/soem/ethercatdc.h
[20.010s] -- Up-to-date: /home/shaxpy/colcon_ws_AMR/install/kelo_tulip/include/kelo_tulip/soem/ethercatsoe.h
[20.010s] -- Up-to-date: /home/shaxpy/colcon_ws_AMR/install/kelo_tulip/include/kelo_tulip/soem/ethercateoe.h
[20.011s] -- Up-to-date: /home/shaxpy/colcon_ws_AMR/install/kelo_tulip/include/kelo_tulip/soem/ethercatconfiglist.h
[20.011s] -- Up-to-date: /home/shaxpy/colcon_ws_AMR/install/kelo_tulip/include/kelo_tulip/soem/ethercatmain.h
[20.011s] -- Up-to-date: /home/shaxpy/colcon_ws_AMR/install/kelo_tulip/include/kelo_tulip/soem/ethercatcoe.h
[20.011s] -- Up-to-date: /home/shaxpy/colcon_ws_AMR/install/kelo_tulip/include/kelo_tulip/soem/ethercat.h
[20.011s] -- Up-to-date: /home/shaxpy/colcon_ws_AMR/install/kelo_tulip/include/kelo_tulip/soem/ethercatconfig.h
[20.011s] -- Up-to-date: /home/shaxpy/colcon_ws_AMR/install/kelo_tulip/include/kelo_tulip/soem/oshw
[20.011s] -- Up-to-date: /home/shaxpy/colcon_ws_AMR/install/kelo_tulip/include/kelo_tulip/soem/oshw/rtems
[20.011s] -- Up-to-date: /home/shaxpy/colcon_ws_AMR/install/kelo_tulip/include/kelo_tulip/soem/oshw/rtems/nicdrv.c
[20.011s] -- Up-to-date: /home/shaxpy/colcon_ws_AMR/install/kelo_tulip/include/kelo_tulip/soem/oshw/rtems/oshw.h
[20.011s] -- Up-to-date: /home/shaxpy/colcon_ws_AMR/install/kelo_tulip/include/kelo_tulip/soem/oshw/rtems/nicdrv.h
[20.011s] -- Up-to-date: /home/shaxpy/colcon_ws_AMR/install/kelo_tulip/include/kelo_tulip/soem/oshw/rtems/oshw.c
[20.011s] -- Up-to-date: /home/shaxpy/colcon_ws_AMR/install/kelo_tulip/include/kelo_tulip/soem/oshw/linux
[20.011s] -- Up-to-date: /home/shaxpy/colcon_ws_AMR/install/kelo_tulip/include/kelo_tulip/soem/oshw/linux/nicdrv.c
[20.012s] -- Up-to-date: /home/shaxpy/colcon_ws_AMR/install/kelo_tulip/include/kelo_tulip/soem/oshw/linux/oshw.h
[20.012s] -- Up-to-date: /home/shaxpy/colcon_ws_AMR/install/kelo_tulip/include/kelo_tulip/soem/oshw/linux/nicdrv.h
[20.012s] -- Up-to-date: /home/shaxpy/colcon_ws_AMR/install/kelo_tulip/include/kelo_tulip/soem/oshw/linux/oshw.c
[20.012s] -- Up-to-date: /home/shaxpy/colcon_ws_AMR/install/kelo_tulip/include/kelo_tulip/soem/oshw/intime
[20.012s] -- Up-to-date: /home/shaxpy/colcon_ws_AMR/install/kelo_tulip/include/kelo_tulip/soem/oshw/intime/nicdrv.c
[20.012s] -- Up-to-date: /home/shaxpy/colcon_ws_AMR/install/kelo_tulip/include/kelo_tulip/soem/oshw/intime/oshw.h
[20.012s] -- Up-to-date: /home/shaxpy/colcon_ws_AMR/install/kelo_tulip/include/kelo_tulip/soem/oshw/intime/nicdrv.h
[20.012s] -- Up-to-date: /home/shaxpy/colcon_ws_AMR/install/kelo_tulip/include/kelo_tulip/soem/oshw/intime/oshw.c
[20.012s] -- Up-to-date: /home/shaxpy/colcon_ws_AMR/install/kelo_tulip/include/kelo_tulip/soem/oshw/win32
[20.012s] -- Up-to-date: /home/shaxpy/colcon_ws_AMR/install/kelo_tulip/include/kelo_tulip/soem/oshw/win32/wpcap
[20.012s] -- Up-to-date: /home/shaxpy/colcon_ws_AMR/install/kelo_tulip/include/kelo_tulip/soem/oshw/win32/wpcap/Include
[20.012s] -- Up-to-date: /home/shaxpy/colcon_ws_AMR/install/kelo_tulip/include/kelo_tulip/soem/oshw/win32/wpcap/Include/pcap.h
[20.013s] -- Up-to-date: /home/shaxpy/colcon_ws_AMR/install/kelo_tulip/include/kelo_tulip/soem/oshw/win32/wpcap/Include/bittypes.h
[20.013s] -- Up-to-date: /home/shaxpy/colcon_ws_AMR/install/kelo_tulip/include/kelo_tulip/soem/oshw/win32/wpcap/Include/pcap
[20.013s] -- Up-to-date: /home/shaxpy/colcon_ws_AMR/install/kelo_tulip/include/kelo_tulip/soem/oshw/win32/wpcap/Include/pcap/pcap.h
[20.013s] -- Up-to-date: /home/shaxpy/colcon_ws_AMR/install/kelo_tulip/include/kelo_tulip/soem/oshw/win32/wpcap/Include/pcap/namedb.h
[20.013s] -- Up-to-date: /home/shaxpy/colcon_ws_AMR/install/kelo_tulip/include/kelo_tulip/soem/oshw/win32/wpcap/Include/pcap/sll.h
[20.013s] -- Up-to-date: /home/shaxpy/colcon_ws_AMR/install/kelo_tulip/include/kelo_tulip/soem/oshw/win32/wpcap/Include/pcap/usb.h
[20.013s] -- Up-to-date: /home/shaxpy/colcon_ws_AMR/install/kelo_tulip/include/kelo_tulip/soem/oshw/win32/wpcap/Include/pcap/vlan.h
[20.013s] -- Up-to-date: /home/shaxpy/colcon_ws_AMR/install/kelo_tulip/include/kelo_tulip/soem/oshw/win32/wpcap/Include/pcap/bpf.h
[20.013s] -- Up-to-date: /home/shaxpy/colcon_ws_AMR/install/kelo_tulip/include/kelo_tulip/soem/oshw/win32/wpcap/Include/pcap/bluetooth.h
[20.014s] -- Up-to-date: /home/shaxpy/colcon_ws_AMR/install/kelo_tulip/include/kelo_tulip/soem/oshw/win32/wpcap/Include/Packet32.h
[20.014s] -- Up-to-date: /home/shaxpy/colcon_ws_AMR/install/kelo_tulip/include/kelo_tulip/soem/oshw/win32/wpcap/Include/pcap-bpf.h
[20.014s] -- Up-to-date: /home/shaxpy/colcon_ws_AMR/install/kelo_tulip/include/kelo_tulip/soem/oshw/win32/wpcap/Include/remote-ext.h
[20.014s] -- Up-to-date: /home/shaxpy/colcon_ws_AMR/install/kelo_tulip/include/kelo_tulip/soem/oshw/win32/wpcap/Include/ip6_misc.h
[20.014s] -- Up-to-date: /home/shaxpy/colcon_ws_AMR/install/kelo_tulip/include/kelo_tulip/soem/oshw/win32/wpcap/Include/Win32-Extensions.h
[20.014s] -- Up-to-date: /home/shaxpy/colcon_ws_AMR/install/kelo_tulip/include/kelo_tulip/soem/oshw/win32/wpcap/Include/pcap-stdinc.h
[20.014s] -- Up-to-date: /home/shaxpy/colcon_ws_AMR/install/kelo_tulip/include/kelo_tulip/soem/oshw/win32/wpcap/Include/pcap-namedb.h
[20.014s] -- Up-to-date: /home/shaxpy/colcon_ws_AMR/install/kelo_tulip/include/kelo_tulip/soem/oshw/win32/wpcap/Lib
[20.014s] -- Up-to-date: /home/shaxpy/colcon_ws_AMR/install/kelo_tulip/include/kelo_tulip/soem/oshw/win32/wpcap/Lib/libwpcap.a
[20.014s] -- Up-to-date: /home/shaxpy/colcon_ws_AMR/install/kelo_tulip/include/kelo_tulip/soem/oshw/win32/wpcap/Lib/x64
[20.015s] -- Up-to-date: /home/shaxpy/colcon_ws_AMR/install/kelo_tulip/include/kelo_tulip/soem/oshw/win32/wpcap/Lib/x64/wpcap.lib
[20.015s] -- Up-to-date: /home/shaxpy/colcon_ws_AMR/install/kelo_tulip/include/kelo_tulip/soem/oshw/win32/wpcap/Lib/x64/Packet.lib
[20.015s] -- Up-to-date: /home/shaxpy/colcon_ws_AMR/install/kelo_tulip/include/kelo_tulip/soem/oshw/win32/wpcap/Lib/wpcap.lib
[20.015s] -- Up-to-date: /home/shaxpy/colcon_ws_AMR/install/kelo_tulip/include/kelo_tulip/soem/oshw/win32/wpcap/Lib/Packet.lib
[20.015s] -- Up-to-date: /home/shaxpy/colcon_ws_AMR/install/kelo_tulip/include/kelo_tulip/soem/oshw/win32/wpcap/Lib/libpacket.a
[20.015s] -- Up-to-date: /home/shaxpy/colcon_ws_AMR/install/kelo_tulip/include/kelo_tulip/soem/oshw/win32/nicdrv.c
[20.015s] -- Up-to-date: /home/shaxpy/colcon_ws_AMR/install/kelo_tulip/include/kelo_tulip/soem/oshw/win32/oshw.h
[20.015s] -- Up-to-date: /home/shaxpy/colcon_ws_AMR/install/kelo_tulip/include/kelo_tulip/soem/oshw/win32/nicdrv.h
[20.015s] -- Up-to-date: /home/shaxpy/colcon_ws_AMR/install/kelo_tulip/include/kelo_tulip/soem/oshw/win32/oshw.c
[20.015s] -- Up-to-date: /home/shaxpy/colcon_ws_AMR/install/kelo_tulip/include/kelo_tulip/soem/oshw/rtk
[20.015s] -- Up-to-date: /home/shaxpy/colcon_ws_AMR/install/kelo_tulip/include/kelo_tulip/soem/oshw/rtk/fec
[20.016s] -- Up-to-date: /home/shaxpy/colcon_ws_AMR/install/kelo_tulip/include/kelo_tulip/soem/oshw/rtk/fec/fec_ecat.c
[20.016s] -- Up-to-date: /home/shaxpy/colcon_ws_AMR/install/kelo_tulip/include/kelo_tulip/soem/oshw/rtk/fec/fec_ecat.h
[20.016s] -- Up-to-date: /home/shaxpy/colcon_ws_AMR/install/kelo_tulip/include/kelo_tulip/soem/oshw/rtk/nicdrv.c
[20.016s] -- Up-to-date: /home/shaxpy/colcon_ws_AMR/install/kelo_tulip/include/kelo_tulip/soem/oshw/rtk/lw_mac
[20.016s] -- Up-to-date: /home/shaxpy/colcon_ws_AMR/install/kelo_tulip/include/kelo_tulip/soem/oshw/rtk/lw_mac/lw_emac.h
[20.016s] -- Up-to-date: /home/shaxpy/colcon_ws_AMR/install/kelo_tulip/include/kelo_tulip/soem/oshw/rtk/lw_mac/lw_emac.c
[20.016s] -- Up-to-date: /home/shaxpy/colcon_ws_AMR/install/kelo_tulip/include/kelo_tulip/soem/oshw/rtk/oshw.h
[20.016s] -- Up-to-date: /home/shaxpy/colcon_ws_AMR/install/kelo_tulip/include/kelo_tulip/soem/oshw/rtk/nicdrv.h
[20.016s] -- Up-to-date: /home/shaxpy/colcon_ws_AMR/install/kelo_tulip/include/kelo_tulip/soem/oshw/rtk/oshw.c
[20.016s] -- Up-to-date: /home/shaxpy/colcon_ws_AMR/install/kelo_tulip/include/kelo_tulip/soem/oshw/vxworks
[20.016s] -- Up-to-date: /home/shaxpy/colcon_ws_AMR/install/kelo_tulip/include/kelo_tulip/soem/oshw/vxworks/nicdrv.c
[20.016s] -- Up-to-date: /home/shaxpy/colcon_ws_AMR/install/kelo_tulip/include/kelo_tulip/soem/oshw/vxworks/oshw.h
[20.016s] -- Up-to-date: /home/shaxpy/colcon_ws_AMR/install/kelo_tulip/include/kelo_tulip/soem/oshw/vxworks/nicdrv.h
[20.016s] -- Up-to-date: /home/shaxpy/colcon_ws_AMR/install/kelo_tulip/include/kelo_tulip/soem/oshw/vxworks/oshw.c
[20.016s] -- Up-to-date: /home/shaxpy/colcon_ws_AMR/install/kelo_tulip/include/kelo_tulip/soem/ethercattype.h
[20.016s] -- Up-to-date: /home/shaxpy/colcon_ws_AMR/install/kelo_tulip/include/kelo_tulip/soem/ethercatbase.h
[20.017s] -- Up-to-date: /home/shaxpy/colcon_ws_AMR/install/kelo_tulip/include/kelo_tulip/soem/osal
[20.017s] -- Up-to-date: /home/shaxpy/colcon_ws_AMR/install/kelo_tulip/include/kelo_tulip/soem/osal/rtems
[20.017s] -- Up-to-date: /home/shaxpy/colcon_ws_AMR/install/kelo_tulip/include/kelo_tulip/soem/osal/rtems/osal_defs.h
[20.017s] -- Up-to-date: /home/shaxpy/colcon_ws_AMR/install/kelo_tulip/include/kelo_tulip/soem/osal/rtems/osal.c
[20.017s] -- Up-to-date: /home/shaxpy/colcon_ws_AMR/install/kelo_tulip/include/kelo_tulip/soem/osal/linux
[20.017s] -- Up-to-date: /home/shaxpy/colcon_ws_AMR/install/kelo_tulip/include/kelo_tulip/soem/osal/linux/osal_defs.h
[20.017s] -- Up-to-date: /home/shaxpy/colcon_ws_AMR/install/kelo_tulip/include/kelo_tulip/soem/osal/linux/osal.c
[20.017s] -- Up-to-date: /home/shaxpy/colcon_ws_AMR/install/kelo_tulip/include/kelo_tulip/soem/osal/intime
[20.017s] -- Up-to-date: /home/shaxpy/colcon_ws_AMR/install/kelo_tulip/include/kelo_tulip/soem/osal/intime/osal_defs.h
[20.017s] -- Up-to-date: /home/shaxpy/colcon_ws_AMR/install/kelo_tulip/include/kelo_tulip/soem/osal/intime/osal.c
[20.017s] -- Up-to-date: /home/shaxpy/colcon_ws_AMR/install/kelo_tulip/include/kelo_tulip/soem/osal/win32
[20.017s] -- Up-to-date: /home/shaxpy/colcon_ws_AMR/install/kelo_tulip/include/kelo_tulip/soem/osal/win32/inttypes.h
[20.017s] -- Up-to-date: /home/shaxpy/colcon_ws_AMR/install/kelo_tulip/include/kelo_tulip/soem/osal/win32/osal_win32.h
[20.017s] -- Up-to-date: /home/shaxpy/colcon_ws_AMR/install/kelo_tulip/include/kelo_tulip/soem/osal/win32/stdint.h
[20.017s] -- Up-to-date: /home/shaxpy/colcon_ws_AMR/install/kelo_tulip/include/kelo_tulip/soem/osal/win32/osal_defs.h
[20.017s] -- Up-to-date: /home/shaxpy/colcon_ws_AMR/install/kelo_tulip/include/kelo_tulip/soem/osal/win32/osal.c
[20.017s] -- Up-to-date: /home/shaxpy/colcon_ws_AMR/install/kelo_tulip/include/kelo_tulip/soem/osal/rtk
[20.018s] -- Up-to-date: /home/shaxpy/colcon_ws_AMR/install/kelo_tulip/include/kelo_tulip/soem/osal/rtk/osal_defs.h
[20.018s] -- Up-to-date: /home/shaxpy/colcon_ws_AMR/install/kelo_tulip/include/kelo_tulip/soem/osal/rtk/osal.c
[20.018s] -- Up-to-date: /home/shaxpy/colcon_ws_AMR/install/kelo_tulip/include/kelo_tulip/soem/osal/vxworks
[20.018s] -- Up-to-date: /home/shaxpy/colcon_ws_AMR/install/kelo_tulip/include/kelo_tulip/soem/osal/vxworks/osal_defs.h
[20.018s] -- Up-to-date: /home/shaxpy/colcon_ws_AMR/install/kelo_tulip/include/kelo_tulip/soem/osal/vxworks/osal.c
[20.018s] -- Up-to-date: /home/shaxpy/colcon_ws_AMR/install/kelo_tulip/include/kelo_tulip/soem/osal/osal.h
[20.018s] -- Up-to-date: /home/shaxpy/colcon_ws_AMR/install/kelo_tulip/include/kelo_tulip/soem/ethercatprint.h
[20.018s] -- Up-to-date: /home/shaxpy/colcon_ws_AMR/install/kelo_tulip/include/kelo_tulip/soem/ethercatfoe.h
[20.018s] -- Installing: /home/shaxpy/colcon_ws_AMR/install/kelo_tulip/share/kelo_tulip/launch
[20.018s] -- Installing: /home/shaxpy/colcon_ws_AMR/install/kelo_tulip/share/kelo_tulip/launch/example.joypad.launch.py
[20.018s] -- Installing: /home/shaxpy/colcon_ws_AMR/install/kelo_tulip/share/kelo_tulip/launch/example.launch.py
[20.018s] -- Installing: /home/shaxpy/colcon_ws_AMR/install/kelo_tulip/share/kelo_tulip/config
[20.018s] -- Installing: /home/shaxpy/colcon_ws_AMR/install/kelo_tulip/share/kelo_tulip/config/robile1.yaml
[20.018s] -- Installing: /home/shaxpy/colcon_ws_AMR/install/kelo_tulip/share/kelo_tulip/config/robile3.yaml
[20.018s] -- Installing: /home/shaxpy/colcon_ws_AMR/install/kelo_tulip/share/kelo_tulip/config/example.yaml
[20.018s] -- Installing: /home/shaxpy/colcon_ws_AMR/install/kelo_tulip/share/kelo_tulip/config/robile2.yaml
[20.018s] -- Installing: /home/shaxpy/colcon_ws_AMR/install/kelo_tulip/share/kelo_tulip/config/robile4.yaml
[20.019s] -- Installing: /home/shaxpy/colcon_ws_AMR/install/kelo_tulip/share/ament_index/resource_index/package_run_dependencies/kelo_tulip
[20.019s] -- Installing: /home/shaxpy/colcon_ws_AMR/install/kelo_tulip/share/ament_index/resource_index/parent_prefix_path/kelo_tulip
[20.019s] -- Installing: /home/shaxpy/colcon_ws_AMR/install/kelo_tulip/share/kelo_tulip/environment/ament_prefix_path.sh
[20.019s] -- Installing: /home/shaxpy/colcon_ws_AMR/install/kelo_tulip/share/kelo_tulip/environment/ament_prefix_path.dsv
[20.025s] -- Installing: /home/shaxpy/colcon_ws_AMR/install/kelo_tulip/share/kelo_tulip/environment/path.sh
[20.025s] -- Installing: /home/shaxpy/colcon_ws_AMR/install/kelo_tulip/share/kelo_tulip/environment/path.dsv
[20.025s] -- Installing: /home/shaxpy/colcon_ws_AMR/install/kelo_tulip/share/kelo_tulip/local_setup.bash
[20.025s] -- Installing: /home/shaxpy/colcon_ws_AMR/install/kelo_tulip/share/kelo_tulip/local_setup.sh
[20.025s] -- Installing: /home/shaxpy/colcon_ws_AMR/install/kelo_tulip/share/kelo_tulip/local_setup.zsh
[20.025s] -- Installing: /home/shaxpy/colcon_ws_AMR/install/kelo_tulip/share/kelo_tulip/local_setup.dsv
[20.025s] -- Installing: /home/shaxpy/colcon_ws_AMR/install/kelo_tulip/share/kelo_tulip/package.dsv
[20.025s] -- Installing: /home/shaxpy/colcon_ws_AMR/install/kelo_tulip/share/ament_index/resource_index/packages/kelo_tulip
[20.025s] -- Installing: /home/shaxpy/colcon_ws_AMR/install/kelo_tulip/share/kelo_tulip/cmake/kelo_tulipConfig.cmake
[20.025s] -- Installing: /home/shaxpy/colcon_ws_AMR/install/kelo_tulip/share/kelo_tulip/cmake/kelo_tulipConfig-version.cmake
[20.025s] -- Installing: /home/shaxpy/colcon_ws_AMR/install/kelo_tulip/share/kelo_tulip/package.xml
[20.025s] -- Installing: /home/shaxpy/colcon_ws_AMR/install/kelo_tulip/lib/libsoem.a
[20.026s] Invoked command in '/home/shaxpy/colcon_ws_AMR/build/kelo_tulip' returned '0': CMAKE_PREFIX_PATH=${CMAKE_PREFIX_PATH}:/opt/ros/rolling /usr/bin/cmake --install /home/shaxpy/colcon_ws_AMR/build/kelo_tulip
