[1.830s] Invoking command in '/home/shaxpy/colcon_ws_AMR/src/Robile/robile_demos/robile_reach_goal': PYTHONPATH=/home/shaxpy/colcon_ws_AMR/build/robile_reach_goal/prefix_override:/home/shaxpy/colcon_ws_AMR/install/robile_reach_goal/lib/python3.8/site-packages:${PYTHONPATH} /usr/bin/python3 setup.py egg_info --egg-base ../../../../build/robile_reach_goal build --build-base /home/shaxpy/colcon_ws_AMR/build/robile_reach_goal/build install --record /home/shaxpy/colcon_ws_AMR/build/robile_reach_goal/install.log --single-version-externally-managed
[2.020s] running egg_info
[2.020s] writing ../../../../build/robile_reach_goal/robile_reach_goal.egg-info/PKG-INFO
[2.020s] writing dependency_links to ../../../../build/robile_reach_goal/robile_reach_goal.egg-info/dependency_links.txt
[2.020s] writing entry points to ../../../../build/robile_reach_goal/robile_reach_goal.egg-info/entry_points.txt
[2.020s] writing requirements to ../../../../build/robile_reach_goal/robile_reach_goal.egg-info/requires.txt
[2.021s] writing top-level names to ../../../../build/robile_reach_goal/robile_reach_goal.egg-info/top_level.txt
[2.046s] reading manifest file '../../../../build/robile_reach_goal/robile_reach_goal.egg-info/SOURCES.txt'
[2.047s] writing manifest file '../../../../build/robile_reach_goal/robile_reach_goal.egg-info/SOURCES.txt'
[2.047s] running build
[2.047s] running build_py
[2.047s] copying robile_reach_goal/robile_reach_goal.py -> /home/shaxpy/colcon_ws_AMR/build/robile_reach_goal/build/lib/robile_reach_goal
[2.047s] running install
[2.048s] running install_lib
[2.049s] copying /home/shaxpy/colcon_ws_AMR/build/robile_reach_goal/build/lib/robile_reach_goal/robile_reach_goal.py -> /home/shaxpy/colcon_ws_AMR/install/robile_reach_goal/lib/python3.8/site-packages/robile_reach_goal
[2.049s] byte-compiling /home/shaxpy/colcon_ws_AMR/install/robile_reach_goal/lib/python3.8/site-packages/robile_reach_goal/robile_reach_goal.py to robile_reach_goal.cpython-38.pyc
[2.051s] running install_data
[2.051s] running install_egg_info
[2.052s] removing '/home/shaxpy/colcon_ws_AMR/install/robile_reach_goal/lib/python3.8/site-packages/robile_reach_goal-0.0.0-py3.8.egg-info' (and everything under it)
[2.052s] Copying ../../../../build/robile_reach_goal/robile_reach_goal.egg-info to /home/shaxpy/colcon_ws_AMR/install/robile_reach_goal/lib/python3.8/site-packages/robile_reach_goal-0.0.0-py3.8.egg-info
[2.053s] running install_scripts
[2.065s] Installing robile_reach_goal script to /home/shaxpy/colcon_ws_AMR/install/robile_reach_goal/lib/robile_reach_goal
[2.065s] writing list of installed files to '/home/shaxpy/colcon_ws_AMR/build/robile_reach_goal/install.log'
[2.084s] Invoked command in '/home/shaxpy/colcon_ws_AMR/src/Robile/robile_demos/robile_reach_goal' returned '0': PYTHONPATH=/home/shaxpy/colcon_ws_AMR/build/robile_reach_goal/prefix_override:/home/shaxpy/colcon_ws_AMR/install/robile_reach_goal/lib/python3.8/site-packages:${PYTHONPATH} /usr/bin/python3 setup.py egg_info --egg-base ../../../../build/robile_reach_goal build --build-base /home/shaxpy/colcon_ws_AMR/build/robile_reach_goal/build install --record /home/shaxpy/colcon_ws_AMR/build/robile_reach_goal/install.log --single-version-externally-managed
