[0.063s] Invoking command in '/home/shaxpy/colcon_ws_AMR/build/kelo_tulip': CMAKE_PREFIX_PATH=${CMAKE_PREFIX_PATH}:/home/shaxpy/colcon_ws_AMR/install/robile_reach_goal:/home/shaxpy/colcon_ws_AMR/install/robile_control_square:/home/shaxpy/colcon_ws_AMR/install/robile_control_simple:/home/shaxpy/colcon_ws_AMR/install/py_trees_ros:/opt/ros/rolling /usr/bin/cmake --build /home/shaxpy/colcon_ws_AMR/build/kelo_tulip -- -j12 -l12
[0.920s] [ 35%] Built target tulip_velocity_controller
[0.920s] [ 75%] Built target soem
[0.920s] [100%] Built target platform_driver
[0.922s] Invoked command in '/home/shaxpy/colcon_ws_AMR/build/kelo_tulip' returned '0': CMAKE_PREFIX_PATH=${CMAKE_PREFIX_PATH}:/home/shaxpy/colcon_ws_AMR/install/robile_reach_goal:/home/shaxpy/colcon_ws_AMR/install/robile_control_square:/home/shaxpy/colcon_ws_AMR/install/robile_control_simple:/home/shaxpy/colcon_ws_AMR/install/py_trees_ros:/opt/ros/rolling /usr/bin/cmake --build /home/shaxpy/colcon_ws_AMR/build/kelo_tulip -- -j12 -l12
[0.951s] Invoking command in '/home/shaxpy/colcon_ws_AMR/build/kelo_tulip': CMAKE_PREFIX_PATH=${CMAKE_PREFIX_PATH}:/home/shaxpy/colcon_ws_AMR/install/robile_reach_goal:/home/shaxpy/colcon_ws_AMR/install/robile_control_square:/home/shaxpy/colcon_ws_AMR/install/robile_control_simple:/home/shaxpy/colcon_ws_AMR/install/py_trees_ros:/opt/ros/rolling /usr/bin/cmake --install /home/shaxpy/colcon_ws_AMR/build/kelo_tulip
[0.968s] -- Install configuration: ""
[0.968s] -- Up-to-date: /home/shaxpy/colcon_ws_AMR/install/kelo_tulip/lib/kelo_tulip/platform_driver
[0.968s] -- Up-to-date: /home/shaxpy/colcon_ws_AMR/install/kelo_tulip/lib/libtulip_velocity_controller.a
[0.968s] -- Up-to-date: /home/shaxpy/colcon_ws_AMR/install/kelo_tulip/include
[0.968s] -- Up-to-date: /home/shaxpy/colcon_ws_AMR/install/kelo_tulip/include/kelo_tulip
[0.968s] -- Up-to-date: /home/shaxpy/colcon_ws_AMR/install/kelo_tulip/include/kelo_tulip/EtherCATModule.h
[0.968s] -- Up-to-date: /home/shaxpy/colcon_ws_AMR/install/kelo_tulip/include/kelo_tulip/modules
[0.968s] -- Up-to-date: /home/shaxpy/colcon_ws_AMR/install/kelo_tulip/include/kelo_tulip/modules/RobileMasterBattery.h
[0.968s] -- Up-to-date: /home/shaxpy/colcon_ws_AMR/install/kelo_tulip/include/kelo_tulip/KeloDriveAPI.h
[0.968s] -- Up-to-date: /home/shaxpy/colcon_ws_AMR/install/kelo_tulip/include/kelo_tulip/VelocityPlatformController.h
[0.968s] -- Up-to-date: /home/shaxpy/colcon_ws_AMR/install/kelo_tulip/include/kelo_tulip/Utils.h
[0.968s] -- Up-to-date: /home/shaxpy/colcon_ws_AMR/install/kelo_tulip/include/kelo_tulip/WheelConfig.h
[0.968s] -- Up-to-date: /home/shaxpy/colcon_ws_AMR/install/kelo_tulip/include/kelo_tulip/Structs.h
[0.968s] -- Up-to-date: /home/shaxpy/colcon_ws_AMR/install/kelo_tulip/include/kelo_tulip/PlatformDriver.h
[0.968s] -- Up-to-date: /home/shaxpy/colcon_ws_AMR/install/kelo_tulip/include/kelo_tulip/soem
[0.968s] -- Up-to-date: /home/shaxpy/colcon_ws_AMR/install/kelo_tulip/include/kelo_tulip/soem/ethercatdc.h
[0.969s] -- Up-to-date: /home/shaxpy/colcon_ws_AMR/install/kelo_tulip/include/kelo_tulip/soem/ethercatsoe.h
[0.969s] -- Up-to-date: /home/shaxpy/colcon_ws_AMR/install/kelo_tulip/include/kelo_tulip/soem/ethercateoe.h
[0.969s] -- Up-to-date: /home/shaxpy/colcon_ws_AMR/install/kelo_tulip/include/kelo_tulip/soem/ethercatconfiglist.h
[0.969s] -- Up-to-date: /home/shaxpy/colcon_ws_AMR/install/kelo_tulip/include/kelo_tulip/soem/ethercatmain.h
[0.969s] -- Up-to-date: /home/shaxpy/colcon_ws_AMR/install/kelo_tulip/include/kelo_tulip/soem/ethercatcoe.h
[0.969s] -- Up-to-date: /home/shaxpy/colcon_ws_AMR/install/kelo_tulip/include/kelo_tulip/soem/ethercat.h
[0.969s] -- Up-to-date: /home/shaxpy/colcon_ws_AMR/install/kelo_tulip/include/kelo_tulip/soem/ethercatconfig.h
[0.969s] -- Up-to-date: /home/shaxpy/colcon_ws_AMR/install/kelo_tulip/include/kelo_tulip/soem/oshw
[0.969s] -- Up-to-date: /home/shaxpy/colcon_ws_AMR/install/kelo_tulip/include/kelo_tulip/soem/oshw/rtems
[0.969s] -- Up-to-date: /home/shaxpy/colcon_ws_AMR/install/kelo_tulip/include/kelo_tulip/soem/oshw/rtems/nicdrv.c
[0.969s] -- Up-to-date: /home/shaxpy/colcon_ws_AMR/install/kelo_tulip/include/kelo_tulip/soem/oshw/rtems/oshw.h
[0.970s] -- Up-to-date: /home/shaxpy/colcon_ws_AMR/install/kelo_tulip/include/kelo_tulip/soem/oshw/rtems/nicdrv.h
[0.971s] -- Up-to-date: /home/shaxpy/colcon_ws_AMR/install/kelo_tulip/include/kelo_tulip/soem/oshw/rtems/oshw.c
[0.971s] -- Up-to-date: /home/shaxpy/colcon_ws_AMR/install/kelo_tulip/include/kelo_tulip/soem/oshw/linux
[0.971s] -- Up-to-date: /home/shaxpy/colcon_ws_AMR/install/kelo_tulip/include/kelo_tulip/soem/oshw/linux/nicdrv.c
[0.971s] -- Up-to-date: /home/shaxpy/colcon_ws_AMR/install/kelo_tulip/include/kelo_tulip/soem/oshw/linux/oshw.h
[0.971s] -- Up-to-date: /home/shaxpy/colcon_ws_AMR/install/kelo_tulip/include/kelo_tulip/soem/oshw/linux/nicdrv.h
[0.971s] -- Up-to-date: /home/shaxpy/colcon_ws_AMR/install/kelo_tulip/include/kelo_tulip/soem/oshw/linux/oshw.c
[0.971s] -- Up-to-date: /home/shaxpy/colcon_ws_AMR/install/kelo_tulip/include/kelo_tulip/soem/oshw/intime
[0.971s] -- Up-to-date: /home/shaxpy/colcon_ws_AMR/install/kelo_tulip/include/kelo_tulip/soem/oshw/intime/nicdrv.c
[0.971s] -- Up-to-date: /home/shaxpy/colcon_ws_AMR/install/kelo_tulip/include/kelo_tulip/soem/oshw/intime/oshw.h
[0.971s] -- Up-to-date: /home/shaxpy/colcon_ws_AMR/install/kelo_tulip/include/kelo_tulip/soem/oshw/intime/nicdrv.h
[0.971s] -- Up-to-date: /home/shaxpy/colcon_ws_AMR/install/kelo_tulip/include/kelo_tulip/soem/oshw/intime/oshw.c
[0.971s] -- Up-to-date: /home/shaxpy/colcon_ws_AMR/install/kelo_tulip/include/kelo_tulip/soem/oshw/win32
[0.971s] -- Up-to-date: /home/shaxpy/colcon_ws_AMR/install/kelo_tulip/include/kelo_tulip/soem/oshw/win32/wpcap
[0.971s] -- Up-to-date: /home/shaxpy/colcon_ws_AMR/install/kelo_tulip/include/kelo_tulip/soem/oshw/win32/wpcap/Include
[0.971s] -- Up-to-date: /home/shaxpy/colcon_ws_AMR/install/kelo_tulip/include/kelo_tulip/soem/oshw/win32/wpcap/Include/pcap.h
[0.971s] -- Up-to-date: /home/shaxpy/colcon_ws_AMR/install/kelo_tulip/include/kelo_tulip/soem/oshw/win32/wpcap/Include/bittypes.h
[0.972s] -- Up-to-date: /home/shaxpy/colcon_ws_AMR/install/kelo_tulip/include/kelo_tulip/soem/oshw/win32/wpcap/Include/pcap
[0.972s] -- Up-to-date: /home/shaxpy/colcon_ws_AMR/install/kelo_tulip/include/kelo_tulip/soem/oshw/win32/wpcap/Include/pcap/pcap.h
[0.972s] -- Up-to-date: /home/shaxpy/colcon_ws_AMR/install/kelo_tulip/include/kelo_tulip/soem/oshw/win32/wpcap/Include/pcap/namedb.h
[0.972s] -- Up-to-date: /home/shaxpy/colcon_ws_AMR/install/kelo_tulip/include/kelo_tulip/soem/oshw/win32/wpcap/Include/pcap/sll.h
[0.972s] -- Up-to-date: /home/shaxpy/colcon_ws_AMR/install/kelo_tulip/include/kelo_tulip/soem/oshw/win32/wpcap/Include/pcap/usb.h
[0.972s] -- Up-to-date: /home/shaxpy/colcon_ws_AMR/install/kelo_tulip/include/kelo_tulip/soem/oshw/win32/wpcap/Include/pcap/vlan.h
[0.972s] -- Up-to-date: /home/shaxpy/colcon_ws_AMR/install/kelo_tulip/include/kelo_tulip/soem/oshw/win32/wpcap/Include/pcap/bpf.h
[0.972s] -- Up-to-date: /home/shaxpy/colcon_ws_AMR/install/kelo_tulip/include/kelo_tulip/soem/oshw/win32/wpcap/Include/pcap/bluetooth.h
[0.972s] -- Up-to-date: /home/shaxpy/colcon_ws_AMR/install/kelo_tulip/include/kelo_tulip/soem/oshw/win32/wpcap/Include/Packet32.h
[0.972s] -- Up-to-date: /home/shaxpy/colcon_ws_AMR/install/kelo_tulip/include/kelo_tulip/soem/oshw/win32/wpcap/Include/pcap-bpf.h
[0.973s] -- Up-to-date: /home/shaxpy/colcon_ws_AMR/install/kelo_tulip/include/kelo_tulip/soem/oshw/win32/wpcap/Include/remote-ext.h
[0.973s] -- Up-to-date: /home/shaxpy/colcon_ws_AMR/install/kelo_tulip/include/kelo_tulip/soem/oshw/win32/wpcap/Include/ip6_misc.h
[0.973s] -- Up-to-date: /home/shaxpy/colcon_ws_AMR/install/kelo_tulip/include/kelo_tulip/soem/oshw/win32/wpcap/Include/Win32-Extensions.h
[0.973s] -- Up-to-date: /home/shaxpy/colcon_ws_AMR/install/kelo_tulip/include/kelo_tulip/soem/oshw/win32/wpcap/Include/pcap-stdinc.h
[0.973s] -- Up-to-date: /home/shaxpy/colcon_ws_AMR/install/kelo_tulip/include/kelo_tulip/soem/oshw/win32/wpcap/Include/pcap-namedb.h
[0.973s] -- Up-to-date: /home/shaxpy/colcon_ws_AMR/install/kelo_tulip/include/kelo_tulip/soem/oshw/win32/wpcap/Lib
[0.973s] -- Up-to-date: /home/shaxpy/colcon_ws_AMR/install/kelo_tulip/include/kelo_tulip/soem/oshw/win32/wpcap/Lib/libwpcap.a
[0.973s] -- Up-to-date: /home/shaxpy/colcon_ws_AMR/install/kelo_tulip/include/kelo_tulip/soem/oshw/win32/wpcap/Lib/x64
[0.973s] -- Up-to-date: /home/shaxpy/colcon_ws_AMR/install/kelo_tulip/include/kelo_tulip/soem/oshw/win32/wpcap/Lib/x64/wpcap.lib
[0.973s] -- Up-to-date: /home/shaxpy/colcon_ws_AMR/install/kelo_tulip/include/kelo_tulip/soem/oshw/win32/wpcap/Lib/x64/Packet.lib
[0.974s] -- Up-to-date: /home/shaxpy/colcon_ws_AMR/install/kelo_tulip/include/kelo_tulip/soem/oshw/win32/wpcap/Lib/wpcap.lib
[0.974s] -- Up-to-date: /home/shaxpy/colcon_ws_AMR/install/kelo_tulip/include/kelo_tulip/soem/oshw/win32/wpcap/Lib/Packet.lib
[0.974s] -- Up-to-date: /home/shaxpy/colcon_ws_AMR/install/kelo_tulip/include/kelo_tulip/soem/oshw/win32/wpcap/Lib/libpacket.a
[0.974s] -- Up-to-date: /home/shaxpy/colcon_ws_AMR/install/kelo_tulip/include/kelo_tulip/soem/oshw/win32/nicdrv.c
[0.974s] -- Up-to-date: /home/shaxpy/colcon_ws_AMR/install/kelo_tulip/include/kelo_tulip/soem/oshw/win32/oshw.h
[0.974s] -- Up-to-date: /home/shaxpy/colcon_ws_AMR/install/kelo_tulip/include/kelo_tulip/soem/oshw/win32/nicdrv.h
[0.974s] -- Up-to-date: /home/shaxpy/colcon_ws_AMR/install/kelo_tulip/include/kelo_tulip/soem/oshw/win32/oshw.c
[0.974s] -- Up-to-date: /home/shaxpy/colcon_ws_AMR/install/kelo_tulip/include/kelo_tulip/soem/oshw/rtk
[0.974s] -- Up-to-date: /home/shaxpy/colcon_ws_AMR/install/kelo_tulip/include/kelo_tulip/soem/oshw/rtk/fec
[0.974s] -- Up-to-date: /home/shaxpy/colcon_ws_AMR/install/kelo_tulip/include/kelo_tulip/soem/oshw/rtk/fec/fec_ecat.c
[0.974s] -- Up-to-date: /home/shaxpy/colcon_ws_AMR/install/kelo_tulip/include/kelo_tulip/soem/oshw/rtk/fec/fec_ecat.h
[0.974s] -- Up-to-date: /home/shaxpy/colcon_ws_AMR/install/kelo_tulip/include/kelo_tulip/soem/oshw/rtk/nicdrv.c
[0.974s] -- Up-to-date: /home/shaxpy/colcon_ws_AMR/install/kelo_tulip/include/kelo_tulip/soem/oshw/rtk/lw_mac
[0.975s] -- Up-to-date: /home/shaxpy/colcon_ws_AMR/install/kelo_tulip/include/kelo_tulip/soem/oshw/rtk/lw_mac/lw_emac.h
[0.975s] -- Up-to-date: /home/shaxpy/colcon_ws_AMR/install/kelo_tulip/include/kelo_tulip/soem/oshw/rtk/lw_mac/lw_emac.c
[0.975s] -- Up-to-date: /home/shaxpy/colcon_ws_AMR/install/kelo_tulip/include/kelo_tulip/soem/oshw/rtk/oshw.h
[0.975s] -- Up-to-date: /home/shaxpy/colcon_ws_AMR/install/kelo_tulip/include/kelo_tulip/soem/oshw/rtk/nicdrv.h
[0.975s] -- Up-to-date: /home/shaxpy/colcon_ws_AMR/install/kelo_tulip/include/kelo_tulip/soem/oshw/rtk/oshw.c
[0.975s] -- Up-to-date: /home/shaxpy/colcon_ws_AMR/install/kelo_tulip/include/kelo_tulip/soem/oshw/vxworks
[0.975s] -- Up-to-date: /home/shaxpy/colcon_ws_AMR/install/kelo_tulip/include/kelo_tulip/soem/oshw/vxworks/nicdrv.c
[0.975s] -- Up-to-date: /home/shaxpy/colcon_ws_AMR/install/kelo_tulip/include/kelo_tulip/soem/oshw/vxworks/oshw.h
[0.975s] -- Up-to-date: /home/shaxpy/colcon_ws_AMR/install/kelo_tulip/include/kelo_tulip/soem/oshw/vxworks/nicdrv.h
[0.975s] -- Up-to-date: /home/shaxpy/colcon_ws_AMR/install/kelo_tulip/include/kelo_tulip/soem/oshw/vxworks/oshw.c
[0.975s] -- Up-to-date: /home/shaxpy/colcon_ws_AMR/install/kelo_tulip/include/kelo_tulip/soem/ethercattype.h
[0.975s] -- Up-to-date: /home/shaxpy/colcon_ws_AMR/install/kelo_tulip/include/kelo_tulip/soem/ethercatbase.h
[0.976s] -- Up-to-date: /home/shaxpy/colcon_ws_AMR/install/kelo_tulip/include/kelo_tulip/soem/osal
[0.976s] -- Up-to-date: /home/shaxpy/colcon_ws_AMR/install/kelo_tulip/include/kelo_tulip/soem/osal/rtems
[0.976s] -- Up-to-date: /home/shaxpy/colcon_ws_AMR/install/kelo_tulip/include/kelo_tulip/soem/osal/rtems/osal_defs.h
[0.976s] -- Up-to-date: /home/shaxpy/colcon_ws_AMR/install/kelo_tulip/include/kelo_tulip/soem/osal/rtems/osal.c
[0.976s] -- Up-to-date: /home/shaxpy/colcon_ws_AMR/install/kelo_tulip/include/kelo_tulip/soem/osal/linux
[0.978s] -- Up-to-date: /home/shaxpy/colcon_ws_AMR/install/kelo_tulip/include/kelo_tulip/soem/osal/linux/osal_defs.h
[0.978s] -- Up-to-date: /home/shaxpy/colcon_ws_AMR/install/kelo_tulip/include/kelo_tulip/soem/osal/linux/osal.c
[0.978s] -- Up-to-date: /home/shaxpy/colcon_ws_AMR/install/kelo_tulip/include/kelo_tulip/soem/osal/intime
[0.979s] -- Up-to-date: /home/shaxpy/colcon_ws_AMR/install/kelo_tulip/include/kelo_tulip/soem/osal/intime/osal_defs.h
[0.979s] -- Up-to-date: /home/shaxpy/colcon_ws_AMR/install/kelo_tulip/include/kelo_tulip/soem/osal/intime/osal.c
[0.979s] -- Up-to-date: /home/shaxpy/colcon_ws_AMR/install/kelo_tulip/include/kelo_tulip/soem/osal/win32
[0.979s] -- Up-to-date: /home/shaxpy/colcon_ws_AMR/install/kelo_tulip/include/kelo_tulip/soem/osal/win32/inttypes.h
[0.979s] -- Up-to-date: /home/shaxpy/colcon_ws_AMR/install/kelo_tulip/include/kelo_tulip/soem/osal/win32/osal_win32.h
[0.979s] -- Up-to-date: /home/shaxpy/colcon_ws_AMR/install/kelo_tulip/include/kelo_tulip/soem/osal/win32/stdint.h
[0.980s] -- Up-to-date: /home/shaxpy/colcon_ws_AMR/install/kelo_tulip/include/kelo_tulip/soem/osal/win32/osal_defs.h
[0.980s] -- Up-to-date: /home/shaxpy/colcon_ws_AMR/install/kelo_tulip/include/kelo_tulip/soem/osal/win32/osal.c
[0.984s] -- Up-to-date: /home/shaxpy/colcon_ws_AMR/install/kelo_tulip/include/kelo_tulip/soem/osal/rtk
[0.984s] -- Up-to-date: /home/shaxpy/colcon_ws_AMR/install/kelo_tulip/include/kelo_tulip/soem/osal/rtk/osal_defs.h
[0.984s] -- Up-to-date: /home/shaxpy/colcon_ws_AMR/install/kelo_tulip/include/kelo_tulip/soem/osal/rtk/osal.c
[0.984s] -- Up-to-date: /home/shaxpy/colcon_ws_AMR/install/kelo_tulip/include/kelo_tulip/soem/osal/vxworks
[0.984s] -- Up-to-date: /home/shaxpy/colcon_ws_AMR/install/kelo_tulip/include/kelo_tulip/soem/osal/vxworks/osal_defs.h
[0.984s] -- Up-to-date: /home/shaxpy/colcon_ws_AMR/install/kelo_tulip/include/kelo_tulip/soem/osal/vxworks/osal.c
[0.984s] -- Up-to-date: /home/shaxpy/colcon_ws_AMR/install/kelo_tulip/include/kelo_tulip/soem/osal/osal.h
[0.985s] -- Up-to-date: /home/shaxpy/colcon_ws_AMR/install/kelo_tulip/include/kelo_tulip/soem/ethercatprint.h
[0.985s] -- Up-to-date: /home/shaxpy/colcon_ws_AMR/install/kelo_tulip/include/kelo_tulip/soem/ethercatfoe.h
[0.985s] -- Up-to-date: /home/shaxpy/colcon_ws_AMR/install/kelo_tulip/include/kelo_tulip
[0.986s] -- Up-to-date: /home/shaxpy/colcon_ws_AMR/install/kelo_tulip/include/kelo_tulip/EtherCATModule.h
[0.986s] -- Up-to-date: /home/shaxpy/colcon_ws_AMR/install/kelo_tulip/include/kelo_tulip/modules
[0.987s] -- Up-to-date: /home/shaxpy/colcon_ws_AMR/install/kelo_tulip/include/kelo_tulip/modules/RobileMasterBattery.h
[0.987s] -- Up-to-date: /home/shaxpy/colcon_ws_AMR/install/kelo_tulip/include/kelo_tulip/KeloDriveAPI.h
[0.987s] -- Up-to-date: /home/shaxpy/colcon_ws_AMR/install/kelo_tulip/include/kelo_tulip/VelocityPlatformController.h
[0.987s] -- Up-to-date: /home/shaxpy/colcon_ws_AMR/install/kelo_tulip/include/kelo_tulip/Utils.h
[0.988s] -- Up-to-date: /home/shaxpy/colcon_ws_AMR/install/kelo_tulip/include/kelo_tulip/WheelConfig.h
[0.988s] -- Up-to-date: /home/shaxpy/colcon_ws_AMR/install/kelo_tulip/include/kelo_tulip/Structs.h
[0.990s] -- Up-to-date: /home/shaxpy/colcon_ws_AMR/install/kelo_tulip/include/kelo_tulip/PlatformDriver.h
[0.991s] -- Up-to-date: /home/shaxpy/colcon_ws_AMR/install/kelo_tulip/include/kelo_tulip/soem
[0.991s] -- Up-to-date: /home/shaxpy/colcon_ws_AMR/install/kelo_tulip/include/kelo_tulip/soem/ethercatdc.h
[0.991s] -- Up-to-date: /home/shaxpy/colcon_ws_AMR/install/kelo_tulip/include/kelo_tulip/soem/ethercatsoe.h
[0.991s] -- Up-to-date: /home/shaxpy/colcon_ws_AMR/install/kelo_tulip/include/kelo_tulip/soem/ethercateoe.h
[0.991s] -- Up-to-date: /home/shaxpy/colcon_ws_AMR/install/kelo_tulip/include/kelo_tulip/soem/ethercatconfiglist.h
[0.992s] -- Up-to-date: /home/shaxpy/colcon_ws_AMR/install/kelo_tulip/include/kelo_tulip/soem/ethercatmain.h
[0.998s] -- Up-to-date: /home/shaxpy/colcon_ws_AMR/install/kelo_tulip/include/kelo_tulip/soem/ethercatcoe.h
[0.998s] -- Up-to-date: /home/shaxpy/colcon_ws_AMR/install/kelo_tulip/include/kelo_tulip/soem/ethercat.h
[0.998s] -- Up-to-date: /home/shaxpy/colcon_ws_AMR/install/kelo_tulip/include/kelo_tulip/soem/ethercatconfig.h
[0.998s] -- Up-to-date: /home/shaxpy/colcon_ws_AMR/install/kelo_tulip/include/kelo_tulip/soem/oshw
[0.999s] -- Up-to-date: /home/shaxpy/colcon_ws_AMR/install/kelo_tulip/include/kelo_tulip/soem/oshw/rtems
[0.999s] -- Up-to-date: /home/shaxpy/colcon_ws_AMR/install/kelo_tulip/include/kelo_tulip/soem/oshw/rtems/nicdrv.c
[0.999s] -- Up-to-date: /home/shaxpy/colcon_ws_AMR/install/kelo_tulip/include/kelo_tulip/soem/oshw/rtems/oshw.h
[0.999s] -- Up-to-date: /home/shaxpy/colcon_ws_AMR/install/kelo_tulip/include/kelo_tulip/soem/oshw/rtems/nicdrv.h
[0.999s] -- Up-to-date: /home/shaxpy/colcon_ws_AMR/install/kelo_tulip/include/kelo_tulip/soem/oshw/rtems/oshw.c
[0.999s] -- Up-to-date: /home/shaxpy/colcon_ws_AMR/install/kelo_tulip/include/kelo_tulip/soem/oshw/linux
[0.999s] -- Up-to-date: /home/shaxpy/colcon_ws_AMR/install/kelo_tulip/include/kelo_tulip/soem/oshw/linux/nicdrv.c
[0.999s] -- Up-to-date: /home/shaxpy/colcon_ws_AMR/install/kelo_tulip/include/kelo_tulip/soem/oshw/linux/oshw.h
[0.999s] -- Up-to-date: /home/shaxpy/colcon_ws_AMR/install/kelo_tulip/include/kelo_tulip/soem/oshw/linux/nicdrv.h
[1.000s] -- Up-to-date: /home/shaxpy/colcon_ws_AMR/install/kelo_tulip/include/kelo_tulip/soem/oshw/linux/oshw.c
[1.000s] -- Up-to-date: /home/shaxpy/colcon_ws_AMR/install/kelo_tulip/include/kelo_tulip/soem/oshw/intime
[1.000s] -- Up-to-date: /home/shaxpy/colcon_ws_AMR/install/kelo_tulip/include/kelo_tulip/soem/oshw/intime/nicdrv.c
[1.000s] -- Up-to-date: /home/shaxpy/colcon_ws_AMR/install/kelo_tulip/include/kelo_tulip/soem/oshw/intime/oshw.h
[1.000s] -- Up-to-date: /home/shaxpy/colcon_ws_AMR/install/kelo_tulip/include/kelo_tulip/soem/oshw/intime/nicdrv.h
[1.000s] -- Up-to-date: /home/shaxpy/colcon_ws_AMR/install/kelo_tulip/include/kelo_tulip/soem/oshw/intime/oshw.c
[1.000s] -- Up-to-date: /home/shaxpy/colcon_ws_AMR/install/kelo_tulip/include/kelo_tulip/soem/oshw/win32
[1.000s] -- Up-to-date: /home/shaxpy/colcon_ws_AMR/install/kelo_tulip/include/kelo_tulip/soem/oshw/win32/wpcap
[1.001s] -- Up-to-date: /home/shaxpy/colcon_ws_AMR/install/kelo_tulip/include/kelo_tulip/soem/oshw/win32/wpcap/Include
[1.001s] -- Up-to-date: /home/shaxpy/colcon_ws_AMR/install/kelo_tulip/include/kelo_tulip/soem/oshw/win32/wpcap/Include/pcap.h
[1.001s] -- Up-to-date: /home/shaxpy/colcon_ws_AMR/install/kelo_tulip/include/kelo_tulip/soem/oshw/win32/wpcap/Include/bittypes.h
[1.001s] -- Up-to-date: /home/shaxpy/colcon_ws_AMR/install/kelo_tulip/include/kelo_tulip/soem/oshw/win32/wpcap/Include/pcap
[1.001s] -- Up-to-date: /home/shaxpy/colcon_ws_AMR/install/kelo_tulip/include/kelo_tulip/soem/oshw/win32/wpcap/Include/pcap/pcap.h
[1.001s] -- Up-to-date: /home/shaxpy/colcon_ws_AMR/install/kelo_tulip/include/kelo_tulip/soem/oshw/win32/wpcap/Include/pcap/namedb.h
[1.001s] -- Up-to-date: /home/shaxpy/colcon_ws_AMR/install/kelo_tulip/include/kelo_tulip/soem/oshw/win32/wpcap/Include/pcap/sll.h
[1.001s] -- Up-to-date: /home/shaxpy/colcon_ws_AMR/install/kelo_tulip/include/kelo_tulip/soem/oshw/win32/wpcap/Include/pcap/usb.h
[1.001s] -- Up-to-date: /home/shaxpy/colcon_ws_AMR/install/kelo_tulip/include/kelo_tulip/soem/oshw/win32/wpcap/Include/pcap/vlan.h
[1.001s] -- Up-to-date: /home/shaxpy/colcon_ws_AMR/install/kelo_tulip/include/kelo_tulip/soem/oshw/win32/wpcap/Include/pcap/bpf.h
[1.001s] -- Up-to-date: /home/shaxpy/colcon_ws_AMR/install/kelo_tulip/include/kelo_tulip/soem/oshw/win32/wpcap/Include/pcap/bluetooth.h
[1.001s] -- Up-to-date: /home/shaxpy/colcon_ws_AMR/install/kelo_tulip/include/kelo_tulip/soem/oshw/win32/wpcap/Include/Packet32.h
[1.002s] -- Up-to-date: /home/shaxpy/colcon_ws_AMR/install/kelo_tulip/include/kelo_tulip/soem/oshw/win32/wpcap/Include/pcap-bpf.h
[1.002s] -- Up-to-date: /home/shaxpy/colcon_ws_AMR/install/kelo_tulip/include/kelo_tulip/soem/oshw/win32/wpcap/Include/remote-ext.h
[1.002s] -- Up-to-date: /home/shaxpy/colcon_ws_AMR/install/kelo_tulip/include/kelo_tulip/soem/oshw/win32/wpcap/Include/ip6_misc.h
[1.002s] -- Up-to-date: /home/shaxpy/colcon_ws_AMR/install/kelo_tulip/include/kelo_tulip/soem/oshw/win32/wpcap/Include/Win32-Extensions.h
[1.002s] -- Up-to-date: /home/shaxpy/colcon_ws_AMR/install/kelo_tulip/include/kelo_tulip/soem/oshw/win32/wpcap/Include/pcap-stdinc.h
[1.002s] -- Up-to-date: /home/shaxpy/colcon_ws_AMR/install/kelo_tulip/include/kelo_tulip/soem/oshw/win32/wpcap/Include/pcap-namedb.h
[1.002s] -- Up-to-date: /home/shaxpy/colcon_ws_AMR/install/kelo_tulip/include/kelo_tulip/soem/oshw/win32/wpcap/Lib
[1.002s] -- Up-to-date: /home/shaxpy/colcon_ws_AMR/install/kelo_tulip/include/kelo_tulip/soem/oshw/win32/wpcap/Lib/libwpcap.a
[1.002s] -- Up-to-date: /home/shaxpy/colcon_ws_AMR/install/kelo_tulip/include/kelo_tulip/soem/oshw/win32/wpcap/Lib/x64
[1.003s] -- Up-to-date: /home/shaxpy/colcon_ws_AMR/install/kelo_tulip/include/kelo_tulip/soem/oshw/win32/wpcap/Lib/x64/wpcap.lib
[1.003s] -- Up-to-date: /home/shaxpy/colcon_ws_AMR/install/kelo_tulip/include/kelo_tulip/soem/oshw/win32/wpcap/Lib/x64/Packet.lib
[1.003s] -- Up-to-date: /home/shaxpy/colcon_ws_AMR/install/kelo_tulip/include/kelo_tulip/soem/oshw/win32/wpcap/Lib/wpcap.lib
[1.003s] -- Up-to-date: /home/shaxpy/colcon_ws_AMR/install/kelo_tulip/include/kelo_tulip/soem/oshw/win32/wpcap/Lib/Packet.lib
[1.003s] -- Up-to-date: /home/shaxpy/colcon_ws_AMR/install/kelo_tulip/include/kelo_tulip/soem/oshw/win32/wpcap/Lib/libpacket.a
[1.003s] -- Up-to-date: /home/shaxpy/colcon_ws_AMR/install/kelo_tulip/include/kelo_tulip/soem/oshw/win32/nicdrv.c
[1.003s] -- Up-to-date: /home/shaxpy/colcon_ws_AMR/install/kelo_tulip/include/kelo_tulip/soem/oshw/win32/oshw.h
[1.003s] -- Up-to-date: /home/shaxpy/colcon_ws_AMR/install/kelo_tulip/include/kelo_tulip/soem/oshw/win32/nicdrv.h
[1.004s] -- Up-to-date: /home/shaxpy/colcon_ws_AMR/install/kelo_tulip/include/kelo_tulip/soem/oshw/win32/oshw.c
[1.004s] -- Up-to-date: /home/shaxpy/colcon_ws_AMR/install/kelo_tulip/include/kelo_tulip/soem/oshw/rtk
[1.004s] -- Up-to-date: /home/shaxpy/colcon_ws_AMR/install/kelo_tulip/include/kelo_tulip/soem/oshw/rtk/fec
[1.004s] -- Up-to-date: /home/shaxpy/colcon_ws_AMR/install/kelo_tulip/include/kelo_tulip/soem/oshw/rtk/fec/fec_ecat.c
[1.004s] -- Up-to-date: /home/shaxpy/colcon_ws_AMR/install/kelo_tulip/include/kelo_tulip/soem/oshw/rtk/fec/fec_ecat.h
[1.004s] -- Up-to-date: /home/shaxpy/colcon_ws_AMR/install/kelo_tulip/include/kelo_tulip/soem/oshw/rtk/nicdrv.c
[1.004s] -- Up-to-date: /home/shaxpy/colcon_ws_AMR/install/kelo_tulip/include/kelo_tulip/soem/oshw/rtk/lw_mac
[1.004s] -- Up-to-date: /home/shaxpy/colcon_ws_AMR/install/kelo_tulip/include/kelo_tulip/soem/oshw/rtk/lw_mac/lw_emac.h
[1.005s] -- Up-to-date: /home/shaxpy/colcon_ws_AMR/install/kelo_tulip/include/kelo_tulip/soem/oshw/rtk/lw_mac/lw_emac.c
[1.009s] -- Up-to-date: /home/shaxpy/colcon_ws_AMR/install/kelo_tulip/include/kelo_tulip/soem/oshw/rtk/oshw.h
[1.009s] -- Up-to-date: /home/shaxpy/colcon_ws_AMR/install/kelo_tulip/include/kelo_tulip/soem/oshw/rtk/nicdrv.h
[1.009s] -- Up-to-date: /home/shaxpy/colcon_ws_AMR/install/kelo_tulip/include/kelo_tulip/soem/oshw/rtk/oshw.c
[1.009s] -- Up-to-date: /home/shaxpy/colcon_ws_AMR/install/kelo_tulip/include/kelo_tulip/soem/oshw/vxworks
[1.010s] -- Up-to-date: /home/shaxpy/colcon_ws_AMR/install/kelo_tulip/include/kelo_tulip/soem/oshw/vxworks/nicdrv.c
[1.010s] -- Up-to-date: /home/shaxpy/colcon_ws_AMR/install/kelo_tulip/include/kelo_tulip/soem/oshw/vxworks/oshw.h
[1.010s] -- Up-to-date: /home/shaxpy/colcon_ws_AMR/install/kelo_tulip/include/kelo_tulip/soem/oshw/vxworks/nicdrv.h
[1.010s] -- Up-to-date: /home/shaxpy/colcon_ws_AMR/install/kelo_tulip/include/kelo_tulip/soem/oshw/vxworks/oshw.c
[1.010s] -- Up-to-date: /home/shaxpy/colcon_ws_AMR/install/kelo_tulip/include/kelo_tulip/soem/ethercattype.h
[1.010s] -- Up-to-date: /home/shaxpy/colcon_ws_AMR/install/kelo_tulip/include/kelo_tulip/soem/ethercatbase.h
[1.011s] -- Up-to-date: /home/shaxpy/colcon_ws_AMR/install/kelo_tulip/include/kelo_tulip/soem/osal
[1.011s] -- Up-to-date: /home/shaxpy/colcon_ws_AMR/install/kelo_tulip/include/kelo_tulip/soem/osal/rtems
[1.011s] -- Up-to-date: /home/shaxpy/colcon_ws_AMR/install/kelo_tulip/include/kelo_tulip/soem/osal/rtems/osal_defs.h
[1.011s] -- Up-to-date: /home/shaxpy/colcon_ws_AMR/install/kelo_tulip/include/kelo_tulip/soem/osal/rtems/osal.c
[1.012s] -- Up-to-date: /home/shaxpy/colcon_ws_AMR/install/kelo_tulip/include/kelo_tulip/soem/osal/linux
[1.016s] -- Up-to-date: /home/shaxpy/colcon_ws_AMR/install/kelo_tulip/include/kelo_tulip/soem/osal/linux/osal_defs.h
[1.016s] -- Up-to-date: /home/shaxpy/colcon_ws_AMR/install/kelo_tulip/include/kelo_tulip/soem/osal/linux/osal.c
[1.017s] -- Up-to-date: /home/shaxpy/colcon_ws_AMR/install/kelo_tulip/include/kelo_tulip/soem/osal/intime
[1.017s] -- Up-to-date: /home/shaxpy/colcon_ws_AMR/install/kelo_tulip/include/kelo_tulip/soem/osal/intime/osal_defs.h
[1.017s] -- Up-to-date: /home/shaxpy/colcon_ws_AMR/install/kelo_tulip/include/kelo_tulip/soem/osal/intime/osal.c
[1.017s] -- Up-to-date: /home/shaxpy/colcon_ws_AMR/install/kelo_tulip/include/kelo_tulip/soem/osal/win32
[1.017s] -- Up-to-date: /home/shaxpy/colcon_ws_AMR/install/kelo_tulip/include/kelo_tulip/soem/osal/win32/inttypes.h
[1.017s] -- Up-to-date: /home/shaxpy/colcon_ws_AMR/install/kelo_tulip/include/kelo_tulip/soem/osal/win32/osal_win32.h
[1.018s] -- Up-to-date: /home/shaxpy/colcon_ws_AMR/install/kelo_tulip/include/kelo_tulip/soem/osal/win32/stdint.h
[1.018s] -- Up-to-date: /home/shaxpy/colcon_ws_AMR/install/kelo_tulip/include/kelo_tulip/soem/osal/win32/osal_defs.h
[1.018s] -- Up-to-date: /home/shaxpy/colcon_ws_AMR/install/kelo_tulip/include/kelo_tulip/soem/osal/win32/osal.c
[1.018s] -- Up-to-date: /home/shaxpy/colcon_ws_AMR/install/kelo_tulip/include/kelo_tulip/soem/osal/rtk
[1.018s] -- Up-to-date: /home/shaxpy/colcon_ws_AMR/install/kelo_tulip/include/kelo_tulip/soem/osal/rtk/osal_defs.h
[1.018s] -- Up-to-date: /home/shaxpy/colcon_ws_AMR/install/kelo_tulip/include/kelo_tulip/soem/osal/rtk/osal.c
[1.018s] -- Up-to-date: /home/shaxpy/colcon_ws_AMR/install/kelo_tulip/include/kelo_tulip/soem/osal/vxworks
[1.018s] -- Up-to-date: /home/shaxpy/colcon_ws_AMR/install/kelo_tulip/include/kelo_tulip/soem/osal/vxworks/osal_defs.h
[1.018s] -- Up-to-date: /home/shaxpy/colcon_ws_AMR/install/kelo_tulip/include/kelo_tulip/soem/osal/vxworks/osal.c
[1.018s] -- Up-to-date: /home/shaxpy/colcon_ws_AMR/install/kelo_tulip/include/kelo_tulip/soem/osal/osal.h
[1.019s] -- Up-to-date: /home/shaxpy/colcon_ws_AMR/install/kelo_tulip/include/kelo_tulip/soem/ethercatprint.h
[1.019s] -- Up-to-date: /home/shaxpy/colcon_ws_AMR/install/kelo_tulip/include/kelo_tulip/soem/ethercatfoe.h
[1.019s] -- Up-to-date: /home/shaxpy/colcon_ws_AMR/install/kelo_tulip/share/kelo_tulip/launch
[1.019s] -- Up-to-date: /home/shaxpy/colcon_ws_AMR/install/kelo_tulip/share/kelo_tulip/launch/example.joypad.launch.py
[1.019s] -- Up-to-date: /home/shaxpy/colcon_ws_AMR/install/kelo_tulip/share/kelo_tulip/launch/example.launch.py
[1.019s] -- Up-to-date: /home/shaxpy/colcon_ws_AMR/install/kelo_tulip/share/kelo_tulip/config
[1.019s] -- Up-to-date: /home/shaxpy/colcon_ws_AMR/install/kelo_tulip/share/kelo_tulip/config/robile1.yaml
[1.019s] -- Up-to-date: /home/shaxpy/colcon_ws_AMR/install/kelo_tulip/share/kelo_tulip/config/robile3.yaml
[1.019s] -- Up-to-date: /home/shaxpy/colcon_ws_AMR/install/kelo_tulip/share/kelo_tulip/config/example.yaml
[1.019s] -- Up-to-date: /home/shaxpy/colcon_ws_AMR/install/kelo_tulip/share/kelo_tulip/config/robile2.yaml
[1.019s] -- Up-to-date: /home/shaxpy/colcon_ws_AMR/install/kelo_tulip/share/kelo_tulip/config/robile4.yaml
[1.019s] -- Up-to-date: /home/shaxpy/colcon_ws_AMR/install/kelo_tulip/share/ament_index/resource_index/package_run_dependencies/kelo_tulip
[1.019s] -- Up-to-date: /home/shaxpy/colcon_ws_AMR/install/kelo_tulip/share/ament_index/resource_index/parent_prefix_path/kelo_tulip
[1.019s] -- Up-to-date: /home/shaxpy/colcon_ws_AMR/install/kelo_tulip/share/kelo_tulip/environment/ament_prefix_path.sh
[1.019s] -- Up-to-date: /home/shaxpy/colcon_ws_AMR/install/kelo_tulip/share/kelo_tulip/environment/ament_prefix_path.dsv
[1.019s] -- Up-to-date: /home/shaxpy/colcon_ws_AMR/install/kelo_tulip/share/kelo_tulip/environment/path.sh
[1.019s] -- Up-to-date: /home/shaxpy/colcon_ws_AMR/install/kelo_tulip/share/kelo_tulip/environment/path.dsv
[1.019s] -- Up-to-date: /home/shaxpy/colcon_ws_AMR/install/kelo_tulip/share/kelo_tulip/local_setup.bash
[1.020s] -- Up-to-date: /home/shaxpy/colcon_ws_AMR/install/kelo_tulip/share/kelo_tulip/local_setup.sh
[1.020s] -- Up-to-date: /home/shaxpy/colcon_ws_AMR/install/kelo_tulip/share/kelo_tulip/local_setup.zsh
[1.020s] -- Up-to-date: /home/shaxpy/colcon_ws_AMR/install/kelo_tulip/share/kelo_tulip/local_setup.dsv
[1.020s] -- Installing: /home/shaxpy/colcon_ws_AMR/install/kelo_tulip/share/kelo_tulip/package.dsv
[1.020s] -- Up-to-date: /home/shaxpy/colcon_ws_AMR/install/kelo_tulip/share/ament_index/resource_index/packages/kelo_tulip
[1.020s] -- Up-to-date: /home/shaxpy/colcon_ws_AMR/install/kelo_tulip/share/kelo_tulip/cmake/kelo_tulipConfig.cmake
[1.020s] -- Up-to-date: /home/shaxpy/colcon_ws_AMR/install/kelo_tulip/share/kelo_tulip/cmake/kelo_tulipConfig-version.cmake
[1.020s] -- Up-to-date: /home/shaxpy/colcon_ws_AMR/install/kelo_tulip/share/kelo_tulip/package.xml
[1.020s] -- Up-to-date: /home/shaxpy/colcon_ws_AMR/install/kelo_tulip/lib/libsoem.a
[1.020s] Invoked command in '/home/shaxpy/colcon_ws_AMR/build/kelo_tulip' returned '0': CMAKE_PREFIX_PATH=${CMAKE_PREFIX_PATH}:/home/shaxpy/colcon_ws_AMR/install/robile_reach_goal:/home/shaxpy/colcon_ws_AMR/install/robile_control_square:/home/shaxpy/colcon_ws_AMR/install/robile_control_simple:/home/shaxpy/colcon_ws_AMR/install/py_trees_ros:/opt/ros/rolling /usr/bin/cmake --install /home/shaxpy/colcon_ws_AMR/build/kelo_tulip
