[0.270s] DEBUG:colcon:Command line arguments: ['/usr/bin/colcon', 'build']
[0.270s] DEBUG:colcon:Parsed command line arguments: Namespace(allow_overriding=[], ament_cmake_args=None, base_paths=['.'], build_base='build', catkin_cmake_args=None, catkin_skip_building_tests=False, cmake_args=None, cmake_clean_cache=False, cmake_clean_first=False, cmake_force_configure=False, cmake_target=None, cmake_target_skip_unavailable=False, continue_on_error=False, event_handlers=None, executor='parallel', ignore_user_meta=False, install_base='install', log_base=None, log_level=None, main=<bound method BuildVerb.main of <colcon_core.verb.build.BuildVerb object at 0x7f49e955f190>>, merge_install=False, metas=['./colcon.meta'], packages_above=None, packages_above_and_dependencies=None, packages_above_depth=None, packages_end=None, packages_ignore=None, packages_ignore_regex=None, packages_select=None, packages_select_build_failed=False, packages_select_by_dep=None, packages_select_regex=None, packages_select_test_failures=False, packages_skip=None, packages_skip_build_finished=False, packages_skip_by_dep=None, packages_skip_regex=None, packages_skip_test_passed=False, packages_skip_up_to=None, packages_start=None, packages_up_to=None, packages_up_to_regex=None, parallel_workers=12, paths=None, symlink_install=False, test_result_base=None, verb_extension=<colcon_core.verb.build.BuildVerb object at 0x7f49e955f190>, verb_name='build', verb_parser=<colcon_defaults.argument_parser.defaults.DefaultArgumentsDecorator object at 0x7f49e955f6d0>)
[0.297s] Level 1:colcon.colcon_core.package_discovery:discover_packages(colcon_meta) check parameters
[0.297s] Level 1:colcon.colcon_core.package_discovery:discover_packages(recursive) check parameters
[0.297s] Level 1:colcon.colcon_core.package_discovery:discover_packages(ignore) check parameters
[0.297s] Level 1:colcon.colcon_core.package_discovery:discover_packages(path) check parameters
[0.297s] Level 1:colcon.colcon_core.package_discovery:discover_packages(colcon_meta) discover
[0.297s] Level 1:colcon.colcon_core.package_discovery:discover_packages(recursive) discover
[0.297s] INFO:colcon.colcon_core.package_discovery:Crawling recursively for packages in '/home/shaxpy/colcon_ws_AMR'
[0.297s] Level 1:colcon.colcon_core.package_identification:_identify(.) by extensions ['ignore', 'ignore_ament_install']
[0.297s] Level 1:colcon.colcon_core.package_identification:_identify(.) by extension 'ignore'
[0.297s] Level 1:colcon.colcon_core.package_identification:_identify(.) by extension 'ignore_ament_install'
[0.297s] Level 1:colcon.colcon_core.package_identification:_identify(.) by extensions ['colcon_pkg']
[0.297s] Level 1:colcon.colcon_core.package_identification:_identify(.) by extension 'colcon_pkg'
[0.297s] Level 1:colcon.colcon_core.package_identification:_identify(.) by extensions ['colcon_meta']
[0.297s] Level 1:colcon.colcon_core.package_identification:_identify(.) by extension 'colcon_meta'
[0.297s] Level 1:colcon.colcon_core.package_identification:_identify(.) by extensions ['ros']
[0.297s] Level 1:colcon.colcon_core.package_identification:_identify(.) by extension 'ros'
[0.305s] Level 1:colcon.colcon_core.package_identification:_identify(.) by extensions ['cmake', 'python']
[0.305s] Level 1:colcon.colcon_core.package_identification:_identify(.) by extension 'cmake'
[0.305s] Level 1:colcon.colcon_core.package_identification:_identify(.) by extension 'python'
[0.305s] Level 1:colcon.colcon_core.package_identification:_identify(.) by extensions ['python_setup_py']
[0.305s] Level 1:colcon.colcon_core.package_identification:_identify(.) by extension 'python_setup_py'
[0.305s] Level 1:colcon.colcon_core.package_identification:_identify(build) by extensions ['ignore', 'ignore_ament_install']
[0.305s] Level 1:colcon.colcon_core.package_identification:_identify(build) by extension 'ignore'
[0.305s] Level 1:colcon.colcon_core.package_identification:_identify(build) ignored
[0.305s] Level 1:colcon.colcon_core.package_identification:_identify(install) by extensions ['ignore', 'ignore_ament_install']
[0.305s] Level 1:colcon.colcon_core.package_identification:_identify(install) by extension 'ignore'
[0.305s] Level 1:colcon.colcon_core.package_identification:_identify(install) ignored
[0.305s] Level 1:colcon.colcon_core.package_identification:_identify(log) by extensions ['ignore', 'ignore_ament_install']
[0.305s] Level 1:colcon.colcon_core.package_identification:_identify(log) by extension 'ignore'
[0.305s] Level 1:colcon.colcon_core.package_identification:_identify(log) ignored
[0.305s] Level 1:colcon.colcon_core.package_identification:_identify(src) by extensions ['ignore', 'ignore_ament_install']
[0.305s] Level 1:colcon.colcon_core.package_identification:_identify(src) by extension 'ignore'
[0.305s] Level 1:colcon.colcon_core.package_identification:_identify(src) by extension 'ignore_ament_install'
[0.306s] Level 1:colcon.colcon_core.package_identification:_identify(src) by extensions ['colcon_pkg']
[0.306s] Level 1:colcon.colcon_core.package_identification:_identify(src) by extension 'colcon_pkg'
[0.306s] Level 1:colcon.colcon_core.package_identification:_identify(src) by extensions ['colcon_meta']
[0.306s] Level 1:colcon.colcon_core.package_identification:_identify(src) by extension 'colcon_meta'
[0.306s] Level 1:colcon.colcon_core.package_identification:_identify(src) by extensions ['ros']
[0.306s] Level 1:colcon.colcon_core.package_identification:_identify(src) by extension 'ros'
[0.306s] Level 1:colcon.colcon_core.package_identification:_identify(src) by extensions ['cmake', 'python']
[0.306s] Level 1:colcon.colcon_core.package_identification:_identify(src) by extension 'cmake'
[0.306s] Level 1:colcon.colcon_core.package_identification:_identify(src) by extension 'python'
[0.306s] Level 1:colcon.colcon_core.package_identification:_identify(src) by extensions ['python_setup_py']
[0.306s] Level 1:colcon.colcon_core.package_identification:_identify(src) by extension 'python_setup_py'
[0.306s] Level 1:colcon.colcon_core.package_identification:_identify(src/Robile) by extensions ['ignore', 'ignore_ament_install']
[0.306s] Level 1:colcon.colcon_core.package_identification:_identify(src/Robile) by extension 'ignore'
[0.306s] Level 1:colcon.colcon_core.package_identification:_identify(src/Robile) by extension 'ignore_ament_install'
[0.306s] Level 1:colcon.colcon_core.package_identification:_identify(src/Robile) by extensions ['colcon_pkg']
[0.306s] Level 1:colcon.colcon_core.package_identification:_identify(src/Robile) by extension 'colcon_pkg'
[0.306s] Level 1:colcon.colcon_core.package_identification:_identify(src/Robile) by extensions ['colcon_meta']
[0.306s] Level 1:colcon.colcon_core.package_identification:_identify(src/Robile) by extension 'colcon_meta'
[0.306s] Level 1:colcon.colcon_core.package_identification:_identify(src/Robile) by extensions ['ros']
[0.306s] Level 1:colcon.colcon_core.package_identification:_identify(src/Robile) by extension 'ros'
[0.306s] Level 1:colcon.colcon_core.package_identification:_identify(src/Robile) by extensions ['cmake', 'python']
[0.306s] Level 1:colcon.colcon_core.package_identification:_identify(src/Robile) by extension 'cmake'
[0.306s] Level 1:colcon.colcon_core.package_identification:_identify(src/Robile) by extension 'python'
[0.306s] Level 1:colcon.colcon_core.package_identification:_identify(src/Robile) by extensions ['python_setup_py']
[0.306s] Level 1:colcon.colcon_core.package_identification:_identify(src/Robile) by extension 'python_setup_py'
[0.306s] Level 1:colcon.colcon_core.package_identification:_identify(src/Robile/docs) by extensions ['ignore', 'ignore_ament_install']
[0.306s] Level 1:colcon.colcon_core.package_identification:_identify(src/Robile/docs) by extension 'ignore'
[0.306s] Level 1:colcon.colcon_core.package_identification:_identify(src/Robile/docs) ignored
[0.306s] Level 1:colcon.colcon_core.package_identification:_identify(src/Robile/robile_demos) by extensions ['ignore', 'ignore_ament_install']
[0.307s] Level 1:colcon.colcon_core.package_identification:_identify(src/Robile/robile_demos) by extension 'ignore'
[0.307s] Level 1:colcon.colcon_core.package_identification:_identify(src/Robile/robile_demos) by extension 'ignore_ament_install'
[0.307s] Level 1:colcon.colcon_core.package_identification:_identify(src/Robile/robile_demos) by extensions ['colcon_pkg']
[0.307s] Level 1:colcon.colcon_core.package_identification:_identify(src/Robile/robile_demos) by extension 'colcon_pkg'
[0.307s] Level 1:colcon.colcon_core.package_identification:_identify(src/Robile/robile_demos) by extensions ['colcon_meta']
[0.307s] Level 1:colcon.colcon_core.package_identification:_identify(src/Robile/robile_demos) by extension 'colcon_meta'
[0.307s] Level 1:colcon.colcon_core.package_identification:_identify(src/Robile/robile_demos) by extensions ['ros']
[0.307s] Level 1:colcon.colcon_core.package_identification:_identify(src/Robile/robile_demos) by extension 'ros'
[0.307s] Level 1:colcon.colcon_core.package_identification:_identify(src/Robile/robile_demos) by extensions ['cmake', 'python']
[0.307s] Level 1:colcon.colcon_core.package_identification:_identify(src/Robile/robile_demos) by extension 'cmake'
[0.307s] Level 1:colcon.colcon_core.package_identification:_identify(src/Robile/robile_demos) by extension 'python'
[0.307s] Level 1:colcon.colcon_core.package_identification:_identify(src/Robile/robile_demos) by extensions ['python_setup_py']
[0.307s] Level 1:colcon.colcon_core.package_identification:_identify(src/Robile/robile_demos) by extension 'python_setup_py'
[0.307s] Level 1:colcon.colcon_core.package_identification:_identify(src/Robile/robile_demos/robile_control_simple) by extensions ['ignore', 'ignore_ament_install']
[0.307s] Level 1:colcon.colcon_core.package_identification:_identify(src/Robile/robile_demos/robile_control_simple) by extension 'ignore'
[0.307s] Level 1:colcon.colcon_core.package_identification:_identify(src/Robile/robile_demos/robile_control_simple) by extension 'ignore_ament_install'
[0.307s] Level 1:colcon.colcon_core.package_identification:_identify(src/Robile/robile_demos/robile_control_simple) by extensions ['colcon_pkg']
[0.307s] Level 1:colcon.colcon_core.package_identification:_identify(src/Robile/robile_demos/robile_control_simple) by extension 'colcon_pkg'
[0.307s] Level 1:colcon.colcon_core.package_identification:_identify(src/Robile/robile_demos/robile_control_simple) by extensions ['colcon_meta']
[0.307s] Level 1:colcon.colcon_core.package_identification:_identify(src/Robile/robile_demos/robile_control_simple) by extension 'colcon_meta'
[0.307s] Level 1:colcon.colcon_core.package_identification:_identify(src/Robile/robile_demos/robile_control_simple) by extensions ['ros']
[0.307s] Level 1:colcon.colcon_core.package_identification:_identify(src/Robile/robile_demos/robile_control_simple) by extension 'ros'
[0.309s] DEBUG:colcon.colcon_core.package_identification:Package 'src/Robile/robile_demos/robile_control_simple' with type 'ros.ament_python' and name 'robile_control_simple'
[0.309s] Level 1:colcon.colcon_core.package_identification:_identify(src/Robile/robile_demos/robile_control_square) by extensions ['ignore', 'ignore_ament_install']
[0.309s] Level 1:colcon.colcon_core.package_identification:_identify(src/Robile/robile_demos/robile_control_square) by extension 'ignore'
[0.309s] Level 1:colcon.colcon_core.package_identification:_identify(src/Robile/robile_demos/robile_control_square) by extension 'ignore_ament_install'
[0.309s] Level 1:colcon.colcon_core.package_identification:_identify(src/Robile/robile_demos/robile_control_square) by extensions ['colcon_pkg']
[0.309s] Level 1:colcon.colcon_core.package_identification:_identify(src/Robile/robile_demos/robile_control_square) by extension 'colcon_pkg'
[0.309s] Level 1:colcon.colcon_core.package_identification:_identify(src/Robile/robile_demos/robile_control_square) by extensions ['colcon_meta']
[0.309s] Level 1:colcon.colcon_core.package_identification:_identify(src/Robile/robile_demos/robile_control_square) by extension 'colcon_meta'
[0.309s] Level 1:colcon.colcon_core.package_identification:_identify(src/Robile/robile_demos/robile_control_square) by extensions ['ros']
[0.309s] Level 1:colcon.colcon_core.package_identification:_identify(src/Robile/robile_demos/robile_control_square) by extension 'ros'
[0.309s] DEBUG:colcon.colcon_core.package_identification:Package 'src/Robile/robile_demos/robile_control_square' with type 'ros.ament_python' and name 'robile_control_square'
[0.310s] Level 1:colcon.colcon_core.package_identification:_identify(src/Robile/robile_demos/robile_reach_goal) by extensions ['ignore', 'ignore_ament_install']
[0.310s] Level 1:colcon.colcon_core.package_identification:_identify(src/Robile/robile_demos/robile_reach_goal) by extension 'ignore'
[0.310s] Level 1:colcon.colcon_core.package_identification:_identify(src/Robile/robile_demos/robile_reach_goal) by extension 'ignore_ament_install'
[0.310s] Level 1:colcon.colcon_core.package_identification:_identify(src/Robile/robile_demos/robile_reach_goal) by extensions ['colcon_pkg']
[0.310s] Level 1:colcon.colcon_core.package_identification:_identify(src/Robile/robile_demos/robile_reach_goal) by extension 'colcon_pkg'
[0.310s] Level 1:colcon.colcon_core.package_identification:_identify(src/Robile/robile_demos/robile_reach_goal) by extensions ['colcon_meta']
[0.310s] Level 1:colcon.colcon_core.package_identification:_identify(src/Robile/robile_demos/robile_reach_goal) by extension 'colcon_meta'
[0.310s] Level 1:colcon.colcon_core.package_identification:_identify(src/Robile/robile_demos/robile_reach_goal) by extensions ['ros']
[0.310s] Level 1:colcon.colcon_core.package_identification:_identify(src/Robile/robile_demos/robile_reach_goal) by extension 'ros'
[0.310s] DEBUG:colcon.colcon_core.package_identification:Package 'src/Robile/robile_demos/robile_reach_goal' with type 'ros.ament_python' and name 'robile_reach_goal'
[0.310s] Level 1:colcon.colcon_core.package_identification:_identify(src/Robile/worksheets) by extensions ['ignore', 'ignore_ament_install']
[0.310s] Level 1:colcon.colcon_core.package_identification:_identify(src/Robile/worksheets) by extension 'ignore'
[0.310s] Level 1:colcon.colcon_core.package_identification:_identify(src/Robile/worksheets) by extension 'ignore_ament_install'
[0.310s] Level 1:colcon.colcon_core.package_identification:_identify(src/Robile/worksheets) by extensions ['colcon_pkg']
[0.310s] Level 1:colcon.colcon_core.package_identification:_identify(src/Robile/worksheets) by extension 'colcon_pkg'
[0.310s] Level 1:colcon.colcon_core.package_identification:_identify(src/Robile/worksheets) by extensions ['colcon_meta']
[0.310s] Level 1:colcon.colcon_core.package_identification:_identify(src/Robile/worksheets) by extension 'colcon_meta'
[0.310s] Level 1:colcon.colcon_core.package_identification:_identify(src/Robile/worksheets) by extensions ['ros']
[0.310s] Level 1:colcon.colcon_core.package_identification:_identify(src/Robile/worksheets) by extension 'ros'
[0.311s] Level 1:colcon.colcon_core.package_identification:_identify(src/Robile/worksheets) by extensions ['cmake', 'python']
[0.311s] Level 1:colcon.colcon_core.package_identification:_identify(src/Robile/worksheets) by extension 'cmake'
[0.311s] Level 1:colcon.colcon_core.package_identification:_identify(src/Robile/worksheets) by extension 'python'
[0.311s] Level 1:colcon.colcon_core.package_identification:_identify(src/Robile/worksheets) by extensions ['python_setup_py']
[0.311s] Level 1:colcon.colcon_core.package_identification:_identify(src/Robile/worksheets) by extension 'python_setup_py'
[0.311s] Level 1:colcon.colcon_core.package_identification:_identify(src/Robile/worksheets/bitmaps) by extensions ['ignore', 'ignore_ament_install']
[0.311s] Level 1:colcon.colcon_core.package_identification:_identify(src/Robile/worksheets/bitmaps) by extension 'ignore'
[0.311s] Level 1:colcon.colcon_core.package_identification:_identify(src/Robile/worksheets/bitmaps) by extension 'ignore_ament_install'
[0.311s] Level 1:colcon.colcon_core.package_identification:_identify(src/Robile/worksheets/bitmaps) by extensions ['colcon_pkg']
[0.311s] Level 1:colcon.colcon_core.package_identification:_identify(src/Robile/worksheets/bitmaps) by extension 'colcon_pkg'
[0.311s] Level 1:colcon.colcon_core.package_identification:_identify(src/Robile/worksheets/bitmaps) by extensions ['colcon_meta']
[0.311s] Level 1:colcon.colcon_core.package_identification:_identify(src/Robile/worksheets/bitmaps) by extension 'colcon_meta'
[0.311s] Level 1:colcon.colcon_core.package_identification:_identify(src/Robile/worksheets/bitmaps) by extensions ['ros']
[0.311s] Level 1:colcon.colcon_core.package_identification:_identify(src/Robile/worksheets/bitmaps) by extension 'ros'
[0.311s] Level 1:colcon.colcon_core.package_identification:_identify(src/Robile/worksheets/bitmaps) by extensions ['cmake', 'python']
[0.311s] Level 1:colcon.colcon_core.package_identification:_identify(src/Robile/worksheets/bitmaps) by extension 'cmake'
[0.311s] Level 1:colcon.colcon_core.package_identification:_identify(src/Robile/worksheets/bitmaps) by extension 'python'
[0.311s] Level 1:colcon.colcon_core.package_identification:_identify(src/Robile/worksheets/bitmaps) by extensions ['python_setup_py']
[0.311s] Level 1:colcon.colcon_core.package_identification:_identify(src/Robile/worksheets/bitmaps) by extension 'python_setup_py'
[0.311s] Level 1:colcon.colcon_core.package_identification:_identify(src/Robile/worksheets/worksheet01) by extensions ['ignore', 'ignore_ament_install']
[0.311s] Level 1:colcon.colcon_core.package_identification:_identify(src/Robile/worksheets/worksheet01) by extension 'ignore'
[0.311s] Level 1:colcon.colcon_core.package_identification:_identify(src/Robile/worksheets/worksheet01) by extension 'ignore_ament_install'
[0.311s] Level 1:colcon.colcon_core.package_identification:_identify(src/Robile/worksheets/worksheet01) by extensions ['colcon_pkg']
[0.311s] Level 1:colcon.colcon_core.package_identification:_identify(src/Robile/worksheets/worksheet01) by extension 'colcon_pkg'
[0.311s] Level 1:colcon.colcon_core.package_identification:_identify(src/Robile/worksheets/worksheet01) by extensions ['colcon_meta']
[0.311s] Level 1:colcon.colcon_core.package_identification:_identify(src/Robile/worksheets/worksheet01) by extension 'colcon_meta'
[0.312s] Level 1:colcon.colcon_core.package_identification:_identify(src/Robile/worksheets/worksheet01) by extensions ['ros']
[0.312s] Level 1:colcon.colcon_core.package_identification:_identify(src/Robile/worksheets/worksheet01) by extension 'ros'
[0.312s] Level 1:colcon.colcon_core.package_identification:_identify(src/Robile/worksheets/worksheet01) by extensions ['cmake', 'python']
[0.312s] Level 1:colcon.colcon_core.package_identification:_identify(src/Robile/worksheets/worksheet01) by extension 'cmake'
[0.312s] Level 1:colcon.colcon_core.package_identification:_identify(src/Robile/worksheets/worksheet01) by extension 'python'
[0.312s] Level 1:colcon.colcon_core.package_identification:_identify(src/Robile/worksheets/worksheet01) by extensions ['python_setup_py']
[0.312s] Level 1:colcon.colcon_core.package_identification:_identify(src/Robile/worksheets/worksheet01) by extension 'python_setup_py'
[0.312s] Level 1:colcon.colcon_core.package_identification:_identify(src/build) by extensions ['ignore', 'ignore_ament_install']
[0.312s] Level 1:colcon.colcon_core.package_identification:_identify(src/build) by extension 'ignore'
[0.312s] Level 1:colcon.colcon_core.package_identification:_identify(src/build) ignored
[0.312s] Level 1:colcon.colcon_core.package_identification:_identify(src/install) by extensions ['ignore', 'ignore_ament_install']
[0.312s] Level 1:colcon.colcon_core.package_identification:_identify(src/install) by extension 'ignore'
[0.312s] Level 1:colcon.colcon_core.package_identification:_identify(src/install) ignored
[0.312s] Level 1:colcon.colcon_core.package_identification:_identify(src/kelo_tulip) by extensions ['ignore', 'ignore_ament_install']
[0.312s] Level 1:colcon.colcon_core.package_identification:_identify(src/kelo_tulip) by extension 'ignore'
[0.312s] Level 1:colcon.colcon_core.package_identification:_identify(src/kelo_tulip) by extension 'ignore_ament_install'
[0.312s] Level 1:colcon.colcon_core.package_identification:_identify(src/kelo_tulip) by extensions ['colcon_pkg']
[0.312s] Level 1:colcon.colcon_core.package_identification:_identify(src/kelo_tulip) by extension 'colcon_pkg'
[0.312s] Level 1:colcon.colcon_core.package_identification:_identify(src/kelo_tulip) by extensions ['colcon_meta']
[0.312s] Level 1:colcon.colcon_core.package_identification:_identify(src/kelo_tulip) by extension 'colcon_meta'
[0.312s] Level 1:colcon.colcon_core.package_identification:_identify(src/kelo_tulip) by extensions ['ros']
[0.312s] Level 1:colcon.colcon_core.package_identification:_identify(src/kelo_tulip) by extension 'ros'
[0.313s] DEBUG:colcon.colcon_core.package_identification:Package 'src/kelo_tulip' with type 'ros.ament_cmake' and name 'kelo_tulip'
[0.313s] Level 1:colcon.colcon_core.package_identification:_identify(src/log) by extensions ['ignore', 'ignore_ament_install']
[0.313s] Level 1:colcon.colcon_core.package_identification:_identify(src/log) by extension 'ignore'
[0.313s] Level 1:colcon.colcon_core.package_identification:_identify(src/log) ignored
[0.313s] Level 1:colcon.colcon_core.package_identification:_identify(src/py_trees_ros) by extensions ['ignore', 'ignore_ament_install']
[0.313s] Level 1:colcon.colcon_core.package_identification:_identify(src/py_trees_ros) by extension 'ignore'
[0.313s] Level 1:colcon.colcon_core.package_identification:_identify(src/py_trees_ros) by extension 'ignore_ament_install'
[0.313s] Level 1:colcon.colcon_core.package_identification:_identify(src/py_trees_ros) by extensions ['colcon_pkg']
[0.313s] Level 1:colcon.colcon_core.package_identification:_identify(src/py_trees_ros) by extension 'colcon_pkg'
[0.313s] Level 1:colcon.colcon_core.package_identification:_identify(src/py_trees_ros) by extensions ['colcon_meta']
[0.313s] Level 1:colcon.colcon_core.package_identification:_identify(src/py_trees_ros) by extension 'colcon_meta'
[0.313s] Level 1:colcon.colcon_core.package_identification:_identify(src/py_trees_ros) by extensions ['ros']
[0.313s] Level 1:colcon.colcon_core.package_identification:_identify(src/py_trees_ros) by extension 'ros'
[0.314s] DEBUG:colcon.colcon_core.package_identification:Package 'src/py_trees_ros' with type 'ros.ament_python' and name 'py_trees_ros'
[0.314s] Level 1:colcon.colcon_core.package_identification:_identify(src/robile_description) by extensions ['ignore', 'ignore_ament_install']
[0.314s] Level 1:colcon.colcon_core.package_identification:_identify(src/robile_description) by extension 'ignore'
[0.314s] Level 1:colcon.colcon_core.package_identification:_identify(src/robile_description) by extension 'ignore_ament_install'
[0.314s] Level 1:colcon.colcon_core.package_identification:_identify(src/robile_description) by extensions ['colcon_pkg']
[0.314s] Level 1:colcon.colcon_core.package_identification:_identify(src/robile_description) by extension 'colcon_pkg'
[0.314s] Level 1:colcon.colcon_core.package_identification:_identify(src/robile_description) by extensions ['colcon_meta']
[0.314s] Level 1:colcon.colcon_core.package_identification:_identify(src/robile_description) by extension 'colcon_meta'
[0.314s] Level 1:colcon.colcon_core.package_identification:_identify(src/robile_description) by extensions ['ros']
[0.314s] Level 1:colcon.colcon_core.package_identification:_identify(src/robile_description) by extension 'ros'
[0.315s] DEBUG:colcon.colcon_core.package_identification:Package 'src/robile_description' with type 'ros.ament_cmake' and name 'robile_description'
[0.315s] Level 1:colcon.colcon_core.package_identification:_identify(src/robile_gazebo) by extensions ['ignore', 'ignore_ament_install']
[0.315s] Level 1:colcon.colcon_core.package_identification:_identify(src/robile_gazebo) by extension 'ignore'
[0.315s] Level 1:colcon.colcon_core.package_identification:_identify(src/robile_gazebo) by extension 'ignore_ament_install'
[0.315s] Level 1:colcon.colcon_core.package_identification:_identify(src/robile_gazebo) by extensions ['colcon_pkg']
[0.315s] Level 1:colcon.colcon_core.package_identification:_identify(src/robile_gazebo) by extension 'colcon_pkg'
[0.315s] Level 1:colcon.colcon_core.package_identification:_identify(src/robile_gazebo) by extensions ['colcon_meta']
[0.315s] Level 1:colcon.colcon_core.package_identification:_identify(src/robile_gazebo) by extension 'colcon_meta'
[0.315s] Level 1:colcon.colcon_core.package_identification:_identify(src/robile_gazebo) by extensions ['ros']
[0.315s] Level 1:colcon.colcon_core.package_identification:_identify(src/robile_gazebo) by extension 'ros'
[0.316s] DEBUG:colcon.colcon_core.package_identification:Package 'src/robile_gazebo' with type 'ros.ament_cmake' and name 'robile_gazebo'
[0.316s] Level 1:colcon.colcon_core.package_discovery:discover_packages(recursive) using defaults
[0.316s] Level 1:colcon.colcon_core.package_discovery:discover_packages(ignore) discover
[0.316s] Level 1:colcon.colcon_core.package_discovery:discover_packages(ignore) using defaults
[0.316s] Level 1:colcon.colcon_core.package_discovery:discover_packages(path) discover
[0.316s] Level 1:colcon.colcon_core.package_discovery:discover_packages(path) using defaults
[0.336s] Level 1:colcon.colcon_core.package_discovery:discover_packages(prefix_path) check parameters
[0.336s] Level 1:colcon.colcon_core.package_discovery:discover_packages(prefix_path) discover
[0.339s] DEBUG:colcon.colcon_installed_package_information.package_discovery:Found 7 installed packages in /home/shaxpy/colcon_ws_AMR/install
[0.340s] DEBUG:colcon.colcon_installed_package_information.package_discovery:Found 2 installed packages in /home/shaxpy/amr_first_ws/install
[0.342s] DEBUG:colcon.colcon_installed_package_information.package_discovery:Found 284 installed packages in /opt/ros/rolling
[0.343s] Level 1:colcon.colcon_core.package_discovery:discover_packages(prefix_path) using defaults
[0.405s] Level 5:colcon.colcon_core.verb:set package 'kelo_tulip' build argument 'cmake_args' from command line to 'None'
[0.405s] Level 5:colcon.colcon_core.verb:set package 'kelo_tulip' build argument 'cmake_target' from command line to 'None'
[0.405s] Level 5:colcon.colcon_core.verb:set package 'kelo_tulip' build argument 'cmake_target_skip_unavailable' from command line to 'False'
[0.405s] Level 5:colcon.colcon_core.verb:set package 'kelo_tulip' build argument 'cmake_clean_cache' from command line to 'False'
[0.405s] Level 5:colcon.colcon_core.verb:set package 'kelo_tulip' build argument 'cmake_clean_first' from command line to 'False'
[0.405s] Level 5:colcon.colcon_core.verb:set package 'kelo_tulip' build argument 'cmake_force_configure' from command line to 'False'
[0.405s] Level 5:colcon.colcon_core.verb:set package 'kelo_tulip' build argument 'ament_cmake_args' from command line to 'None'
[0.405s] Level 5:colcon.colcon_core.verb:set package 'kelo_tulip' build argument 'catkin_cmake_args' from command line to 'None'
[0.405s] Level 5:colcon.colcon_core.verb:set package 'kelo_tulip' build argument 'catkin_skip_building_tests' from command line to 'False'
[0.405s] DEBUG:colcon.colcon_core.verb:Building package 'kelo_tulip' with the following arguments: {'ament_cmake_args': None, 'build_base': '/home/shaxpy/colcon_ws_AMR/build/kelo_tulip', 'catkin_cmake_args': None, 'catkin_skip_building_tests': False, 'cmake_args': None, 'cmake_clean_cache': False, 'cmake_clean_first': False, 'cmake_force_configure': False, 'cmake_target': None, 'cmake_target_skip_unavailable': False, 'install_base': '/home/shaxpy/colcon_ws_AMR/install/kelo_tulip', 'merge_install': False, 'path': '/home/shaxpy/colcon_ws_AMR/src/kelo_tulip', 'symlink_install': False, 'test_result_base': None}
[0.406s] Level 5:colcon.colcon_core.verb:set package 'py_trees_ros' build argument 'cmake_args' from command line to 'None'
[0.406s] Level 5:colcon.colcon_core.verb:set package 'py_trees_ros' build argument 'cmake_target' from command line to 'None'
[0.406s] Level 5:colcon.colcon_core.verb:set package 'py_trees_ros' build argument 'cmake_target_skip_unavailable' from command line to 'False'
[0.406s] Level 5:colcon.colcon_core.verb:set package 'py_trees_ros' build argument 'cmake_clean_cache' from command line to 'False'
[0.407s] Level 5:colcon.colcon_core.verb:set package 'py_trees_ros' build argument 'cmake_clean_first' from command line to 'False'
[0.407s] Level 5:colcon.colcon_core.verb:set package 'py_trees_ros' build argument 'cmake_force_configure' from command line to 'False'
[0.407s] Level 5:colcon.colcon_core.verb:set package 'py_trees_ros' build argument 'ament_cmake_args' from command line to 'None'
[0.407s] Level 5:colcon.colcon_core.verb:set package 'py_trees_ros' build argument 'catkin_cmake_args' from command line to 'None'
[0.407s] Level 5:colcon.colcon_core.verb:set package 'py_trees_ros' build argument 'catkin_skip_building_tests' from command line to 'False'
[0.407s] DEBUG:colcon.colcon_core.verb:Building package 'py_trees_ros' with the following arguments: {'ament_cmake_args': None, 'build_base': '/home/shaxpy/colcon_ws_AMR/build/py_trees_ros', 'catkin_cmake_args': None, 'catkin_skip_building_tests': False, 'cmake_args': None, 'cmake_clean_cache': False, 'cmake_clean_first': False, 'cmake_force_configure': False, 'cmake_target': None, 'cmake_target_skip_unavailable': False, 'install_base': '/home/shaxpy/colcon_ws_AMR/install/py_trees_ros', 'merge_install': False, 'path': '/home/shaxpy/colcon_ws_AMR/src/py_trees_ros', 'symlink_install': False, 'test_result_base': None}
[0.408s] Level 5:colcon.colcon_core.verb:set package 'robile_control_simple' build argument 'cmake_args' from command line to 'None'
[0.408s] Level 5:colcon.colcon_core.verb:set package 'robile_control_simple' build argument 'cmake_target' from command line to 'None'
[0.408s] Level 5:colcon.colcon_core.verb:set package 'robile_control_simple' build argument 'cmake_target_skip_unavailable' from command line to 'False'
[0.408s] Level 5:colcon.colcon_core.verb:set package 'robile_control_simple' build argument 'cmake_clean_cache' from command line to 'False'
[0.408s] Level 5:colcon.colcon_core.verb:set package 'robile_control_simple' build argument 'cmake_clean_first' from command line to 'False'
[0.408s] Level 5:colcon.colcon_core.verb:set package 'robile_control_simple' build argument 'cmake_force_configure' from command line to 'False'
[0.408s] Level 5:colcon.colcon_core.verb:set package 'robile_control_simple' build argument 'ament_cmake_args' from command line to 'None'
[0.408s] Level 5:colcon.colcon_core.verb:set package 'robile_control_simple' build argument 'catkin_cmake_args' from command line to 'None'
[0.408s] Level 5:colcon.colcon_core.verb:set package 'robile_control_simple' build argument 'catkin_skip_building_tests' from command line to 'False'
[0.408s] DEBUG:colcon.colcon_core.verb:Building package 'robile_control_simple' with the following arguments: {'ament_cmake_args': None, 'build_base': '/home/shaxpy/colcon_ws_AMR/build/robile_control_simple', 'catkin_cmake_args': None, 'catkin_skip_building_tests': False, 'cmake_args': None, 'cmake_clean_cache': False, 'cmake_clean_first': False, 'cmake_force_configure': False, 'cmake_target': None, 'cmake_target_skip_unavailable': False, 'install_base': '/home/shaxpy/colcon_ws_AMR/install/robile_control_simple', 'merge_install': False, 'path': '/home/shaxpy/colcon_ws_AMR/src/Robile/robile_demos/robile_control_simple', 'symlink_install': False, 'test_result_base': None}
[0.409s] Level 5:colcon.colcon_core.verb:set package 'robile_control_square' build argument 'cmake_args' from command line to 'None'
[0.409s] Level 5:colcon.colcon_core.verb:set package 'robile_control_square' build argument 'cmake_target' from command line to 'None'
[0.409s] Level 5:colcon.colcon_core.verb:set package 'robile_control_square' build argument 'cmake_target_skip_unavailable' from command line to 'False'
[0.409s] Level 5:colcon.colcon_core.verb:set package 'robile_control_square' build argument 'cmake_clean_cache' from command line to 'False'
[0.409s] Level 5:colcon.colcon_core.verb:set package 'robile_control_square' build argument 'cmake_clean_first' from command line to 'False'
[0.409s] Level 5:colcon.colcon_core.verb:set package 'robile_control_square' build argument 'cmake_force_configure' from command line to 'False'
[0.409s] Level 5:colcon.colcon_core.verb:set package 'robile_control_square' build argument 'ament_cmake_args' from command line to 'None'
[0.409s] Level 5:colcon.colcon_core.verb:set package 'robile_control_square' build argument 'catkin_cmake_args' from command line to 'None'
[0.409s] Level 5:colcon.colcon_core.verb:set package 'robile_control_square' build argument 'catkin_skip_building_tests' from command line to 'False'
[0.409s] DEBUG:colcon.colcon_core.verb:Building package 'robile_control_square' with the following arguments: {'ament_cmake_args': None, 'build_base': '/home/shaxpy/colcon_ws_AMR/build/robile_control_square', 'catkin_cmake_args': None, 'catkin_skip_building_tests': False, 'cmake_args': None, 'cmake_clean_cache': False, 'cmake_clean_first': False, 'cmake_force_configure': False, 'cmake_target': None, 'cmake_target_skip_unavailable': False, 'install_base': '/home/shaxpy/colcon_ws_AMR/install/robile_control_square', 'merge_install': False, 'path': '/home/shaxpy/colcon_ws_AMR/src/Robile/robile_demos/robile_control_square', 'symlink_install': False, 'test_result_base': None}
[0.410s] Level 5:colcon.colcon_core.verb:set package 'robile_description' build argument 'cmake_args' from command line to 'None'
[0.410s] Level 5:colcon.colcon_core.verb:set package 'robile_description' build argument 'cmake_target' from command line to 'None'
[0.410s] Level 5:colcon.colcon_core.verb:set package 'robile_description' build argument 'cmake_target_skip_unavailable' from command line to 'False'
[0.410s] Level 5:colcon.colcon_core.verb:set package 'robile_description' build argument 'cmake_clean_cache' from command line to 'False'
[0.410s] Level 5:colcon.colcon_core.verb:set package 'robile_description' build argument 'cmake_clean_first' from command line to 'False'
[0.410s] Level 5:colcon.colcon_core.verb:set package 'robile_description' build argument 'cmake_force_configure' from command line to 'False'
[0.410s] Level 5:colcon.colcon_core.verb:set package 'robile_description' build argument 'ament_cmake_args' from command line to 'None'
[0.410s] Level 5:colcon.colcon_core.verb:set package 'robile_description' build argument 'catkin_cmake_args' from command line to 'None'
[0.410s] Level 5:colcon.colcon_core.verb:set package 'robile_description' build argument 'catkin_skip_building_tests' from command line to 'False'
[0.410s] DEBUG:colcon.colcon_core.verb:Building package 'robile_description' with the following arguments: {'ament_cmake_args': None, 'build_base': '/home/shaxpy/colcon_ws_AMR/build/robile_description', 'catkin_cmake_args': None, 'catkin_skip_building_tests': False, 'cmake_args': None, 'cmake_clean_cache': False, 'cmake_clean_first': False, 'cmake_force_configure': False, 'cmake_target': None, 'cmake_target_skip_unavailable': False, 'install_base': '/home/shaxpy/colcon_ws_AMR/install/robile_description', 'merge_install': False, 'path': '/home/shaxpy/colcon_ws_AMR/src/robile_description', 'symlink_install': False, 'test_result_base': None}
[0.411s] Level 5:colcon.colcon_core.verb:set package 'robile_reach_goal' build argument 'cmake_args' from command line to 'None'
[0.411s] Level 5:colcon.colcon_core.verb:set package 'robile_reach_goal' build argument 'cmake_target' from command line to 'None'
[0.411s] Level 5:colcon.colcon_core.verb:set package 'robile_reach_goal' build argument 'cmake_target_skip_unavailable' from command line to 'False'
[0.411s] Level 5:colcon.colcon_core.verb:set package 'robile_reach_goal' build argument 'cmake_clean_cache' from command line to 'False'
[0.411s] Level 5:colcon.colcon_core.verb:set package 'robile_reach_goal' build argument 'cmake_clean_first' from command line to 'False'
[0.411s] Level 5:colcon.colcon_core.verb:set package 'robile_reach_goal' build argument 'cmake_force_configure' from command line to 'False'
[0.411s] Level 5:colcon.colcon_core.verb:set package 'robile_reach_goal' build argument 'ament_cmake_args' from command line to 'None'
[0.411s] Level 5:colcon.colcon_core.verb:set package 'robile_reach_goal' build argument 'catkin_cmake_args' from command line to 'None'
[0.411s] Level 5:colcon.colcon_core.verb:set package 'robile_reach_goal' build argument 'catkin_skip_building_tests' from command line to 'False'
[0.411s] DEBUG:colcon.colcon_core.verb:Building package 'robile_reach_goal' with the following arguments: {'ament_cmake_args': None, 'build_base': '/home/shaxpy/colcon_ws_AMR/build/robile_reach_goal', 'catkin_cmake_args': None, 'catkin_skip_building_tests': False, 'cmake_args': None, 'cmake_clean_cache': False, 'cmake_clean_first': False, 'cmake_force_configure': False, 'cmake_target': None, 'cmake_target_skip_unavailable': False, 'install_base': '/home/shaxpy/colcon_ws_AMR/install/robile_reach_goal', 'merge_install': False, 'path': '/home/shaxpy/colcon_ws_AMR/src/Robile/robile_demos/robile_reach_goal', 'symlink_install': False, 'test_result_base': None}
[0.412s] Level 5:colcon.colcon_core.verb:set package 'robile_gazebo' build argument 'cmake_args' from command line to 'None'
[0.413s] Level 5:colcon.colcon_core.verb:set package 'robile_gazebo' build argument 'cmake_target' from command line to 'None'
[0.413s] Level 5:colcon.colcon_core.verb:set package 'robile_gazebo' build argument 'cmake_target_skip_unavailable' from command line to 'False'
[0.413s] Level 5:colcon.colcon_core.verb:set package 'robile_gazebo' build argument 'cmake_clean_cache' from command line to 'False'
[0.413s] Level 5:colcon.colcon_core.verb:set package 'robile_gazebo' build argument 'cmake_clean_first' from command line to 'False'
[0.413s] Level 5:colcon.colcon_core.verb:set package 'robile_gazebo' build argument 'cmake_force_configure' from command line to 'False'
[0.413s] Level 5:colcon.colcon_core.verb:set package 'robile_gazebo' build argument 'ament_cmake_args' from command line to 'None'
[0.413s] Level 5:colcon.colcon_core.verb:set package 'robile_gazebo' build argument 'catkin_cmake_args' from command line to 'None'
[0.413s] Level 5:colcon.colcon_core.verb:set package 'robile_gazebo' build argument 'catkin_skip_building_tests' from command line to 'False'
[0.413s] DEBUG:colcon.colcon_core.verb:Building package 'robile_gazebo' with the following arguments: {'ament_cmake_args': None, 'build_base': '/home/shaxpy/colcon_ws_AMR/build/robile_gazebo', 'catkin_cmake_args': None, 'catkin_skip_building_tests': False, 'cmake_args': None, 'cmake_clean_cache': False, 'cmake_clean_first': False, 'cmake_force_configure': False, 'cmake_target': None, 'cmake_target_skip_unavailable': False, 'install_base': '/home/shaxpy/colcon_ws_AMR/install/robile_gazebo', 'merge_install': False, 'path': '/home/shaxpy/colcon_ws_AMR/src/robile_gazebo', 'symlink_install': False, 'test_result_base': None}
[0.414s] INFO:colcon.colcon_core.executor:Executing jobs using 'parallel' executor
[0.418s] DEBUG:colcon.colcon_parallel_executor.executor.parallel:run_until_complete
[0.419s] INFO:colcon.colcon_ros.task.ament_cmake.build:Building ROS package in '/home/shaxpy/colcon_ws_AMR/src/robile_description' with build type 'ament_cmake'
[0.419s] INFO:colcon.colcon_cmake.task.cmake.build:Building CMake package in '/home/shaxpy/colcon_ws_AMR/src/robile_description'
[0.423s] INFO:colcon.colcon_core.plugin_system:Skipping extension 'colcon_core.shell.bat': Not used on non-Windows systems
[0.423s] INFO:colcon.colcon_core.shell:Skip shell extension 'powershell' for command environment: Not usable outside of PowerShell
[0.423s] DEBUG:colcon.colcon_core.shell:Skip shell extension 'dsv' for command environment
[0.429s] INFO:colcon.colcon_ros.task.ament_cmake.build:Building ROS package in '/home/shaxpy/colcon_ws_AMR/src/kelo_tulip' with build type 'ament_cmake'
[0.429s] INFO:colcon.colcon_cmake.task.cmake.build:Building CMake package in '/home/shaxpy/colcon_ws_AMR/src/kelo_tulip'
[0.432s] INFO:colcon.colcon_core.shell:Skip shell extension 'powershell' for command environment: Not usable outside of PowerShell
[0.432s] DEBUG:colcon.colcon_core.shell:Skip shell extension 'dsv' for command environment
[0.438s] INFO:colcon.colcon_ros.task.ament_python.build:Building ROS package in '/home/shaxpy/colcon_ws_AMR/src/py_trees_ros' with build type 'ament_python'
[0.438s] Level 1:colcon.colcon_core.shell:create_environment_hook('py_trees_ros', 'ament_prefix_path')
[0.440s] INFO:colcon.colcon_core.shell:Creating environment hook '/home/shaxpy/colcon_ws_AMR/install/py_trees_ros/share/py_trees_ros/hook/ament_prefix_path.ps1'
[0.441s] INFO:colcon.colcon_core.shell:Creating environment descriptor '/home/shaxpy/colcon_ws_AMR/install/py_trees_ros/share/py_trees_ros/hook/ament_prefix_path.dsv'
[0.441s] INFO:colcon.colcon_core.shell:Creating environment hook '/home/shaxpy/colcon_ws_AMR/install/py_trees_ros/share/py_trees_ros/hook/ament_prefix_path.sh'
[0.444s] INFO:colcon.colcon_core.shell:Skip shell extension 'powershell' for command environment: Not usable outside of PowerShell
[0.444s] DEBUG:colcon.colcon_core.shell:Skip shell extension 'dsv' for command environment
[0.451s] INFO:colcon.colcon_ros.task.ament_python.build:Building ROS package in '/home/shaxpy/colcon_ws_AMR/src/Robile/robile_demos/robile_control_simple' with build type 'ament_python'
[0.451s] Level 1:colcon.colcon_core.shell:create_environment_hook('robile_control_simple', 'ament_prefix_path')
[0.454s] INFO:colcon.colcon_core.shell:Creating environment hook '/home/shaxpy/colcon_ws_AMR/install/robile_control_simple/share/robile_control_simple/hook/ament_prefix_path.ps1'
[0.454s] INFO:colcon.colcon_core.shell:Creating environment descriptor '/home/shaxpy/colcon_ws_AMR/install/robile_control_simple/share/robile_control_simple/hook/ament_prefix_path.dsv'
[0.454s] INFO:colcon.colcon_core.shell:Creating environment hook '/home/shaxpy/colcon_ws_AMR/install/robile_control_simple/share/robile_control_simple/hook/ament_prefix_path.sh'
[0.457s] INFO:colcon.colcon_core.shell:Skip shell extension 'powershell' for command environment: Not usable outside of PowerShell
[0.457s] DEBUG:colcon.colcon_core.shell:Skip shell extension 'dsv' for command environment
[0.466s] INFO:colcon.colcon_ros.task.ament_python.build:Building ROS package in '/home/shaxpy/colcon_ws_AMR/src/Robile/robile_demos/robile_control_square' with build type 'ament_python'
[0.466s] Level 1:colcon.colcon_core.shell:create_environment_hook('robile_control_square', 'ament_prefix_path')
[0.468s] INFO:colcon.colcon_core.shell:Creating environment hook '/home/shaxpy/colcon_ws_AMR/install/robile_control_square/share/robile_control_square/hook/ament_prefix_path.ps1'
[0.469s] INFO:colcon.colcon_core.shell:Creating environment descriptor '/home/shaxpy/colcon_ws_AMR/install/robile_control_square/share/robile_control_square/hook/ament_prefix_path.dsv'
[0.469s] INFO:colcon.colcon_core.shell:Creating environment hook '/home/shaxpy/colcon_ws_AMR/install/robile_control_square/share/robile_control_square/hook/ament_prefix_path.sh'
[0.471s] INFO:colcon.colcon_core.shell:Skip shell extension 'powershell' for command environment: Not usable outside of PowerShell
[0.471s] DEBUG:colcon.colcon_core.shell:Skip shell extension 'dsv' for command environment
[0.477s] INFO:colcon.colcon_ros.task.ament_python.build:Building ROS package in '/home/shaxpy/colcon_ws_AMR/src/Robile/robile_demos/robile_reach_goal' with build type 'ament_python'
[0.477s] Level 1:colcon.colcon_core.shell:create_environment_hook('robile_reach_goal', 'ament_prefix_path')
[0.480s] INFO:colcon.colcon_core.shell:Creating environment hook '/home/shaxpy/colcon_ws_AMR/install/robile_reach_goal/share/robile_reach_goal/hook/ament_prefix_path.ps1'
[0.480s] INFO:colcon.colcon_core.shell:Creating environment descriptor '/home/shaxpy/colcon_ws_AMR/install/robile_reach_goal/share/robile_reach_goal/hook/ament_prefix_path.dsv'
[0.481s] INFO:colcon.colcon_core.shell:Creating environment hook '/home/shaxpy/colcon_ws_AMR/install/robile_reach_goal/share/robile_reach_goal/hook/ament_prefix_path.sh'
[0.483s] INFO:colcon.colcon_core.shell:Skip shell extension 'powershell' for command environment: Not usable outside of PowerShell
[0.483s] DEBUG:colcon.colcon_core.shell:Skip shell extension 'dsv' for command environment
[0.496s] DEBUG:colcon.colcon_core.event_handler.log_command:Invoking command in '/home/shaxpy/colcon_ws_AMR/build/robile_description': CMAKE_PREFIX_PATH=${CMAKE_PREFIX_PATH}:/home/shaxpy/colcon_ws_AMR/install/robile_reach_goal:/home/shaxpy/colcon_ws_AMR/install/robile_control_square:/home/shaxpy/colcon_ws_AMR/install/robile_control_simple:/home/shaxpy/colcon_ws_AMR/install/py_trees_ros:/opt/ros/rolling /usr/bin/cmake --build /home/shaxpy/colcon_ws_AMR/build/robile_description -- -j12 -l12
[0.499s] DEBUG:colcon.colcon_core.event_handler.log_command:Invoking command in '/home/shaxpy/colcon_ws_AMR/build/kelo_tulip': CMAKE_PREFIX_PATH=${CMAKE_PREFIX_PATH}:/home/shaxpy/colcon_ws_AMR/install/robile_reach_goal:/home/shaxpy/colcon_ws_AMR/install/robile_control_square:/home/shaxpy/colcon_ws_AMR/install/robile_control_simple:/home/shaxpy/colcon_ws_AMR/install/py_trees_ros:/opt/ros/rolling /usr/bin/cmake --build /home/shaxpy/colcon_ws_AMR/build/kelo_tulip -- -j12 -l12
[0.689s] INFO:colcon.colcon_core.task.python.build:Building Python package in '/home/shaxpy/colcon_ws_AMR/src/py_trees_ros'
[0.692s] INFO:colcon.colcon_core.shell:Skip shell extension 'powershell' for command environment: Not usable outside of PowerShell
[0.692s] DEBUG:colcon.colcon_core.shell:Skip shell extension 'dsv' for command environment
[0.894s] INFO:colcon.colcon_core.task.python.build:Building Python package in '/home/shaxpy/colcon_ws_AMR/src/Robile/robile_demos/robile_control_simple'
[0.898s] INFO:colcon.colcon_core.shell:Skip shell extension 'powershell' for command environment: Not usable outside of PowerShell
[0.898s] DEBUG:colcon.colcon_core.shell:Skip shell extension 'dsv' for command environment
[1.095s] INFO:colcon.colcon_core.task.python.build:Building Python package in '/home/shaxpy/colcon_ws_AMR/src/Robile/robile_demos/robile_control_square'
[1.099s] INFO:colcon.colcon_core.shell:Skip shell extension 'powershell' for command environment: Not usable outside of PowerShell
[1.099s] DEBUG:colcon.colcon_core.shell:Skip shell extension 'dsv' for command environment
[1.291s] INFO:colcon.colcon_core.task.python.build:Building Python package in '/home/shaxpy/colcon_ws_AMR/src/Robile/robile_demos/robile_reach_goal'
[1.296s] INFO:colcon.colcon_core.shell:Skip shell extension 'powershell' for command environment: Not usable outside of PowerShell
[1.296s] DEBUG:colcon.colcon_core.shell:Skip shell extension 'dsv' for command environment
[1.308s] DEBUG:colcon.colcon_core.event_handler.log_command:Invoked command in '/home/shaxpy/colcon_ws_AMR/build/robile_description' returned '0': CMAKE_PREFIX_PATH=${CMAKE_PREFIX_PATH}:/home/shaxpy/colcon_ws_AMR/install/robile_reach_goal:/home/shaxpy/colcon_ws_AMR/install/robile_control_square:/home/shaxpy/colcon_ws_AMR/install/robile_control_simple:/home/shaxpy/colcon_ws_AMR/install/py_trees_ros:/opt/ros/rolling /usr/bin/cmake --build /home/shaxpy/colcon_ws_AMR/build/robile_description -- -j12 -l12
[1.312s] DEBUG:colcon.colcon_core.event_handler.log_command:Invoked command in '/home/shaxpy/colcon_ws_AMR/build/kelo_tulip' returned '0': CMAKE_PREFIX_PATH=${CMAKE_PREFIX_PATH}:/home/shaxpy/colcon_ws_AMR/install/robile_reach_goal:/home/shaxpy/colcon_ws_AMR/install/robile_control_square:/home/shaxpy/colcon_ws_AMR/install/robile_control_simple:/home/shaxpy/colcon_ws_AMR/install/py_trees_ros:/opt/ros/rolling /usr/bin/cmake --build /home/shaxpy/colcon_ws_AMR/build/kelo_tulip -- -j12 -l12
[1.335s] DEBUG:colcon.colcon_core.event_handler.log_command:Invoking command in '/home/shaxpy/colcon_ws_AMR/build/robile_description': CMAKE_PREFIX_PATH=${CMAKE_PREFIX_PATH}:/home/shaxpy/colcon_ws_AMR/install/robile_reach_goal:/home/shaxpy/colcon_ws_AMR/install/robile_control_square:/home/shaxpy/colcon_ws_AMR/install/robile_control_simple:/home/shaxpy/colcon_ws_AMR/install/py_trees_ros:/opt/ros/rolling /usr/bin/cmake --install /home/shaxpy/colcon_ws_AMR/build/robile_description
[1.338s] DEBUG:colcon.colcon_core.event_handler.log_command:Invoking command in '/home/shaxpy/colcon_ws_AMR/build/kelo_tulip': CMAKE_PREFIX_PATH=${CMAKE_PREFIX_PATH}:/home/shaxpy/colcon_ws_AMR/install/robile_reach_goal:/home/shaxpy/colcon_ws_AMR/install/robile_control_square:/home/shaxpy/colcon_ws_AMR/install/robile_control_simple:/home/shaxpy/colcon_ws_AMR/install/py_trees_ros:/opt/ros/rolling /usr/bin/cmake --install /home/shaxpy/colcon_ws_AMR/build/kelo_tulip
[1.346s] Level 1:colcon.colcon_core.environment:create_environment_scripts_only(robile_description)
[1.346s] DEBUG:colcon.colcon_core.event_handler.log_command:Invoked command in '/home/shaxpy/colcon_ws_AMR/build/robile_description' returned '0': CMAKE_PREFIX_PATH=${CMAKE_PREFIX_PATH}:/home/shaxpy/colcon_ws_AMR/install/robile_reach_goal:/home/shaxpy/colcon_ws_AMR/install/robile_control_square:/home/shaxpy/colcon_ws_AMR/install/robile_control_simple:/home/shaxpy/colcon_ws_AMR/install/py_trees_ros:/opt/ros/rolling /usr/bin/cmake --install /home/shaxpy/colcon_ws_AMR/build/robile_description
[1.357s] Level 1:colcon.colcon_core.environment:checking '/home/shaxpy/colcon_ws_AMR/install/robile_description' for CMake module files
[1.358s] Level 1:colcon.colcon_core.environment:checking '/home/shaxpy/colcon_ws_AMR/install/robile_description' for CMake config files
[1.361s] Level 1:colcon.colcon_core.shell:create_environment_hook('robile_description', 'cmake_prefix_path')
[1.363s] INFO:colcon.colcon_core.shell:Creating environment hook '/home/shaxpy/colcon_ws_AMR/install/robile_description/share/robile_description/hook/cmake_prefix_path.ps1'
[1.364s] INFO:colcon.colcon_core.shell:Creating environment descriptor '/home/shaxpy/colcon_ws_AMR/install/robile_description/share/robile_description/hook/cmake_prefix_path.dsv'
[1.364s] INFO:colcon.colcon_core.shell:Creating environment hook '/home/shaxpy/colcon_ws_AMR/install/robile_description/share/robile_description/hook/cmake_prefix_path.sh'
[1.365s] Level 1:colcon.colcon_core.environment:checking '/home/shaxpy/colcon_ws_AMR/install/robile_description/bin'
[1.365s] Level 1:colcon.colcon_core.environment:checking '/home/shaxpy/colcon_ws_AMR/install/robile_description/lib/pkgconfig/robile_description.pc'
[1.365s] Level 1:colcon.colcon_core.environment:checking '/home/shaxpy/colcon_ws_AMR/install/robile_description/lib/python3.8/site-packages'
[1.365s] Level 1:colcon.colcon_core.environment:checking '/home/shaxpy/colcon_ws_AMR/install/robile_description/bin'
[1.368s] INFO:colcon.colcon_core.shell:Creating package script '/home/shaxpy/colcon_ws_AMR/install/robile_description/share/robile_description/package.ps1'
[1.368s] INFO:colcon.colcon_core.shell:Creating package descriptor '/home/shaxpy/colcon_ws_AMR/install/robile_description/share/robile_description/package.dsv'
[1.369s] INFO:colcon.colcon_core.shell:Creating package script '/home/shaxpy/colcon_ws_AMR/install/robile_description/share/robile_description/package.sh'
[1.370s] INFO:colcon.colcon_core.shell:Creating package script '/home/shaxpy/colcon_ws_AMR/install/robile_description/share/robile_description/package.bash'
[1.370s] INFO:colcon.colcon_core.shell:Creating package script '/home/shaxpy/colcon_ws_AMR/install/robile_description/share/robile_description/package.zsh'
[1.371s] Level 1:colcon.colcon_core.environment:create_file_with_runtime_dependencies(/home/shaxpy/colcon_ws_AMR/install/robile_description/share/colcon-core/packages/robile_description)
[1.379s] Level 1:colcon.colcon_core.environment:create_environment_scripts_only(kelo_tulip)
[1.384s] Level 1:colcon.colcon_core.environment:checking '/home/shaxpy/colcon_ws_AMR/install/kelo_tulip' for CMake module files
[1.388s] DEBUG:colcon.colcon_core.event_handler.log_command:Invoked command in '/home/shaxpy/colcon_ws_AMR/build/kelo_tulip' returned '0': CMAKE_PREFIX_PATH=${CMAKE_PREFIX_PATH}:/home/shaxpy/colcon_ws_AMR/install/robile_reach_goal:/home/shaxpy/colcon_ws_AMR/install/robile_control_square:/home/shaxpy/colcon_ws_AMR/install/robile_control_simple:/home/shaxpy/colcon_ws_AMR/install/py_trees_ros:/opt/ros/rolling /usr/bin/cmake --install /home/shaxpy/colcon_ws_AMR/build/kelo_tulip
[1.389s] Level 1:colcon.colcon_core.environment:checking '/home/shaxpy/colcon_ws_AMR/install/kelo_tulip' for CMake config files
[1.389s] Level 1:colcon.colcon_core.shell:create_environment_hook('kelo_tulip', 'cmake_prefix_path')
[1.393s] INFO:colcon.colcon_core.shell:Creating environment hook '/home/shaxpy/colcon_ws_AMR/install/kelo_tulip/share/kelo_tulip/hook/cmake_prefix_path.ps1'
[1.394s] INFO:colcon.colcon_core.shell:Creating environment descriptor '/home/shaxpy/colcon_ws_AMR/install/kelo_tulip/share/kelo_tulip/hook/cmake_prefix_path.dsv'
[1.394s] INFO:colcon.colcon_core.shell:Creating environment hook '/home/shaxpy/colcon_ws_AMR/install/kelo_tulip/share/kelo_tulip/hook/cmake_prefix_path.sh'
[1.394s] Level 1:colcon.colcon_core.environment:checking '/home/shaxpy/colcon_ws_AMR/install/kelo_tulip/lib'
[1.395s] Level 1:colcon.colcon_core.environment:checking '/home/shaxpy/colcon_ws_AMR/install/kelo_tulip/bin'
[1.395s] Level 1:colcon.colcon_core.environment:checking '/home/shaxpy/colcon_ws_AMR/install/kelo_tulip/lib/pkgconfig/kelo_tulip.pc'
[1.395s] Level 1:colcon.colcon_core.environment:checking '/home/shaxpy/colcon_ws_AMR/install/kelo_tulip/lib/python3.8/site-packages'
[1.395s] Level 1:colcon.colcon_core.environment:checking '/home/shaxpy/colcon_ws_AMR/install/kelo_tulip/bin'
[1.399s] INFO:colcon.colcon_core.shell:Creating package script '/home/shaxpy/colcon_ws_AMR/install/kelo_tulip/share/kelo_tulip/package.ps1'
[1.399s] INFO:colcon.colcon_core.shell:Creating package descriptor '/home/shaxpy/colcon_ws_AMR/install/kelo_tulip/share/kelo_tulip/package.dsv'
[1.400s] INFO:colcon.colcon_core.shell:Creating package script '/home/shaxpy/colcon_ws_AMR/install/kelo_tulip/share/kelo_tulip/package.sh'
[1.400s] INFO:colcon.colcon_core.shell:Creating package script '/home/shaxpy/colcon_ws_AMR/install/kelo_tulip/share/kelo_tulip/package.bash'
[1.400s] INFO:colcon.colcon_core.shell:Creating package script '/home/shaxpy/colcon_ws_AMR/install/kelo_tulip/share/kelo_tulip/package.zsh'
[1.401s] Level 1:colcon.colcon_core.environment:create_file_with_runtime_dependencies(/home/shaxpy/colcon_ws_AMR/install/kelo_tulip/share/colcon-core/packages/kelo_tulip)
[1.407s] Level 1:colcon.colcon_core.environment:create_environment_scripts_only(robile_description)
[1.412s] Level 1:colcon.colcon_core.environment:checking '/home/shaxpy/colcon_ws_AMR/install/robile_description' for CMake module files
[1.412s] Level 1:colcon.colcon_core.environment:checking '/home/shaxpy/colcon_ws_AMR/install/robile_description' for CMake config files
[1.412s] Level 1:colcon.colcon_core.shell:create_environment_hook('robile_description', 'cmake_prefix_path')
[1.414s] INFO:colcon.colcon_core.shell:Creating environment hook '/home/shaxpy/colcon_ws_AMR/install/robile_description/share/robile_description/hook/cmake_prefix_path.ps1'
[1.415s] INFO:colcon.colcon_core.shell:Creating environment descriptor '/home/shaxpy/colcon_ws_AMR/install/robile_description/share/robile_description/hook/cmake_prefix_path.dsv'
[1.415s] INFO:colcon.colcon_core.shell:Creating environment hook '/home/shaxpy/colcon_ws_AMR/install/robile_description/share/robile_description/hook/cmake_prefix_path.sh'
[1.415s] Level 1:colcon.colcon_core.environment:checking '/home/shaxpy/colcon_ws_AMR/install/robile_description/bin'
[1.415s] Level 1:colcon.colcon_core.environment:checking '/home/shaxpy/colcon_ws_AMR/install/robile_description/lib/pkgconfig/robile_description.pc'
[1.416s] Level 1:colcon.colcon_core.environment:checking '/home/shaxpy/colcon_ws_AMR/install/robile_description/lib/python3.8/site-packages'
[1.416s] Level 1:colcon.colcon_core.environment:checking '/home/shaxpy/colcon_ws_AMR/install/robile_description/bin'
[1.418s] INFO:colcon.colcon_core.shell:Creating package script '/home/shaxpy/colcon_ws_AMR/install/robile_description/share/robile_description/package.ps1'
[1.418s] INFO:colcon.colcon_core.shell:Creating package descriptor '/home/shaxpy/colcon_ws_AMR/install/robile_description/share/robile_description/package.dsv'
[1.419s] INFO:colcon.colcon_core.shell:Creating package script '/home/shaxpy/colcon_ws_AMR/install/robile_description/share/robile_description/package.sh'
[1.419s] INFO:colcon.colcon_core.shell:Creating package script '/home/shaxpy/colcon_ws_AMR/install/robile_description/share/robile_description/package.bash'
[1.419s] INFO:colcon.colcon_core.shell:Creating package script '/home/shaxpy/colcon_ws_AMR/install/robile_description/share/robile_description/package.zsh'
[1.420s] Level 1:colcon.colcon_core.environment:create_file_with_runtime_dependencies(/home/shaxpy/colcon_ws_AMR/install/robile_description/share/colcon-core/packages/robile_description)
[1.420s] INFO:colcon.colcon_ros.task.ament_cmake.build:Building ROS package in '/home/shaxpy/colcon_ws_AMR/src/robile_gazebo' with build type 'ament_cmake'
[1.420s] INFO:colcon.colcon_cmake.task.cmake.build:Building CMake package in '/home/shaxpy/colcon_ws_AMR/src/robile_gazebo'
[1.422s] INFO:colcon.colcon_core.shell:Skip shell extension 'powershell' for command environment: Not usable outside of PowerShell
[1.422s] DEBUG:colcon.colcon_core.shell:Skip shell extension 'dsv' for command environment
[1.431s] Level 1:colcon.colcon_core.environment:create_environment_scripts_only(kelo_tulip)
[1.434s] Level 1:colcon.colcon_core.environment:checking '/home/shaxpy/colcon_ws_AMR/install/kelo_tulip' for CMake module files
[1.434s] Level 1:colcon.colcon_core.environment:checking '/home/shaxpy/colcon_ws_AMR/install/kelo_tulip' for CMake config files
[1.435s] Level 1:colcon.colcon_core.shell:create_environment_hook('kelo_tulip', 'cmake_prefix_path')
[1.437s] INFO:colcon.colcon_core.shell:Creating environment hook '/home/shaxpy/colcon_ws_AMR/install/kelo_tulip/share/kelo_tulip/hook/cmake_prefix_path.ps1'
[1.437s] INFO:colcon.colcon_core.shell:Creating environment descriptor '/home/shaxpy/colcon_ws_AMR/install/kelo_tulip/share/kelo_tulip/hook/cmake_prefix_path.dsv'
[1.437s] INFO:colcon.colcon_core.shell:Creating environment hook '/home/shaxpy/colcon_ws_AMR/install/kelo_tulip/share/kelo_tulip/hook/cmake_prefix_path.sh'
[1.438s] Level 1:colcon.colcon_core.environment:checking '/home/shaxpy/colcon_ws_AMR/install/kelo_tulip/lib'
[1.438s] Level 1:colcon.colcon_core.environment:checking '/home/shaxpy/colcon_ws_AMR/install/kelo_tulip/bin'
[1.438s] Level 1:colcon.colcon_core.environment:checking '/home/shaxpy/colcon_ws_AMR/install/kelo_tulip/lib/pkgconfig/kelo_tulip.pc'
[1.438s] Level 1:colcon.colcon_core.environment:checking '/home/shaxpy/colcon_ws_AMR/install/kelo_tulip/lib/python3.8/site-packages'
[1.438s] Level 1:colcon.colcon_core.environment:checking '/home/shaxpy/colcon_ws_AMR/install/kelo_tulip/bin'
[1.440s] INFO:colcon.colcon_core.shell:Creating package script '/home/shaxpy/colcon_ws_AMR/install/kelo_tulip/share/kelo_tulip/package.ps1'
[1.440s] INFO:colcon.colcon_core.shell:Creating package descriptor '/home/shaxpy/colcon_ws_AMR/install/kelo_tulip/share/kelo_tulip/package.dsv'
[1.441s] INFO:colcon.colcon_core.shell:Creating package script '/home/shaxpy/colcon_ws_AMR/install/kelo_tulip/share/kelo_tulip/package.sh'
[1.441s] INFO:colcon.colcon_core.shell:Creating package script '/home/shaxpy/colcon_ws_AMR/install/kelo_tulip/share/kelo_tulip/package.bash'
[1.441s] INFO:colcon.colcon_core.shell:Creating package script '/home/shaxpy/colcon_ws_AMR/install/kelo_tulip/share/kelo_tulip/package.zsh'
[1.441s] Level 1:colcon.colcon_core.environment:create_file_with_runtime_dependencies(/home/shaxpy/colcon_ws_AMR/install/kelo_tulip/share/colcon-core/packages/kelo_tulip)
[1.446s] DEBUG:colcon.colcon_core.event_handler.log_command:Invoking command in '/home/shaxpy/colcon_ws_AMR/build/robile_gazebo': CMAKE_PREFIX_PATH=/home/shaxpy/colcon_ws_AMR/install/robile_description:/home/shaxpy/colcon_ws_AMR/install/robile_gazebo:/home/shaxpy/colcon_ws_AMR/install/kelo_tulip:/home/shaxpy/amr_first_ws/install/robile_gazebo:/home/shaxpy/amr_first_ws/install/robile_description:/home/shaxpy/colcon_ws_AMR/install/robile_reach_goal:/home/shaxpy/colcon_ws_AMR/install/robile_control_square:/home/shaxpy/colcon_ws_AMR/install/robile_control_simple:/home/shaxpy/colcon_ws_AMR/install/py_trees_ros:/opt/ros/rolling /usr/bin/cmake --build /home/shaxpy/colcon_ws_AMR/build/robile_gazebo -- -j12 -l12
[1.476s] DEBUG:colcon.colcon_core.event_handler.log_command:Invoked command in '/home/shaxpy/colcon_ws_AMR/build/robile_gazebo' returned '0': CMAKE_PREFIX_PATH=/home/shaxpy/colcon_ws_AMR/install/robile_description:/home/shaxpy/colcon_ws_AMR/install/robile_gazebo:/home/shaxpy/colcon_ws_AMR/install/kelo_tulip:/home/shaxpy/amr_first_ws/install/robile_gazebo:/home/shaxpy/amr_first_ws/install/robile_description:/home/shaxpy/colcon_ws_AMR/install/robile_reach_goal:/home/shaxpy/colcon_ws_AMR/install/robile_control_square:/home/shaxpy/colcon_ws_AMR/install/robile_control_simple:/home/shaxpy/colcon_ws_AMR/install/py_trees_ros:/opt/ros/rolling /usr/bin/cmake --build /home/shaxpy/colcon_ws_AMR/build/robile_gazebo -- -j12 -l12
[1.493s] DEBUG:colcon.colcon_core.event_handler.log_command:Invoking command in '/home/shaxpy/colcon_ws_AMR/build/robile_gazebo': CMAKE_PREFIX_PATH=/home/shaxpy/colcon_ws_AMR/install/robile_description:/home/shaxpy/colcon_ws_AMR/install/robile_gazebo:/home/shaxpy/colcon_ws_AMR/install/kelo_tulip:/home/shaxpy/amr_first_ws/install/robile_gazebo:/home/shaxpy/amr_first_ws/install/robile_description:/home/shaxpy/colcon_ws_AMR/install/robile_reach_goal:/home/shaxpy/colcon_ws_AMR/install/robile_control_square:/home/shaxpy/colcon_ws_AMR/install/robile_control_simple:/home/shaxpy/colcon_ws_AMR/install/py_trees_ros:/opt/ros/rolling /usr/bin/cmake --install /home/shaxpy/colcon_ws_AMR/build/robile_gazebo
[1.500s] Level 1:colcon.colcon_core.environment:create_environment_scripts_only(robile_gazebo)
[1.504s] Level 1:colcon.colcon_core.environment:checking '/home/shaxpy/colcon_ws_AMR/install/robile_gazebo' for CMake module files
[1.504s] DEBUG:colcon.colcon_core.event_handler.log_command:Invoked command in '/home/shaxpy/colcon_ws_AMR/build/robile_gazebo' returned '0': CMAKE_PREFIX_PATH=/home/shaxpy/colcon_ws_AMR/install/robile_description:/home/shaxpy/colcon_ws_AMR/install/robile_gazebo:/home/shaxpy/colcon_ws_AMR/install/kelo_tulip:/home/shaxpy/amr_first_ws/install/robile_gazebo:/home/shaxpy/amr_first_ws/install/robile_description:/home/shaxpy/colcon_ws_AMR/install/robile_reach_goal:/home/shaxpy/colcon_ws_AMR/install/robile_control_square:/home/shaxpy/colcon_ws_AMR/install/robile_control_simple:/home/shaxpy/colcon_ws_AMR/install/py_trees_ros:/opt/ros/rolling /usr/bin/cmake --install /home/shaxpy/colcon_ws_AMR/build/robile_gazebo
[1.505s] Level 1:colcon.colcon_core.environment:checking '/home/shaxpy/colcon_ws_AMR/install/robile_gazebo' for CMake config files
[1.505s] Level 1:colcon.colcon_core.shell:create_environment_hook('robile_gazebo', 'cmake_prefix_path')
[1.507s] INFO:colcon.colcon_core.shell:Creating environment hook '/home/shaxpy/colcon_ws_AMR/install/robile_gazebo/share/robile_gazebo/hook/cmake_prefix_path.ps1'
[1.508s] INFO:colcon.colcon_core.shell:Creating environment descriptor '/home/shaxpy/colcon_ws_AMR/install/robile_gazebo/share/robile_gazebo/hook/cmake_prefix_path.dsv'
[1.508s] INFO:colcon.colcon_core.shell:Creating environment hook '/home/shaxpy/colcon_ws_AMR/install/robile_gazebo/share/robile_gazebo/hook/cmake_prefix_path.sh'
[1.508s] Level 1:colcon.colcon_core.environment:checking '/home/shaxpy/colcon_ws_AMR/install/robile_gazebo/bin'
[1.508s] Level 1:colcon.colcon_core.environment:checking '/home/shaxpy/colcon_ws_AMR/install/robile_gazebo/lib/pkgconfig/robile_gazebo.pc'
[1.509s] Level 1:colcon.colcon_core.environment:checking '/home/shaxpy/colcon_ws_AMR/install/robile_gazebo/lib/python3.8/site-packages'
[1.509s] Level 1:colcon.colcon_core.environment:checking '/home/shaxpy/colcon_ws_AMR/install/robile_gazebo/bin'
[1.511s] INFO:colcon.colcon_core.shell:Creating package script '/home/shaxpy/colcon_ws_AMR/install/robile_gazebo/share/robile_gazebo/package.ps1'
[1.511s] INFO:colcon.colcon_core.shell:Creating package descriptor '/home/shaxpy/colcon_ws_AMR/install/robile_gazebo/share/robile_gazebo/package.dsv'
[1.512s] INFO:colcon.colcon_core.shell:Creating package script '/home/shaxpy/colcon_ws_AMR/install/robile_gazebo/share/robile_gazebo/package.sh'
[1.512s] INFO:colcon.colcon_core.shell:Creating package script '/home/shaxpy/colcon_ws_AMR/install/robile_gazebo/share/robile_gazebo/package.bash'
[1.512s] INFO:colcon.colcon_core.shell:Creating package script '/home/shaxpy/colcon_ws_AMR/install/robile_gazebo/share/robile_gazebo/package.zsh'
[1.512s] Level 1:colcon.colcon_core.environment:create_file_with_runtime_dependencies(/home/shaxpy/colcon_ws_AMR/install/robile_gazebo/share/colcon-core/packages/robile_gazebo)
[1.530s] Level 1:colcon.colcon_core.environment:create_environment_scripts_only(robile_gazebo)
[1.534s] Level 1:colcon.colcon_core.environment:checking '/home/shaxpy/colcon_ws_AMR/install/robile_gazebo' for CMake module files
[1.534s] Level 1:colcon.colcon_core.environment:checking '/home/shaxpy/colcon_ws_AMR/install/robile_gazebo' for CMake config files
[1.534s] Level 1:colcon.colcon_core.shell:create_environment_hook('robile_gazebo', 'cmake_prefix_path')
[1.537s] INFO:colcon.colcon_core.shell:Creating environment hook '/home/shaxpy/colcon_ws_AMR/install/robile_gazebo/share/robile_gazebo/hook/cmake_prefix_path.ps1'
[1.537s] INFO:colcon.colcon_core.shell:Creating environment descriptor '/home/shaxpy/colcon_ws_AMR/install/robile_gazebo/share/robile_gazebo/hook/cmake_prefix_path.dsv'
[1.538s] INFO:colcon.colcon_core.shell:Creating environment hook '/home/shaxpy/colcon_ws_AMR/install/robile_gazebo/share/robile_gazebo/hook/cmake_prefix_path.sh'
[1.538s] Level 1:colcon.colcon_core.environment:checking '/home/shaxpy/colcon_ws_AMR/install/robile_gazebo/bin'
[1.538s] Level 1:colcon.colcon_core.environment:checking '/home/shaxpy/colcon_ws_AMR/install/robile_gazebo/lib/pkgconfig/robile_gazebo.pc'
[1.538s] Level 1:colcon.colcon_core.environment:checking '/home/shaxpy/colcon_ws_AMR/install/robile_gazebo/lib/python3.8/site-packages'
[1.538s] Level 1:colcon.colcon_core.environment:checking '/home/shaxpy/colcon_ws_AMR/install/robile_gazebo/bin'
[1.541s] INFO:colcon.colcon_core.shell:Creating package script '/home/shaxpy/colcon_ws_AMR/install/robile_gazebo/share/robile_gazebo/package.ps1'
[1.542s] INFO:colcon.colcon_core.shell:Creating package descriptor '/home/shaxpy/colcon_ws_AMR/install/robile_gazebo/share/robile_gazebo/package.dsv'
[1.542s] INFO:colcon.colcon_core.shell:Creating package script '/home/shaxpy/colcon_ws_AMR/install/robile_gazebo/share/robile_gazebo/package.sh'
[1.543s] INFO:colcon.colcon_core.shell:Creating package script '/home/shaxpy/colcon_ws_AMR/install/robile_gazebo/share/robile_gazebo/package.bash'
[1.543s] INFO:colcon.colcon_core.shell:Creating package script '/home/shaxpy/colcon_ws_AMR/install/robile_gazebo/share/robile_gazebo/package.zsh'
[1.543s] Level 1:colcon.colcon_core.environment:create_file_with_runtime_dependencies(/home/shaxpy/colcon_ws_AMR/install/robile_gazebo/share/colcon-core/packages/robile_gazebo)
[1.777s] DEBUG:colcon.colcon_core.event_handler.log_command:Invoking command in '/home/shaxpy/colcon_ws_AMR/src/Robile/robile_demos/robile_reach_goal': PYTHONPATH=/home/shaxpy/colcon_ws_AMR/build/robile_reach_goal/prefix_override:/home/shaxpy/colcon_ws_AMR/install/robile_reach_goal/lib/python3.8/site-packages:${PYTHONPATH} /usr/bin/python3 setup.py egg_info --egg-base ../../../../build/robile_reach_goal build --build-base /home/shaxpy/colcon_ws_AMR/build/robile_reach_goal/build install --record /home/shaxpy/colcon_ws_AMR/build/robile_reach_goal/install.log --single-version-externally-managed
[1.780s] DEBUG:colcon.colcon_core.event_handler.log_command:Invoking command in '/home/shaxpy/colcon_ws_AMR/src/Robile/robile_demos/robile_control_square': PYTHONPATH=/home/shaxpy/colcon_ws_AMR/build/robile_control_square/prefix_override:/home/shaxpy/colcon_ws_AMR/install/robile_control_square/lib/python3.8/site-packages:${PYTHONPATH} /usr/bin/python3 setup.py egg_info --egg-base ../../../../build/robile_control_square build --build-base /home/shaxpy/colcon_ws_AMR/build/robile_control_square/build install --record /home/shaxpy/colcon_ws_AMR/build/robile_control_square/install.log --single-version-externally-managed
[1.794s] DEBUG:colcon.colcon_core.event_handler.log_command:Invoking command in '/home/shaxpy/colcon_ws_AMR/src/py_trees_ros': PYTHONPATH=/home/shaxpy/colcon_ws_AMR/build/py_trees_ros/prefix_override:/home/shaxpy/colcon_ws_AMR/install/py_trees_ros/lib/python3.8/site-packages:${PYTHONPATH} /usr/bin/python3 setup.py egg_info --egg-base ../../build/py_trees_ros build --build-base /home/shaxpy/colcon_ws_AMR/build/py_trees_ros/build install --record /home/shaxpy/colcon_ws_AMR/build/py_trees_ros/install.log --single-version-externally-managed
[1.801s] DEBUG:colcon.colcon_core.event_handler.log_command:Invoking command in '/home/shaxpy/colcon_ws_AMR/src/Robile/robile_demos/robile_control_simple': PYTHONPATH=/home/shaxpy/colcon_ws_AMR/build/robile_control_simple/prefix_override:/home/shaxpy/colcon_ws_AMR/install/robile_control_simple/lib/python3.8/site-packages:${PYTHONPATH} /usr/bin/python3 setup.py egg_info --egg-base ../../../../build/robile_control_simple build --build-base /home/shaxpy/colcon_ws_AMR/build/robile_control_simple/build install --record /home/shaxpy/colcon_ws_AMR/build/robile_control_simple/install.log --single-version-externally-managed
[2.007s] Level 1:colcon.colcon_core.environment:checking '/home/shaxpy/colcon_ws_AMR/install/robile_reach_goal' for CMake module files
[2.007s] DEBUG:colcon.colcon_core.event_handler.log_command:Invoked command in '/home/shaxpy/colcon_ws_AMR/src/Robile/robile_demos/robile_reach_goal' returned '0': PYTHONPATH=/home/shaxpy/colcon_ws_AMR/build/robile_reach_goal/prefix_override:/home/shaxpy/colcon_ws_AMR/install/robile_reach_goal/lib/python3.8/site-packages:${PYTHONPATH} /usr/bin/python3 setup.py egg_info --egg-base ../../../../build/robile_reach_goal build --build-base /home/shaxpy/colcon_ws_AMR/build/robile_reach_goal/build install --record /home/shaxpy/colcon_ws_AMR/build/robile_reach_goal/install.log --single-version-externally-managed
[2.008s] Level 1:colcon.colcon_core.environment:checking '/home/shaxpy/colcon_ws_AMR/install/robile_reach_goal' for CMake config files
[2.009s] Level 1:colcon.colcon_core.environment:checking '/home/shaxpy/colcon_ws_AMR/install/robile_reach_goal/lib'
[2.009s] Level 1:colcon.colcon_core.environment:checking '/home/shaxpy/colcon_ws_AMR/install/robile_reach_goal/bin'
[2.009s] Level 1:colcon.colcon_core.environment:checking '/home/shaxpy/colcon_ws_AMR/install/robile_reach_goal/lib/pkgconfig/robile_reach_goal.pc'
[2.009s] Level 1:colcon.colcon_core.environment:checking '/home/shaxpy/colcon_ws_AMR/install/robile_reach_goal/lib/python3.8/site-packages'
[2.009s] Level 1:colcon.colcon_core.shell:create_environment_hook('robile_reach_goal', 'pythonpath')
[2.012s] INFO:colcon.colcon_core.shell:Creating environment hook '/home/shaxpy/colcon_ws_AMR/install/robile_reach_goal/share/robile_reach_goal/hook/pythonpath.ps1'
[2.013s] INFO:colcon.colcon_core.shell:Creating environment descriptor '/home/shaxpy/colcon_ws_AMR/install/robile_reach_goal/share/robile_reach_goal/hook/pythonpath.dsv'
[2.013s] INFO:colcon.colcon_core.shell:Creating environment hook '/home/shaxpy/colcon_ws_AMR/install/robile_reach_goal/share/robile_reach_goal/hook/pythonpath.sh'
[2.014s] Level 1:colcon.colcon_core.environment:checking '/home/shaxpy/colcon_ws_AMR/install/robile_reach_goal/bin'
[2.014s] Level 1:colcon.colcon_core.environment:create_environment_scripts_only(robile_reach_goal)
[2.017s] INFO:colcon.colcon_core.shell:Creating package script '/home/shaxpy/colcon_ws_AMR/install/robile_reach_goal/share/robile_reach_goal/package.ps1'
[2.018s] INFO:colcon.colcon_core.shell:Creating package descriptor '/home/shaxpy/colcon_ws_AMR/install/robile_reach_goal/share/robile_reach_goal/package.dsv'
[2.018s] INFO:colcon.colcon_core.shell:Creating package script '/home/shaxpy/colcon_ws_AMR/install/robile_reach_goal/share/robile_reach_goal/package.sh'
[2.019s] INFO:colcon.colcon_core.shell:Creating package script '/home/shaxpy/colcon_ws_AMR/install/robile_reach_goal/share/robile_reach_goal/package.bash'
[2.019s] INFO:colcon.colcon_core.shell:Creating package script '/home/shaxpy/colcon_ws_AMR/install/robile_reach_goal/share/robile_reach_goal/package.zsh'
[2.019s] Level 1:colcon.colcon_core.environment:create_file_with_runtime_dependencies(/home/shaxpy/colcon_ws_AMR/install/robile_reach_goal/share/colcon-core/packages/robile_reach_goal)
[2.023s] Level 1:colcon.colcon_core.environment:checking '/home/shaxpy/colcon_ws_AMR/install/robile_control_square' for CMake module files
[2.024s] DEBUG:colcon.colcon_core.event_handler.log_command:Invoked command in '/home/shaxpy/colcon_ws_AMR/src/Robile/robile_demos/robile_control_square' returned '0': PYTHONPATH=/home/shaxpy/colcon_ws_AMR/build/robile_control_square/prefix_override:/home/shaxpy/colcon_ws_AMR/install/robile_control_square/lib/python3.8/site-packages:${PYTHONPATH} /usr/bin/python3 setup.py egg_info --egg-base ../../../../build/robile_control_square build --build-base /home/shaxpy/colcon_ws_AMR/build/robile_control_square/build install --record /home/shaxpy/colcon_ws_AMR/build/robile_control_square/install.log --single-version-externally-managed
[2.024s] Level 1:colcon.colcon_core.environment:checking '/home/shaxpy/colcon_ws_AMR/install/robile_control_square' for CMake config files
[2.024s] Level 1:colcon.colcon_core.environment:checking '/home/shaxpy/colcon_ws_AMR/install/robile_control_square/lib'
[2.025s] Level 1:colcon.colcon_core.environment:checking '/home/shaxpy/colcon_ws_AMR/install/robile_control_square/bin'
[2.025s] Level 1:colcon.colcon_core.environment:checking '/home/shaxpy/colcon_ws_AMR/install/robile_control_square/lib/pkgconfig/robile_control_square.pc'
[2.025s] Level 1:colcon.colcon_core.environment:checking '/home/shaxpy/colcon_ws_AMR/install/robile_control_square/lib/python3.8/site-packages'
[2.025s] Level 1:colcon.colcon_core.shell:create_environment_hook('robile_control_square', 'pythonpath')
[2.027s] INFO:colcon.colcon_core.shell:Creating environment hook '/home/shaxpy/colcon_ws_AMR/install/robile_control_square/share/robile_control_square/hook/pythonpath.ps1'
[2.027s] INFO:colcon.colcon_core.shell:Creating environment descriptor '/home/shaxpy/colcon_ws_AMR/install/robile_control_square/share/robile_control_square/hook/pythonpath.dsv'
[2.027s] INFO:colcon.colcon_core.shell:Creating environment hook '/home/shaxpy/colcon_ws_AMR/install/robile_control_square/share/robile_control_square/hook/pythonpath.sh'
[2.028s] Level 1:colcon.colcon_core.environment:checking '/home/shaxpy/colcon_ws_AMR/install/robile_control_square/bin'
[2.028s] Level 1:colcon.colcon_core.environment:create_environment_scripts_only(robile_control_square)
[2.030s] INFO:colcon.colcon_core.shell:Creating package script '/home/shaxpy/colcon_ws_AMR/install/robile_control_square/share/robile_control_square/package.ps1'
[2.030s] INFO:colcon.colcon_core.shell:Creating package descriptor '/home/shaxpy/colcon_ws_AMR/install/robile_control_square/share/robile_control_square/package.dsv'
[2.030s] INFO:colcon.colcon_core.shell:Creating package script '/home/shaxpy/colcon_ws_AMR/install/robile_control_square/share/robile_control_square/package.sh'
[2.031s] INFO:colcon.colcon_core.shell:Creating package script '/home/shaxpy/colcon_ws_AMR/install/robile_control_square/share/robile_control_square/package.bash'
[2.031s] INFO:colcon.colcon_core.shell:Creating package script '/home/shaxpy/colcon_ws_AMR/install/robile_control_square/share/robile_control_square/package.zsh'
[2.031s] Level 1:colcon.colcon_core.environment:create_file_with_runtime_dependencies(/home/shaxpy/colcon_ws_AMR/install/robile_control_square/share/colcon-core/packages/robile_control_square)
[2.035s] Level 1:colcon.colcon_core.environment:checking '/home/shaxpy/colcon_ws_AMR/install/py_trees_ros' for CMake module files
[2.035s] Level 1:colcon.colcon_core.environment:checking '/home/shaxpy/colcon_ws_AMR/install/py_trees_ros' for CMake config files
[2.035s] DEBUG:colcon.colcon_core.event_handler.log_command:Invoked command in '/home/shaxpy/colcon_ws_AMR/src/py_trees_ros' returned '0': PYTHONPATH=/home/shaxpy/colcon_ws_AMR/build/py_trees_ros/prefix_override:/home/shaxpy/colcon_ws_AMR/install/py_trees_ros/lib/python3.8/site-packages:${PYTHONPATH} /usr/bin/python3 setup.py egg_info --egg-base ../../build/py_trees_ros build --build-base /home/shaxpy/colcon_ws_AMR/build/py_trees_ros/build install --record /home/shaxpy/colcon_ws_AMR/build/py_trees_ros/install.log --single-version-externally-managed
[2.036s] Level 1:colcon.colcon_core.environment:checking '/home/shaxpy/colcon_ws_AMR/install/py_trees_ros/lib'
[2.036s] Level 1:colcon.colcon_core.environment:checking '/home/shaxpy/colcon_ws_AMR/install/py_trees_ros/bin'
[2.036s] Level 1:colcon.colcon_core.shell:create_environment_hook('py_trees_ros', 'path')
[2.038s] INFO:colcon.colcon_core.shell:Creating environment hook '/home/shaxpy/colcon_ws_AMR/install/py_trees_ros/share/py_trees_ros/hook/path.ps1'
[2.038s] INFO:colcon.colcon_core.shell:Creating environment descriptor '/home/shaxpy/colcon_ws_AMR/install/py_trees_ros/share/py_trees_ros/hook/path.dsv'
[2.038s] INFO:colcon.colcon_core.shell:Creating environment hook '/home/shaxpy/colcon_ws_AMR/install/py_trees_ros/share/py_trees_ros/hook/path.sh'
[2.038s] Level 1:colcon.colcon_core.environment:checking '/home/shaxpy/colcon_ws_AMR/install/py_trees_ros/lib/pkgconfig/py_trees_ros.pc'
[2.038s] Level 1:colcon.colcon_core.environment:checking '/home/shaxpy/colcon_ws_AMR/install/py_trees_ros/lib/python3.8/site-packages'
[2.039s] Level 1:colcon.colcon_core.shell:create_environment_hook('py_trees_ros', 'pythonpath')
[2.040s] INFO:colcon.colcon_core.shell:Creating environment hook '/home/shaxpy/colcon_ws_AMR/install/py_trees_ros/share/py_trees_ros/hook/pythonpath.ps1'
[2.041s] INFO:colcon.colcon_core.shell:Creating environment descriptor '/home/shaxpy/colcon_ws_AMR/install/py_trees_ros/share/py_trees_ros/hook/pythonpath.dsv'
[2.041s] INFO:colcon.colcon_core.shell:Creating environment hook '/home/shaxpy/colcon_ws_AMR/install/py_trees_ros/share/py_trees_ros/hook/pythonpath.sh'
[2.041s] Level 1:colcon.colcon_core.environment:checking '/home/shaxpy/colcon_ws_AMR/install/py_trees_ros/bin'
[2.041s] Level 1:colcon.colcon_core.shell:create_environment_hook('py_trees_ros', 'pythonscriptspath')
[2.043s] INFO:colcon.colcon_core.shell:Creating environment hook '/home/shaxpy/colcon_ws_AMR/install/py_trees_ros/share/py_trees_ros/hook/pythonscriptspath.ps1'
[2.043s] INFO:colcon.colcon_core.shell:Creating environment descriptor '/home/shaxpy/colcon_ws_AMR/install/py_trees_ros/share/py_trees_ros/hook/pythonscriptspath.dsv'
[2.044s] INFO:colcon.colcon_core.shell:Creating environment hook '/home/shaxpy/colcon_ws_AMR/install/py_trees_ros/share/py_trees_ros/hook/pythonscriptspath.sh'
[2.044s] Level 1:colcon.colcon_core.environment:create_environment_scripts_only(py_trees_ros)
[2.046s] INFO:colcon.colcon_core.shell:Creating package script '/home/shaxpy/colcon_ws_AMR/install/py_trees_ros/share/py_trees_ros/package.ps1'
[2.046s] INFO:colcon.colcon_core.shell:Creating package descriptor '/home/shaxpy/colcon_ws_AMR/install/py_trees_ros/share/py_trees_ros/package.dsv'
[2.046s] INFO:colcon.colcon_core.shell:Creating package script '/home/shaxpy/colcon_ws_AMR/install/py_trees_ros/share/py_trees_ros/package.sh'
[2.047s] INFO:colcon.colcon_core.shell:Creating package script '/home/shaxpy/colcon_ws_AMR/install/py_trees_ros/share/py_trees_ros/package.bash'
[2.047s] INFO:colcon.colcon_core.shell:Creating package script '/home/shaxpy/colcon_ws_AMR/install/py_trees_ros/share/py_trees_ros/package.zsh'
[2.047s] Level 1:colcon.colcon_core.environment:create_file_with_runtime_dependencies(/home/shaxpy/colcon_ws_AMR/install/py_trees_ros/share/colcon-core/packages/py_trees_ros)
[2.050s] Level 1:colcon.colcon_core.environment:checking '/home/shaxpy/colcon_ws_AMR/install/robile_control_simple' for CMake module files
[2.051s] Level 1:colcon.colcon_core.environment:checking '/home/shaxpy/colcon_ws_AMR/install/robile_control_simple' for CMake config files
[2.051s] DEBUG:colcon.colcon_core.event_handler.log_command:Invoked command in '/home/shaxpy/colcon_ws_AMR/src/Robile/robile_demos/robile_control_simple' returned '0': PYTHONPATH=/home/shaxpy/colcon_ws_AMR/build/robile_control_simple/prefix_override:/home/shaxpy/colcon_ws_AMR/install/robile_control_simple/lib/python3.8/site-packages:${PYTHONPATH} /usr/bin/python3 setup.py egg_info --egg-base ../../../../build/robile_control_simple build --build-base /home/shaxpy/colcon_ws_AMR/build/robile_control_simple/build install --record /home/shaxpy/colcon_ws_AMR/build/robile_control_simple/install.log --single-version-externally-managed
[2.051s] Level 1:colcon.colcon_core.environment:checking '/home/shaxpy/colcon_ws_AMR/install/robile_control_simple/lib'
[2.051s] Level 1:colcon.colcon_core.environment:checking '/home/shaxpy/colcon_ws_AMR/install/robile_control_simple/bin'
[2.051s] Level 1:colcon.colcon_core.environment:checking '/home/shaxpy/colcon_ws_AMR/install/robile_control_simple/lib/pkgconfig/robile_control_simple.pc'
[2.051s] Level 1:colcon.colcon_core.environment:checking '/home/shaxpy/colcon_ws_AMR/install/robile_control_simple/lib/python3.8/site-packages'
[2.051s] Level 1:colcon.colcon_core.shell:create_environment_hook('robile_control_simple', 'pythonpath')
[2.053s] INFO:colcon.colcon_core.shell:Creating environment hook '/home/shaxpy/colcon_ws_AMR/install/robile_control_simple/share/robile_control_simple/hook/pythonpath.ps1'
[2.054s] INFO:colcon.colcon_core.shell:Creating environment descriptor '/home/shaxpy/colcon_ws_AMR/install/robile_control_simple/share/robile_control_simple/hook/pythonpath.dsv'
[2.054s] INFO:colcon.colcon_core.shell:Creating environment hook '/home/shaxpy/colcon_ws_AMR/install/robile_control_simple/share/robile_control_simple/hook/pythonpath.sh'
[2.054s] Level 1:colcon.colcon_core.environment:checking '/home/shaxpy/colcon_ws_AMR/install/robile_control_simple/bin'
[2.054s] Level 1:colcon.colcon_core.environment:create_environment_scripts_only(robile_control_simple)
[2.056s] INFO:colcon.colcon_core.shell:Creating package script '/home/shaxpy/colcon_ws_AMR/install/robile_control_simple/share/robile_control_simple/package.ps1'
[2.056s] INFO:colcon.colcon_core.shell:Creating package descriptor '/home/shaxpy/colcon_ws_AMR/install/robile_control_simple/share/robile_control_simple/package.dsv'
[2.057s] INFO:colcon.colcon_core.shell:Creating package script '/home/shaxpy/colcon_ws_AMR/install/robile_control_simple/share/robile_control_simple/package.sh'
[2.057s] INFO:colcon.colcon_core.shell:Creating package script '/home/shaxpy/colcon_ws_AMR/install/robile_control_simple/share/robile_control_simple/package.bash'
[2.057s] INFO:colcon.colcon_core.shell:Creating package script '/home/shaxpy/colcon_ws_AMR/install/robile_control_simple/share/robile_control_simple/package.zsh'
[2.057s] Level 1:colcon.colcon_core.environment:create_file_with_runtime_dependencies(/home/shaxpy/colcon_ws_AMR/install/robile_control_simple/share/colcon-core/packages/robile_control_simple)
[2.058s] DEBUG:colcon.colcon_parallel_executor.executor.parallel:closing loop
[2.058s] DEBUG:colcon.colcon_parallel_executor.executor.parallel:loop closed
[2.058s] DEBUG:colcon.colcon_parallel_executor.executor.parallel:run_until_complete finished with '0'
[2.058s] DEBUG:colcon.colcon_core.event_reactor:joining thread
[2.065s] INFO:colcon.colcon_core.plugin_system:Skipping extension 'colcon_notification.desktop_notification.terminal_notifier': Not used on non-Darwin systems
[2.065s] INFO:colcon.colcon_core.plugin_system:Skipping extension 'colcon_notification.desktop_notification.win32': Not used on non-Windows systems
[2.065s] INFO:colcon.colcon_notification.desktop_notification:Sending desktop notification using 'notify2'
[2.079s] DEBUG:colcon.colcon_core.event_reactor:joined thread
[2.082s] INFO:colcon.colcon_core.shell:Creating prefix script '/home/shaxpy/colcon_ws_AMR/install/local_setup.ps1'
[2.083s] INFO:colcon.colcon_core.shell:Creating prefix util module '/home/shaxpy/colcon_ws_AMR/install/_local_setup_util_ps1.py'
[2.084s] INFO:colcon.colcon_core.shell:Creating prefix chain script '/home/shaxpy/colcon_ws_AMR/install/setup.ps1'
[2.086s] INFO:colcon.colcon_core.shell:Creating prefix script '/home/shaxpy/colcon_ws_AMR/install/local_setup.sh'
[2.086s] INFO:colcon.colcon_core.shell:Creating prefix util module '/home/shaxpy/colcon_ws_AMR/install/_local_setup_util_sh.py'
[2.086s] INFO:colcon.colcon_core.shell:Creating prefix chain script '/home/shaxpy/colcon_ws_AMR/install/setup.sh'
[2.088s] INFO:colcon.colcon_core.shell:Creating prefix script '/home/shaxpy/colcon_ws_AMR/install/local_setup.bash'
[2.088s] INFO:colcon.colcon_core.shell:Creating prefix chain script '/home/shaxpy/colcon_ws_AMR/install/setup.bash'
[2.090s] INFO:colcon.colcon_core.shell:Creating prefix script '/home/shaxpy/colcon_ws_AMR/install/local_setup.zsh'
[2.090s] INFO:colcon.colcon_core.shell:Creating prefix chain script '/home/shaxpy/colcon_ws_AMR/install/setup.zsh'
