[0.086s] Invoking command in '/home/shaxpy/colcon_ws_AMR/build/kelo_tulip': CMAKE_PREFIX_PATH=${CMAKE_PREFIX_PATH}:/home/shaxpy/colcon_ws_AMR/install/robile_reach_goal:/home/shaxpy/colcon_ws_AMR/install/robile_new:/home/shaxpy/colcon_ws_AMR/install/robile_control_square:/home/shaxpy/colcon_ws_AMR/install/robile_control_simple:/home/shaxpy/colcon_ws_AMR/install/py_trees_ros:/opt/ros/rolling /usr/bin/cmake --build /home/shaxpy/colcon_ws_AMR/build/kelo_tulip -- -j12 -l12
[1.195s] [ 40%] Built target tulip_velocity_controller
[1.195s] [ 75%] Built target soem
[1.195s] [100%] Built target platform_driver
[1.199s] Invoked command in '/home/shaxpy/colcon_ws_AMR/build/kelo_tulip' returned '0': CMAKE_PREFIX_PATH=${CMAKE_PREFIX_PATH}:/home/shaxpy/colcon_ws_AMR/install/robile_reach_goal:/home/shaxpy/colcon_ws_AMR/install/robile_new:/home/shaxpy/colcon_ws_AMR/install/robile_control_square:/home/shaxpy/colcon_ws_AMR/install/robile_control_simple:/home/shaxpy/colcon_ws_AMR/install/py_trees_ros:/opt/ros/rolling /usr/bin/cmake --build /home/shaxpy/colcon_ws_AMR/build/kelo_tulip -- -j12 -l12
[1.248s] Invoking command in '/home/shaxpy/colcon_ws_AMR/build/kelo_tulip': CMAKE_PREFIX_PATH=${CMAKE_PREFIX_PATH}:/home/shaxpy/colcon_ws_AMR/install/robile_reach_goal:/home/shaxpy/colcon_ws_AMR/install/robile_new:/home/shaxpy/colcon_ws_AMR/install/robile_control_square:/home/shaxpy/colcon_ws_AMR/install/robile_control_simple:/home/shaxpy/colcon_ws_AMR/install/py_trees_ros:/opt/ros/rolling /usr/bin/cmake --install /home/shaxpy/colcon_ws_AMR/build/kelo_tulip
[1.264s] -- Install configuration: ""
[1.264s] -- Up-to-date: /home/shaxpy/colcon_ws_AMR/install/kelo_tulip/lib/kelo_tulip/platform_driver
[1.264s] -- Up-to-date: /home/shaxpy/colcon_ws_AMR/install/kelo_tulip/lib/libtulip_velocity_controller.a
[1.265s] -- Up-to-date: /home/shaxpy/colcon_ws_AMR/install/kelo_tulip/include
[1.265s] -- Up-to-date: /home/shaxpy/colcon_ws_AMR/install/kelo_tulip/include/kelo_tulip
[1.265s] -- Up-to-date: /home/shaxpy/colcon_ws_AMR/install/kelo_tulip/include/kelo_tulip/EtherCATModule.h
[1.265s] -- Up-to-date: /home/shaxpy/colcon_ws_AMR/install/kelo_tulip/include/kelo_tulip/modules
[1.265s] -- Up-to-date: /home/shaxpy/colcon_ws_AMR/install/kelo_tulip/include/kelo_tulip/modules/RobileMasterBattery.h
[1.265s] -- Up-to-date: /home/shaxpy/colcon_ws_AMR/install/kelo_tulip/include/kelo_tulip/KeloDriveAPI.h
[1.265s] -- Up-to-date: /home/shaxpy/colcon_ws_AMR/install/kelo_tulip/include/kelo_tulip/VelocityPlatformController.h
[1.265s] -- Up-to-date: /home/shaxpy/colcon_ws_AMR/install/kelo_tulip/include/kelo_tulip/Utils.h
[1.265s] -- Up-to-date: /home/shaxpy/colcon_ws_AMR/install/kelo_tulip/include/kelo_tulip/WheelConfig.h
[1.265s] -- Up-to-date: /home/shaxpy/colcon_ws_AMR/install/kelo_tulip/include/kelo_tulip/Structs.h
[1.266s] -- Up-to-date: /home/shaxpy/colcon_ws_AMR/install/kelo_tulip/include/kelo_tulip/PlatformDriver.h
[1.266s] -- Up-to-date: /home/shaxpy/colcon_ws_AMR/install/kelo_tulip/include/kelo_tulip/soem
[1.266s] -- Up-to-date: /home/shaxpy/colcon_ws_AMR/install/kelo_tulip/include/kelo_tulip/soem/ethercatdc.h
[1.266s] -- Up-to-date: /home/shaxpy/colcon_ws_AMR/install/kelo_tulip/include/kelo_tulip/soem/ethercatsoe.h
[1.266s] -- Up-to-date: /home/shaxpy/colcon_ws_AMR/install/kelo_tulip/include/kelo_tulip/soem/ethercateoe.h
[1.266s] -- Up-to-date: /home/shaxpy/colcon_ws_AMR/install/kelo_tulip/include/kelo_tulip/soem/ethercatconfiglist.h
[1.267s] -- Up-to-date: /home/shaxpy/colcon_ws_AMR/install/kelo_tulip/include/kelo_tulip/soem/ethercatmain.h
[1.267s] -- Up-to-date: /home/shaxpy/colcon_ws_AMR/install/kelo_tulip/include/kelo_tulip/soem/ethercatcoe.h
[1.267s] -- Up-to-date: /home/shaxpy/colcon_ws_AMR/install/kelo_tulip/include/kelo_tulip/soem/ethercat.h
[1.267s] -- Up-to-date: /home/shaxpy/colcon_ws_AMR/install/kelo_tulip/include/kelo_tulip/soem/ethercatconfig.h
[1.267s] -- Up-to-date: /home/shaxpy/colcon_ws_AMR/install/kelo_tulip/include/kelo_tulip/soem/oshw
[1.268s] -- Up-to-date: /home/shaxpy/colcon_ws_AMR/install/kelo_tulip/include/kelo_tulip/soem/oshw/rtems
[1.268s] -- Up-to-date: /home/shaxpy/colcon_ws_AMR/install/kelo_tulip/include/kelo_tulip/soem/oshw/rtems/nicdrv.c
[1.268s] -- Up-to-date: /home/shaxpy/colcon_ws_AMR/install/kelo_tulip/include/kelo_tulip/soem/oshw/rtems/oshw.h
[1.269s] -- Up-to-date: /home/shaxpy/colcon_ws_AMR/install/kelo_tulip/include/kelo_tulip/soem/oshw/rtems/nicdrv.h
[1.269s] -- Up-to-date: /home/shaxpy/colcon_ws_AMR/install/kelo_tulip/include/kelo_tulip/soem/oshw/rtems/oshw.c
[1.269s] -- Up-to-date: /home/shaxpy/colcon_ws_AMR/install/kelo_tulip/include/kelo_tulip/soem/oshw/linux
[1.269s] -- Up-to-date: /home/shaxpy/colcon_ws_AMR/install/kelo_tulip/include/kelo_tulip/soem/oshw/linux/nicdrv.c
[1.269s] -- Up-to-date: /home/shaxpy/colcon_ws_AMR/install/kelo_tulip/include/kelo_tulip/soem/oshw/linux/oshw.h
[1.269s] -- Up-to-date: /home/shaxpy/colcon_ws_AMR/install/kelo_tulip/include/kelo_tulip/soem/oshw/linux/nicdrv.h
[1.269s] -- Up-to-date: /home/shaxpy/colcon_ws_AMR/install/kelo_tulip/include/kelo_tulip/soem/oshw/linux/oshw.c
[1.269s] -- Up-to-date: /home/shaxpy/colcon_ws_AMR/install/kelo_tulip/include/kelo_tulip/soem/oshw/intime
[1.269s] -- Up-to-date: /home/shaxpy/colcon_ws_AMR/install/kelo_tulip/include/kelo_tulip/soem/oshw/intime/nicdrv.c
[1.269s] -- Up-to-date: /home/shaxpy/colcon_ws_AMR/install/kelo_tulip/include/kelo_tulip/soem/oshw/intime/oshw.h
[1.270s] -- Up-to-date: /home/shaxpy/colcon_ws_AMR/install/kelo_tulip/include/kelo_tulip/soem/oshw/intime/nicdrv.h
[1.270s] -- Up-to-date: /home/shaxpy/colcon_ws_AMR/install/kelo_tulip/include/kelo_tulip/soem/oshw/intime/oshw.c
[1.270s] -- Up-to-date: /home/shaxpy/colcon_ws_AMR/install/kelo_tulip/include/kelo_tulip/soem/oshw/win32
[1.270s] -- Up-to-date: /home/shaxpy/colcon_ws_AMR/install/kelo_tulip/include/kelo_tulip/soem/oshw/win32/wpcap
[1.270s] -- Up-to-date: /home/shaxpy/colcon_ws_AMR/install/kelo_tulip/include/kelo_tulip/soem/oshw/win32/wpcap/Include
[1.270s] -- Up-to-date: /home/shaxpy/colcon_ws_AMR/install/kelo_tulip/include/kelo_tulip/soem/oshw/win32/wpcap/Include/pcap.h
[1.270s] -- Up-to-date: /home/shaxpy/colcon_ws_AMR/install/kelo_tulip/include/kelo_tulip/soem/oshw/win32/wpcap/Include/bittypes.h
[1.270s] -- Up-to-date: /home/shaxpy/colcon_ws_AMR/install/kelo_tulip/include/kelo_tulip/soem/oshw/win32/wpcap/Include/pcap
[1.270s] -- Up-to-date: /home/shaxpy/colcon_ws_AMR/install/kelo_tulip/include/kelo_tulip/soem/oshw/win32/wpcap/Include/pcap/pcap.h
[1.271s] -- Up-to-date: /home/shaxpy/colcon_ws_AMR/install/kelo_tulip/include/kelo_tulip/soem/oshw/win32/wpcap/Include/pcap/namedb.h
[1.271s] -- Up-to-date: /home/shaxpy/colcon_ws_AMR/install/kelo_tulip/include/kelo_tulip/soem/oshw/win32/wpcap/Include/pcap/sll.h
[1.271s] -- Up-to-date: /home/shaxpy/colcon_ws_AMR/install/kelo_tulip/include/kelo_tulip/soem/oshw/win32/wpcap/Include/pcap/usb.h
[1.271s] -- Up-to-date: /home/shaxpy/colcon_ws_AMR/install/kelo_tulip/include/kelo_tulip/soem/oshw/win32/wpcap/Include/pcap/vlan.h
[1.272s] -- Up-to-date: /home/shaxpy/colcon_ws_AMR/install/kelo_tulip/include/kelo_tulip/soem/oshw/win32/wpcap/Include/pcap/bpf.h
[1.272s] -- Up-to-date: /home/shaxpy/colcon_ws_AMR/install/kelo_tulip/include/kelo_tulip/soem/oshw/win32/wpcap/Include/pcap/bluetooth.h
[1.272s] -- Up-to-date: /home/shaxpy/colcon_ws_AMR/install/kelo_tulip/include/kelo_tulip/soem/oshw/win32/wpcap/Include/Packet32.h
[1.273s] -- Up-to-date: /home/shaxpy/colcon_ws_AMR/install/kelo_tulip/include/kelo_tulip/soem/oshw/win32/wpcap/Include/pcap-bpf.h
[1.273s] -- Up-to-date: /home/shaxpy/colcon_ws_AMR/install/kelo_tulip/include/kelo_tulip/soem/oshw/win32/wpcap/Include/remote-ext.h
[1.273s] -- Up-to-date: /home/shaxpy/colcon_ws_AMR/install/kelo_tulip/include/kelo_tulip/soem/oshw/win32/wpcap/Include/ip6_misc.h
[1.273s] -- Up-to-date: /home/shaxpy/colcon_ws_AMR/install/kelo_tulip/include/kelo_tulip/soem/oshw/win32/wpcap/Include/Win32-Extensions.h
[1.273s] -- Up-to-date: /home/shaxpy/colcon_ws_AMR/install/kelo_tulip/include/kelo_tulip/soem/oshw/win32/wpcap/Include/pcap-stdinc.h
[1.273s] -- Up-to-date: /home/shaxpy/colcon_ws_AMR/install/kelo_tulip/include/kelo_tulip/soem/oshw/win32/wpcap/Include/pcap-namedb.h
[1.273s] -- Up-to-date: /home/shaxpy/colcon_ws_AMR/install/kelo_tulip/include/kelo_tulip/soem/oshw/win32/wpcap/Lib
[1.273s] -- Up-to-date: /home/shaxpy/colcon_ws_AMR/install/kelo_tulip/include/kelo_tulip/soem/oshw/win32/wpcap/Lib/libwpcap.a
[1.273s] -- Up-to-date: /home/shaxpy/colcon_ws_AMR/install/kelo_tulip/include/kelo_tulip/soem/oshw/win32/wpcap/Lib/x64
[1.273s] -- Up-to-date: /home/shaxpy/colcon_ws_AMR/install/kelo_tulip/include/kelo_tulip/soem/oshw/win32/wpcap/Lib/x64/wpcap.lib
[1.274s] -- Up-to-date: /home/shaxpy/colcon_ws_AMR/install/kelo_tulip/include/kelo_tulip/soem/oshw/win32/wpcap/Lib/x64/Packet.lib
[1.274s] -- Up-to-date: /home/shaxpy/colcon_ws_AMR/install/kelo_tulip/include/kelo_tulip/soem/oshw/win32/wpcap/Lib/wpcap.lib
[1.274s] -- Up-to-date: /home/shaxpy/colcon_ws_AMR/install/kelo_tulip/include/kelo_tulip/soem/oshw/win32/wpcap/Lib/Packet.lib
[1.274s] -- Up-to-date: /home/shaxpy/colcon_ws_AMR/install/kelo_tulip/include/kelo_tulip/soem/oshw/win32/wpcap/Lib/libpacket.a
[1.274s] -- Up-to-date: /home/shaxpy/colcon_ws_AMR/install/kelo_tulip/include/kelo_tulip/soem/oshw/win32/nicdrv.c
[1.274s] -- Up-to-date: /home/shaxpy/colcon_ws_AMR/install/kelo_tulip/include/kelo_tulip/soem/oshw/win32/oshw.h
[1.274s] -- Up-to-date: /home/shaxpy/colcon_ws_AMR/install/kelo_tulip/include/kelo_tulip/soem/oshw/win32/nicdrv.h
[1.274s] -- Up-to-date: /home/shaxpy/colcon_ws_AMR/install/kelo_tulip/include/kelo_tulip/soem/oshw/win32/oshw.c
[1.274s] -- Up-to-date: /home/shaxpy/colcon_ws_AMR/install/kelo_tulip/include/kelo_tulip/soem/oshw/rtk
[1.274s] -- Up-to-date: /home/shaxpy/colcon_ws_AMR/install/kelo_tulip/include/kelo_tulip/soem/oshw/rtk/fec
[1.275s] -- Up-to-date: /home/shaxpy/colcon_ws_AMR/install/kelo_tulip/include/kelo_tulip/soem/oshw/rtk/fec/fec_ecat.c
[1.275s] -- Up-to-date: /home/shaxpy/colcon_ws_AMR/install/kelo_tulip/include/kelo_tulip/soem/oshw/rtk/fec/fec_ecat.h
[1.275s] -- Up-to-date: /home/shaxpy/colcon_ws_AMR/install/kelo_tulip/include/kelo_tulip/soem/oshw/rtk/nicdrv.c
[1.275s] -- Up-to-date: /home/shaxpy/colcon_ws_AMR/install/kelo_tulip/include/kelo_tulip/soem/oshw/rtk/lw_mac
[1.275s] -- Up-to-date: /home/shaxpy/colcon_ws_AMR/install/kelo_tulip/include/kelo_tulip/soem/oshw/rtk/lw_mac/lw_emac.h
[1.275s] -- Up-to-date: /home/shaxpy/colcon_ws_AMR/install/kelo_tulip/include/kelo_tulip/soem/oshw/rtk/lw_mac/lw_emac.c
[1.275s] -- Up-to-date: /home/shaxpy/colcon_ws_AMR/install/kelo_tulip/include/kelo_tulip/soem/oshw/rtk/oshw.h
[1.275s] -- Up-to-date: /home/shaxpy/colcon_ws_AMR/install/kelo_tulip/include/kelo_tulip/soem/oshw/rtk/nicdrv.h
[1.275s] -- Up-to-date: /home/shaxpy/colcon_ws_AMR/install/kelo_tulip/include/kelo_tulip/soem/oshw/rtk/oshw.c
[1.276s] -- Up-to-date: /home/shaxpy/colcon_ws_AMR/install/kelo_tulip/include/kelo_tulip/soem/oshw/vxworks
[1.276s] -- Up-to-date: /home/shaxpy/colcon_ws_AMR/install/kelo_tulip/include/kelo_tulip/soem/oshw/vxworks/nicdrv.c
[1.276s] -- Up-to-date: /home/shaxpy/colcon_ws_AMR/install/kelo_tulip/include/kelo_tulip/soem/oshw/vxworks/oshw.h
[1.276s] -- Up-to-date: /home/shaxpy/colcon_ws_AMR/install/kelo_tulip/include/kelo_tulip/soem/oshw/vxworks/nicdrv.h
[1.276s] -- Up-to-date: /home/shaxpy/colcon_ws_AMR/install/kelo_tulip/include/kelo_tulip/soem/oshw/vxworks/oshw.c
[1.276s] -- Up-to-date: /home/shaxpy/colcon_ws_AMR/install/kelo_tulip/include/kelo_tulip/soem/ethercattype.h
[1.276s] -- Up-to-date: /home/shaxpy/colcon_ws_AMR/install/kelo_tulip/include/kelo_tulip/soem/ethercatbase.h
[1.276s] -- Up-to-date: /home/shaxpy/colcon_ws_AMR/install/kelo_tulip/include/kelo_tulip/soem/osal
[1.276s] -- Up-to-date: /home/shaxpy/colcon_ws_AMR/install/kelo_tulip/include/kelo_tulip/soem/osal/rtems
[1.276s] -- Up-to-date: /home/shaxpy/colcon_ws_AMR/install/kelo_tulip/include/kelo_tulip/soem/osal/rtems/osal_defs.h
[1.277s] -- Up-to-date: /home/shaxpy/colcon_ws_AMR/install/kelo_tulip/include/kelo_tulip/soem/osal/rtems/osal.c
[1.277s] -- Up-to-date: /home/shaxpy/colcon_ws_AMR/install/kelo_tulip/include/kelo_tulip/soem/osal/linux
[1.277s] -- Up-to-date: /home/shaxpy/colcon_ws_AMR/install/kelo_tulip/include/kelo_tulip/soem/osal/linux/osal_defs.h
[1.277s] -- Up-to-date: /home/shaxpy/colcon_ws_AMR/install/kelo_tulip/include/kelo_tulip/soem/osal/linux/osal.c
[1.277s] -- Up-to-date: /home/shaxpy/colcon_ws_AMR/install/kelo_tulip/include/kelo_tulip/soem/osal/intime
[1.277s] -- Up-to-date: /home/shaxpy/colcon_ws_AMR/install/kelo_tulip/include/kelo_tulip/soem/osal/intime/osal_defs.h
[1.277s] -- Up-to-date: /home/shaxpy/colcon_ws_AMR/install/kelo_tulip/include/kelo_tulip/soem/osal/intime/osal.c
[1.277s] -- Up-to-date: /home/shaxpy/colcon_ws_AMR/install/kelo_tulip/include/kelo_tulip/soem/osal/win32
[1.277s] -- Up-to-date: /home/shaxpy/colcon_ws_AMR/install/kelo_tulip/include/kelo_tulip/soem/osal/win32/inttypes.h
[1.277s] -- Up-to-date: /home/shaxpy/colcon_ws_AMR/install/kelo_tulip/include/kelo_tulip/soem/osal/win32/osal_win32.h
[1.278s] -- Up-to-date: /home/shaxpy/colcon_ws_AMR/install/kelo_tulip/include/kelo_tulip/soem/osal/win32/stdint.h
[1.278s] -- Up-to-date: /home/shaxpy/colcon_ws_AMR/install/kelo_tulip/include/kelo_tulip/soem/osal/win32/osal_defs.h
[1.278s] -- Up-to-date: /home/shaxpy/colcon_ws_AMR/install/kelo_tulip/include/kelo_tulip/soem/osal/win32/osal.c
[1.278s] -- Up-to-date: /home/shaxpy/colcon_ws_AMR/install/kelo_tulip/include/kelo_tulip/soem/osal/rtk
[1.278s] -- Up-to-date: /home/shaxpy/colcon_ws_AMR/install/kelo_tulip/include/kelo_tulip/soem/osal/rtk/osal_defs.h
[1.278s] -- Up-to-date: /home/shaxpy/colcon_ws_AMR/install/kelo_tulip/include/kelo_tulip/soem/osal/rtk/osal.c
[1.278s] -- Up-to-date: /home/shaxpy/colcon_ws_AMR/install/kelo_tulip/include/kelo_tulip/soem/osal/vxworks
[1.278s] -- Up-to-date: /home/shaxpy/colcon_ws_AMR/install/kelo_tulip/include/kelo_tulip/soem/osal/vxworks/osal_defs.h
[1.278s] -- Up-to-date: /home/shaxpy/colcon_ws_AMR/install/kelo_tulip/include/kelo_tulip/soem/osal/vxworks/osal.c
[1.278s] -- Up-to-date: /home/shaxpy/colcon_ws_AMR/install/kelo_tulip/include/kelo_tulip/soem/osal/osal.h
[1.278s] -- Up-to-date: /home/shaxpy/colcon_ws_AMR/install/kelo_tulip/include/kelo_tulip/soem/ethercatprint.h
[1.279s] -- Up-to-date: /home/shaxpy/colcon_ws_AMR/install/kelo_tulip/include/kelo_tulip/soem/ethercatfoe.h
[1.279s] -- Up-to-date: /home/shaxpy/colcon_ws_AMR/install/kelo_tulip/include/kelo_tulip
[1.279s] -- Up-to-date: /home/shaxpy/colcon_ws_AMR/install/kelo_tulip/include/kelo_tulip/EtherCATModule.h
[1.279s] -- Up-to-date: /home/shaxpy/colcon_ws_AMR/install/kelo_tulip/include/kelo_tulip/modules
[1.279s] -- Up-to-date: /home/shaxpy/colcon_ws_AMR/install/kelo_tulip/include/kelo_tulip/modules/RobileMasterBattery.h
[1.279s] -- Up-to-date: /home/shaxpy/colcon_ws_AMR/install/kelo_tulip/include/kelo_tulip/KeloDriveAPI.h
[1.279s] -- Up-to-date: /home/shaxpy/colcon_ws_AMR/install/kelo_tulip/include/kelo_tulip/VelocityPlatformController.h
[1.279s] -- Up-to-date: /home/shaxpy/colcon_ws_AMR/install/kelo_tulip/include/kelo_tulip/Utils.h
[1.279s] -- Up-to-date: /home/shaxpy/colcon_ws_AMR/install/kelo_tulip/include/kelo_tulip/WheelConfig.h
[1.280s] -- Up-to-date: /home/shaxpy/colcon_ws_AMR/install/kelo_tulip/include/kelo_tulip/Structs.h
[1.280s] -- Up-to-date: /home/shaxpy/colcon_ws_AMR/install/kelo_tulip/include/kelo_tulip/PlatformDriver.h
[1.280s] -- Up-to-date: /home/shaxpy/colcon_ws_AMR/install/kelo_tulip/include/kelo_tulip/soem
[1.280s] -- Up-to-date: /home/shaxpy/colcon_ws_AMR/install/kelo_tulip/include/kelo_tulip/soem/ethercatdc.h
[1.280s] -- Up-to-date: /home/shaxpy/colcon_ws_AMR/install/kelo_tulip/include/kelo_tulip/soem/ethercatsoe.h
[1.280s] -- Up-to-date: /home/shaxpy/colcon_ws_AMR/install/kelo_tulip/include/kelo_tulip/soem/ethercateoe.h
[1.280s] -- Up-to-date: /home/shaxpy/colcon_ws_AMR/install/kelo_tulip/include/kelo_tulip/soem/ethercatconfiglist.h
[1.280s] -- Up-to-date: /home/shaxpy/colcon_ws_AMR/install/kelo_tulip/include/kelo_tulip/soem/ethercatmain.h
[1.280s] -- Up-to-date: /home/shaxpy/colcon_ws_AMR/install/kelo_tulip/include/kelo_tulip/soem/ethercatcoe.h
[1.280s] -- Up-to-date: /home/shaxpy/colcon_ws_AMR/install/kelo_tulip/include/kelo_tulip/soem/ethercat.h
[1.281s] -- Up-to-date: /home/shaxpy/colcon_ws_AMR/install/kelo_tulip/include/kelo_tulip/soem/ethercatconfig.h
[1.281s] -- Up-to-date: /home/shaxpy/colcon_ws_AMR/install/kelo_tulip/include/kelo_tulip/soem/oshw
[1.281s] -- Up-to-date: /home/shaxpy/colcon_ws_AMR/install/kelo_tulip/include/kelo_tulip/soem/oshw/rtems
[1.281s] -- Up-to-date: /home/shaxpy/colcon_ws_AMR/install/kelo_tulip/include/kelo_tulip/soem/oshw/rtems/nicdrv.c
[1.281s] -- Up-to-date: /home/shaxpy/colcon_ws_AMR/install/kelo_tulip/include/kelo_tulip/soem/oshw/rtems/oshw.h
[1.281s] -- Up-to-date: /home/shaxpy/colcon_ws_AMR/install/kelo_tulip/include/kelo_tulip/soem/oshw/rtems/nicdrv.h
[1.281s] -- Up-to-date: /home/shaxpy/colcon_ws_AMR/install/kelo_tulip/include/kelo_tulip/soem/oshw/rtems/oshw.c
[1.281s] -- Up-to-date: /home/shaxpy/colcon_ws_AMR/install/kelo_tulip/include/kelo_tulip/soem/oshw/linux
[1.281s] -- Up-to-date: /home/shaxpy/colcon_ws_AMR/install/kelo_tulip/include/kelo_tulip/soem/oshw/linux/nicdrv.c
[1.281s] -- Up-to-date: /home/shaxpy/colcon_ws_AMR/install/kelo_tulip/include/kelo_tulip/soem/oshw/linux/oshw.h
[1.282s] -- Up-to-date: /home/shaxpy/colcon_ws_AMR/install/kelo_tulip/include/kelo_tulip/soem/oshw/linux/nicdrv.h
[1.282s] -- Up-to-date: /home/shaxpy/colcon_ws_AMR/install/kelo_tulip/include/kelo_tulip/soem/oshw/linux/oshw.c
[1.282s] -- Up-to-date: /home/shaxpy/colcon_ws_AMR/install/kelo_tulip/include/kelo_tulip/soem/oshw/intime
[1.282s] -- Up-to-date: /home/shaxpy/colcon_ws_AMR/install/kelo_tulip/include/kelo_tulip/soem/oshw/intime/nicdrv.c
[1.282s] -- Up-to-date: /home/shaxpy/colcon_ws_AMR/install/kelo_tulip/include/kelo_tulip/soem/oshw/intime/oshw.h
[1.282s] -- Up-to-date: /home/shaxpy/colcon_ws_AMR/install/kelo_tulip/include/kelo_tulip/soem/oshw/intime/nicdrv.h
[1.282s] -- Up-to-date: /home/shaxpy/colcon_ws_AMR/install/kelo_tulip/include/kelo_tulip/soem/oshw/intime/oshw.c
[1.282s] -- Up-to-date: /home/shaxpy/colcon_ws_AMR/install/kelo_tulip/include/kelo_tulip/soem/oshw/win32
[1.282s] -- Up-to-date: /home/shaxpy/colcon_ws_AMR/install/kelo_tulip/include/kelo_tulip/soem/oshw/win32/wpcap
[1.282s] -- Up-to-date: /home/shaxpy/colcon_ws_AMR/install/kelo_tulip/include/kelo_tulip/soem/oshw/win32/wpcap/Include
[1.283s] -- Up-to-date: /home/shaxpy/colcon_ws_AMR/install/kelo_tulip/include/kelo_tulip/soem/oshw/win32/wpcap/Include/pcap.h
[1.283s] -- Up-to-date: /home/shaxpy/colcon_ws_AMR/install/kelo_tulip/include/kelo_tulip/soem/oshw/win32/wpcap/Include/bittypes.h
[1.283s] -- Up-to-date: /home/shaxpy/colcon_ws_AMR/install/kelo_tulip/include/kelo_tulip/soem/oshw/win32/wpcap/Include/pcap
[1.283s] -- Up-to-date: /home/shaxpy/colcon_ws_AMR/install/kelo_tulip/include/kelo_tulip/soem/oshw/win32/wpcap/Include/pcap/pcap.h
[1.283s] -- Up-to-date: /home/shaxpy/colcon_ws_AMR/install/kelo_tulip/include/kelo_tulip/soem/oshw/win32/wpcap/Include/pcap/namedb.h
[1.283s] -- Up-to-date: /home/shaxpy/colcon_ws_AMR/install/kelo_tulip/include/kelo_tulip/soem/oshw/win32/wpcap/Include/pcap/sll.h
[1.283s] -- Up-to-date: /home/shaxpy/colcon_ws_AMR/install/kelo_tulip/include/kelo_tulip/soem/oshw/win32/wpcap/Include/pcap/usb.h
[1.284s] -- Up-to-date: /home/shaxpy/colcon_ws_AMR/install/kelo_tulip/include/kelo_tulip/soem/oshw/win32/wpcap/Include/pcap/vlan.h
[1.284s] -- Up-to-date: /home/shaxpy/colcon_ws_AMR/install/kelo_tulip/include/kelo_tulip/soem/oshw/win32/wpcap/Include/pcap/bpf.h
[1.284s] -- Up-to-date: /home/shaxpy/colcon_ws_AMR/install/kelo_tulip/include/kelo_tulip/soem/oshw/win32/wpcap/Include/pcap/bluetooth.h
[1.284s] -- Up-to-date: /home/shaxpy/colcon_ws_AMR/install/kelo_tulip/include/kelo_tulip/soem/oshw/win32/wpcap/Include/Packet32.h
[1.284s] -- Up-to-date: /home/shaxpy/colcon_ws_AMR/install/kelo_tulip/include/kelo_tulip/soem/oshw/win32/wpcap/Include/pcap-bpf.h
[1.284s] -- Up-to-date: /home/shaxpy/colcon_ws_AMR/install/kelo_tulip/include/kelo_tulip/soem/oshw/win32/wpcap/Include/remote-ext.h
[1.284s] -- Up-to-date: /home/shaxpy/colcon_ws_AMR/install/kelo_tulip/include/kelo_tulip/soem/oshw/win32/wpcap/Include/ip6_misc.h
[1.284s] -- Up-to-date: /home/shaxpy/colcon_ws_AMR/install/kelo_tulip/include/kelo_tulip/soem/oshw/win32/wpcap/Include/Win32-Extensions.h
[1.284s] -- Up-to-date: /home/shaxpy/colcon_ws_AMR/install/kelo_tulip/include/kelo_tulip/soem/oshw/win32/wpcap/Include/pcap-stdinc.h
[1.284s] -- Up-to-date: /home/shaxpy/colcon_ws_AMR/install/kelo_tulip/include/kelo_tulip/soem/oshw/win32/wpcap/Include/pcap-namedb.h
[1.285s] -- Up-to-date: /home/shaxpy/colcon_ws_AMR/install/kelo_tulip/include/kelo_tulip/soem/oshw/win32/wpcap/Lib
[1.285s] -- Up-to-date: /home/shaxpy/colcon_ws_AMR/install/kelo_tulip/include/kelo_tulip/soem/oshw/win32/wpcap/Lib/libwpcap.a
[1.285s] -- Up-to-date: /home/shaxpy/colcon_ws_AMR/install/kelo_tulip/include/kelo_tulip/soem/oshw/win32/wpcap/Lib/x64
[1.285s] -- Up-to-date: /home/shaxpy/colcon_ws_AMR/install/kelo_tulip/include/kelo_tulip/soem/oshw/win32/wpcap/Lib/x64/wpcap.lib
[1.285s] -- Up-to-date: /home/shaxpy/colcon_ws_AMR/install/kelo_tulip/include/kelo_tulip/soem/oshw/win32/wpcap/Lib/x64/Packet.lib
[1.285s] -- Up-to-date: /home/shaxpy/colcon_ws_AMR/install/kelo_tulip/include/kelo_tulip/soem/oshw/win32/wpcap/Lib/wpcap.lib
[1.285s] -- Up-to-date: /home/shaxpy/colcon_ws_AMR/install/kelo_tulip/include/kelo_tulip/soem/oshw/win32/wpcap/Lib/Packet.lib
[1.285s] -- Up-to-date: /home/shaxpy/colcon_ws_AMR/install/kelo_tulip/include/kelo_tulip/soem/oshw/win32/wpcap/Lib/libpacket.a
[1.285s] -- Up-to-date: /home/shaxpy/colcon_ws_AMR/install/kelo_tulip/include/kelo_tulip/soem/oshw/win32/nicdrv.c
[1.285s] -- Up-to-date: /home/shaxpy/colcon_ws_AMR/install/kelo_tulip/include/kelo_tulip/soem/oshw/win32/oshw.h
[1.286s] -- Up-to-date: /home/shaxpy/colcon_ws_AMR/install/kelo_tulip/include/kelo_tulip/soem/oshw/win32/nicdrv.h
[1.286s] -- Up-to-date: /home/shaxpy/colcon_ws_AMR/install/kelo_tulip/include/kelo_tulip/soem/oshw/win32/oshw.c
[1.286s] -- Up-to-date: /home/shaxpy/colcon_ws_AMR/install/kelo_tulip/include/kelo_tulip/soem/oshw/rtk
[1.286s] -- Up-to-date: /home/shaxpy/colcon_ws_AMR/install/kelo_tulip/include/kelo_tulip/soem/oshw/rtk/fec
[1.286s] -- Up-to-date: /home/shaxpy/colcon_ws_AMR/install/kelo_tulip/include/kelo_tulip/soem/oshw/rtk/fec/fec_ecat.c
[1.286s] -- Up-to-date: /home/shaxpy/colcon_ws_AMR/install/kelo_tulip/include/kelo_tulip/soem/oshw/rtk/fec/fec_ecat.h
[1.286s] -- Up-to-date: /home/shaxpy/colcon_ws_AMR/install/kelo_tulip/include/kelo_tulip/soem/oshw/rtk/nicdrv.c
[1.286s] -- Up-to-date: /home/shaxpy/colcon_ws_AMR/install/kelo_tulip/include/kelo_tulip/soem/oshw/rtk/lw_mac
[1.286s] -- Up-to-date: /home/shaxpy/colcon_ws_AMR/install/kelo_tulip/include/kelo_tulip/soem/oshw/rtk/lw_mac/lw_emac.h
[1.286s] -- Up-to-date: /home/shaxpy/colcon_ws_AMR/install/kelo_tulip/include/kelo_tulip/soem/oshw/rtk/lw_mac/lw_emac.c
[1.287s] -- Up-to-date: /home/shaxpy/colcon_ws_AMR/install/kelo_tulip/include/kelo_tulip/soem/oshw/rtk/oshw.h
[1.287s] -- Up-to-date: /home/shaxpy/colcon_ws_AMR/install/kelo_tulip/include/kelo_tulip/soem/oshw/rtk/nicdrv.h
[1.287s] -- Up-to-date: /home/shaxpy/colcon_ws_AMR/install/kelo_tulip/include/kelo_tulip/soem/oshw/rtk/oshw.c
[1.287s] -- Up-to-date: /home/shaxpy/colcon_ws_AMR/install/kelo_tulip/include/kelo_tulip/soem/oshw/vxworks
[1.287s] -- Up-to-date: /home/shaxpy/colcon_ws_AMR/install/kelo_tulip/include/kelo_tulip/soem/oshw/vxworks/nicdrv.c
[1.287s] -- Up-to-date: /home/shaxpy/colcon_ws_AMR/install/kelo_tulip/include/kelo_tulip/soem/oshw/vxworks/oshw.h
[1.287s] -- Up-to-date: /home/shaxpy/colcon_ws_AMR/install/kelo_tulip/include/kelo_tulip/soem/oshw/vxworks/nicdrv.h
[1.287s] -- Up-to-date: /home/shaxpy/colcon_ws_AMR/install/kelo_tulip/include/kelo_tulip/soem/oshw/vxworks/oshw.c
[1.287s] -- Up-to-date: /home/shaxpy/colcon_ws_AMR/install/kelo_tulip/include/kelo_tulip/soem/ethercattype.h
[1.287s] -- Up-to-date: /home/shaxpy/colcon_ws_AMR/install/kelo_tulip/include/kelo_tulip/soem/ethercatbase.h
[1.288s] -- Up-to-date: /home/shaxpy/colcon_ws_AMR/install/kelo_tulip/include/kelo_tulip/soem/osal
[1.288s] -- Up-to-date: /home/shaxpy/colcon_ws_AMR/install/kelo_tulip/include/kelo_tulip/soem/osal/rtems
[1.288s] -- Up-to-date: /home/shaxpy/colcon_ws_AMR/install/kelo_tulip/include/kelo_tulip/soem/osal/rtems/osal_defs.h
[1.289s] -- Up-to-date: /home/shaxpy/colcon_ws_AMR/install/kelo_tulip/include/kelo_tulip/soem/osal/rtems/osal.c
[1.289s] -- Up-to-date: /home/shaxpy/colcon_ws_AMR/install/kelo_tulip/include/kelo_tulip/soem/osal/linux
[1.289s] -- Up-to-date: /home/shaxpy/colcon_ws_AMR/install/kelo_tulip/include/kelo_tulip/soem/osal/linux/osal_defs.h
[1.289s] -- Up-to-date: /home/shaxpy/colcon_ws_AMR/install/kelo_tulip/include/kelo_tulip/soem/osal/linux/osal.c
[1.289s] -- Up-to-date: /home/shaxpy/colcon_ws_AMR/install/kelo_tulip/include/kelo_tulip/soem/osal/intime
[1.290s] -- Up-to-date: /home/shaxpy/colcon_ws_AMR/install/kelo_tulip/include/kelo_tulip/soem/osal/intime/osal_defs.h
[1.290s] -- Up-to-date: /home/shaxpy/colcon_ws_AMR/install/kelo_tulip/include/kelo_tulip/soem/osal/intime/osal.c
[1.290s] -- Up-to-date: /home/shaxpy/colcon_ws_AMR/install/kelo_tulip/include/kelo_tulip/soem/osal/win32
[1.290s] -- Up-to-date: /home/shaxpy/colcon_ws_AMR/install/kelo_tulip/include/kelo_tulip/soem/osal/win32/inttypes.h
[1.290s] -- Up-to-date: /home/shaxpy/colcon_ws_AMR/install/kelo_tulip/include/kelo_tulip/soem/osal/win32/osal_win32.h
[1.290s] -- Up-to-date: /home/shaxpy/colcon_ws_AMR/install/kelo_tulip/include/kelo_tulip/soem/osal/win32/stdint.h
[1.290s] -- Up-to-date: /home/shaxpy/colcon_ws_AMR/install/kelo_tulip/include/kelo_tulip/soem/osal/win32/osal_defs.h
[1.290s] -- Up-to-date: /home/shaxpy/colcon_ws_AMR/install/kelo_tulip/include/kelo_tulip/soem/osal/win32/osal.c
[1.290s] -- Up-to-date: /home/shaxpy/colcon_ws_AMR/install/kelo_tulip/include/kelo_tulip/soem/osal/rtk
[1.290s] -- Up-to-date: /home/shaxpy/colcon_ws_AMR/install/kelo_tulip/include/kelo_tulip/soem/osal/rtk/osal_defs.h
[1.291s] -- Up-to-date: /home/shaxpy/colcon_ws_AMR/install/kelo_tulip/include/kelo_tulip/soem/osal/rtk/osal.c
[1.291s] -- Up-to-date: /home/shaxpy/colcon_ws_AMR/install/kelo_tulip/include/kelo_tulip/soem/osal/vxworks
[1.291s] -- Up-to-date: /home/shaxpy/colcon_ws_AMR/install/kelo_tulip/include/kelo_tulip/soem/osal/vxworks/osal_defs.h
[1.291s] -- Up-to-date: /home/shaxpy/colcon_ws_AMR/install/kelo_tulip/include/kelo_tulip/soem/osal/vxworks/osal.c
[1.291s] -- Up-to-date: /home/shaxpy/colcon_ws_AMR/install/kelo_tulip/include/kelo_tulip/soem/osal/osal.h
[1.291s] -- Up-to-date: /home/shaxpy/colcon_ws_AMR/install/kelo_tulip/include/kelo_tulip/soem/ethercatprint.h
[1.291s] -- Up-to-date: /home/shaxpy/colcon_ws_AMR/install/kelo_tulip/include/kelo_tulip/soem/ethercatfoe.h
[1.291s] -- Up-to-date: /home/shaxpy/colcon_ws_AMR/install/kelo_tulip/share/kelo_tulip/launch
[1.291s] -- Up-to-date: /home/shaxpy/colcon_ws_AMR/install/kelo_tulip/share/kelo_tulip/launch/example.joypad.launch.py
[1.291s] -- Up-to-date: /home/shaxpy/colcon_ws_AMR/install/kelo_tulip/share/kelo_tulip/launch/example.launch.py
[1.292s] -- Up-to-date: /home/shaxpy/colcon_ws_AMR/install/kelo_tulip/share/kelo_tulip/config
[1.292s] -- Up-to-date: /home/shaxpy/colcon_ws_AMR/install/kelo_tulip/share/kelo_tulip/config/robile1.yaml
[1.292s] -- Up-to-date: /home/shaxpy/colcon_ws_AMR/install/kelo_tulip/share/kelo_tulip/config/robile3.yaml
[1.292s] -- Up-to-date: /home/shaxpy/colcon_ws_AMR/install/kelo_tulip/share/kelo_tulip/config/example.yaml
[1.292s] -- Up-to-date: /home/shaxpy/colcon_ws_AMR/install/kelo_tulip/share/kelo_tulip/config/robile2.yaml
[1.292s] -- Up-to-date: /home/shaxpy/colcon_ws_AMR/install/kelo_tulip/share/kelo_tulip/config/robile4.yaml
[1.292s] -- Up-to-date: /home/shaxpy/colcon_ws_AMR/install/kelo_tulip/share/ament_index/resource_index/package_run_dependencies/kelo_tulip
[1.292s] -- Up-to-date: /home/shaxpy/colcon_ws_AMR/install/kelo_tulip/share/ament_index/resource_index/parent_prefix_path/kelo_tulip
[1.292s] -- Up-to-date: /home/shaxpy/colcon_ws_AMR/install/kelo_tulip/share/kelo_tulip/environment/ament_prefix_path.sh
[1.292s] -- Up-to-date: /home/shaxpy/colcon_ws_AMR/install/kelo_tulip/share/kelo_tulip/environment/ament_prefix_path.dsv
[1.292s] -- Up-to-date: /home/shaxpy/colcon_ws_AMR/install/kelo_tulip/share/kelo_tulip/environment/path.sh
[1.293s] -- Up-to-date: /home/shaxpy/colcon_ws_AMR/install/kelo_tulip/share/kelo_tulip/environment/path.dsv
[1.293s] -- Up-to-date: /home/shaxpy/colcon_ws_AMR/install/kelo_tulip/share/kelo_tulip/local_setup.bash
[1.293s] -- Up-to-date: /home/shaxpy/colcon_ws_AMR/install/kelo_tulip/share/kelo_tulip/local_setup.sh
[1.293s] -- Up-to-date: /home/shaxpy/colcon_ws_AMR/install/kelo_tulip/share/kelo_tulip/local_setup.zsh
[1.293s] -- Up-to-date: /home/shaxpy/colcon_ws_AMR/install/kelo_tulip/share/kelo_tulip/local_setup.dsv
[1.293s] -- Installing: /home/shaxpy/colcon_ws_AMR/install/kelo_tulip/share/kelo_tulip/package.dsv
[1.293s] -- Up-to-date: /home/shaxpy/colcon_ws_AMR/install/kelo_tulip/share/ament_index/resource_index/packages/kelo_tulip
[1.293s] -- Up-to-date: /home/shaxpy/colcon_ws_AMR/install/kelo_tulip/share/kelo_tulip/cmake/kelo_tulipConfig.cmake
[1.293s] -- Up-to-date: /home/shaxpy/colcon_ws_AMR/install/kelo_tulip/share/kelo_tulip/cmake/kelo_tulipConfig-version.cmake
[1.293s] -- Up-to-date: /home/shaxpy/colcon_ws_AMR/install/kelo_tulip/share/kelo_tulip/package.xml
[1.294s] -- Up-to-date: /home/shaxpy/colcon_ws_AMR/install/kelo_tulip/lib/libsoem.a
[1.328s] Invoked command in '/home/shaxpy/colcon_ws_AMR/build/kelo_tulip' returned '0': CMAKE_PREFIX_PATH=${CMAKE_PREFIX_PATH}:/home/shaxpy/colcon_ws_AMR/install/robile_reach_goal:/home/shaxpy/colcon_ws_AMR/install/robile_new:/home/shaxpy/colcon_ws_AMR/install/robile_control_square:/home/shaxpy/colcon_ws_AMR/install/robile_control_simple:/home/shaxpy/colcon_ws_AMR/install/py_trees_ros:/opt/ros/rolling /usr/bin/cmake --install /home/shaxpy/colcon_ws_AMR/build/kelo_tulip
