[0.272s] DEBUG:colcon:Command line arguments: ['/usr/bin/colcon', 'build']
[0.272s] DEBUG:colcon:Parsed command line arguments: Namespace(allow_overriding=[], ament_cmake_args=None, base_paths=['.'], build_base='build', catkin_cmake_args=None, catkin_skip_building_tests=False, cmake_args=None, cmake_clean_cache=False, cmake_clean_first=False, cmake_force_configure=False, cmake_target=None, cmake_target_skip_unavailable=False, continue_on_error=False, event_handlers=None, executor='parallel', ignore_user_meta=False, install_base='install', log_base=None, log_level=None, main=<bound method BuildVerb.main of <colcon_core.verb.build.BuildVerb object at 0x7fe1ce4b1550>>, merge_install=False, metas=['./colcon.meta'], packages_above=None, packages_above_and_dependencies=None, packages_above_depth=None, packages_end=None, packages_ignore=None, packages_ignore_regex=None, packages_select=None, packages_select_build_failed=False, packages_select_by_dep=None, packages_select_regex=None, packages_select_test_failures=False, packages_skip=None, packages_skip_build_finished=False, packages_skip_by_dep=None, packages_skip_regex=None, packages_skip_test_passed=False, packages_skip_up_to=None, packages_start=None, packages_up_to=None, packages_up_to_regex=None, parallel_workers=12, paths=None, symlink_install=False, test_result_base=None, verb_extension=<colcon_core.verb.build.BuildVerb object at 0x7fe1ce4b1550>, verb_name='build', verb_parser=<colcon_defaults.argument_parser.defaults.DefaultArgumentsDecorator object at 0x7fe1ce4b1a90>)
[0.298s] Level 1:colcon.colcon_core.package_discovery:discover_packages(colcon_meta) check parameters
[0.298s] Level 1:colcon.colcon_core.package_discovery:discover_packages(recursive) check parameters
[0.298s] Level 1:colcon.colcon_core.package_discovery:discover_packages(ignore) check parameters
[0.298s] Level 1:colcon.colcon_core.package_discovery:discover_packages(path) check parameters
[0.298s] Level 1:colcon.colcon_core.package_discovery:discover_packages(colcon_meta) discover
[0.298s] Level 1:colcon.colcon_core.package_discovery:discover_packages(recursive) discover
[0.299s] INFO:colcon.colcon_core.package_discovery:Crawling recursively for packages in '/home/shaxpy/colcon_ws_AMR'
[0.299s] Level 1:colcon.colcon_core.package_identification:_identify(.) by extensions ['ignore', 'ignore_ament_install']
[0.299s] Level 1:colcon.colcon_core.package_identification:_identify(.) by extension 'ignore'
[0.299s] Level 1:colcon.colcon_core.package_identification:_identify(.) by extension 'ignore_ament_install'
[0.299s] Level 1:colcon.colcon_core.package_identification:_identify(.) by extensions ['colcon_pkg']
[0.299s] Level 1:colcon.colcon_core.package_identification:_identify(.) by extension 'colcon_pkg'
[0.299s] Level 1:colcon.colcon_core.package_identification:_identify(.) by extensions ['colcon_meta']
[0.299s] Level 1:colcon.colcon_core.package_identification:_identify(.) by extension 'colcon_meta'
[0.299s] Level 1:colcon.colcon_core.package_identification:_identify(.) by extensions ['ros']
[0.299s] Level 1:colcon.colcon_core.package_identification:_identify(.) by extension 'ros'
[0.306s] Level 1:colcon.colcon_core.package_identification:_identify(.) by extensions ['cmake', 'python']
[0.307s] Level 1:colcon.colcon_core.package_identification:_identify(.) by extension 'cmake'
[0.307s] Level 1:colcon.colcon_core.package_identification:_identify(.) by extension 'python'
[0.307s] Level 1:colcon.colcon_core.package_identification:_identify(.) by extensions ['python_setup_py']
[0.307s] Level 1:colcon.colcon_core.package_identification:_identify(.) by extension 'python_setup_py'
[0.307s] Level 1:colcon.colcon_core.package_identification:_identify(build) by extensions ['ignore', 'ignore_ament_install']
[0.307s] Level 1:colcon.colcon_core.package_identification:_identify(build) by extension 'ignore'
[0.307s] Level 1:colcon.colcon_core.package_identification:_identify(build) ignored
[0.307s] Level 1:colcon.colcon_core.package_identification:_identify(install) by extensions ['ignore', 'ignore_ament_install']
[0.307s] Level 1:colcon.colcon_core.package_identification:_identify(install) by extension 'ignore'
[0.307s] Level 1:colcon.colcon_core.package_identification:_identify(install) ignored
[0.307s] Level 1:colcon.colcon_core.package_identification:_identify(log) by extensions ['ignore', 'ignore_ament_install']
[0.307s] Level 1:colcon.colcon_core.package_identification:_identify(log) by extension 'ignore'
[0.307s] Level 1:colcon.colcon_core.package_identification:_identify(log) ignored
[0.307s] Level 1:colcon.colcon_core.package_identification:_identify(src) by extensions ['ignore', 'ignore_ament_install']
[0.307s] Level 1:colcon.colcon_core.package_identification:_identify(src) by extension 'ignore'
[0.307s] Level 1:colcon.colcon_core.package_identification:_identify(src) by extension 'ignore_ament_install'
[0.307s] Level 1:colcon.colcon_core.package_identification:_identify(src) by extensions ['colcon_pkg']
[0.307s] Level 1:colcon.colcon_core.package_identification:_identify(src) by extension 'colcon_pkg'
[0.307s] Level 1:colcon.colcon_core.package_identification:_identify(src) by extensions ['colcon_meta']
[0.307s] Level 1:colcon.colcon_core.package_identification:_identify(src) by extension 'colcon_meta'
[0.307s] Level 1:colcon.colcon_core.package_identification:_identify(src) by extensions ['ros']
[0.308s] Level 1:colcon.colcon_core.package_identification:_identify(src) by extension 'ros'
[0.308s] Level 1:colcon.colcon_core.package_identification:_identify(src) by extensions ['cmake', 'python']
[0.308s] Level 1:colcon.colcon_core.package_identification:_identify(src) by extension 'cmake'
[0.308s] Level 1:colcon.colcon_core.package_identification:_identify(src) by extension 'python'
[0.308s] Level 1:colcon.colcon_core.package_identification:_identify(src) by extensions ['python_setup_py']
[0.308s] Level 1:colcon.colcon_core.package_identification:_identify(src) by extension 'python_setup_py'
[0.308s] Level 1:colcon.colcon_core.package_identification:_identify(src/Robile) by extensions ['ignore', 'ignore_ament_install']
[0.308s] Level 1:colcon.colcon_core.package_identification:_identify(src/Robile) by extension 'ignore'
[0.308s] Level 1:colcon.colcon_core.package_identification:_identify(src/Robile) by extension 'ignore_ament_install'
[0.308s] Level 1:colcon.colcon_core.package_identification:_identify(src/Robile) by extensions ['colcon_pkg']
[0.308s] Level 1:colcon.colcon_core.package_identification:_identify(src/Robile) by extension 'colcon_pkg'
[0.308s] Level 1:colcon.colcon_core.package_identification:_identify(src/Robile) by extensions ['colcon_meta']
[0.308s] Level 1:colcon.colcon_core.package_identification:_identify(src/Robile) by extension 'colcon_meta'
[0.308s] Level 1:colcon.colcon_core.package_identification:_identify(src/Robile) by extensions ['ros']
[0.308s] Level 1:colcon.colcon_core.package_identification:_identify(src/Robile) by extension 'ros'
[0.308s] Level 1:colcon.colcon_core.package_identification:_identify(src/Robile) by extensions ['cmake', 'python']
[0.308s] Level 1:colcon.colcon_core.package_identification:_identify(src/Robile) by extension 'cmake'
[0.308s] Level 1:colcon.colcon_core.package_identification:_identify(src/Robile) by extension 'python'
[0.308s] Level 1:colcon.colcon_core.package_identification:_identify(src/Robile) by extensions ['python_setup_py']
[0.308s] Level 1:colcon.colcon_core.package_identification:_identify(src/Robile) by extension 'python_setup_py'
[0.308s] Level 1:colcon.colcon_core.package_identification:_identify(src/Robile/docs) by extensions ['ignore', 'ignore_ament_install']
[0.308s] Level 1:colcon.colcon_core.package_identification:_identify(src/Robile/docs) by extension 'ignore'
[0.308s] Level 1:colcon.colcon_core.package_identification:_identify(src/Robile/docs) ignored
[0.308s] Level 1:colcon.colcon_core.package_identification:_identify(src/Robile/robile_demos) by extensions ['ignore', 'ignore_ament_install']
[0.308s] Level 1:colcon.colcon_core.package_identification:_identify(src/Robile/robile_demos) by extension 'ignore'
[0.309s] Level 1:colcon.colcon_core.package_identification:_identify(src/Robile/robile_demos) by extension 'ignore_ament_install'
[0.309s] Level 1:colcon.colcon_core.package_identification:_identify(src/Robile/robile_demos) by extensions ['colcon_pkg']
[0.309s] Level 1:colcon.colcon_core.package_identification:_identify(src/Robile/robile_demos) by extension 'colcon_pkg'
[0.309s] Level 1:colcon.colcon_core.package_identification:_identify(src/Robile/robile_demos) by extensions ['colcon_meta']
[0.309s] Level 1:colcon.colcon_core.package_identification:_identify(src/Robile/robile_demos) by extension 'colcon_meta'
[0.309s] Level 1:colcon.colcon_core.package_identification:_identify(src/Robile/robile_demos) by extensions ['ros']
[0.309s] Level 1:colcon.colcon_core.package_identification:_identify(src/Robile/robile_demos) by extension 'ros'
[0.309s] Level 1:colcon.colcon_core.package_identification:_identify(src/Robile/robile_demos) by extensions ['cmake', 'python']
[0.309s] Level 1:colcon.colcon_core.package_identification:_identify(src/Robile/robile_demos) by extension 'cmake'
[0.309s] Level 1:colcon.colcon_core.package_identification:_identify(src/Robile/robile_demos) by extension 'python'
[0.309s] Level 1:colcon.colcon_core.package_identification:_identify(src/Robile/robile_demos) by extensions ['python_setup_py']
[0.309s] Level 1:colcon.colcon_core.package_identification:_identify(src/Robile/robile_demos) by extension 'python_setup_py'
[0.309s] Level 1:colcon.colcon_core.package_identification:_identify(src/Robile/robile_demos/robile_control_simple) by extensions ['ignore', 'ignore_ament_install']
[0.309s] Level 1:colcon.colcon_core.package_identification:_identify(src/Robile/robile_demos/robile_control_simple) by extension 'ignore'
[0.309s] Level 1:colcon.colcon_core.package_identification:_identify(src/Robile/robile_demos/robile_control_simple) by extension 'ignore_ament_install'
[0.309s] Level 1:colcon.colcon_core.package_identification:_identify(src/Robile/robile_demos/robile_control_simple) by extensions ['colcon_pkg']
[0.309s] Level 1:colcon.colcon_core.package_identification:_identify(src/Robile/robile_demos/robile_control_simple) by extension 'colcon_pkg'
[0.309s] Level 1:colcon.colcon_core.package_identification:_identify(src/Robile/robile_demos/robile_control_simple) by extensions ['colcon_meta']
[0.309s] Level 1:colcon.colcon_core.package_identification:_identify(src/Robile/robile_demos/robile_control_simple) by extension 'colcon_meta'
[0.309s] Level 1:colcon.colcon_core.package_identification:_identify(src/Robile/robile_demos/robile_control_simple) by extensions ['ros']
[0.309s] Level 1:colcon.colcon_core.package_identification:_identify(src/Robile/robile_demos/robile_control_simple) by extension 'ros'
[0.311s] DEBUG:colcon.colcon_core.package_identification:Package 'src/Robile/robile_demos/robile_control_simple' with type 'ros.ament_python' and name 'robile_control_simple'
[0.311s] Level 1:colcon.colcon_core.package_identification:_identify(src/Robile/robile_demos/robile_control_square) by extensions ['ignore', 'ignore_ament_install']
[0.311s] Level 1:colcon.colcon_core.package_identification:_identify(src/Robile/robile_demos/robile_control_square) by extension 'ignore'
[0.311s] Level 1:colcon.colcon_core.package_identification:_identify(src/Robile/robile_demos/robile_control_square) by extension 'ignore_ament_install'
[0.311s] Level 1:colcon.colcon_core.package_identification:_identify(src/Robile/robile_demos/robile_control_square) by extensions ['colcon_pkg']
[0.311s] Level 1:colcon.colcon_core.package_identification:_identify(src/Robile/robile_demos/robile_control_square) by extension 'colcon_pkg'
[0.311s] Level 1:colcon.colcon_core.package_identification:_identify(src/Robile/robile_demos/robile_control_square) by extensions ['colcon_meta']
[0.311s] Level 1:colcon.colcon_core.package_identification:_identify(src/Robile/robile_demos/robile_control_square) by extension 'colcon_meta'
[0.311s] Level 1:colcon.colcon_core.package_identification:_identify(src/Robile/robile_demos/robile_control_square) by extensions ['ros']
[0.311s] Level 1:colcon.colcon_core.package_identification:_identify(src/Robile/robile_demos/robile_control_square) by extension 'ros'
[0.311s] DEBUG:colcon.colcon_core.package_identification:Package 'src/Robile/robile_demos/robile_control_square' with type 'ros.ament_python' and name 'robile_control_square'
[0.312s] Level 1:colcon.colcon_core.package_identification:_identify(src/Robile/robile_demos/robile_new) by extensions ['ignore', 'ignore_ament_install']
[0.312s] Level 1:colcon.colcon_core.package_identification:_identify(src/Robile/robile_demos/robile_new) by extension 'ignore'
[0.312s] Level 1:colcon.colcon_core.package_identification:_identify(src/Robile/robile_demos/robile_new) by extension 'ignore_ament_install'
[0.312s] Level 1:colcon.colcon_core.package_identification:_identify(src/Robile/robile_demos/robile_new) by extensions ['colcon_pkg']
[0.312s] Level 1:colcon.colcon_core.package_identification:_identify(src/Robile/robile_demos/robile_new) by extension 'colcon_pkg'
[0.312s] Level 1:colcon.colcon_core.package_identification:_identify(src/Robile/robile_demos/robile_new) by extensions ['colcon_meta']
[0.312s] Level 1:colcon.colcon_core.package_identification:_identify(src/Robile/robile_demos/robile_new) by extension 'colcon_meta'
[0.312s] Level 1:colcon.colcon_core.package_identification:_identify(src/Robile/robile_demos/robile_new) by extensions ['ros']
[0.312s] Level 1:colcon.colcon_core.package_identification:_identify(src/Robile/robile_demos/robile_new) by extension 'ros'
[0.312s] DEBUG:colcon.colcon_core.package_identification:Package 'src/Robile/robile_demos/robile_new' with type 'ros.ament_python' and name 'robile_new'
[0.312s] Level 1:colcon.colcon_core.package_identification:_identify(src/Robile/robile_demos/robile_reach_goal) by extensions ['ignore', 'ignore_ament_install']
[0.312s] Level 1:colcon.colcon_core.package_identification:_identify(src/Robile/robile_demos/robile_reach_goal) by extension 'ignore'
[0.312s] Level 1:colcon.colcon_core.package_identification:_identify(src/Robile/robile_demos/robile_reach_goal) by extension 'ignore_ament_install'
[0.312s] Level 1:colcon.colcon_core.package_identification:_identify(src/Robile/robile_demos/robile_reach_goal) by extensions ['colcon_pkg']
[0.312s] Level 1:colcon.colcon_core.package_identification:_identify(src/Robile/robile_demos/robile_reach_goal) by extension 'colcon_pkg'
[0.313s] Level 1:colcon.colcon_core.package_identification:_identify(src/Robile/robile_demos/robile_reach_goal) by extensions ['colcon_meta']
[0.313s] Level 1:colcon.colcon_core.package_identification:_identify(src/Robile/robile_demos/robile_reach_goal) by extension 'colcon_meta'
[0.313s] Level 1:colcon.colcon_core.package_identification:_identify(src/Robile/robile_demos/robile_reach_goal) by extensions ['ros']
[0.313s] Level 1:colcon.colcon_core.package_identification:_identify(src/Robile/robile_demos/robile_reach_goal) by extension 'ros'
[0.313s] DEBUG:colcon.colcon_core.package_identification:Package 'src/Robile/robile_demos/robile_reach_goal' with type 'ros.ament_python' and name 'robile_reach_goal'
[0.313s] Level 1:colcon.colcon_core.package_identification:_identify(src/Robile/worksheets) by extensions ['ignore', 'ignore_ament_install']
[0.313s] Level 1:colcon.colcon_core.package_identification:_identify(src/Robile/worksheets) by extension 'ignore'
[0.313s] Level 1:colcon.colcon_core.package_identification:_identify(src/Robile/worksheets) by extension 'ignore_ament_install'
[0.313s] Level 1:colcon.colcon_core.package_identification:_identify(src/Robile/worksheets) by extensions ['colcon_pkg']
[0.313s] Level 1:colcon.colcon_core.package_identification:_identify(src/Robile/worksheets) by extension 'colcon_pkg'
[0.313s] Level 1:colcon.colcon_core.package_identification:_identify(src/Robile/worksheets) by extensions ['colcon_meta']
[0.313s] Level 1:colcon.colcon_core.package_identification:_identify(src/Robile/worksheets) by extension 'colcon_meta'
[0.313s] Level 1:colcon.colcon_core.package_identification:_identify(src/Robile/worksheets) by extensions ['ros']
[0.313s] Level 1:colcon.colcon_core.package_identification:_identify(src/Robile/worksheets) by extension 'ros'
[0.313s] Level 1:colcon.colcon_core.package_identification:_identify(src/Robile/worksheets) by extensions ['cmake', 'python']
[0.313s] Level 1:colcon.colcon_core.package_identification:_identify(src/Robile/worksheets) by extension 'cmake'
[0.313s] Level 1:colcon.colcon_core.package_identification:_identify(src/Robile/worksheets) by extension 'python'
[0.313s] Level 1:colcon.colcon_core.package_identification:_identify(src/Robile/worksheets) by extensions ['python_setup_py']
[0.314s] Level 1:colcon.colcon_core.package_identification:_identify(src/Robile/worksheets) by extension 'python_setup_py'
[0.314s] Level 1:colcon.colcon_core.package_identification:_identify(src/Robile/worksheets/bitmaps) by extensions ['ignore', 'ignore_ament_install']
[0.314s] Level 1:colcon.colcon_core.package_identification:_identify(src/Robile/worksheets/bitmaps) by extension 'ignore'
[0.314s] Level 1:colcon.colcon_core.package_identification:_identify(src/Robile/worksheets/bitmaps) by extension 'ignore_ament_install'
[0.314s] Level 1:colcon.colcon_core.package_identification:_identify(src/Robile/worksheets/bitmaps) by extensions ['colcon_pkg']
[0.314s] Level 1:colcon.colcon_core.package_identification:_identify(src/Robile/worksheets/bitmaps) by extension 'colcon_pkg'
[0.314s] Level 1:colcon.colcon_core.package_identification:_identify(src/Robile/worksheets/bitmaps) by extensions ['colcon_meta']
[0.314s] Level 1:colcon.colcon_core.package_identification:_identify(src/Robile/worksheets/bitmaps) by extension 'colcon_meta'
[0.314s] Level 1:colcon.colcon_core.package_identification:_identify(src/Robile/worksheets/bitmaps) by extensions ['ros']
[0.314s] Level 1:colcon.colcon_core.package_identification:_identify(src/Robile/worksheets/bitmaps) by extension 'ros'
[0.314s] Level 1:colcon.colcon_core.package_identification:_identify(src/Robile/worksheets/bitmaps) by extensions ['cmake', 'python']
[0.314s] Level 1:colcon.colcon_core.package_identification:_identify(src/Robile/worksheets/bitmaps) by extension 'cmake'
[0.314s] Level 1:colcon.colcon_core.package_identification:_identify(src/Robile/worksheets/bitmaps) by extension 'python'
[0.314s] Level 1:colcon.colcon_core.package_identification:_identify(src/Robile/worksheets/bitmaps) by extensions ['python_setup_py']
[0.314s] Level 1:colcon.colcon_core.package_identification:_identify(src/Robile/worksheets/bitmaps) by extension 'python_setup_py'
[0.314s] Level 1:colcon.colcon_core.package_identification:_identify(src/Robile/worksheets/worksheet01) by extensions ['ignore', 'ignore_ament_install']
[0.314s] Level 1:colcon.colcon_core.package_identification:_identify(src/Robile/worksheets/worksheet01) by extension 'ignore'
[0.314s] Level 1:colcon.colcon_core.package_identification:_identify(src/Robile/worksheets/worksheet01) by extension 'ignore_ament_install'
[0.314s] Level 1:colcon.colcon_core.package_identification:_identify(src/Robile/worksheets/worksheet01) by extensions ['colcon_pkg']
[0.314s] Level 1:colcon.colcon_core.package_identification:_identify(src/Robile/worksheets/worksheet01) by extension 'colcon_pkg'
[0.314s] Level 1:colcon.colcon_core.package_identification:_identify(src/Robile/worksheets/worksheet01) by extensions ['colcon_meta']
[0.314s] Level 1:colcon.colcon_core.package_identification:_identify(src/Robile/worksheets/worksheet01) by extension 'colcon_meta'
[0.314s] Level 1:colcon.colcon_core.package_identification:_identify(src/Robile/worksheets/worksheet01) by extensions ['ros']
[0.314s] Level 1:colcon.colcon_core.package_identification:_identify(src/Robile/worksheets/worksheet01) by extension 'ros'
[0.314s] Level 1:colcon.colcon_core.package_identification:_identify(src/Robile/worksheets/worksheet01) by extensions ['cmake', 'python']
[0.315s] Level 1:colcon.colcon_core.package_identification:_identify(src/Robile/worksheets/worksheet01) by extension 'cmake'
[0.315s] Level 1:colcon.colcon_core.package_identification:_identify(src/Robile/worksheets/worksheet01) by extension 'python'
[0.315s] Level 1:colcon.colcon_core.package_identification:_identify(src/Robile/worksheets/worksheet01) by extensions ['python_setup_py']
[0.315s] Level 1:colcon.colcon_core.package_identification:_identify(src/Robile/worksheets/worksheet01) by extension 'python_setup_py'
[0.315s] Level 1:colcon.colcon_core.package_identification:_identify(src/kelo_tulip) by extensions ['ignore', 'ignore_ament_install']
[0.315s] Level 1:colcon.colcon_core.package_identification:_identify(src/kelo_tulip) by extension 'ignore'
[0.315s] Level 1:colcon.colcon_core.package_identification:_identify(src/kelo_tulip) by extension 'ignore_ament_install'
[0.315s] Level 1:colcon.colcon_core.package_identification:_identify(src/kelo_tulip) by extensions ['colcon_pkg']
[0.315s] Level 1:colcon.colcon_core.package_identification:_identify(src/kelo_tulip) by extension 'colcon_pkg'
[0.315s] Level 1:colcon.colcon_core.package_identification:_identify(src/kelo_tulip) by extensions ['colcon_meta']
[0.315s] Level 1:colcon.colcon_core.package_identification:_identify(src/kelo_tulip) by extension 'colcon_meta'
[0.315s] Level 1:colcon.colcon_core.package_identification:_identify(src/kelo_tulip) by extensions ['ros']
[0.315s] Level 1:colcon.colcon_core.package_identification:_identify(src/kelo_tulip) by extension 'ros'
[0.315s] DEBUG:colcon.colcon_core.package_identification:Package 'src/kelo_tulip' with type 'ros.ament_cmake' and name 'kelo_tulip'
[0.315s] Level 1:colcon.colcon_core.package_identification:_identify(src/py_trees_ros) by extensions ['ignore', 'ignore_ament_install']
[0.315s] Level 1:colcon.colcon_core.package_identification:_identify(src/py_trees_ros) by extension 'ignore'
[0.316s] Level 1:colcon.colcon_core.package_identification:_identify(src/py_trees_ros) by extension 'ignore_ament_install'
[0.316s] Level 1:colcon.colcon_core.package_identification:_identify(src/py_trees_ros) by extensions ['colcon_pkg']
[0.316s] Level 1:colcon.colcon_core.package_identification:_identify(src/py_trees_ros) by extension 'colcon_pkg'
[0.316s] Level 1:colcon.colcon_core.package_identification:_identify(src/py_trees_ros) by extensions ['colcon_meta']
[0.316s] Level 1:colcon.colcon_core.package_identification:_identify(src/py_trees_ros) by extension 'colcon_meta'
[0.316s] Level 1:colcon.colcon_core.package_identification:_identify(src/py_trees_ros) by extensions ['ros']
[0.316s] Level 1:colcon.colcon_core.package_identification:_identify(src/py_trees_ros) by extension 'ros'
[0.317s] DEBUG:colcon.colcon_core.package_identification:Package 'src/py_trees_ros' with type 'ros.ament_python' and name 'py_trees_ros'
[0.317s] Level 1:colcon.colcon_core.package_identification:_identify(src/robile_description) by extensions ['ignore', 'ignore_ament_install']
[0.317s] Level 1:colcon.colcon_core.package_identification:_identify(src/robile_description) by extension 'ignore'
[0.317s] Level 1:colcon.colcon_core.package_identification:_identify(src/robile_description) by extension 'ignore_ament_install'
[0.317s] Level 1:colcon.colcon_core.package_identification:_identify(src/robile_description) by extensions ['colcon_pkg']
[0.317s] Level 1:colcon.colcon_core.package_identification:_identify(src/robile_description) by extension 'colcon_pkg'
[0.317s] Level 1:colcon.colcon_core.package_identification:_identify(src/robile_description) by extensions ['colcon_meta']
[0.317s] Level 1:colcon.colcon_core.package_identification:_identify(src/robile_description) by extension 'colcon_meta'
[0.317s] Level 1:colcon.colcon_core.package_identification:_identify(src/robile_description) by extensions ['ros']
[0.317s] Level 1:colcon.colcon_core.package_identification:_identify(src/robile_description) by extension 'ros'
[0.317s] DEBUG:colcon.colcon_core.package_identification:Package 'src/robile_description' with type 'ros.ament_cmake' and name 'robile_description'
[0.318s] Level 1:colcon.colcon_core.package_identification:_identify(src/robile_gazebo) by extensions ['ignore', 'ignore_ament_install']
[0.318s] Level 1:colcon.colcon_core.package_identification:_identify(src/robile_gazebo) by extension 'ignore'
[0.318s] Level 1:colcon.colcon_core.package_identification:_identify(src/robile_gazebo) by extension 'ignore_ament_install'
[0.318s] Level 1:colcon.colcon_core.package_identification:_identify(src/robile_gazebo) by extensions ['colcon_pkg']
[0.318s] Level 1:colcon.colcon_core.package_identification:_identify(src/robile_gazebo) by extension 'colcon_pkg'
[0.318s] Level 1:colcon.colcon_core.package_identification:_identify(src/robile_gazebo) by extensions ['colcon_meta']
[0.318s] Level 1:colcon.colcon_core.package_identification:_identify(src/robile_gazebo) by extension 'colcon_meta'
[0.318s] Level 1:colcon.colcon_core.package_identification:_identify(src/robile_gazebo) by extensions ['ros']
[0.318s] Level 1:colcon.colcon_core.package_identification:_identify(src/robile_gazebo) by extension 'ros'
[0.319s] DEBUG:colcon.colcon_core.package_identification:Package 'src/robile_gazebo' with type 'ros.ament_cmake' and name 'robile_gazebo'
[0.319s] Level 1:colcon.colcon_core.package_discovery:discover_packages(recursive) using defaults
[0.319s] Level 1:colcon.colcon_core.package_discovery:discover_packages(ignore) discover
[0.319s] Level 1:colcon.colcon_core.package_discovery:discover_packages(ignore) using defaults
[0.319s] Level 1:colcon.colcon_core.package_discovery:discover_packages(path) discover
[0.319s] Level 1:colcon.colcon_core.package_discovery:discover_packages(path) using defaults
[0.336s] Level 1:colcon.colcon_core.package_discovery:discover_packages(prefix_path) check parameters
[0.336s] Level 1:colcon.colcon_core.package_discovery:discover_packages(prefix_path) discover
[0.339s] DEBUG:colcon.colcon_installed_package_information.package_discovery:Found 8 installed packages in /home/shaxpy/colcon_ws_AMR/install
[0.340s] DEBUG:colcon.colcon_installed_package_information.package_discovery:Found 2 installed packages in /home/shaxpy/amr_first_ws/install
[0.342s] DEBUG:colcon.colcon_installed_package_information.package_discovery:Found 284 installed packages in /opt/ros/rolling
[0.343s] Level 1:colcon.colcon_core.package_discovery:discover_packages(prefix_path) using defaults
[0.410s] Level 5:colcon.colcon_core.verb:set package 'kelo_tulip' build argument 'cmake_args' from command line to 'None'
[0.410s] Level 5:colcon.colcon_core.verb:set package 'kelo_tulip' build argument 'cmake_target' from command line to 'None'
[0.410s] Level 5:colcon.colcon_core.verb:set package 'kelo_tulip' build argument 'cmake_target_skip_unavailable' from command line to 'False'
[0.410s] Level 5:colcon.colcon_core.verb:set package 'kelo_tulip' build argument 'cmake_clean_cache' from command line to 'False'
[0.410s] Level 5:colcon.colcon_core.verb:set package 'kelo_tulip' build argument 'cmake_clean_first' from command line to 'False'
[0.410s] Level 5:colcon.colcon_core.verb:set package 'kelo_tulip' build argument 'cmake_force_configure' from command line to 'False'
[0.410s] Level 5:colcon.colcon_core.verb:set package 'kelo_tulip' build argument 'ament_cmake_args' from command line to 'None'
[0.410s] Level 5:colcon.colcon_core.verb:set package 'kelo_tulip' build argument 'catkin_cmake_args' from command line to 'None'
[0.410s] Level 5:colcon.colcon_core.verb:set package 'kelo_tulip' build argument 'catkin_skip_building_tests' from command line to 'False'
[0.410s] DEBUG:colcon.colcon_core.verb:Building package 'kelo_tulip' with the following arguments: {'ament_cmake_args': None, 'build_base': '/home/shaxpy/colcon_ws_AMR/build/kelo_tulip', 'catkin_cmake_args': None, 'catkin_skip_building_tests': False, 'cmake_args': None, 'cmake_clean_cache': False, 'cmake_clean_first': False, 'cmake_force_configure': False, 'cmake_target': None, 'cmake_target_skip_unavailable': False, 'install_base': '/home/shaxpy/colcon_ws_AMR/install/kelo_tulip', 'merge_install': False, 'path': '/home/shaxpy/colcon_ws_AMR/src/kelo_tulip', 'symlink_install': False, 'test_result_base': None}
[0.411s] Level 5:colcon.colcon_core.verb:set package 'py_trees_ros' build argument 'cmake_args' from command line to 'None'
[0.411s] Level 5:colcon.colcon_core.verb:set package 'py_trees_ros' build argument 'cmake_target' from command line to 'None'
[0.411s] Level 5:colcon.colcon_core.verb:set package 'py_trees_ros' build argument 'cmake_target_skip_unavailable' from command line to 'False'
[0.411s] Level 5:colcon.colcon_core.verb:set package 'py_trees_ros' build argument 'cmake_clean_cache' from command line to 'False'
[0.411s] Level 5:colcon.colcon_core.verb:set package 'py_trees_ros' build argument 'cmake_clean_first' from command line to 'False'
[0.411s] Level 5:colcon.colcon_core.verb:set package 'py_trees_ros' build argument 'cmake_force_configure' from command line to 'False'
[0.411s] Level 5:colcon.colcon_core.verb:set package 'py_trees_ros' build argument 'ament_cmake_args' from command line to 'None'
[0.411s] Level 5:colcon.colcon_core.verb:set package 'py_trees_ros' build argument 'catkin_cmake_args' from command line to 'None'
[0.411s] Level 5:colcon.colcon_core.verb:set package 'py_trees_ros' build argument 'catkin_skip_building_tests' from command line to 'False'
[0.411s] DEBUG:colcon.colcon_core.verb:Building package 'py_trees_ros' with the following arguments: {'ament_cmake_args': None, 'build_base': '/home/shaxpy/colcon_ws_AMR/build/py_trees_ros', 'catkin_cmake_args': None, 'catkin_skip_building_tests': False, 'cmake_args': None, 'cmake_clean_cache': False, 'cmake_clean_first': False, 'cmake_force_configure': False, 'cmake_target': None, 'cmake_target_skip_unavailable': False, 'install_base': '/home/shaxpy/colcon_ws_AMR/install/py_trees_ros', 'merge_install': False, 'path': '/home/shaxpy/colcon_ws_AMR/src/py_trees_ros', 'symlink_install': False, 'test_result_base': None}
[0.412s] Level 5:colcon.colcon_core.verb:set package 'robile_control_simple' build argument 'cmake_args' from command line to 'None'
[0.412s] Level 5:colcon.colcon_core.verb:set package 'robile_control_simple' build argument 'cmake_target' from command line to 'None'
[0.413s] Level 5:colcon.colcon_core.verb:set package 'robile_control_simple' build argument 'cmake_target_skip_unavailable' from command line to 'False'
[0.413s] Level 5:colcon.colcon_core.verb:set package 'robile_control_simple' build argument 'cmake_clean_cache' from command line to 'False'
[0.413s] Level 5:colcon.colcon_core.verb:set package 'robile_control_simple' build argument 'cmake_clean_first' from command line to 'False'
[0.413s] Level 5:colcon.colcon_core.verb:set package 'robile_control_simple' build argument 'cmake_force_configure' from command line to 'False'
[0.413s] Level 5:colcon.colcon_core.verb:set package 'robile_control_simple' build argument 'ament_cmake_args' from command line to 'None'
[0.413s] Level 5:colcon.colcon_core.verb:set package 'robile_control_simple' build argument 'catkin_cmake_args' from command line to 'None'
[0.413s] Level 5:colcon.colcon_core.verb:set package 'robile_control_simple' build argument 'catkin_skip_building_tests' from command line to 'False'
[0.413s] DEBUG:colcon.colcon_core.verb:Building package 'robile_control_simple' with the following arguments: {'ament_cmake_args': None, 'build_base': '/home/shaxpy/colcon_ws_AMR/build/robile_control_simple', 'catkin_cmake_args': None, 'catkin_skip_building_tests': False, 'cmake_args': None, 'cmake_clean_cache': False, 'cmake_clean_first': False, 'cmake_force_configure': False, 'cmake_target': None, 'cmake_target_skip_unavailable': False, 'install_base': '/home/shaxpy/colcon_ws_AMR/install/robile_control_simple', 'merge_install': False, 'path': '/home/shaxpy/colcon_ws_AMR/src/Robile/robile_demos/robile_control_simple', 'symlink_install': False, 'test_result_base': None}
[0.414s] Level 5:colcon.colcon_core.verb:set package 'robile_control_square' build argument 'cmake_args' from command line to 'None'
[0.414s] Level 5:colcon.colcon_core.verb:set package 'robile_control_square' build argument 'cmake_target' from command line to 'None'
[0.414s] Level 5:colcon.colcon_core.verb:set package 'robile_control_square' build argument 'cmake_target_skip_unavailable' from command line to 'False'
[0.414s] Level 5:colcon.colcon_core.verb:set package 'robile_control_square' build argument 'cmake_clean_cache' from command line to 'False'
[0.414s] Level 5:colcon.colcon_core.verb:set package 'robile_control_square' build argument 'cmake_clean_first' from command line to 'False'
[0.414s] Level 5:colcon.colcon_core.verb:set package 'robile_control_square' build argument 'cmake_force_configure' from command line to 'False'
[0.414s] Level 5:colcon.colcon_core.verb:set package 'robile_control_square' build argument 'ament_cmake_args' from command line to 'None'
[0.414s] Level 5:colcon.colcon_core.verb:set package 'robile_control_square' build argument 'catkin_cmake_args' from command line to 'None'
[0.414s] Level 5:colcon.colcon_core.verb:set package 'robile_control_square' build argument 'catkin_skip_building_tests' from command line to 'False'
[0.414s] DEBUG:colcon.colcon_core.verb:Building package 'robile_control_square' with the following arguments: {'ament_cmake_args': None, 'build_base': '/home/shaxpy/colcon_ws_AMR/build/robile_control_square', 'catkin_cmake_args': None, 'catkin_skip_building_tests': False, 'cmake_args': None, 'cmake_clean_cache': False, 'cmake_clean_first': False, 'cmake_force_configure': False, 'cmake_target': None, 'cmake_target_skip_unavailable': False, 'install_base': '/home/shaxpy/colcon_ws_AMR/install/robile_control_square', 'merge_install': False, 'path': '/home/shaxpy/colcon_ws_AMR/src/Robile/robile_demos/robile_control_square', 'symlink_install': False, 'test_result_base': None}
[0.415s] Level 5:colcon.colcon_core.verb:set package 'robile_description' build argument 'cmake_args' from command line to 'None'
[0.415s] Level 5:colcon.colcon_core.verb:set package 'robile_description' build argument 'cmake_target' from command line to 'None'
[0.415s] Level 5:colcon.colcon_core.verb:set package 'robile_description' build argument 'cmake_target_skip_unavailable' from command line to 'False'
[0.415s] Level 5:colcon.colcon_core.verb:set package 'robile_description' build argument 'cmake_clean_cache' from command line to 'False'
[0.415s] Level 5:colcon.colcon_core.verb:set package 'robile_description' build argument 'cmake_clean_first' from command line to 'False'
[0.415s] Level 5:colcon.colcon_core.verb:set package 'robile_description' build argument 'cmake_force_configure' from command line to 'False'
[0.415s] Level 5:colcon.colcon_core.verb:set package 'robile_description' build argument 'ament_cmake_args' from command line to 'None'
[0.415s] Level 5:colcon.colcon_core.verb:set package 'robile_description' build argument 'catkin_cmake_args' from command line to 'None'
[0.415s] Level 5:colcon.colcon_core.verb:set package 'robile_description' build argument 'catkin_skip_building_tests' from command line to 'False'
[0.415s] DEBUG:colcon.colcon_core.verb:Building package 'robile_description' with the following arguments: {'ament_cmake_args': None, 'build_base': '/home/shaxpy/colcon_ws_AMR/build/robile_description', 'catkin_cmake_args': None, 'catkin_skip_building_tests': False, 'cmake_args': None, 'cmake_clean_cache': False, 'cmake_clean_first': False, 'cmake_force_configure': False, 'cmake_target': None, 'cmake_target_skip_unavailable': False, 'install_base': '/home/shaxpy/colcon_ws_AMR/install/robile_description', 'merge_install': False, 'path': '/home/shaxpy/colcon_ws_AMR/src/robile_description', 'symlink_install': False, 'test_result_base': None}
[0.417s] Level 5:colcon.colcon_core.verb:set package 'robile_new' build argument 'cmake_args' from command line to 'None'
[0.417s] Level 5:colcon.colcon_core.verb:set package 'robile_new' build argument 'cmake_target' from command line to 'None'
[0.417s] Level 5:colcon.colcon_core.verb:set package 'robile_new' build argument 'cmake_target_skip_unavailable' from command line to 'False'
[0.417s] Level 5:colcon.colcon_core.verb:set package 'robile_new' build argument 'cmake_clean_cache' from command line to 'False'
[0.417s] Level 5:colcon.colcon_core.verb:set package 'robile_new' build argument 'cmake_clean_first' from command line to 'False'
[0.417s] Level 5:colcon.colcon_core.verb:set package 'robile_new' build argument 'cmake_force_configure' from command line to 'False'
[0.417s] Level 5:colcon.colcon_core.verb:set package 'robile_new' build argument 'ament_cmake_args' from command line to 'None'
[0.417s] Level 5:colcon.colcon_core.verb:set package 'robile_new' build argument 'catkin_cmake_args' from command line to 'None'
[0.417s] Level 5:colcon.colcon_core.verb:set package 'robile_new' build argument 'catkin_skip_building_tests' from command line to 'False'
[0.417s] DEBUG:colcon.colcon_core.verb:Building package 'robile_new' with the following arguments: {'ament_cmake_args': None, 'build_base': '/home/shaxpy/colcon_ws_AMR/build/robile_new', 'catkin_cmake_args': None, 'catkin_skip_building_tests': False, 'cmake_args': None, 'cmake_clean_cache': False, 'cmake_clean_first': False, 'cmake_force_configure': False, 'cmake_target': None, 'cmake_target_skip_unavailable': False, 'install_base': '/home/shaxpy/colcon_ws_AMR/install/robile_new', 'merge_install': False, 'path': '/home/shaxpy/colcon_ws_AMR/src/Robile/robile_demos/robile_new', 'symlink_install': False, 'test_result_base': None}
[0.418s] Level 5:colcon.colcon_core.verb:set package 'robile_reach_goal' build argument 'cmake_args' from command line to 'None'
[0.418s] Level 5:colcon.colcon_core.verb:set package 'robile_reach_goal' build argument 'cmake_target' from command line to 'None'
[0.418s] Level 5:colcon.colcon_core.verb:set package 'robile_reach_goal' build argument 'cmake_target_skip_unavailable' from command line to 'False'
[0.418s] Level 5:colcon.colcon_core.verb:set package 'robile_reach_goal' build argument 'cmake_clean_cache' from command line to 'False'
[0.418s] Level 5:colcon.colcon_core.verb:set package 'robile_reach_goal' build argument 'cmake_clean_first' from command line to 'False'
[0.418s] Level 5:colcon.colcon_core.verb:set package 'robile_reach_goal' build argument 'cmake_force_configure' from command line to 'False'
[0.418s] Level 5:colcon.colcon_core.verb:set package 'robile_reach_goal' build argument 'ament_cmake_args' from command line to 'None'
[0.418s] Level 5:colcon.colcon_core.verb:set package 'robile_reach_goal' build argument 'catkin_cmake_args' from command line to 'None'
[0.418s] Level 5:colcon.colcon_core.verb:set package 'robile_reach_goal' build argument 'catkin_skip_building_tests' from command line to 'False'
[0.418s] DEBUG:colcon.colcon_core.verb:Building package 'robile_reach_goal' with the following arguments: {'ament_cmake_args': None, 'build_base': '/home/shaxpy/colcon_ws_AMR/build/robile_reach_goal', 'catkin_cmake_args': None, 'catkin_skip_building_tests': False, 'cmake_args': None, 'cmake_clean_cache': False, 'cmake_clean_first': False, 'cmake_force_configure': False, 'cmake_target': None, 'cmake_target_skip_unavailable': False, 'install_base': '/home/shaxpy/colcon_ws_AMR/install/robile_reach_goal', 'merge_install': False, 'path': '/home/shaxpy/colcon_ws_AMR/src/Robile/robile_demos/robile_reach_goal', 'symlink_install': False, 'test_result_base': None}
[0.419s] Level 5:colcon.colcon_core.verb:set package 'robile_gazebo' build argument 'cmake_args' from command line to 'None'
[0.419s] Level 5:colcon.colcon_core.verb:set package 'robile_gazebo' build argument 'cmake_target' from command line to 'None'
[0.419s] Level 5:colcon.colcon_core.verb:set package 'robile_gazebo' build argument 'cmake_target_skip_unavailable' from command line to 'False'
[0.419s] Level 5:colcon.colcon_core.verb:set package 'robile_gazebo' build argument 'cmake_clean_cache' from command line to 'False'
[0.419s] Level 5:colcon.colcon_core.verb:set package 'robile_gazebo' build argument 'cmake_clean_first' from command line to 'False'
[0.419s] Level 5:colcon.colcon_core.verb:set package 'robile_gazebo' build argument 'cmake_force_configure' from command line to 'False'
[0.419s] Level 5:colcon.colcon_core.verb:set package 'robile_gazebo' build argument 'ament_cmake_args' from command line to 'None'
[0.419s] Level 5:colcon.colcon_core.verb:set package 'robile_gazebo' build argument 'catkin_cmake_args' from command line to 'None'
[0.419s] Level 5:colcon.colcon_core.verb:set package 'robile_gazebo' build argument 'catkin_skip_building_tests' from command line to 'False'
[0.419s] DEBUG:colcon.colcon_core.verb:Building package 'robile_gazebo' with the following arguments: {'ament_cmake_args': None, 'build_base': '/home/shaxpy/colcon_ws_AMR/build/robile_gazebo', 'catkin_cmake_args': None, 'catkin_skip_building_tests': False, 'cmake_args': None, 'cmake_clean_cache': False, 'cmake_clean_first': False, 'cmake_force_configure': False, 'cmake_target': None, 'cmake_target_skip_unavailable': False, 'install_base': '/home/shaxpy/colcon_ws_AMR/install/robile_gazebo', 'merge_install': False, 'path': '/home/shaxpy/colcon_ws_AMR/src/robile_gazebo', 'symlink_install': False, 'test_result_base': None}
[0.420s] INFO:colcon.colcon_core.executor:Executing jobs using 'parallel' executor
[0.426s] DEBUG:colcon.colcon_parallel_executor.executor.parallel:run_until_complete
[0.426s] INFO:colcon.colcon_ros.task.ament_cmake.build:Building ROS package in '/home/shaxpy/colcon_ws_AMR/src/robile_description' with build type 'ament_cmake'
[0.426s] INFO:colcon.colcon_cmake.task.cmake.build:Building CMake package in '/home/shaxpy/colcon_ws_AMR/src/robile_description'
[0.431s] INFO:colcon.colcon_core.plugin_system:Skipping extension 'colcon_core.shell.bat': Not used on non-Windows systems
[0.431s] INFO:colcon.colcon_core.shell:Skip shell extension 'powershell' for command environment: Not usable outside of PowerShell
[0.431s] DEBUG:colcon.colcon_core.shell:Skip shell extension 'dsv' for command environment
[0.439s] INFO:colcon.colcon_ros.task.ament_cmake.build:Building ROS package in '/home/shaxpy/colcon_ws_AMR/src/kelo_tulip' with build type 'ament_cmake'
[0.439s] INFO:colcon.colcon_cmake.task.cmake.build:Building CMake package in '/home/shaxpy/colcon_ws_AMR/src/kelo_tulip'
[0.442s] INFO:colcon.colcon_core.shell:Skip shell extension 'powershell' for command environment: Not usable outside of PowerShell
[0.442s] DEBUG:colcon.colcon_core.shell:Skip shell extension 'dsv' for command environment
[0.449s] INFO:colcon.colcon_ros.task.ament_python.build:Building ROS package in '/home/shaxpy/colcon_ws_AMR/src/py_trees_ros' with build type 'ament_python'
[0.449s] Level 1:colcon.colcon_core.shell:create_environment_hook('py_trees_ros', 'ament_prefix_path')
[0.452s] INFO:colcon.colcon_core.shell:Creating environment hook '/home/shaxpy/colcon_ws_AMR/install/py_trees_ros/share/py_trees_ros/hook/ament_prefix_path.ps1'
[0.453s] INFO:colcon.colcon_core.shell:Creating environment descriptor '/home/shaxpy/colcon_ws_AMR/install/py_trees_ros/share/py_trees_ros/hook/ament_prefix_path.dsv'
[0.453s] INFO:colcon.colcon_core.shell:Creating environment hook '/home/shaxpy/colcon_ws_AMR/install/py_trees_ros/share/py_trees_ros/hook/ament_prefix_path.sh'
[0.456s] INFO:colcon.colcon_core.shell:Skip shell extension 'powershell' for command environment: Not usable outside of PowerShell
[0.456s] DEBUG:colcon.colcon_core.shell:Skip shell extension 'dsv' for command environment
[0.464s] INFO:colcon.colcon_ros.task.ament_python.build:Building ROS package in '/home/shaxpy/colcon_ws_AMR/src/Robile/robile_demos/robile_control_simple' with build type 'ament_python'
[0.464s] Level 1:colcon.colcon_core.shell:create_environment_hook('robile_control_simple', 'ament_prefix_path')
[0.467s] INFO:colcon.colcon_core.shell:Creating environment hook '/home/shaxpy/colcon_ws_AMR/install/robile_control_simple/share/robile_control_simple/hook/ament_prefix_path.ps1'
[0.468s] INFO:colcon.colcon_core.shell:Creating environment descriptor '/home/shaxpy/colcon_ws_AMR/install/robile_control_simple/share/robile_control_simple/hook/ament_prefix_path.dsv'
[0.468s] INFO:colcon.colcon_core.shell:Creating environment hook '/home/shaxpy/colcon_ws_AMR/install/robile_control_simple/share/robile_control_simple/hook/ament_prefix_path.sh'
[0.471s] INFO:colcon.colcon_core.shell:Skip shell extension 'powershell' for command environment: Not usable outside of PowerShell
[0.471s] DEBUG:colcon.colcon_core.shell:Skip shell extension 'dsv' for command environment
[0.479s] INFO:colcon.colcon_ros.task.ament_python.build:Building ROS package in '/home/shaxpy/colcon_ws_AMR/src/Robile/robile_demos/robile_control_square' with build type 'ament_python'
[0.479s] Level 1:colcon.colcon_core.shell:create_environment_hook('robile_control_square', 'ament_prefix_path')
[0.481s] INFO:colcon.colcon_core.shell:Creating environment hook '/home/shaxpy/colcon_ws_AMR/install/robile_control_square/share/robile_control_square/hook/ament_prefix_path.ps1'
[0.482s] INFO:colcon.colcon_core.shell:Creating environment descriptor '/home/shaxpy/colcon_ws_AMR/install/robile_control_square/share/robile_control_square/hook/ament_prefix_path.dsv'
[0.482s] INFO:colcon.colcon_core.shell:Creating environment hook '/home/shaxpy/colcon_ws_AMR/install/robile_control_square/share/robile_control_square/hook/ament_prefix_path.sh'
[0.485s] INFO:colcon.colcon_core.shell:Skip shell extension 'powershell' for command environment: Not usable outside of PowerShell
[0.485s] DEBUG:colcon.colcon_core.shell:Skip shell extension 'dsv' for command environment
[0.495s] INFO:colcon.colcon_ros.task.ament_python.build:Building ROS package in '/home/shaxpy/colcon_ws_AMR/src/Robile/robile_demos/robile_new' with build type 'ament_python'
[0.495s] Level 1:colcon.colcon_core.shell:create_environment_hook('robile_new', 'ament_prefix_path')
[0.497s] INFO:colcon.colcon_core.shell:Creating environment hook '/home/shaxpy/colcon_ws_AMR/install/robile_new/share/robile_new/hook/ament_prefix_path.ps1'
[0.497s] INFO:colcon.colcon_core.shell:Creating environment descriptor '/home/shaxpy/colcon_ws_AMR/install/robile_new/share/robile_new/hook/ament_prefix_path.dsv'
[0.498s] INFO:colcon.colcon_core.shell:Creating environment hook '/home/shaxpy/colcon_ws_AMR/install/robile_new/share/robile_new/hook/ament_prefix_path.sh'
[0.500s] INFO:colcon.colcon_core.shell:Skip shell extension 'powershell' for command environment: Not usable outside of PowerShell
[0.500s] DEBUG:colcon.colcon_core.shell:Skip shell extension 'dsv' for command environment
[0.509s] INFO:colcon.colcon_ros.task.ament_python.build:Building ROS package in '/home/shaxpy/colcon_ws_AMR/src/Robile/robile_demos/robile_reach_goal' with build type 'ament_python'
[0.509s] Level 1:colcon.colcon_core.shell:create_environment_hook('robile_reach_goal', 'ament_prefix_path')
[0.512s] INFO:colcon.colcon_core.shell:Creating environment hook '/home/shaxpy/colcon_ws_AMR/install/robile_reach_goal/share/robile_reach_goal/hook/ament_prefix_path.ps1'
[0.512s] INFO:colcon.colcon_core.shell:Creating environment descriptor '/home/shaxpy/colcon_ws_AMR/install/robile_reach_goal/share/robile_reach_goal/hook/ament_prefix_path.dsv'
[0.513s] INFO:colcon.colcon_core.shell:Creating environment hook '/home/shaxpy/colcon_ws_AMR/install/robile_reach_goal/share/robile_reach_goal/hook/ament_prefix_path.sh'
[0.515s] INFO:colcon.colcon_core.shell:Skip shell extension 'powershell' for command environment: Not usable outside of PowerShell
[0.515s] DEBUG:colcon.colcon_core.shell:Skip shell extension 'dsv' for command environment
[0.530s] DEBUG:colcon.colcon_core.event_handler.log_command:Invoking command in '/home/shaxpy/colcon_ws_AMR/build/robile_description': CMAKE_PREFIX_PATH=${CMAKE_PREFIX_PATH}:/home/shaxpy/colcon_ws_AMR/install/robile_reach_goal:/home/shaxpy/colcon_ws_AMR/install/robile_new:/home/shaxpy/colcon_ws_AMR/install/robile_control_square:/home/shaxpy/colcon_ws_AMR/install/robile_control_simple:/home/shaxpy/colcon_ws_AMR/install/py_trees_ros:/opt/ros/rolling /usr/bin/cmake --build /home/shaxpy/colcon_ws_AMR/build/robile_description -- -j12 -l12
[0.534s] DEBUG:colcon.colcon_core.event_handler.log_command:Invoking command in '/home/shaxpy/colcon_ws_AMR/build/kelo_tulip': CMAKE_PREFIX_PATH=${CMAKE_PREFIX_PATH}:/home/shaxpy/colcon_ws_AMR/install/robile_reach_goal:/home/shaxpy/colcon_ws_AMR/install/robile_new:/home/shaxpy/colcon_ws_AMR/install/robile_control_square:/home/shaxpy/colcon_ws_AMR/install/robile_control_simple:/home/shaxpy/colcon_ws_AMR/install/py_trees_ros:/opt/ros/rolling /usr/bin/cmake --build /home/shaxpy/colcon_ws_AMR/build/kelo_tulip -- -j12 -l12
[0.733s] INFO:colcon.colcon_core.task.python.build:Building Python package in '/home/shaxpy/colcon_ws_AMR/src/py_trees_ros'
[0.736s] INFO:colcon.colcon_core.shell:Skip shell extension 'powershell' for command environment: Not usable outside of PowerShell
[0.736s] DEBUG:colcon.colcon_core.shell:Skip shell extension 'dsv' for command environment
[0.935s] INFO:colcon.colcon_core.task.python.build:Building Python package in '/home/shaxpy/colcon_ws_AMR/src/Robile/robile_demos/robile_control_simple'
[0.939s] INFO:colcon.colcon_core.shell:Skip shell extension 'powershell' for command environment: Not usable outside of PowerShell
[0.939s] DEBUG:colcon.colcon_core.shell:Skip shell extension 'dsv' for command environment
[1.143s] INFO:colcon.colcon_core.task.python.build:Building Python package in '/home/shaxpy/colcon_ws_AMR/src/Robile/robile_demos/robile_control_square'
[1.150s] INFO:colcon.colcon_core.shell:Skip shell extension 'powershell' for command environment: Not usable outside of PowerShell
[1.151s] DEBUG:colcon.colcon_core.shell:Skip shell extension 'dsv' for command environment
[1.370s] INFO:colcon.colcon_core.task.python.build:Building Python package in '/home/shaxpy/colcon_ws_AMR/src/Robile/robile_demos/robile_new'
[1.375s] INFO:colcon.colcon_core.shell:Skip shell extension 'powershell' for command environment: Not usable outside of PowerShell
[1.375s] DEBUG:colcon.colcon_core.shell:Skip shell extension 'dsv' for command environment
[1.594s] INFO:colcon.colcon_core.task.python.build:Building Python package in '/home/shaxpy/colcon_ws_AMR/src/Robile/robile_demos/robile_reach_goal'
[1.596s] INFO:colcon.colcon_core.shell:Skip shell extension 'powershell' for command environment: Not usable outside of PowerShell
[1.596s] DEBUG:colcon.colcon_core.shell:Skip shell extension 'dsv' for command environment
[1.606s] DEBUG:colcon.colcon_core.event_handler.log_command:Invoked command in '/home/shaxpy/colcon_ws_AMR/build/kelo_tulip' returned '0': CMAKE_PREFIX_PATH=${CMAKE_PREFIX_PATH}:/home/shaxpy/colcon_ws_AMR/install/robile_reach_goal:/home/shaxpy/colcon_ws_AMR/install/robile_new:/home/shaxpy/colcon_ws_AMR/install/robile_control_square:/home/shaxpy/colcon_ws_AMR/install/robile_control_simple:/home/shaxpy/colcon_ws_AMR/install/py_trees_ros:/opt/ros/rolling /usr/bin/cmake --build /home/shaxpy/colcon_ws_AMR/build/kelo_tulip -- -j12 -l12
[1.608s] DEBUG:colcon.colcon_core.event_handler.log_command:Invoked command in '/home/shaxpy/colcon_ws_AMR/build/robile_description' returned '0': CMAKE_PREFIX_PATH=${CMAKE_PREFIX_PATH}:/home/shaxpy/colcon_ws_AMR/install/robile_reach_goal:/home/shaxpy/colcon_ws_AMR/install/robile_new:/home/shaxpy/colcon_ws_AMR/install/robile_control_square:/home/shaxpy/colcon_ws_AMR/install/robile_control_simple:/home/shaxpy/colcon_ws_AMR/install/py_trees_ros:/opt/ros/rolling /usr/bin/cmake --build /home/shaxpy/colcon_ws_AMR/build/robile_description -- -j12 -l12
[1.639s] DEBUG:colcon.colcon_core.event_handler.log_command:Invoking command in '/home/shaxpy/colcon_ws_AMR/build/robile_description': CMAKE_PREFIX_PATH=${CMAKE_PREFIX_PATH}:/home/shaxpy/colcon_ws_AMR/install/robile_reach_goal:/home/shaxpy/colcon_ws_AMR/install/robile_new:/home/shaxpy/colcon_ws_AMR/install/robile_control_square:/home/shaxpy/colcon_ws_AMR/install/robile_control_simple:/home/shaxpy/colcon_ws_AMR/install/py_trees_ros:/opt/ros/rolling /usr/bin/cmake --install /home/shaxpy/colcon_ws_AMR/build/robile_description
[1.644s] DEBUG:colcon.colcon_core.event_handler.log_command:Invoking command in '/home/shaxpy/colcon_ws_AMR/build/kelo_tulip': CMAKE_PREFIX_PATH=${CMAKE_PREFIX_PATH}:/home/shaxpy/colcon_ws_AMR/install/robile_reach_goal:/home/shaxpy/colcon_ws_AMR/install/robile_new:/home/shaxpy/colcon_ws_AMR/install/robile_control_square:/home/shaxpy/colcon_ws_AMR/install/robile_control_simple:/home/shaxpy/colcon_ws_AMR/install/py_trees_ros:/opt/ros/rolling /usr/bin/cmake --install /home/shaxpy/colcon_ws_AMR/build/kelo_tulip
[1.652s] Level 1:colcon.colcon_core.environment:create_environment_scripts_only(robile_description)
[1.657s] DEBUG:colcon.colcon_core.event_handler.log_command:Invoked command in '/home/shaxpy/colcon_ws_AMR/build/robile_description' returned '0': CMAKE_PREFIX_PATH=${CMAKE_PREFIX_PATH}:/home/shaxpy/colcon_ws_AMR/install/robile_reach_goal:/home/shaxpy/colcon_ws_AMR/install/robile_new:/home/shaxpy/colcon_ws_AMR/install/robile_control_square:/home/shaxpy/colcon_ws_AMR/install/robile_control_simple:/home/shaxpy/colcon_ws_AMR/install/py_trees_ros:/opt/ros/rolling /usr/bin/cmake --install /home/shaxpy/colcon_ws_AMR/build/robile_description
[1.686s] Level 1:colcon.colcon_core.environment:checking '/home/shaxpy/colcon_ws_AMR/install/robile_description' for CMake module files
[1.686s] Level 1:colcon.colcon_core.environment:checking '/home/shaxpy/colcon_ws_AMR/install/robile_description' for CMake config files
[1.687s] Level 1:colcon.colcon_core.shell:create_environment_hook('robile_description', 'cmake_prefix_path')
[1.690s] INFO:colcon.colcon_core.shell:Creating environment hook '/home/shaxpy/colcon_ws_AMR/install/robile_description/share/robile_description/hook/cmake_prefix_path.ps1'
[1.691s] INFO:colcon.colcon_core.shell:Creating environment descriptor '/home/shaxpy/colcon_ws_AMR/install/robile_description/share/robile_description/hook/cmake_prefix_path.dsv'
[1.691s] INFO:colcon.colcon_core.shell:Creating environment hook '/home/shaxpy/colcon_ws_AMR/install/robile_description/share/robile_description/hook/cmake_prefix_path.sh'
[1.692s] Level 1:colcon.colcon_core.environment:checking '/home/shaxpy/colcon_ws_AMR/install/robile_description/bin'
[1.692s] Level 1:colcon.colcon_core.environment:checking '/home/shaxpy/colcon_ws_AMR/install/robile_description/lib/pkgconfig/robile_description.pc'
[1.693s] Level 1:colcon.colcon_core.environment:checking '/home/shaxpy/colcon_ws_AMR/install/robile_description/lib/python3.8/site-packages'
[1.693s] Level 1:colcon.colcon_core.environment:checking '/home/shaxpy/colcon_ws_AMR/install/robile_description/bin'
[1.697s] INFO:colcon.colcon_core.shell:Creating package script '/home/shaxpy/colcon_ws_AMR/install/robile_description/share/robile_description/package.ps1'
[1.698s] INFO:colcon.colcon_core.shell:Creating package descriptor '/home/shaxpy/colcon_ws_AMR/install/robile_description/share/robile_description/package.dsv'
[1.699s] INFO:colcon.colcon_core.shell:Creating package script '/home/shaxpy/colcon_ws_AMR/install/robile_description/share/robile_description/package.sh'
[1.699s] INFO:colcon.colcon_core.shell:Creating package script '/home/shaxpy/colcon_ws_AMR/install/robile_description/share/robile_description/package.bash'
[1.700s] INFO:colcon.colcon_core.shell:Creating package script '/home/shaxpy/colcon_ws_AMR/install/robile_description/share/robile_description/package.zsh'
[1.700s] Level 1:colcon.colcon_core.environment:create_file_with_runtime_dependencies(/home/shaxpy/colcon_ws_AMR/install/robile_description/share/colcon-core/packages/robile_description)
[1.704s] Level 1:colcon.colcon_core.environment:create_environment_scripts_only(kelo_tulip)
[1.710s] Level 1:colcon.colcon_core.environment:checking '/home/shaxpy/colcon_ws_AMR/install/kelo_tulip' for CMake module files
[1.711s] DEBUG:colcon.colcon_core.event_handler.log_command:Invoked command in '/home/shaxpy/colcon_ws_AMR/build/kelo_tulip' returned '0': CMAKE_PREFIX_PATH=${CMAKE_PREFIX_PATH}:/home/shaxpy/colcon_ws_AMR/install/robile_reach_goal:/home/shaxpy/colcon_ws_AMR/install/robile_new:/home/shaxpy/colcon_ws_AMR/install/robile_control_square:/home/shaxpy/colcon_ws_AMR/install/robile_control_simple:/home/shaxpy/colcon_ws_AMR/install/py_trees_ros:/opt/ros/rolling /usr/bin/cmake --install /home/shaxpy/colcon_ws_AMR/build/kelo_tulip
[1.711s] Level 1:colcon.colcon_core.environment:checking '/home/shaxpy/colcon_ws_AMR/install/kelo_tulip' for CMake config files
[1.712s] Level 1:colcon.colcon_core.shell:create_environment_hook('kelo_tulip', 'cmake_prefix_path')
[1.715s] INFO:colcon.colcon_core.shell:Creating environment hook '/home/shaxpy/colcon_ws_AMR/install/kelo_tulip/share/kelo_tulip/hook/cmake_prefix_path.ps1'
[1.715s] INFO:colcon.colcon_core.shell:Creating environment descriptor '/home/shaxpy/colcon_ws_AMR/install/kelo_tulip/share/kelo_tulip/hook/cmake_prefix_path.dsv'
[1.715s] INFO:colcon.colcon_core.shell:Creating environment hook '/home/shaxpy/colcon_ws_AMR/install/kelo_tulip/share/kelo_tulip/hook/cmake_prefix_path.sh'
[1.716s] Level 1:colcon.colcon_core.environment:checking '/home/shaxpy/colcon_ws_AMR/install/kelo_tulip/lib'
[1.716s] Level 1:colcon.colcon_core.environment:checking '/home/shaxpy/colcon_ws_AMR/install/kelo_tulip/bin'
[1.716s] Level 1:colcon.colcon_core.environment:checking '/home/shaxpy/colcon_ws_AMR/install/kelo_tulip/lib/pkgconfig/kelo_tulip.pc'
[1.716s] Level 1:colcon.colcon_core.environment:checking '/home/shaxpy/colcon_ws_AMR/install/kelo_tulip/lib/python3.8/site-packages'
[1.717s] Level 1:colcon.colcon_core.environment:checking '/home/shaxpy/colcon_ws_AMR/install/kelo_tulip/bin'
[1.719s] INFO:colcon.colcon_core.shell:Creating package script '/home/shaxpy/colcon_ws_AMR/install/kelo_tulip/share/kelo_tulip/package.ps1'
[1.720s] INFO:colcon.colcon_core.shell:Creating package descriptor '/home/shaxpy/colcon_ws_AMR/install/kelo_tulip/share/kelo_tulip/package.dsv'
[1.720s] INFO:colcon.colcon_core.shell:Creating package script '/home/shaxpy/colcon_ws_AMR/install/kelo_tulip/share/kelo_tulip/package.sh'
[1.720s] INFO:colcon.colcon_core.shell:Creating package script '/home/shaxpy/colcon_ws_AMR/install/kelo_tulip/share/kelo_tulip/package.bash'
[1.721s] INFO:colcon.colcon_core.shell:Creating package script '/home/shaxpy/colcon_ws_AMR/install/kelo_tulip/share/kelo_tulip/package.zsh'
[1.721s] Level 1:colcon.colcon_core.environment:create_file_with_runtime_dependencies(/home/shaxpy/colcon_ws_AMR/install/kelo_tulip/share/colcon-core/packages/kelo_tulip)
[1.730s] Level 1:colcon.colcon_core.environment:create_environment_scripts_only(robile_description)
[1.735s] Level 1:colcon.colcon_core.environment:checking '/home/shaxpy/colcon_ws_AMR/install/robile_description' for CMake module files
[1.735s] Level 1:colcon.colcon_core.environment:checking '/home/shaxpy/colcon_ws_AMR/install/robile_description' for CMake config files
[1.736s] Level 1:colcon.colcon_core.shell:create_environment_hook('robile_description', 'cmake_prefix_path')
[1.738s] INFO:colcon.colcon_core.shell:Creating environment hook '/home/shaxpy/colcon_ws_AMR/install/robile_description/share/robile_description/hook/cmake_prefix_path.ps1'
[1.738s] INFO:colcon.colcon_core.shell:Creating environment descriptor '/home/shaxpy/colcon_ws_AMR/install/robile_description/share/robile_description/hook/cmake_prefix_path.dsv'
[1.739s] INFO:colcon.colcon_core.shell:Creating environment hook '/home/shaxpy/colcon_ws_AMR/install/robile_description/share/robile_description/hook/cmake_prefix_path.sh'
[1.739s] Level 1:colcon.colcon_core.environment:checking '/home/shaxpy/colcon_ws_AMR/install/robile_description/bin'
[1.739s] Level 1:colcon.colcon_core.environment:checking '/home/shaxpy/colcon_ws_AMR/install/robile_description/lib/pkgconfig/robile_description.pc'
[1.739s] Level 1:colcon.colcon_core.environment:checking '/home/shaxpy/colcon_ws_AMR/install/robile_description/lib/python3.8/site-packages'
[1.739s] Level 1:colcon.colcon_core.environment:checking '/home/shaxpy/colcon_ws_AMR/install/robile_description/bin'
[1.742s] INFO:colcon.colcon_core.shell:Creating package script '/home/shaxpy/colcon_ws_AMR/install/robile_description/share/robile_description/package.ps1'
[1.742s] INFO:colcon.colcon_core.shell:Creating package descriptor '/home/shaxpy/colcon_ws_AMR/install/robile_description/share/robile_description/package.dsv'
[1.742s] INFO:colcon.colcon_core.shell:Creating package script '/home/shaxpy/colcon_ws_AMR/install/robile_description/share/robile_description/package.sh'
[1.743s] INFO:colcon.colcon_core.shell:Creating package script '/home/shaxpy/colcon_ws_AMR/install/robile_description/share/robile_description/package.bash'
[1.743s] INFO:colcon.colcon_core.shell:Creating package script '/home/shaxpy/colcon_ws_AMR/install/robile_description/share/robile_description/package.zsh'
[1.743s] Level 1:colcon.colcon_core.environment:create_file_with_runtime_dependencies(/home/shaxpy/colcon_ws_AMR/install/robile_description/share/colcon-core/packages/robile_description)
[1.744s] INFO:colcon.colcon_ros.task.ament_cmake.build:Building ROS package in '/home/shaxpy/colcon_ws_AMR/src/robile_gazebo' with build type 'ament_cmake'
[1.744s] INFO:colcon.colcon_cmake.task.cmake.build:Building CMake package in '/home/shaxpy/colcon_ws_AMR/src/robile_gazebo'
[1.746s] INFO:colcon.colcon_core.shell:Skip shell extension 'powershell' for command environment: Not usable outside of PowerShell
[1.746s] DEBUG:colcon.colcon_core.shell:Skip shell extension 'dsv' for command environment
[1.762s] DEBUG:colcon.colcon_core.event_handler.log_command:Invoking command in '/home/shaxpy/colcon_ws_AMR/build/robile_gazebo': CMAKE_PREFIX_PATH=/home/shaxpy/colcon_ws_AMR/install/robile_description:/home/shaxpy/colcon_ws_AMR/install/robile_gazebo:/home/shaxpy/colcon_ws_AMR/install/kelo_tulip:/home/shaxpy/amr_first_ws/install/robile_gazebo:/home/shaxpy/amr_first_ws/install/robile_description:/home/shaxpy/colcon_ws_AMR/install/robile_reach_goal:/home/shaxpy/colcon_ws_AMR/install/robile_new:/home/shaxpy/colcon_ws_AMR/install/robile_control_square:/home/shaxpy/colcon_ws_AMR/install/robile_control_simple:/home/shaxpy/colcon_ws_AMR/install/py_trees_ros:/opt/ros/rolling /usr/bin/cmake --build /home/shaxpy/colcon_ws_AMR/build/robile_gazebo -- -j12 -l12
[1.768s] Level 1:colcon.colcon_core.environment:create_environment_scripts_only(kelo_tulip)
[1.773s] Level 1:colcon.colcon_core.environment:checking '/home/shaxpy/colcon_ws_AMR/install/kelo_tulip' for CMake module files
[1.774s] Level 1:colcon.colcon_core.environment:checking '/home/shaxpy/colcon_ws_AMR/install/kelo_tulip' for CMake config files
[1.775s] Level 1:colcon.colcon_core.shell:create_environment_hook('kelo_tulip', 'cmake_prefix_path')
[1.778s] INFO:colcon.colcon_core.shell:Creating environment hook '/home/shaxpy/colcon_ws_AMR/install/kelo_tulip/share/kelo_tulip/hook/cmake_prefix_path.ps1'
[1.779s] INFO:colcon.colcon_core.shell:Creating environment descriptor '/home/shaxpy/colcon_ws_AMR/install/kelo_tulip/share/kelo_tulip/hook/cmake_prefix_path.dsv'
[1.779s] INFO:colcon.colcon_core.shell:Creating environment hook '/home/shaxpy/colcon_ws_AMR/install/kelo_tulip/share/kelo_tulip/hook/cmake_prefix_path.sh'
[1.780s] Level 1:colcon.colcon_core.environment:checking '/home/shaxpy/colcon_ws_AMR/install/kelo_tulip/lib'
[1.780s] Level 1:colcon.colcon_core.environment:checking '/home/shaxpy/colcon_ws_AMR/install/kelo_tulip/bin'
[1.780s] Level 1:colcon.colcon_core.environment:checking '/home/shaxpy/colcon_ws_AMR/install/kelo_tulip/lib/pkgconfig/kelo_tulip.pc'
[1.781s] Level 1:colcon.colcon_core.environment:checking '/home/shaxpy/colcon_ws_AMR/install/kelo_tulip/lib/python3.8/site-packages'
[1.781s] Level 1:colcon.colcon_core.environment:checking '/home/shaxpy/colcon_ws_AMR/install/kelo_tulip/bin'
[1.785s] INFO:colcon.colcon_core.shell:Creating package script '/home/shaxpy/colcon_ws_AMR/install/kelo_tulip/share/kelo_tulip/package.ps1'
[1.786s] INFO:colcon.colcon_core.shell:Creating package descriptor '/home/shaxpy/colcon_ws_AMR/install/kelo_tulip/share/kelo_tulip/package.dsv'
[1.786s] INFO:colcon.colcon_core.shell:Creating package script '/home/shaxpy/colcon_ws_AMR/install/kelo_tulip/share/kelo_tulip/package.sh'
[1.787s] INFO:colcon.colcon_core.shell:Creating package script '/home/shaxpy/colcon_ws_AMR/install/kelo_tulip/share/kelo_tulip/package.bash'
[1.787s] INFO:colcon.colcon_core.shell:Creating package script '/home/shaxpy/colcon_ws_AMR/install/kelo_tulip/share/kelo_tulip/package.zsh'
[1.787s] Level 1:colcon.colcon_core.environment:create_file_with_runtime_dependencies(/home/shaxpy/colcon_ws_AMR/install/kelo_tulip/share/colcon-core/packages/kelo_tulip)
[1.801s] DEBUG:colcon.colcon_core.event_handler.log_command:Invoked command in '/home/shaxpy/colcon_ws_AMR/build/robile_gazebo' returned '0': CMAKE_PREFIX_PATH=/home/shaxpy/colcon_ws_AMR/install/robile_description:/home/shaxpy/colcon_ws_AMR/install/robile_gazebo:/home/shaxpy/colcon_ws_AMR/install/kelo_tulip:/home/shaxpy/amr_first_ws/install/robile_gazebo:/home/shaxpy/amr_first_ws/install/robile_description:/home/shaxpy/colcon_ws_AMR/install/robile_reach_goal:/home/shaxpy/colcon_ws_AMR/install/robile_new:/home/shaxpy/colcon_ws_AMR/install/robile_control_square:/home/shaxpy/colcon_ws_AMR/install/robile_control_simple:/home/shaxpy/colcon_ws_AMR/install/py_trees_ros:/opt/ros/rolling /usr/bin/cmake --build /home/shaxpy/colcon_ws_AMR/build/robile_gazebo -- -j12 -l12
[1.821s] DEBUG:colcon.colcon_core.event_handler.log_command:Invoking command in '/home/shaxpy/colcon_ws_AMR/build/robile_gazebo': CMAKE_PREFIX_PATH=/home/shaxpy/colcon_ws_AMR/install/robile_description:/home/shaxpy/colcon_ws_AMR/install/robile_gazebo:/home/shaxpy/colcon_ws_AMR/install/kelo_tulip:/home/shaxpy/amr_first_ws/install/robile_gazebo:/home/shaxpy/amr_first_ws/install/robile_description:/home/shaxpy/colcon_ws_AMR/install/robile_reach_goal:/home/shaxpy/colcon_ws_AMR/install/robile_new:/home/shaxpy/colcon_ws_AMR/install/robile_control_square:/home/shaxpy/colcon_ws_AMR/install/robile_control_simple:/home/shaxpy/colcon_ws_AMR/install/py_trees_ros:/opt/ros/rolling /usr/bin/cmake --install /home/shaxpy/colcon_ws_AMR/build/robile_gazebo
[1.830s] Level 1:colcon.colcon_core.environment:create_environment_scripts_only(robile_gazebo)
[1.833s] Level 1:colcon.colcon_core.environment:checking '/home/shaxpy/colcon_ws_AMR/install/robile_gazebo' for CMake module files
[1.834s] DEBUG:colcon.colcon_core.event_handler.log_command:Invoked command in '/home/shaxpy/colcon_ws_AMR/build/robile_gazebo' returned '0': CMAKE_PREFIX_PATH=/home/shaxpy/colcon_ws_AMR/install/robile_description:/home/shaxpy/colcon_ws_AMR/install/robile_gazebo:/home/shaxpy/colcon_ws_AMR/install/kelo_tulip:/home/shaxpy/amr_first_ws/install/robile_gazebo:/home/shaxpy/amr_first_ws/install/robile_description:/home/shaxpy/colcon_ws_AMR/install/robile_reach_goal:/home/shaxpy/colcon_ws_AMR/install/robile_new:/home/shaxpy/colcon_ws_AMR/install/robile_control_square:/home/shaxpy/colcon_ws_AMR/install/robile_control_simple:/home/shaxpy/colcon_ws_AMR/install/py_trees_ros:/opt/ros/rolling /usr/bin/cmake --install /home/shaxpy/colcon_ws_AMR/build/robile_gazebo
[1.834s] Level 1:colcon.colcon_core.environment:checking '/home/shaxpy/colcon_ws_AMR/install/robile_gazebo' for CMake config files
[1.834s] Level 1:colcon.colcon_core.shell:create_environment_hook('robile_gazebo', 'cmake_prefix_path')
[1.837s] INFO:colcon.colcon_core.shell:Creating environment hook '/home/shaxpy/colcon_ws_AMR/install/robile_gazebo/share/robile_gazebo/hook/cmake_prefix_path.ps1'
[1.837s] INFO:colcon.colcon_core.shell:Creating environment descriptor '/home/shaxpy/colcon_ws_AMR/install/robile_gazebo/share/robile_gazebo/hook/cmake_prefix_path.dsv'
[1.838s] INFO:colcon.colcon_core.shell:Creating environment hook '/home/shaxpy/colcon_ws_AMR/install/robile_gazebo/share/robile_gazebo/hook/cmake_prefix_path.sh'
[1.838s] Level 1:colcon.colcon_core.environment:checking '/home/shaxpy/colcon_ws_AMR/install/robile_gazebo/bin'
[1.838s] Level 1:colcon.colcon_core.environment:checking '/home/shaxpy/colcon_ws_AMR/install/robile_gazebo/lib/pkgconfig/robile_gazebo.pc'
[1.839s] Level 1:colcon.colcon_core.environment:checking '/home/shaxpy/colcon_ws_AMR/install/robile_gazebo/lib/python3.8/site-packages'
[1.839s] Level 1:colcon.colcon_core.environment:checking '/home/shaxpy/colcon_ws_AMR/install/robile_gazebo/bin'
[1.843s] INFO:colcon.colcon_core.shell:Creating package script '/home/shaxpy/colcon_ws_AMR/install/robile_gazebo/share/robile_gazebo/package.ps1'
[1.844s] INFO:colcon.colcon_core.shell:Creating package descriptor '/home/shaxpy/colcon_ws_AMR/install/robile_gazebo/share/robile_gazebo/package.dsv'
[1.845s] INFO:colcon.colcon_core.shell:Creating package script '/home/shaxpy/colcon_ws_AMR/install/robile_gazebo/share/robile_gazebo/package.sh'
[1.845s] INFO:colcon.colcon_core.shell:Creating package script '/home/shaxpy/colcon_ws_AMR/install/robile_gazebo/share/robile_gazebo/package.bash'
[1.845s] INFO:colcon.colcon_core.shell:Creating package script '/home/shaxpy/colcon_ws_AMR/install/robile_gazebo/share/robile_gazebo/package.zsh'
[1.845s] Level 1:colcon.colcon_core.environment:create_file_with_runtime_dependencies(/home/shaxpy/colcon_ws_AMR/install/robile_gazebo/share/colcon-core/packages/robile_gazebo)
[1.868s] Level 1:colcon.colcon_core.environment:create_environment_scripts_only(robile_gazebo)
[1.874s] Level 1:colcon.colcon_core.environment:checking '/home/shaxpy/colcon_ws_AMR/install/robile_gazebo' for CMake module files
[1.874s] Level 1:colcon.colcon_core.environment:checking '/home/shaxpy/colcon_ws_AMR/install/robile_gazebo' for CMake config files
[1.875s] Level 1:colcon.colcon_core.shell:create_environment_hook('robile_gazebo', 'cmake_prefix_path')
[1.878s] INFO:colcon.colcon_core.shell:Creating environment hook '/home/shaxpy/colcon_ws_AMR/install/robile_gazebo/share/robile_gazebo/hook/cmake_prefix_path.ps1'
[1.879s] INFO:colcon.colcon_core.shell:Creating environment descriptor '/home/shaxpy/colcon_ws_AMR/install/robile_gazebo/share/robile_gazebo/hook/cmake_prefix_path.dsv'
[1.879s] INFO:colcon.colcon_core.shell:Creating environment hook '/home/shaxpy/colcon_ws_AMR/install/robile_gazebo/share/robile_gazebo/hook/cmake_prefix_path.sh'
[1.880s] Level 1:colcon.colcon_core.environment:checking '/home/shaxpy/colcon_ws_AMR/install/robile_gazebo/bin'
[1.880s] Level 1:colcon.colcon_core.environment:checking '/home/shaxpy/colcon_ws_AMR/install/robile_gazebo/lib/pkgconfig/robile_gazebo.pc'
[1.880s] Level 1:colcon.colcon_core.environment:checking '/home/shaxpy/colcon_ws_AMR/install/robile_gazebo/lib/python3.8/site-packages'
[1.880s] Level 1:colcon.colcon_core.environment:checking '/home/shaxpy/colcon_ws_AMR/install/robile_gazebo/bin'
[1.884s] INFO:colcon.colcon_core.shell:Creating package script '/home/shaxpy/colcon_ws_AMR/install/robile_gazebo/share/robile_gazebo/package.ps1'
[1.885s] INFO:colcon.colcon_core.shell:Creating package descriptor '/home/shaxpy/colcon_ws_AMR/install/robile_gazebo/share/robile_gazebo/package.dsv'
[1.886s] INFO:colcon.colcon_core.shell:Creating package script '/home/shaxpy/colcon_ws_AMR/install/robile_gazebo/share/robile_gazebo/package.sh'
[1.886s] INFO:colcon.colcon_core.shell:Creating package script '/home/shaxpy/colcon_ws_AMR/install/robile_gazebo/share/robile_gazebo/package.bash'
[1.886s] INFO:colcon.colcon_core.shell:Creating package script '/home/shaxpy/colcon_ws_AMR/install/robile_gazebo/share/robile_gazebo/package.zsh'
[1.887s] Level 1:colcon.colcon_core.environment:create_file_with_runtime_dependencies(/home/shaxpy/colcon_ws_AMR/install/robile_gazebo/share/colcon-core/packages/robile_gazebo)
[2.155s] DEBUG:colcon.colcon_core.event_handler.log_command:Invoking command in '/home/shaxpy/colcon_ws_AMR/src/Robile/robile_demos/robile_control_square': PYTHONPATH=/home/shaxpy/colcon_ws_AMR/build/robile_control_square/prefix_override:/home/shaxpy/colcon_ws_AMR/install/robile_control_square/lib/python3.8/site-packages:${PYTHONPATH} /usr/bin/python3 setup.py egg_info --egg-base ../../../../build/robile_control_square build --build-base /home/shaxpy/colcon_ws_AMR/build/robile_control_square/build install --record /home/shaxpy/colcon_ws_AMR/build/robile_control_square/install.log --single-version-externally-managed
[2.187s] DEBUG:colcon.colcon_core.event_handler.log_command:Invoking command in '/home/shaxpy/colcon_ws_AMR/src/Robile/robile_demos/robile_new': PYTHONPATH=/home/shaxpy/colcon_ws_AMR/build/robile_new/prefix_override:/home/shaxpy/colcon_ws_AMR/install/robile_new/lib/python3.8/site-packages:${PYTHONPATH} /usr/bin/python3 setup.py egg_info --egg-base ../../../../build/robile_new build --build-base /home/shaxpy/colcon_ws_AMR/build/robile_new/build install --record /home/shaxpy/colcon_ws_AMR/build/robile_new/install.log --single-version-externally-managed
[2.189s] DEBUG:colcon.colcon_core.event_handler.log_command:Invoking command in '/home/shaxpy/colcon_ws_AMR/src/Robile/robile_demos/robile_control_simple': PYTHONPATH=/home/shaxpy/colcon_ws_AMR/build/robile_control_simple/prefix_override:/home/shaxpy/colcon_ws_AMR/install/robile_control_simple/lib/python3.8/site-packages:${PYTHONPATH} /usr/bin/python3 setup.py egg_info --egg-base ../../../../build/robile_control_simple build --build-base /home/shaxpy/colcon_ws_AMR/build/robile_control_simple/build install --record /home/shaxpy/colcon_ws_AMR/build/robile_control_simple/install.log --single-version-externally-managed
[2.193s] DEBUG:colcon.colcon_core.event_handler.log_command:Invoking command in '/home/shaxpy/colcon_ws_AMR/src/py_trees_ros': PYTHONPATH=/home/shaxpy/colcon_ws_AMR/build/py_trees_ros/prefix_override:/home/shaxpy/colcon_ws_AMR/install/py_trees_ros/lib/python3.8/site-packages:${PYTHONPATH} /usr/bin/python3 setup.py egg_info --egg-base ../../build/py_trees_ros build --build-base /home/shaxpy/colcon_ws_AMR/build/py_trees_ros/build install --record /home/shaxpy/colcon_ws_AMR/build/py_trees_ros/install.log --single-version-externally-managed
[2.205s] DEBUG:colcon.colcon_core.event_handler.log_command:Invoking command in '/home/shaxpy/colcon_ws_AMR/src/Robile/robile_demos/robile_reach_goal': PYTHONPATH=/home/shaxpy/colcon_ws_AMR/build/robile_reach_goal/prefix_override:/home/shaxpy/colcon_ws_AMR/install/robile_reach_goal/lib/python3.8/site-packages:${PYTHONPATH} /usr/bin/python3 setup.py egg_info --egg-base ../../../../build/robile_reach_goal build --build-base /home/shaxpy/colcon_ws_AMR/build/robile_reach_goal/build install --record /home/shaxpy/colcon_ws_AMR/build/robile_reach_goal/install.log --single-version-externally-managed
[2.406s] Level 1:colcon.colcon_core.environment:checking '/home/shaxpy/colcon_ws_AMR/install/robile_control_square' for CMake module files
[2.407s] DEBUG:colcon.colcon_core.event_handler.log_command:Invoked command in '/home/shaxpy/colcon_ws_AMR/src/Robile/robile_demos/robile_control_square' returned '0': PYTHONPATH=/home/shaxpy/colcon_ws_AMR/build/robile_control_square/prefix_override:/home/shaxpy/colcon_ws_AMR/install/robile_control_square/lib/python3.8/site-packages:${PYTHONPATH} /usr/bin/python3 setup.py egg_info --egg-base ../../../../build/robile_control_square build --build-base /home/shaxpy/colcon_ws_AMR/build/robile_control_square/build install --record /home/shaxpy/colcon_ws_AMR/build/robile_control_square/install.log --single-version-externally-managed
[2.408s] Level 1:colcon.colcon_core.environment:checking '/home/shaxpy/colcon_ws_AMR/install/robile_control_square' for CMake config files
[2.408s] Level 1:colcon.colcon_core.environment:checking '/home/shaxpy/colcon_ws_AMR/install/robile_control_square/lib'
[2.409s] Level 1:colcon.colcon_core.environment:checking '/home/shaxpy/colcon_ws_AMR/install/robile_control_square/bin'
[2.409s] Level 1:colcon.colcon_core.environment:checking '/home/shaxpy/colcon_ws_AMR/install/robile_control_square/lib/pkgconfig/robile_control_square.pc'
[2.409s] Level 1:colcon.colcon_core.environment:checking '/home/shaxpy/colcon_ws_AMR/install/robile_control_square/lib/python3.8/site-packages'
[2.409s] Level 1:colcon.colcon_core.shell:create_environment_hook('robile_control_square', 'pythonpath')
[2.412s] INFO:colcon.colcon_core.shell:Creating environment hook '/home/shaxpy/colcon_ws_AMR/install/robile_control_square/share/robile_control_square/hook/pythonpath.ps1'
[2.413s] INFO:colcon.colcon_core.shell:Creating environment descriptor '/home/shaxpy/colcon_ws_AMR/install/robile_control_square/share/robile_control_square/hook/pythonpath.dsv'
[2.414s] INFO:colcon.colcon_core.shell:Creating environment hook '/home/shaxpy/colcon_ws_AMR/install/robile_control_square/share/robile_control_square/hook/pythonpath.sh'
[2.414s] Level 1:colcon.colcon_core.environment:checking '/home/shaxpy/colcon_ws_AMR/install/robile_control_square/bin'
[2.414s] Level 1:colcon.colcon_core.environment:create_environment_scripts_only(robile_control_square)
[2.417s] INFO:colcon.colcon_core.shell:Creating package script '/home/shaxpy/colcon_ws_AMR/install/robile_control_square/share/robile_control_square/package.ps1'
[2.418s] INFO:colcon.colcon_core.shell:Creating package descriptor '/home/shaxpy/colcon_ws_AMR/install/robile_control_square/share/robile_control_square/package.dsv'
[2.419s] INFO:colcon.colcon_core.shell:Creating package script '/home/shaxpy/colcon_ws_AMR/install/robile_control_square/share/robile_control_square/package.sh'
[2.419s] INFO:colcon.colcon_core.shell:Creating package script '/home/shaxpy/colcon_ws_AMR/install/robile_control_square/share/robile_control_square/package.bash'
[2.419s] INFO:colcon.colcon_core.shell:Creating package script '/home/shaxpy/colcon_ws_AMR/install/robile_control_square/share/robile_control_square/package.zsh'
[2.419s] Level 1:colcon.colcon_core.environment:create_file_with_runtime_dependencies(/home/shaxpy/colcon_ws_AMR/install/robile_control_square/share/colcon-core/packages/robile_control_square)
[2.432s] Level 1:colcon.colcon_core.environment:checking '/home/shaxpy/colcon_ws_AMR/install/robile_new' for CMake module files
[2.432s] DEBUG:colcon.colcon_core.event_handler.log_command:Invoked command in '/home/shaxpy/colcon_ws_AMR/src/Robile/robile_demos/robile_new' returned '0': PYTHONPATH=/home/shaxpy/colcon_ws_AMR/build/robile_new/prefix_override:/home/shaxpy/colcon_ws_AMR/install/robile_new/lib/python3.8/site-packages:${PYTHONPATH} /usr/bin/python3 setup.py egg_info --egg-base ../../../../build/robile_new build --build-base /home/shaxpy/colcon_ws_AMR/build/robile_new/build install --record /home/shaxpy/colcon_ws_AMR/build/robile_new/install.log --single-version-externally-managed
[2.433s] Level 1:colcon.colcon_core.environment:checking '/home/shaxpy/colcon_ws_AMR/install/robile_new' for CMake config files
[2.434s] Level 1:colcon.colcon_core.environment:checking '/home/shaxpy/colcon_ws_AMR/install/robile_new/lib'
[2.434s] Level 1:colcon.colcon_core.environment:checking '/home/shaxpy/colcon_ws_AMR/install/robile_new/bin'
[2.434s] Level 1:colcon.colcon_core.environment:checking '/home/shaxpy/colcon_ws_AMR/install/robile_new/lib/pkgconfig/robile_new.pc'
[2.434s] Level 1:colcon.colcon_core.environment:checking '/home/shaxpy/colcon_ws_AMR/install/robile_new/lib/python3.8/site-packages'
[2.434s] Level 1:colcon.colcon_core.shell:create_environment_hook('robile_new', 'pythonpath')
[2.436s] INFO:colcon.colcon_core.shell:Creating environment hook '/home/shaxpy/colcon_ws_AMR/install/robile_new/share/robile_new/hook/pythonpath.ps1'
[2.437s] INFO:colcon.colcon_core.shell:Creating environment descriptor '/home/shaxpy/colcon_ws_AMR/install/robile_new/share/robile_new/hook/pythonpath.dsv'
[2.437s] INFO:colcon.colcon_core.shell:Creating environment hook '/home/shaxpy/colcon_ws_AMR/install/robile_new/share/robile_new/hook/pythonpath.sh'
[2.438s] Level 1:colcon.colcon_core.environment:checking '/home/shaxpy/colcon_ws_AMR/install/robile_new/bin'
[2.438s] Level 1:colcon.colcon_core.environment:create_environment_scripts_only(robile_new)
[2.440s] INFO:colcon.colcon_core.shell:Creating package script '/home/shaxpy/colcon_ws_AMR/install/robile_new/share/robile_new/package.ps1'
[2.442s] INFO:colcon.colcon_core.shell:Creating package descriptor '/home/shaxpy/colcon_ws_AMR/install/robile_new/share/robile_new/package.dsv'
[2.442s] INFO:colcon.colcon_core.shell:Creating package script '/home/shaxpy/colcon_ws_AMR/install/robile_new/share/robile_new/package.sh'
[2.442s] INFO:colcon.colcon_core.shell:Creating package script '/home/shaxpy/colcon_ws_AMR/install/robile_new/share/robile_new/package.bash'
[2.443s] INFO:colcon.colcon_core.shell:Creating package script '/home/shaxpy/colcon_ws_AMR/install/robile_new/share/robile_new/package.zsh'
[2.443s] Level 1:colcon.colcon_core.environment:create_file_with_runtime_dependencies(/home/shaxpy/colcon_ws_AMR/install/robile_new/share/colcon-core/packages/robile_new)
[2.447s] Level 1:colcon.colcon_core.environment:checking '/home/shaxpy/colcon_ws_AMR/install/robile_control_simple' for CMake module files
[2.448s] DEBUG:colcon.colcon_core.event_handler.log_command:Invoked command in '/home/shaxpy/colcon_ws_AMR/src/Robile/robile_demos/robile_control_simple' returned '0': PYTHONPATH=/home/shaxpy/colcon_ws_AMR/build/robile_control_simple/prefix_override:/home/shaxpy/colcon_ws_AMR/install/robile_control_simple/lib/python3.8/site-packages:${PYTHONPATH} /usr/bin/python3 setup.py egg_info --egg-base ../../../../build/robile_control_simple build --build-base /home/shaxpy/colcon_ws_AMR/build/robile_control_simple/build install --record /home/shaxpy/colcon_ws_AMR/build/robile_control_simple/install.log --single-version-externally-managed
[2.448s] Level 1:colcon.colcon_core.environment:checking '/home/shaxpy/colcon_ws_AMR/install/robile_control_simple' for CMake config files
[2.449s] Level 1:colcon.colcon_core.environment:checking '/home/shaxpy/colcon_ws_AMR/install/robile_control_simple/lib'
[2.449s] Level 1:colcon.colcon_core.environment:checking '/home/shaxpy/colcon_ws_AMR/install/robile_control_simple/bin'
[2.449s] Level 1:colcon.colcon_core.environment:checking '/home/shaxpy/colcon_ws_AMR/install/robile_control_simple/lib/pkgconfig/robile_control_simple.pc'
[2.449s] Level 1:colcon.colcon_core.environment:checking '/home/shaxpy/colcon_ws_AMR/install/robile_control_simple/lib/python3.8/site-packages'
[2.449s] Level 1:colcon.colcon_core.shell:create_environment_hook('robile_control_simple', 'pythonpath')
[2.452s] INFO:colcon.colcon_core.shell:Creating environment hook '/home/shaxpy/colcon_ws_AMR/install/robile_control_simple/share/robile_control_simple/hook/pythonpath.ps1'
[2.452s] INFO:colcon.colcon_core.shell:Creating environment descriptor '/home/shaxpy/colcon_ws_AMR/install/robile_control_simple/share/robile_control_simple/hook/pythonpath.dsv'
[2.452s] INFO:colcon.colcon_core.shell:Creating environment hook '/home/shaxpy/colcon_ws_AMR/install/robile_control_simple/share/robile_control_simple/hook/pythonpath.sh'
[2.453s] Level 1:colcon.colcon_core.environment:checking '/home/shaxpy/colcon_ws_AMR/install/robile_control_simple/bin'
[2.453s] Level 1:colcon.colcon_core.environment:create_environment_scripts_only(robile_control_simple)
[2.455s] INFO:colcon.colcon_core.shell:Creating package script '/home/shaxpy/colcon_ws_AMR/install/robile_control_simple/share/robile_control_simple/package.ps1'
[2.455s] INFO:colcon.colcon_core.shell:Creating package descriptor '/home/shaxpy/colcon_ws_AMR/install/robile_control_simple/share/robile_control_simple/package.dsv'
[2.456s] INFO:colcon.colcon_core.shell:Creating package script '/home/shaxpy/colcon_ws_AMR/install/robile_control_simple/share/robile_control_simple/package.sh'
[2.456s] INFO:colcon.colcon_core.shell:Creating package script '/home/shaxpy/colcon_ws_AMR/install/robile_control_simple/share/robile_control_simple/package.bash'
[2.456s] INFO:colcon.colcon_core.shell:Creating package script '/home/shaxpy/colcon_ws_AMR/install/robile_control_simple/share/robile_control_simple/package.zsh'
[2.456s] Level 1:colcon.colcon_core.environment:create_file_with_runtime_dependencies(/home/shaxpy/colcon_ws_AMR/install/robile_control_simple/share/colcon-core/packages/robile_control_simple)
[2.460s] Level 1:colcon.colcon_core.environment:checking '/home/shaxpy/colcon_ws_AMR/install/py_trees_ros' for CMake module files
[2.461s] Level 1:colcon.colcon_core.environment:checking '/home/shaxpy/colcon_ws_AMR/install/py_trees_ros' for CMake config files
[2.461s] DEBUG:colcon.colcon_core.event_handler.log_command:Invoked command in '/home/shaxpy/colcon_ws_AMR/src/py_trees_ros' returned '0': PYTHONPATH=/home/shaxpy/colcon_ws_AMR/build/py_trees_ros/prefix_override:/home/shaxpy/colcon_ws_AMR/install/py_trees_ros/lib/python3.8/site-packages:${PYTHONPATH} /usr/bin/python3 setup.py egg_info --egg-base ../../build/py_trees_ros build --build-base /home/shaxpy/colcon_ws_AMR/build/py_trees_ros/build install --record /home/shaxpy/colcon_ws_AMR/build/py_trees_ros/install.log --single-version-externally-managed
[2.461s] Level 1:colcon.colcon_core.environment:checking '/home/shaxpy/colcon_ws_AMR/install/py_trees_ros/lib'
[2.461s] Level 1:colcon.colcon_core.environment:checking '/home/shaxpy/colcon_ws_AMR/install/py_trees_ros/bin'
[2.461s] Level 1:colcon.colcon_core.shell:create_environment_hook('py_trees_ros', 'path')
[2.464s] INFO:colcon.colcon_core.shell:Creating environment hook '/home/shaxpy/colcon_ws_AMR/install/py_trees_ros/share/py_trees_ros/hook/path.ps1'
[2.464s] INFO:colcon.colcon_core.shell:Creating environment descriptor '/home/shaxpy/colcon_ws_AMR/install/py_trees_ros/share/py_trees_ros/hook/path.dsv'
[2.464s] INFO:colcon.colcon_core.shell:Creating environment hook '/home/shaxpy/colcon_ws_AMR/install/py_trees_ros/share/py_trees_ros/hook/path.sh'
[2.464s] Level 1:colcon.colcon_core.environment:checking '/home/shaxpy/colcon_ws_AMR/install/py_trees_ros/lib/pkgconfig/py_trees_ros.pc'
[2.464s] Level 1:colcon.colcon_core.environment:checking '/home/shaxpy/colcon_ws_AMR/install/py_trees_ros/lib/python3.8/site-packages'
[2.465s] Level 1:colcon.colcon_core.shell:create_environment_hook('py_trees_ros', 'pythonpath')
[2.467s] INFO:colcon.colcon_core.shell:Creating environment hook '/home/shaxpy/colcon_ws_AMR/install/py_trees_ros/share/py_trees_ros/hook/pythonpath.ps1'
[2.467s] INFO:colcon.colcon_core.shell:Creating environment descriptor '/home/shaxpy/colcon_ws_AMR/install/py_trees_ros/share/py_trees_ros/hook/pythonpath.dsv'
[2.467s] INFO:colcon.colcon_core.shell:Creating environment hook '/home/shaxpy/colcon_ws_AMR/install/py_trees_ros/share/py_trees_ros/hook/pythonpath.sh'
[2.468s] Level 1:colcon.colcon_core.environment:checking '/home/shaxpy/colcon_ws_AMR/install/py_trees_ros/bin'
[2.468s] Level 1:colcon.colcon_core.shell:create_environment_hook('py_trees_ros', 'pythonscriptspath')
[2.470s] INFO:colcon.colcon_core.shell:Creating environment hook '/home/shaxpy/colcon_ws_AMR/install/py_trees_ros/share/py_trees_ros/hook/pythonscriptspath.ps1'
[2.470s] INFO:colcon.colcon_core.shell:Creating environment descriptor '/home/shaxpy/colcon_ws_AMR/install/py_trees_ros/share/py_trees_ros/hook/pythonscriptspath.dsv'
[2.471s] INFO:colcon.colcon_core.shell:Creating environment hook '/home/shaxpy/colcon_ws_AMR/install/py_trees_ros/share/py_trees_ros/hook/pythonscriptspath.sh'
[2.471s] Level 1:colcon.colcon_core.environment:create_environment_scripts_only(py_trees_ros)
[2.473s] INFO:colcon.colcon_core.shell:Creating package script '/home/shaxpy/colcon_ws_AMR/install/py_trees_ros/share/py_trees_ros/package.ps1'
[2.474s] INFO:colcon.colcon_core.shell:Creating package descriptor '/home/shaxpy/colcon_ws_AMR/install/py_trees_ros/share/py_trees_ros/package.dsv'
[2.474s] INFO:colcon.colcon_core.shell:Creating package script '/home/shaxpy/colcon_ws_AMR/install/py_trees_ros/share/py_trees_ros/package.sh'
[2.474s] INFO:colcon.colcon_core.shell:Creating package script '/home/shaxpy/colcon_ws_AMR/install/py_trees_ros/share/py_trees_ros/package.bash'
[2.474s] INFO:colcon.colcon_core.shell:Creating package script '/home/shaxpy/colcon_ws_AMR/install/py_trees_ros/share/py_trees_ros/package.zsh'
[2.475s] Level 1:colcon.colcon_core.environment:create_file_with_runtime_dependencies(/home/shaxpy/colcon_ws_AMR/install/py_trees_ros/share/colcon-core/packages/py_trees_ros)
[2.479s] Level 1:colcon.colcon_core.environment:checking '/home/shaxpy/colcon_ws_AMR/install/robile_reach_goal' for CMake module files
[2.479s] DEBUG:colcon.colcon_core.event_handler.log_command:Invoked command in '/home/shaxpy/colcon_ws_AMR/src/Robile/robile_demos/robile_reach_goal' returned '0': PYTHONPATH=/home/shaxpy/colcon_ws_AMR/build/robile_reach_goal/prefix_override:/home/shaxpy/colcon_ws_AMR/install/robile_reach_goal/lib/python3.8/site-packages:${PYTHONPATH} /usr/bin/python3 setup.py egg_info --egg-base ../../../../build/robile_reach_goal build --build-base /home/shaxpy/colcon_ws_AMR/build/robile_reach_goal/build install --record /home/shaxpy/colcon_ws_AMR/build/robile_reach_goal/install.log --single-version-externally-managed
[2.479s] Level 1:colcon.colcon_core.environment:checking '/home/shaxpy/colcon_ws_AMR/install/robile_reach_goal' for CMake config files
[2.480s] Level 1:colcon.colcon_core.environment:checking '/home/shaxpy/colcon_ws_AMR/install/robile_reach_goal/lib'
[2.480s] Level 1:colcon.colcon_core.environment:checking '/home/shaxpy/colcon_ws_AMR/install/robile_reach_goal/bin'
[2.480s] Level 1:colcon.colcon_core.environment:checking '/home/shaxpy/colcon_ws_AMR/install/robile_reach_goal/lib/pkgconfig/robile_reach_goal.pc'
[2.480s] Level 1:colcon.colcon_core.environment:checking '/home/shaxpy/colcon_ws_AMR/install/robile_reach_goal/lib/python3.8/site-packages'
[2.480s] Level 1:colcon.colcon_core.shell:create_environment_hook('robile_reach_goal', 'pythonpath')
[2.482s] INFO:colcon.colcon_core.shell:Creating environment hook '/home/shaxpy/colcon_ws_AMR/install/robile_reach_goal/share/robile_reach_goal/hook/pythonpath.ps1'
[2.483s] INFO:colcon.colcon_core.shell:Creating environment descriptor '/home/shaxpy/colcon_ws_AMR/install/robile_reach_goal/share/robile_reach_goal/hook/pythonpath.dsv'
[2.483s] INFO:colcon.colcon_core.shell:Creating environment hook '/home/shaxpy/colcon_ws_AMR/install/robile_reach_goal/share/robile_reach_goal/hook/pythonpath.sh'
[2.483s] Level 1:colcon.colcon_core.environment:checking '/home/shaxpy/colcon_ws_AMR/install/robile_reach_goal/bin'
[2.483s] Level 1:colcon.colcon_core.environment:create_environment_scripts_only(robile_reach_goal)
[2.485s] INFO:colcon.colcon_core.shell:Creating package script '/home/shaxpy/colcon_ws_AMR/install/robile_reach_goal/share/robile_reach_goal/package.ps1'
[2.486s] INFO:colcon.colcon_core.shell:Creating package descriptor '/home/shaxpy/colcon_ws_AMR/install/robile_reach_goal/share/robile_reach_goal/package.dsv'
[2.486s] INFO:colcon.colcon_core.shell:Creating package script '/home/shaxpy/colcon_ws_AMR/install/robile_reach_goal/share/robile_reach_goal/package.sh'
[2.486s] INFO:colcon.colcon_core.shell:Creating package script '/home/shaxpy/colcon_ws_AMR/install/robile_reach_goal/share/robile_reach_goal/package.bash'
[2.487s] INFO:colcon.colcon_core.shell:Creating package script '/home/shaxpy/colcon_ws_AMR/install/robile_reach_goal/share/robile_reach_goal/package.zsh'
[2.487s] Level 1:colcon.colcon_core.environment:create_file_with_runtime_dependencies(/home/shaxpy/colcon_ws_AMR/install/robile_reach_goal/share/colcon-core/packages/robile_reach_goal)
[2.487s] DEBUG:colcon.colcon_parallel_executor.executor.parallel:closing loop
[2.487s] DEBUG:colcon.colcon_parallel_executor.executor.parallel:loop closed
[2.487s] DEBUG:colcon.colcon_parallel_executor.executor.parallel:run_until_complete finished with '0'
[2.487s] DEBUG:colcon.colcon_core.event_reactor:joining thread
[2.492s] INFO:colcon.colcon_core.plugin_system:Skipping extension 'colcon_notification.desktop_notification.terminal_notifier': Not used on non-Darwin systems
[2.492s] INFO:colcon.colcon_core.plugin_system:Skipping extension 'colcon_notification.desktop_notification.win32': Not used on non-Windows systems
[2.492s] INFO:colcon.colcon_notification.desktop_notification:Sending desktop notification using 'notify2'
[2.510s] DEBUG:colcon.colcon_core.event_reactor:joined thread
[2.514s] INFO:colcon.colcon_core.shell:Creating prefix script '/home/shaxpy/colcon_ws_AMR/install/local_setup.ps1'
[2.515s] INFO:colcon.colcon_core.shell:Creating prefix util module '/home/shaxpy/colcon_ws_AMR/install/_local_setup_util_ps1.py'
[2.517s] INFO:colcon.colcon_core.shell:Creating prefix chain script '/home/shaxpy/colcon_ws_AMR/install/setup.ps1'
[2.519s] INFO:colcon.colcon_core.shell:Creating prefix script '/home/shaxpy/colcon_ws_AMR/install/local_setup.sh'
[2.519s] INFO:colcon.colcon_core.shell:Creating prefix util module '/home/shaxpy/colcon_ws_AMR/install/_local_setup_util_sh.py'
[2.520s] INFO:colcon.colcon_core.shell:Creating prefix chain script '/home/shaxpy/colcon_ws_AMR/install/setup.sh'
[2.521s] INFO:colcon.colcon_core.shell:Creating prefix script '/home/shaxpy/colcon_ws_AMR/install/local_setup.bash'
[2.521s] INFO:colcon.colcon_core.shell:Creating prefix chain script '/home/shaxpy/colcon_ws_AMR/install/setup.bash'
[2.522s] INFO:colcon.colcon_core.shell:Creating prefix script '/home/shaxpy/colcon_ws_AMR/install/local_setup.zsh'
[2.523s] INFO:colcon.colcon_core.shell:Creating prefix chain script '/home/shaxpy/colcon_ws_AMR/install/setup.zsh'
