[1.378s] Invoking command in '/home/shaxpy/colcon_ws_AMR/src/py_trees_ros': PYTHONPATH=/home/shaxpy/colcon_ws_AMR/build/py_trees_ros/prefix_override:/home/shaxpy/colcon_ws_AMR/install/py_trees_ros/lib/python3.8/site-packages:${PYTHONPATH} /usr/bin/python3 setup.py egg_info --egg-base ../../build/py_trees_ros build --build-base /home/shaxpy/colcon_ws_AMR/build/py_trees_ros/build install --record /home/shaxpy/colcon_ws_AMR/build/py_trees_ros/install.log --single-version-externally-managed
[1.589s] running egg_info
[1.590s] creating ../../build/py_trees_ros/py_trees_ros.egg-info
[1.590s] writing ../../build/py_trees_ros/py_trees_ros.egg-info/PKG-INFO
[1.590s] writing dependency_links to ../../build/py_trees_ros/py_trees_ros.egg-info/dependency_links.txt
[1.590s] writing entry points to ../../build/py_trees_ros/py_trees_ros.egg-info/entry_points.txt
[1.590s] writing top-level names to ../../build/py_trees_ros/py_trees_ros.egg-info/top_level.txt
[1.599s] writing manifest file '../../build/py_trees_ros/py_trees_ros.egg-info/SOURCES.txt'
[1.631s] reading manifest file '../../build/py_trees_ros/py_trees_ros.egg-info/SOURCES.txt'
[1.632s] writing manifest file '../../build/py_trees_ros/py_trees_ros.egg-info/SOURCES.txt'
[1.632s] running build
[1.632s] running build_py
[1.632s] creating /home/shaxpy/colcon_ws_AMR/build/py_trees_ros/build
[1.633s] creating /home/shaxpy/colcon_ws_AMR/build/py_trees_ros/build/lib
[1.633s] creating /home/shaxpy/colcon_ws_AMR/build/py_trees_ros/build/lib/py_trees_ros
[1.633s] copying py_trees_ros/conversions.py -> /home/shaxpy/colcon_ws_AMR/build/py_trees_ros/build/lib/py_trees_ros
[1.633s] copying py_trees_ros/visitors.py -> /home/shaxpy/colcon_ws_AMR/build/py_trees_ros/build/lib/py_trees_ros
[1.633s] copying py_trees_ros/transforms.py -> /home/shaxpy/colcon_ws_AMR/build/py_trees_ros/build/lib/py_trees_ros
[1.633s] copying py_trees_ros/battery.py -> /home/shaxpy/colcon_ws_AMR/build/py_trees_ros/build/lib/py_trees_ros
[1.633s] copying py_trees_ros/__init__.py -> /home/shaxpy/colcon_ws_AMR/build/py_trees_ros/build/lib/py_trees_ros
[1.633s] copying py_trees_ros/actions.py -> /home/shaxpy/colcon_ws_AMR/build/py_trees_ros/build/lib/py_trees_ros
[1.633s] copying py_trees_ros/trees.py -> /home/shaxpy/colcon_ws_AMR/build/py_trees_ros/build/lib/py_trees_ros
[1.634s] copying py_trees_ros/blackboard.py -> /home/shaxpy/colcon_ws_AMR/build/py_trees_ros/build/lib/py_trees_ros
[1.634s] copying py_trees_ros/subscribers.py -> /home/shaxpy/colcon_ws_AMR/build/py_trees_ros/build/lib/py_trees_ros
[1.634s] copying py_trees_ros/utilities.py -> /home/shaxpy/colcon_ws_AMR/build/py_trees_ros/build/lib/py_trees_ros
[1.634s] copying py_trees_ros/version.py -> /home/shaxpy/colcon_ws_AMR/build/py_trees_ros/build/lib/py_trees_ros
[1.635s] copying py_trees_ros/action_clients.py -> /home/shaxpy/colcon_ws_AMR/build/py_trees_ros/build/lib/py_trees_ros
[1.635s] copying py_trees_ros/publishers.py -> /home/shaxpy/colcon_ws_AMR/build/py_trees_ros/build/lib/py_trees_ros
[1.635s] copying py_trees_ros/exceptions.py -> /home/shaxpy/colcon_ws_AMR/build/py_trees_ros/build/lib/py_trees_ros
[1.635s] creating /home/shaxpy/colcon_ws_AMR/build/py_trees_ros/build/lib/py_trees_ros/programs
[1.635s] copying py_trees_ros/programs/blackboard_watcher.py -> /home/shaxpy/colcon_ws_AMR/build/py_trees_ros/build/lib/py_trees_ros/programs
[1.636s] copying py_trees_ros/programs/__init__.py -> /home/shaxpy/colcon_ws_AMR/build/py_trees_ros/build/lib/py_trees_ros/programs
[1.636s] copying py_trees_ros/programs/echo.py -> /home/shaxpy/colcon_ws_AMR/build/py_trees_ros/build/lib/py_trees_ros/programs
[1.636s] copying py_trees_ros/programs/tree_watcher.py -> /home/shaxpy/colcon_ws_AMR/build/py_trees_ros/build/lib/py_trees_ros/programs
[1.636s] copying py_trees_ros/programs/multi_talker.py -> /home/shaxpy/colcon_ws_AMR/build/py_trees_ros/build/lib/py_trees_ros/programs
[1.636s] creating /home/shaxpy/colcon_ws_AMR/build/py_trees_ros/build/lib/py_trees_ros/mock
[1.637s] copying py_trees_ros/mock/__init__.py -> /home/shaxpy/colcon_ws_AMR/build/py_trees_ros/build/lib/py_trees_ros/mock
[1.637s] copying py_trees_ros/mock/actions.py -> /home/shaxpy/colcon_ws_AMR/build/py_trees_ros/build/lib/py_trees_ros/mock
[1.637s] copying py_trees_ros/mock/dock.py -> /home/shaxpy/colcon_ws_AMR/build/py_trees_ros/build/lib/py_trees_ros/mock
[1.638s] running install
[1.639s] running install_lib
[1.640s] creating /home/shaxpy/colcon_ws_AMR/install/py_trees_ros/lib/python3.8/site-packages/py_trees_ros
[1.640s] copying /home/shaxpy/colcon_ws_AMR/build/py_trees_ros/build/lib/py_trees_ros/conversions.py -> /home/shaxpy/colcon_ws_AMR/install/py_trees_ros/lib/python3.8/site-packages/py_trees_ros
[1.641s] creating /home/shaxpy/colcon_ws_AMR/install/py_trees_ros/lib/python3.8/site-packages/py_trees_ros/programs
[1.641s] copying /home/shaxpy/colcon_ws_AMR/build/py_trees_ros/build/lib/py_trees_ros/programs/blackboard_watcher.py -> /home/shaxpy/colcon_ws_AMR/install/py_trees_ros/lib/python3.8/site-packages/py_trees_ros/programs
[1.641s] copying /home/shaxpy/colcon_ws_AMR/build/py_trees_ros/build/lib/py_trees_ros/programs/__init__.py -> /home/shaxpy/colcon_ws_AMR/install/py_trees_ros/lib/python3.8/site-packages/py_trees_ros/programs
[1.641s] copying /home/shaxpy/colcon_ws_AMR/build/py_trees_ros/build/lib/py_trees_ros/programs/echo.py -> /home/shaxpy/colcon_ws_AMR/install/py_trees_ros/lib/python3.8/site-packages/py_trees_ros/programs
[1.641s] copying /home/shaxpy/colcon_ws_AMR/build/py_trees_ros/build/lib/py_trees_ros/programs/tree_watcher.py -> /home/shaxpy/colcon_ws_AMR/install/py_trees_ros/lib/python3.8/site-packages/py_trees_ros/programs
[1.641s] copying /home/shaxpy/colcon_ws_AMR/build/py_trees_ros/build/lib/py_trees_ros/programs/multi_talker.py -> /home/shaxpy/colcon_ws_AMR/install/py_trees_ros/lib/python3.8/site-packages/py_trees_ros/programs
[1.641s] copying /home/shaxpy/colcon_ws_AMR/build/py_trees_ros/build/lib/py_trees_ros/visitors.py -> /home/shaxpy/colcon_ws_AMR/install/py_trees_ros/lib/python3.8/site-packages/py_trees_ros
[1.642s] copying /home/shaxpy/colcon_ws_AMR/build/py_trees_ros/build/lib/py_trees_ros/transforms.py -> /home/shaxpy/colcon_ws_AMR/install/py_trees_ros/lib/python3.8/site-packages/py_trees_ros
[1.642s] copying /home/shaxpy/colcon_ws_AMR/build/py_trees_ros/build/lib/py_trees_ros/battery.py -> /home/shaxpy/colcon_ws_AMR/install/py_trees_ros/lib/python3.8/site-packages/py_trees_ros
[1.642s] copying /home/shaxpy/colcon_ws_AMR/build/py_trees_ros/build/lib/py_trees_ros/__init__.py -> /home/shaxpy/colcon_ws_AMR/install/py_trees_ros/lib/python3.8/site-packages/py_trees_ros
[1.642s] copying /home/shaxpy/colcon_ws_AMR/build/py_trees_ros/build/lib/py_trees_ros/actions.py -> /home/shaxpy/colcon_ws_AMR/install/py_trees_ros/lib/python3.8/site-packages/py_trees_ros
[1.642s] copying /home/shaxpy/colcon_ws_AMR/build/py_trees_ros/build/lib/py_trees_ros/trees.py -> /home/shaxpy/colcon_ws_AMR/install/py_trees_ros/lib/python3.8/site-packages/py_trees_ros
[1.642s] copying /home/shaxpy/colcon_ws_AMR/build/py_trees_ros/build/lib/py_trees_ros/blackboard.py -> /home/shaxpy/colcon_ws_AMR/install/py_trees_ros/lib/python3.8/site-packages/py_trees_ros
[1.642s] copying /home/shaxpy/colcon_ws_AMR/build/py_trees_ros/build/lib/py_trees_ros/subscribers.py -> /home/shaxpy/colcon_ws_AMR/install/py_trees_ros/lib/python3.8/site-packages/py_trees_ros
[1.642s] creating /home/shaxpy/colcon_ws_AMR/install/py_trees_ros/lib/python3.8/site-packages/py_trees_ros/mock
[1.643s] copying /home/shaxpy/colcon_ws_AMR/build/py_trees_ros/build/lib/py_trees_ros/mock/__init__.py -> /home/shaxpy/colcon_ws_AMR/install/py_trees_ros/lib/python3.8/site-packages/py_trees_ros/mock
[1.643s] copying /home/shaxpy/colcon_ws_AMR/build/py_trees_ros/build/lib/py_trees_ros/mock/actions.py -> /home/shaxpy/colcon_ws_AMR/install/py_trees_ros/lib/python3.8/site-packages/py_trees_ros/mock
[1.643s] copying /home/shaxpy/colcon_ws_AMR/build/py_trees_ros/build/lib/py_trees_ros/mock/dock.py -> /home/shaxpy/colcon_ws_AMR/install/py_trees_ros/lib/python3.8/site-packages/py_trees_ros/mock
[1.643s] copying /home/shaxpy/colcon_ws_AMR/build/py_trees_ros/build/lib/py_trees_ros/utilities.py -> /home/shaxpy/colcon_ws_AMR/install/py_trees_ros/lib/python3.8/site-packages/py_trees_ros
[1.643s] copying /home/shaxpy/colcon_ws_AMR/build/py_trees_ros/build/lib/py_trees_ros/version.py -> /home/shaxpy/colcon_ws_AMR/install/py_trees_ros/lib/python3.8/site-packages/py_trees_ros
[1.643s] copying /home/shaxpy/colcon_ws_AMR/build/py_trees_ros/build/lib/py_trees_ros/action_clients.py -> /home/shaxpy/colcon_ws_AMR/install/py_trees_ros/lib/python3.8/site-packages/py_trees_ros
[1.643s] copying /home/shaxpy/colcon_ws_AMR/build/py_trees_ros/build/lib/py_trees_ros/publishers.py -> /home/shaxpy/colcon_ws_AMR/install/py_trees_ros/lib/python3.8/site-packages/py_trees_ros
[1.643s] copying /home/shaxpy/colcon_ws_AMR/build/py_trees_ros/build/lib/py_trees_ros/exceptions.py -> /home/shaxpy/colcon_ws_AMR/install/py_trees_ros/lib/python3.8/site-packages/py_trees_ros
[1.644s] byte-compiling /home/shaxpy/colcon_ws_AMR/install/py_trees_ros/lib/python3.8/site-packages/py_trees_ros/conversions.py to conversions.cpython-38.pyc
[1.646s] byte-compiling /home/shaxpy/colcon_ws_AMR/install/py_trees_ros/lib/python3.8/site-packages/py_trees_ros/programs/blackboard_watcher.py to blackboard_watcher.cpython-38.pyc
[1.647s] byte-compiling /home/shaxpy/colcon_ws_AMR/install/py_trees_ros/lib/python3.8/site-packages/py_trees_ros/programs/__init__.py to __init__.cpython-38.pyc
[1.647s] byte-compiling /home/shaxpy/colcon_ws_AMR/install/py_trees_ros/lib/python3.8/site-packages/py_trees_ros/programs/echo.py to echo.cpython-38.pyc
[1.648s] byte-compiling /home/shaxpy/colcon_ws_AMR/install/py_trees_ros/lib/python3.8/site-packages/py_trees_ros/programs/tree_watcher.py to tree_watcher.cpython-38.pyc
[1.649s] byte-compiling /home/shaxpy/colcon_ws_AMR/install/py_trees_ros/lib/python3.8/site-packages/py_trees_ros/programs/multi_talker.py to multi_talker.cpython-38.pyc
[1.649s] byte-compiling /home/shaxpy/colcon_ws_AMR/install/py_trees_ros/lib/python3.8/site-packages/py_trees_ros/visitors.py to visitors.cpython-38.pyc
[1.649s] byte-compiling /home/shaxpy/colcon_ws_AMR/install/py_trees_ros/lib/python3.8/site-packages/py_trees_ros/transforms.py to transforms.cpython-38.pyc
[1.650s] byte-compiling /home/shaxpy/colcon_ws_AMR/install/py_trees_ros/lib/python3.8/site-packages/py_trees_ros/battery.py to battery.cpython-38.pyc
[1.650s] byte-compiling /home/shaxpy/colcon_ws_AMR/install/py_trees_ros/lib/python3.8/site-packages/py_trees_ros/__init__.py to __init__.cpython-38.pyc
[1.651s] byte-compiling /home/shaxpy/colcon_ws_AMR/install/py_trees_ros/lib/python3.8/site-packages/py_trees_ros/actions.py to actions.cpython-38.pyc
[1.651s] byte-compiling /home/shaxpy/colcon_ws_AMR/install/py_trees_ros/lib/python3.8/site-packages/py_trees_ros/trees.py to trees.cpython-38.pyc
[1.655s] byte-compiling /home/shaxpy/colcon_ws_AMR/install/py_trees_ros/lib/python3.8/site-packages/py_trees_ros/blackboard.py to blackboard.cpython-38.pyc
[1.656s] byte-compiling /home/shaxpy/colcon_ws_AMR/install/py_trees_ros/lib/python3.8/site-packages/py_trees_ros/subscribers.py to subscribers.cpython-38.pyc
[1.657s] byte-compiling /home/shaxpy/colcon_ws_AMR/install/py_trees_ros/lib/python3.8/site-packages/py_trees_ros/mock/__init__.py to __init__.cpython-38.pyc
[1.658s] byte-compiling /home/shaxpy/colcon_ws_AMR/install/py_trees_ros/lib/python3.8/site-packages/py_trees_ros/mock/actions.py to actions.cpython-38.pyc
[1.658s] byte-compiling /home/shaxpy/colcon_ws_AMR/install/py_trees_ros/lib/python3.8/site-packages/py_trees_ros/mock/dock.py to dock.cpython-38.pyc
[1.659s] byte-compiling /home/shaxpy/colcon_ws_AMR/install/py_trees_ros/lib/python3.8/site-packages/py_trees_ros/utilities.py to utilities.cpython-38.pyc
[1.659s] byte-compiling /home/shaxpy/colcon_ws_AMR/install/py_trees_ros/lib/python3.8/site-packages/py_trees_ros/version.py to version.cpython-38.pyc
[1.660s] byte-compiling /home/shaxpy/colcon_ws_AMR/install/py_trees_ros/lib/python3.8/site-packages/py_trees_ros/action_clients.py to action_clients.cpython-38.pyc
[1.661s] byte-compiling /home/shaxpy/colcon_ws_AMR/install/py_trees_ros/lib/python3.8/site-packages/py_trees_ros/publishers.py to publishers.cpython-38.pyc
[1.661s] byte-compiling /home/shaxpy/colcon_ws_AMR/install/py_trees_ros/lib/python3.8/site-packages/py_trees_ros/exceptions.py to exceptions.cpython-38.pyc
[1.661s] running install_data
[1.662s] copying package.xml -> /home/shaxpy/colcon_ws_AMR/install/py_trees_ros/share/py_trees_ros
[1.662s] creating /home/shaxpy/colcon_ws_AMR/install/py_trees_ros/share/ament_index
[1.662s] creating /home/shaxpy/colcon_ws_AMR/install/py_trees_ros/share/ament_index/resource_index
[1.662s] creating /home/shaxpy/colcon_ws_AMR/install/py_trees_ros/share/ament_index/resource_index/packages
[1.662s] copying resources/py_trees_ros -> /home/shaxpy/colcon_ws_AMR/install/py_trees_ros/share/ament_index/resource_index/packages
[1.662s] running install_egg_info
[1.663s] Copying ../../build/py_trees_ros/py_trees_ros.egg-info to /home/shaxpy/colcon_ws_AMR/install/py_trees_ros/lib/python3.8/site-packages/py_trees_ros-2.2.2-py3.8.egg-info
[1.664s] running install_scripts
[1.678s] Installing py-trees-blackboard-watcher script to /home/shaxpy/colcon_ws_AMR/install/py_trees_ros/bin
[1.679s] Installing py-trees-tree-watcher script to /home/shaxpy/colcon_ws_AMR/install/py_trees_ros/bin
[1.679s] writing list of installed files to '/home/shaxpy/colcon_ws_AMR/build/py_trees_ros/install.log'
[1.707s] Invoked command in '/home/shaxpy/colcon_ws_AMR/src/py_trees_ros' returned '0': PYTHONPATH=/home/shaxpy/colcon_ws_AMR/build/py_trees_ros/prefix_override:/home/shaxpy/colcon_ws_AMR/install/py_trees_ros/lib/python3.8/site-packages:${PYTHONPATH} /usr/bin/python3 setup.py egg_info --egg-base ../../build/py_trees_ros build --build-base /home/shaxpy/colcon_ws_AMR/build/py_trees_ros/build install --record /home/shaxpy/colcon_ws_AMR/build/py_trees_ros/install.log --single-version-externally-managed
