[1.705s] Invoking command in '/home/shaxpy/colcon_ws_AMR/src/Robile/robile_demos/robile_new': PYTHONPATH=/home/shaxpy/colcon_ws_AMR/build/robile_new/prefix_override:/home/shaxpy/colcon_ws_AMR/install/robile_new/lib/python3.8/site-packages:${PYTHONPATH} /usr/bin/python3 setup.py egg_info --egg-base ../../../../build/robile_new build --build-base /home/shaxpy/colcon_ws_AMR/build/robile_new/build install --record /home/shaxpy/colcon_ws_AMR/build/robile_new/install.log --single-version-externally-managed
[1.955s] running egg_info
[1.956s] writing ../../../../build/robile_new/robile_new.egg-info/PKG-INFO
[1.956s] writing dependency_links to ../../../../build/robile_new/robile_new.egg-info/dependency_links.txt
[1.957s] writing entry points to ../../../../build/robile_new/robile_new.egg-info/entry_points.txt
[1.957s] writing requirements to ../../../../build/robile_new/robile_new.egg-info/requires.txt
[1.957s] writing top-level names to ../../../../build/robile_new/robile_new.egg-info/top_level.txt
[2.003s] reading manifest file '../../../../build/robile_new/robile_new.egg-info/SOURCES.txt'
[2.003s] writing manifest file '../../../../build/robile_new/robile_new.egg-info/SOURCES.txt'
[2.003s] running build
[2.003s] running build_py
[2.003s] running install
[2.004s] running install_lib
[2.006s] running install_data
[2.006s] running install_egg_info
[2.008s] removing '/home/shaxpy/colcon_ws_AMR/install/robile_new/lib/python3.8/site-packages/robile_new-0.0.0-py3.8.egg-info' (and everything under it)
[2.009s] Copying ../../../../build/robile_new/robile_new.egg-info to /home/shaxpy/colcon_ws_AMR/install/robile_new/lib/python3.8/site-packages/robile_new-0.0.0-py3.8.egg-info
[2.009s] running install_scripts
[2.029s] Installing motion_publisher script to /home/shaxpy/colcon_ws_AMR/install/robile_new/lib/robile_new
[2.029s] writing list of installed files to '/home/shaxpy/colcon_ws_AMR/build/robile_new/install.log'
[2.047s] Invoked command in '/home/shaxpy/colcon_ws_AMR/src/Robile/robile_demos/robile_new' returned '0': PYTHONPATH=/home/shaxpy/colcon_ws_AMR/build/robile_new/prefix_override:/home/shaxpy/colcon_ws_AMR/install/robile_new/lib/python3.8/site-packages:${PYTHONPATH} /usr/bin/python3 setup.py egg_info --egg-base ../../../../build/robile_new build --build-base /home/shaxpy/colcon_ws_AMR/build/robile_new/build install --record /home/shaxpy/colcon_ws_AMR/build/robile_new/install.log --single-version-externally-managed
