[1.773s] Invoking command in '/home/shaxpy/colcon_ws_AMR/src/py_trees_ros': PYTHONPATH=/home/shaxpy/colcon_ws_AMR/build/py_trees_ros/prefix_override:/home/shaxpy/colcon_ws_AMR/install/py_trees_ros/lib/python3.8/site-packages:${PYTHONPATH} /usr/bin/python3 setup.py egg_info --egg-base ../../build/py_trees_ros build --build-base /home/shaxpy/colcon_ws_AMR/build/py_trees_ros/build install --record /home/shaxpy/colcon_ws_AMR/build/py_trees_ros/install.log --single-version-externally-managed
[1.995s] running egg_info
[1.996s] writing ../../build/py_trees_ros/py_trees_ros.egg-info/PKG-INFO
[1.997s] writing dependency_links to ../../build/py_trees_ros/py_trees_ros.egg-info/dependency_links.txt
[1.997s] writing entry points to ../../build/py_trees_ros/py_trees_ros.egg-info/entry_points.txt
[1.998s] writing top-level names to ../../build/py_trees_ros/py_trees_ros.egg-info/top_level.txt
[2.028s] reading manifest file '../../build/py_trees_ros/py_trees_ros.egg-info/SOURCES.txt'
[2.029s] writing manifest file '../../build/py_trees_ros/py_trees_ros.egg-info/SOURCES.txt'
[2.029s] running build
[2.029s] running build_py
[2.030s] running install
[2.031s] running install_lib
[2.032s] running install_data
[2.033s] running install_egg_info
[2.035s] removing '/home/shaxpy/colcon_ws_AMR/install/py_trees_ros/lib/python3.8/site-packages/py_trees_ros-2.2.2-py3.8.egg-info' (and everything under it)
[2.035s] Copying ../../build/py_trees_ros/py_trees_ros.egg-info to /home/shaxpy/colcon_ws_AMR/install/py_trees_ros/lib/python3.8/site-packages/py_trees_ros-2.2.2-py3.8.egg-info
[2.035s] running install_scripts
[2.050s] Installing py-trees-blackboard-watcher script to /home/shaxpy/colcon_ws_AMR/install/py_trees_ros/bin
[2.051s] Installing py-trees-tree-watcher script to /home/shaxpy/colcon_ws_AMR/install/py_trees_ros/bin
[2.051s] writing list of installed files to '/home/shaxpy/colcon_ws_AMR/build/py_trees_ros/install.log'
[2.073s] Invoked command in '/home/shaxpy/colcon_ws_AMR/src/py_trees_ros' returned '0': PYTHONPATH=/home/shaxpy/colcon_ws_AMR/build/py_trees_ros/prefix_override:/home/shaxpy/colcon_ws_AMR/install/py_trees_ros/lib/python3.8/site-packages:${PYTHONPATH} /usr/bin/python3 setup.py egg_info --egg-base ../../build/py_trees_ros build --build-base /home/shaxpy/colcon_ws_AMR/build/py_trees_ros/build install --record /home/shaxpy/colcon_ws_AMR/build/py_trees_ros/install.log --single-version-externally-managed
