[0.075s] Invoking command in '/home/shaxpy/colcon_ws_AMR/build/kelo_tulip': CMAKE_PREFIX_PATH=${CMAKE_PREFIX_PATH}:/home/shaxpy/colcon_ws_AMR/install/robile_reach_goal:/home/shaxpy/colcon_ws_AMR/install/robile_control_square:/home/shaxpy/colcon_ws_AMR/install/robile_control_simple:/home/shaxpy/colcon_ws_AMR/install/py_trees_ros:/opt/ros/rolling /usr/bin/cmake --build /home/shaxpy/colcon_ws_AMR/build/kelo_tulip -- -j12 -l12
[0.947s] [ 30%] Built target tulip_velocity_controller
[0.947s] [ 75%] Built target soem
[0.947s] [100%] Built target platform_driver
[0.950s] Invoked command in '/home/shaxpy/colcon_ws_AMR/build/kelo_tulip' returned '0': CMAKE_PREFIX_PATH=${CMAKE_PREFIX_PATH}:/home/shaxpy/colcon_ws_AMR/install/robile_reach_goal:/home/shaxpy/colcon_ws_AMR/install/robile_control_square:/home/shaxpy/colcon_ws_AMR/install/robile_control_simple:/home/shaxpy/colcon_ws_AMR/install/py_trees_ros:/opt/ros/rolling /usr/bin/cmake --build /home/shaxpy/colcon_ws_AMR/build/kelo_tulip -- -j12 -l12
[0.976s] Invoking command in '/home/shaxpy/colcon_ws_AMR/build/kelo_tulip': CMAKE_PREFIX_PATH=${CMAKE_PREFIX_PATH}:/home/shaxpy/colcon_ws_AMR/install/robile_reach_goal:/home/shaxpy/colcon_ws_AMR/install/robile_control_square:/home/shaxpy/colcon_ws_AMR/install/robile_control_simple:/home/shaxpy/colcon_ws_AMR/install/py_trees_ros:/opt/ros/rolling /usr/bin/cmake --install /home/shaxpy/colcon_ws_AMR/build/kelo_tulip
[0.998s] -- Install configuration: ""
[0.999s] -- Up-to-date: /home/shaxpy/colcon_ws_AMR/install/kelo_tulip/lib/kelo_tulip/platform_driver
[0.999s] -- Up-to-date: /home/shaxpy/colcon_ws_AMR/install/kelo_tulip/lib/libtulip_velocity_controller.a
[0.999s] -- Up-to-date: /home/shaxpy/colcon_ws_AMR/install/kelo_tulip/include
[0.999s] -- Up-to-date: /home/shaxpy/colcon_ws_AMR/install/kelo_tulip/include/kelo_tulip
[0.999s] -- Up-to-date: /home/shaxpy/colcon_ws_AMR/install/kelo_tulip/include/kelo_tulip/EtherCATModule.h
[1.002s] -- Up-to-date: /home/shaxpy/colcon_ws_AMR/install/kelo_tulip/include/kelo_tulip/modules
[1.002s] -- Up-to-date: /home/shaxpy/colcon_ws_AMR/install/kelo_tulip/include/kelo_tulip/modules/RobileMasterBattery.h
[1.003s] -- Up-to-date: /home/shaxpy/colcon_ws_AMR/install/kelo_tulip/include/kelo_tulip/KeloDriveAPI.h
[1.003s] -- Up-to-date: /home/shaxpy/colcon_ws_AMR/install/kelo_tulip/include/kelo_tulip/VelocityPlatformController.h
[1.003s] -- Up-to-date: /home/shaxpy/colcon_ws_AMR/install/kelo_tulip/include/kelo_tulip/Utils.h
[1.004s] -- Up-to-date: /home/shaxpy/colcon_ws_AMR/install/kelo_tulip/include/kelo_tulip/WheelConfig.h
[1.007s] -- Up-to-date: /home/shaxpy/colcon_ws_AMR/install/kelo_tulip/include/kelo_tulip/Structs.h
[1.008s] -- Up-to-date: /home/shaxpy/colcon_ws_AMR/install/kelo_tulip/include/kelo_tulip/PlatformDriver.h
[1.008s] -- Up-to-date: /home/shaxpy/colcon_ws_AMR/install/kelo_tulip/include/kelo_tulip/soem
[1.008s] -- Up-to-date: /home/shaxpy/colcon_ws_AMR/install/kelo_tulip/include/kelo_tulip/soem/ethercatdc.h
[1.009s] -- Up-to-date: /home/shaxpy/colcon_ws_AMR/install/kelo_tulip/include/kelo_tulip/soem/ethercatsoe.h
[1.009s] -- Up-to-date: /home/shaxpy/colcon_ws_AMR/install/kelo_tulip/include/kelo_tulip/soem/ethercateoe.h
[1.010s] -- Up-to-date: /home/shaxpy/colcon_ws_AMR/install/kelo_tulip/include/kelo_tulip/soem/ethercatconfiglist.h
[1.010s] -- Up-to-date: /home/shaxpy/colcon_ws_AMR/install/kelo_tulip/include/kelo_tulip/soem/ethercatmain.h
[1.010s] -- Up-to-date: /home/shaxpy/colcon_ws_AMR/install/kelo_tulip/include/kelo_tulip/soem/ethercatcoe.h
[1.010s] -- Up-to-date: /home/shaxpy/colcon_ws_AMR/install/kelo_tulip/include/kelo_tulip/soem/ethercat.h
[1.011s] -- Up-to-date: /home/shaxpy/colcon_ws_AMR/install/kelo_tulip/include/kelo_tulip/soem/ethercatconfig.h
[1.011s] -- Up-to-date: /home/shaxpy/colcon_ws_AMR/install/kelo_tulip/include/kelo_tulip/soem/oshw
[1.011s] -- Up-to-date: /home/shaxpy/colcon_ws_AMR/install/kelo_tulip/include/kelo_tulip/soem/oshw/rtems
[1.013s] -- Up-to-date: /home/shaxpy/colcon_ws_AMR/install/kelo_tulip/include/kelo_tulip/soem/oshw/rtems/nicdrv.c
[1.013s] -- Up-to-date: /home/shaxpy/colcon_ws_AMR/install/kelo_tulip/include/kelo_tulip/soem/oshw/rtems/oshw.h
[1.013s] -- Up-to-date: /home/shaxpy/colcon_ws_AMR/install/kelo_tulip/include/kelo_tulip/soem/oshw/rtems/nicdrv.h
[1.014s] -- Up-to-date: /home/shaxpy/colcon_ws_AMR/install/kelo_tulip/include/kelo_tulip/soem/oshw/rtems/oshw.c
[1.014s] -- Up-to-date: /home/shaxpy/colcon_ws_AMR/install/kelo_tulip/include/kelo_tulip/soem/oshw/linux
[1.014s] -- Up-to-date: /home/shaxpy/colcon_ws_AMR/install/kelo_tulip/include/kelo_tulip/soem/oshw/linux/nicdrv.c
[1.019s] -- Up-to-date: /home/shaxpy/colcon_ws_AMR/install/kelo_tulip/include/kelo_tulip/soem/oshw/linux/oshw.h
[1.019s] -- Up-to-date: /home/shaxpy/colcon_ws_AMR/install/kelo_tulip/include/kelo_tulip/soem/oshw/linux/nicdrv.h
[1.019s] -- Up-to-date: /home/shaxpy/colcon_ws_AMR/install/kelo_tulip/include/kelo_tulip/soem/oshw/linux/oshw.c
[1.020s] -- Up-to-date: /home/shaxpy/colcon_ws_AMR/install/kelo_tulip/include/kelo_tulip/soem/oshw/intime
[1.020s] -- Up-to-date: /home/shaxpy/colcon_ws_AMR/install/kelo_tulip/include/kelo_tulip/soem/oshw/intime/nicdrv.c
[1.020s] -- Up-to-date: /home/shaxpy/colcon_ws_AMR/install/kelo_tulip/include/kelo_tulip/soem/oshw/intime/oshw.h
[1.020s] -- Up-to-date: /home/shaxpy/colcon_ws_AMR/install/kelo_tulip/include/kelo_tulip/soem/oshw/intime/nicdrv.h
[1.020s] -- Up-to-date: /home/shaxpy/colcon_ws_AMR/install/kelo_tulip/include/kelo_tulip/soem/oshw/intime/oshw.c
[1.020s] -- Up-to-date: /home/shaxpy/colcon_ws_AMR/install/kelo_tulip/include/kelo_tulip/soem/oshw/win32
[1.021s] -- Up-to-date: /home/shaxpy/colcon_ws_AMR/install/kelo_tulip/include/kelo_tulip/soem/oshw/win32/wpcap
[1.021s] -- Up-to-date: /home/shaxpy/colcon_ws_AMR/install/kelo_tulip/include/kelo_tulip/soem/oshw/win32/wpcap/Include
[1.021s] -- Up-to-date: /home/shaxpy/colcon_ws_AMR/install/kelo_tulip/include/kelo_tulip/soem/oshw/win32/wpcap/Include/pcap.h
[1.021s] -- Up-to-date: /home/shaxpy/colcon_ws_AMR/install/kelo_tulip/include/kelo_tulip/soem/oshw/win32/wpcap/Include/bittypes.h
[1.021s] -- Up-to-date: /home/shaxpy/colcon_ws_AMR/install/kelo_tulip/include/kelo_tulip/soem/oshw/win32/wpcap/Include/pcap
[1.021s] -- Up-to-date: /home/shaxpy/colcon_ws_AMR/install/kelo_tulip/include/kelo_tulip/soem/oshw/win32/wpcap/Include/pcap/pcap.h
[1.021s] -- Up-to-date: /home/shaxpy/colcon_ws_AMR/install/kelo_tulip/include/kelo_tulip/soem/oshw/win32/wpcap/Include/pcap/namedb.h
[1.022s] -- Up-to-date: /home/shaxpy/colcon_ws_AMR/install/kelo_tulip/include/kelo_tulip/soem/oshw/win32/wpcap/Include/pcap/sll.h
[1.022s] -- Up-to-date: /home/shaxpy/colcon_ws_AMR/install/kelo_tulip/include/kelo_tulip/soem/oshw/win32/wpcap/Include/pcap/usb.h
[1.022s] -- Up-to-date: /home/shaxpy/colcon_ws_AMR/install/kelo_tulip/include/kelo_tulip/soem/oshw/win32/wpcap/Include/pcap/vlan.h
[1.022s] -- Up-to-date: /home/shaxpy/colcon_ws_AMR/install/kelo_tulip/include/kelo_tulip/soem/oshw/win32/wpcap/Include/pcap/bpf.h
[1.022s] -- Up-to-date: /home/shaxpy/colcon_ws_AMR/install/kelo_tulip/include/kelo_tulip/soem/oshw/win32/wpcap/Include/pcap/bluetooth.h
[1.022s] -- Up-to-date: /home/shaxpy/colcon_ws_AMR/install/kelo_tulip/include/kelo_tulip/soem/oshw/win32/wpcap/Include/Packet32.h
[1.022s] -- Up-to-date: /home/shaxpy/colcon_ws_AMR/install/kelo_tulip/include/kelo_tulip/soem/oshw/win32/wpcap/Include/pcap-bpf.h
[1.023s] -- Up-to-date: /home/shaxpy/colcon_ws_AMR/install/kelo_tulip/include/kelo_tulip/soem/oshw/win32/wpcap/Include/remote-ext.h
[1.023s] -- Up-to-date: /home/shaxpy/colcon_ws_AMR/install/kelo_tulip/include/kelo_tulip/soem/oshw/win32/wpcap/Include/ip6_misc.h
[1.023s] -- Up-to-date: /home/shaxpy/colcon_ws_AMR/install/kelo_tulip/include/kelo_tulip/soem/oshw/win32/wpcap/Include/Win32-Extensions.h
[1.023s] -- Up-to-date: /home/shaxpy/colcon_ws_AMR/install/kelo_tulip/include/kelo_tulip/soem/oshw/win32/wpcap/Include/pcap-stdinc.h
[1.023s] -- Up-to-date: /home/shaxpy/colcon_ws_AMR/install/kelo_tulip/include/kelo_tulip/soem/oshw/win32/wpcap/Include/pcap-namedb.h
[1.023s] -- Up-to-date: /home/shaxpy/colcon_ws_AMR/install/kelo_tulip/include/kelo_tulip/soem/oshw/win32/wpcap/Lib
[1.023s] -- Up-to-date: /home/shaxpy/colcon_ws_AMR/install/kelo_tulip/include/kelo_tulip/soem/oshw/win32/wpcap/Lib/libwpcap.a
[1.027s] -- Up-to-date: /home/shaxpy/colcon_ws_AMR/install/kelo_tulip/include/kelo_tulip/soem/oshw/win32/wpcap/Lib/x64
[1.027s] -- Up-to-date: /home/shaxpy/colcon_ws_AMR/install/kelo_tulip/include/kelo_tulip/soem/oshw/win32/wpcap/Lib/x64/wpcap.lib
[1.028s] -- Up-to-date: /home/shaxpy/colcon_ws_AMR/install/kelo_tulip/include/kelo_tulip/soem/oshw/win32/wpcap/Lib/x64/Packet.lib
[1.028s] -- Up-to-date: /home/shaxpy/colcon_ws_AMR/install/kelo_tulip/include/kelo_tulip/soem/oshw/win32/wpcap/Lib/wpcap.lib
[1.028s] -- Up-to-date: /home/shaxpy/colcon_ws_AMR/install/kelo_tulip/include/kelo_tulip/soem/oshw/win32/wpcap/Lib/Packet.lib
[1.029s] -- Up-to-date: /home/shaxpy/colcon_ws_AMR/install/kelo_tulip/include/kelo_tulip/soem/oshw/win32/wpcap/Lib/libpacket.a
[1.029s] -- Up-to-date: /home/shaxpy/colcon_ws_AMR/install/kelo_tulip/include/kelo_tulip/soem/oshw/win32/nicdrv.c
[1.029s] -- Up-to-date: /home/shaxpy/colcon_ws_AMR/install/kelo_tulip/include/kelo_tulip/soem/oshw/win32/oshw.h
[1.033s] -- Up-to-date: /home/shaxpy/colcon_ws_AMR/install/kelo_tulip/include/kelo_tulip/soem/oshw/win32/nicdrv.h
[1.034s] -- Up-to-date: /home/shaxpy/colcon_ws_AMR/install/kelo_tulip/include/kelo_tulip/soem/oshw/win32/oshw.c
[1.034s] -- Up-to-date: /home/shaxpy/colcon_ws_AMR/install/kelo_tulip/include/kelo_tulip/soem/oshw/rtk
[1.034s] -- Up-to-date: /home/shaxpy/colcon_ws_AMR/install/kelo_tulip/include/kelo_tulip/soem/oshw/rtk/fec
[1.035s] -- Up-to-date: /home/shaxpy/colcon_ws_AMR/install/kelo_tulip/include/kelo_tulip/soem/oshw/rtk/fec/fec_ecat.c
[1.035s] -- Up-to-date: /home/shaxpy/colcon_ws_AMR/install/kelo_tulip/include/kelo_tulip/soem/oshw/rtk/fec/fec_ecat.h
[1.035s] -- Up-to-date: /home/shaxpy/colcon_ws_AMR/install/kelo_tulip/include/kelo_tulip/soem/oshw/rtk/nicdrv.c
[1.035s] -- Up-to-date: /home/shaxpy/colcon_ws_AMR/install/kelo_tulip/include/kelo_tulip/soem/oshw/rtk/lw_mac
[1.035s] -- Up-to-date: /home/shaxpy/colcon_ws_AMR/install/kelo_tulip/include/kelo_tulip/soem/oshw/rtk/lw_mac/lw_emac.h
[1.036s] -- Up-to-date: /home/shaxpy/colcon_ws_AMR/install/kelo_tulip/include/kelo_tulip/soem/oshw/rtk/lw_mac/lw_emac.c
[1.036s] -- Up-to-date: /home/shaxpy/colcon_ws_AMR/install/kelo_tulip/include/kelo_tulip/soem/oshw/rtk/oshw.h
[1.036s] -- Up-to-date: /home/shaxpy/colcon_ws_AMR/install/kelo_tulip/include/kelo_tulip/soem/oshw/rtk/nicdrv.h
[1.036s] -- Up-to-date: /home/shaxpy/colcon_ws_AMR/install/kelo_tulip/include/kelo_tulip/soem/oshw/rtk/oshw.c
[1.036s] -- Up-to-date: /home/shaxpy/colcon_ws_AMR/install/kelo_tulip/include/kelo_tulip/soem/oshw/vxworks
[1.037s] -- Up-to-date: /home/shaxpy/colcon_ws_AMR/install/kelo_tulip/include/kelo_tulip/soem/oshw/vxworks/nicdrv.c
[1.038s] -- Up-to-date: /home/shaxpy/colcon_ws_AMR/install/kelo_tulip/include/kelo_tulip/soem/oshw/vxworks/oshw.h
[1.038s] -- Up-to-date: /home/shaxpy/colcon_ws_AMR/install/kelo_tulip/include/kelo_tulip/soem/oshw/vxworks/nicdrv.h
[1.039s] -- Up-to-date: /home/shaxpy/colcon_ws_AMR/install/kelo_tulip/include/kelo_tulip/soem/oshw/vxworks/oshw.c
[1.039s] -- Up-to-date: /home/shaxpy/colcon_ws_AMR/install/kelo_tulip/include/kelo_tulip/soem/ethercattype.h
[1.046s] -- Up-to-date: /home/shaxpy/colcon_ws_AMR/install/kelo_tulip/include/kelo_tulip/soem/ethercatbase.h
[1.046s] -- Up-to-date: /home/shaxpy/colcon_ws_AMR/install/kelo_tulip/include/kelo_tulip/soem/osal
[1.047s] -- Up-to-date: /home/shaxpy/colcon_ws_AMR/install/kelo_tulip/include/kelo_tulip/soem/osal/rtems
[1.047s] -- Up-to-date: /home/shaxpy/colcon_ws_AMR/install/kelo_tulip/include/kelo_tulip/soem/osal/rtems/osal_defs.h
[1.047s] -- Up-to-date: /home/shaxpy/colcon_ws_AMR/install/kelo_tulip/include/kelo_tulip/soem/osal/rtems/osal.c
[1.047s] -- Up-to-date: /home/shaxpy/colcon_ws_AMR/install/kelo_tulip/include/kelo_tulip/soem/osal/linux
[1.047s] -- Up-to-date: /home/shaxpy/colcon_ws_AMR/install/kelo_tulip/include/kelo_tulip/soem/osal/linux/osal_defs.h
[1.047s] -- Up-to-date: /home/shaxpy/colcon_ws_AMR/install/kelo_tulip/include/kelo_tulip/soem/osal/linux/osal.c
[1.048s] -- Up-to-date: /home/shaxpy/colcon_ws_AMR/install/kelo_tulip/include/kelo_tulip/soem/osal/intime
[1.048s] -- Up-to-date: /home/shaxpy/colcon_ws_AMR/install/kelo_tulip/include/kelo_tulip/soem/osal/intime/osal_defs.h
[1.048s] -- Up-to-date: /home/shaxpy/colcon_ws_AMR/install/kelo_tulip/include/kelo_tulip/soem/osal/intime/osal.c
[1.048s] -- Up-to-date: /home/shaxpy/colcon_ws_AMR/install/kelo_tulip/include/kelo_tulip/soem/osal/win32
[1.048s] -- Up-to-date: /home/shaxpy/colcon_ws_AMR/install/kelo_tulip/include/kelo_tulip/soem/osal/win32/inttypes.h
[1.048s] -- Up-to-date: /home/shaxpy/colcon_ws_AMR/install/kelo_tulip/include/kelo_tulip/soem/osal/win32/osal_win32.h
[1.048s] -- Up-to-date: /home/shaxpy/colcon_ws_AMR/install/kelo_tulip/include/kelo_tulip/soem/osal/win32/stdint.h
[1.049s] -- Up-to-date: /home/shaxpy/colcon_ws_AMR/install/kelo_tulip/include/kelo_tulip/soem/osal/win32/osal_defs.h
[1.049s] -- Up-to-date: /home/shaxpy/colcon_ws_AMR/install/kelo_tulip/include/kelo_tulip/soem/osal/win32/osal.c
[1.049s] -- Up-to-date: /home/shaxpy/colcon_ws_AMR/install/kelo_tulip/include/kelo_tulip/soem/osal/rtk
[1.049s] -- Up-to-date: /home/shaxpy/colcon_ws_AMR/install/kelo_tulip/include/kelo_tulip/soem/osal/rtk/osal_defs.h
[1.052s] -- Up-to-date: /home/shaxpy/colcon_ws_AMR/install/kelo_tulip/include/kelo_tulip/soem/osal/rtk/osal.c
[1.052s] -- Up-to-date: /home/shaxpy/colcon_ws_AMR/install/kelo_tulip/include/kelo_tulip/soem/osal/vxworks
[1.052s] -- Up-to-date: /home/shaxpy/colcon_ws_AMR/install/kelo_tulip/include/kelo_tulip/soem/osal/vxworks/osal_defs.h
[1.053s] -- Up-to-date: /home/shaxpy/colcon_ws_AMR/install/kelo_tulip/include/kelo_tulip/soem/osal/vxworks/osal.c
[1.053s] -- Up-to-date: /home/shaxpy/colcon_ws_AMR/install/kelo_tulip/include/kelo_tulip/soem/osal/osal.h
[1.053s] -- Up-to-date: /home/shaxpy/colcon_ws_AMR/install/kelo_tulip/include/kelo_tulip/soem/ethercatprint.h
[1.054s] -- Up-to-date: /home/shaxpy/colcon_ws_AMR/install/kelo_tulip/include/kelo_tulip/soem/ethercatfoe.h
[1.054s] -- Up-to-date: /home/shaxpy/colcon_ws_AMR/install/kelo_tulip/include/kelo_tulip
[1.057s] -- Up-to-date: /home/shaxpy/colcon_ws_AMR/install/kelo_tulip/include/kelo_tulip/EtherCATModule.h
[1.057s] -- Up-to-date: /home/shaxpy/colcon_ws_AMR/install/kelo_tulip/include/kelo_tulip/modules
[1.058s] -- Up-to-date: /home/shaxpy/colcon_ws_AMR/install/kelo_tulip/include/kelo_tulip/modules/RobileMasterBattery.h
[1.058s] -- Up-to-date: /home/shaxpy/colcon_ws_AMR/install/kelo_tulip/include/kelo_tulip/KeloDriveAPI.h
[1.059s] -- Up-to-date: /home/shaxpy/colcon_ws_AMR/install/kelo_tulip/include/kelo_tulip/VelocityPlatformController.h
[1.059s] -- Up-to-date: /home/shaxpy/colcon_ws_AMR/install/kelo_tulip/include/kelo_tulip/Utils.h
[1.059s] -- Up-to-date: /home/shaxpy/colcon_ws_AMR/install/kelo_tulip/include/kelo_tulip/WheelConfig.h
[1.059s] -- Up-to-date: /home/shaxpy/colcon_ws_AMR/install/kelo_tulip/include/kelo_tulip/Structs.h
[1.060s] -- Up-to-date: /home/shaxpy/colcon_ws_AMR/install/kelo_tulip/include/kelo_tulip/PlatformDriver.h
[1.060s] -- Up-to-date: /home/shaxpy/colcon_ws_AMR/install/kelo_tulip/include/kelo_tulip/soem
[1.060s] -- Up-to-date: /home/shaxpy/colcon_ws_AMR/install/kelo_tulip/include/kelo_tulip/soem/ethercatdc.h
[1.061s] -- Up-to-date: /home/shaxpy/colcon_ws_AMR/install/kelo_tulip/include/kelo_tulip/soem/ethercatsoe.h
[1.061s] -- Up-to-date: /home/shaxpy/colcon_ws_AMR/install/kelo_tulip/include/kelo_tulip/soem/ethercateoe.h
[1.061s] -- Up-to-date: /home/shaxpy/colcon_ws_AMR/install/kelo_tulip/include/kelo_tulip/soem/ethercatconfiglist.h
[1.062s] -- Up-to-date: /home/shaxpy/colcon_ws_AMR/install/kelo_tulip/include/kelo_tulip/soem/ethercatmain.h
[1.066s] -- Up-to-date: /home/shaxpy/colcon_ws_AMR/install/kelo_tulip/include/kelo_tulip/soem/ethercatcoe.h
[1.066s] -- Up-to-date: /home/shaxpy/colcon_ws_AMR/install/kelo_tulip/include/kelo_tulip/soem/ethercat.h
[1.066s] -- Up-to-date: /home/shaxpy/colcon_ws_AMR/install/kelo_tulip/include/kelo_tulip/soem/ethercatconfig.h
[1.066s] -- Up-to-date: /home/shaxpy/colcon_ws_AMR/install/kelo_tulip/include/kelo_tulip/soem/oshw
[1.066s] -- Up-to-date: /home/shaxpy/colcon_ws_AMR/install/kelo_tulip/include/kelo_tulip/soem/oshw/rtems
[1.067s] -- Up-to-date: /home/shaxpy/colcon_ws_AMR/install/kelo_tulip/include/kelo_tulip/soem/oshw/rtems/nicdrv.c
[1.067s] -- Up-to-date: /home/shaxpy/colcon_ws_AMR/install/kelo_tulip/include/kelo_tulip/soem/oshw/rtems/oshw.h
[1.067s] -- Up-to-date: /home/shaxpy/colcon_ws_AMR/install/kelo_tulip/include/kelo_tulip/soem/oshw/rtems/nicdrv.h
[1.067s] -- Up-to-date: /home/shaxpy/colcon_ws_AMR/install/kelo_tulip/include/kelo_tulip/soem/oshw/rtems/oshw.c
[1.067s] -- Up-to-date: /home/shaxpy/colcon_ws_AMR/install/kelo_tulip/include/kelo_tulip/soem/oshw/linux
[1.067s] -- Up-to-date: /home/shaxpy/colcon_ws_AMR/install/kelo_tulip/include/kelo_tulip/soem/oshw/linux/nicdrv.c
[1.067s] -- Up-to-date: /home/shaxpy/colcon_ws_AMR/install/kelo_tulip/include/kelo_tulip/soem/oshw/linux/oshw.h
[1.067s] -- Up-to-date: /home/shaxpy/colcon_ws_AMR/install/kelo_tulip/include/kelo_tulip/soem/oshw/linux/nicdrv.h
[1.068s] -- Up-to-date: /home/shaxpy/colcon_ws_AMR/install/kelo_tulip/include/kelo_tulip/soem/oshw/linux/oshw.c
[1.068s] -- Up-to-date: /home/shaxpy/colcon_ws_AMR/install/kelo_tulip/include/kelo_tulip/soem/oshw/intime
[1.069s] -- Up-to-date: /home/shaxpy/colcon_ws_AMR/install/kelo_tulip/include/kelo_tulip/soem/oshw/intime/nicdrv.c
[1.069s] -- Up-to-date: /home/shaxpy/colcon_ws_AMR/install/kelo_tulip/include/kelo_tulip/soem/oshw/intime/oshw.h
[1.069s] -- Up-to-date: /home/shaxpy/colcon_ws_AMR/install/kelo_tulip/include/kelo_tulip/soem/oshw/intime/nicdrv.h
[1.071s] -- Up-to-date: /home/shaxpy/colcon_ws_AMR/install/kelo_tulip/include/kelo_tulip/soem/oshw/intime/oshw.c
[1.071s] -- Up-to-date: /home/shaxpy/colcon_ws_AMR/install/kelo_tulip/include/kelo_tulip/soem/oshw/win32
[1.071s] -- Up-to-date: /home/shaxpy/colcon_ws_AMR/install/kelo_tulip/include/kelo_tulip/soem/oshw/win32/wpcap
[1.072s] -- Up-to-date: /home/shaxpy/colcon_ws_AMR/install/kelo_tulip/include/kelo_tulip/soem/oshw/win32/wpcap/Include
[1.072s] -- Up-to-date: /home/shaxpy/colcon_ws_AMR/install/kelo_tulip/include/kelo_tulip/soem/oshw/win32/wpcap/Include/pcap.h
[1.073s] -- Up-to-date: /home/shaxpy/colcon_ws_AMR/install/kelo_tulip/include/kelo_tulip/soem/oshw/win32/wpcap/Include/bittypes.h
[1.073s] -- Up-to-date: /home/shaxpy/colcon_ws_AMR/install/kelo_tulip/include/kelo_tulip/soem/oshw/win32/wpcap/Include/pcap
[1.074s] -- Up-to-date: /home/shaxpy/colcon_ws_AMR/install/kelo_tulip/include/kelo_tulip/soem/oshw/win32/wpcap/Include/pcap/pcap.h
[1.074s] -- Up-to-date: /home/shaxpy/colcon_ws_AMR/install/kelo_tulip/include/kelo_tulip/soem/oshw/win32/wpcap/Include/pcap/namedb.h
[1.074s] -- Up-to-date: /home/shaxpy/colcon_ws_AMR/install/kelo_tulip/include/kelo_tulip/soem/oshw/win32/wpcap/Include/pcap/sll.h
[1.074s] -- Up-to-date: /home/shaxpy/colcon_ws_AMR/install/kelo_tulip/include/kelo_tulip/soem/oshw/win32/wpcap/Include/pcap/usb.h
[1.074s] -- Up-to-date: /home/shaxpy/colcon_ws_AMR/install/kelo_tulip/include/kelo_tulip/soem/oshw/win32/wpcap/Include/pcap/vlan.h
[1.074s] -- Up-to-date: /home/shaxpy/colcon_ws_AMR/install/kelo_tulip/include/kelo_tulip/soem/oshw/win32/wpcap/Include/pcap/bpf.h
[1.074s] -- Up-to-date: /home/shaxpy/colcon_ws_AMR/install/kelo_tulip/include/kelo_tulip/soem/oshw/win32/wpcap/Include/pcap/bluetooth.h
[1.074s] -- Up-to-date: /home/shaxpy/colcon_ws_AMR/install/kelo_tulip/include/kelo_tulip/soem/oshw/win32/wpcap/Include/Packet32.h
[1.075s] -- Up-to-date: /home/shaxpy/colcon_ws_AMR/install/kelo_tulip/include/kelo_tulip/soem/oshw/win32/wpcap/Include/pcap-bpf.h
[1.075s] -- Up-to-date: /home/shaxpy/colcon_ws_AMR/install/kelo_tulip/include/kelo_tulip/soem/oshw/win32/wpcap/Include/remote-ext.h
[1.075s] -- Up-to-date: /home/shaxpy/colcon_ws_AMR/install/kelo_tulip/include/kelo_tulip/soem/oshw/win32/wpcap/Include/ip6_misc.h
[1.075s] -- Up-to-date: /home/shaxpy/colcon_ws_AMR/install/kelo_tulip/include/kelo_tulip/soem/oshw/win32/wpcap/Include/Win32-Extensions.h
[1.075s] -- Up-to-date: /home/shaxpy/colcon_ws_AMR/install/kelo_tulip/include/kelo_tulip/soem/oshw/win32/wpcap/Include/pcap-stdinc.h
[1.075s] -- Up-to-date: /home/shaxpy/colcon_ws_AMR/install/kelo_tulip/include/kelo_tulip/soem/oshw/win32/wpcap/Include/pcap-namedb.h
[1.075s] -- Up-to-date: /home/shaxpy/colcon_ws_AMR/install/kelo_tulip/include/kelo_tulip/soem/oshw/win32/wpcap/Lib
[1.075s] -- Up-to-date: /home/shaxpy/colcon_ws_AMR/install/kelo_tulip/include/kelo_tulip/soem/oshw/win32/wpcap/Lib/libwpcap.a
[1.076s] -- Up-to-date: /home/shaxpy/colcon_ws_AMR/install/kelo_tulip/include/kelo_tulip/soem/oshw/win32/wpcap/Lib/x64
[1.076s] -- Up-to-date: /home/shaxpy/colcon_ws_AMR/install/kelo_tulip/include/kelo_tulip/soem/oshw/win32/wpcap/Lib/x64/wpcap.lib
[1.076s] -- Up-to-date: /home/shaxpy/colcon_ws_AMR/install/kelo_tulip/include/kelo_tulip/soem/oshw/win32/wpcap/Lib/x64/Packet.lib
[1.076s] -- Up-to-date: /home/shaxpy/colcon_ws_AMR/install/kelo_tulip/include/kelo_tulip/soem/oshw/win32/wpcap/Lib/wpcap.lib
[1.076s] -- Up-to-date: /home/shaxpy/colcon_ws_AMR/install/kelo_tulip/include/kelo_tulip/soem/oshw/win32/wpcap/Lib/Packet.lib
[1.076s] -- Up-to-date: /home/shaxpy/colcon_ws_AMR/install/kelo_tulip/include/kelo_tulip/soem/oshw/win32/wpcap/Lib/libpacket.a
[1.076s] -- Up-to-date: /home/shaxpy/colcon_ws_AMR/install/kelo_tulip/include/kelo_tulip/soem/oshw/win32/nicdrv.c
[1.076s] -- Up-to-date: /home/shaxpy/colcon_ws_AMR/install/kelo_tulip/include/kelo_tulip/soem/oshw/win32/oshw.h
[1.077s] -- Up-to-date: /home/shaxpy/colcon_ws_AMR/install/kelo_tulip/include/kelo_tulip/soem/oshw/win32/nicdrv.h
[1.077s] -- Up-to-date: /home/shaxpy/colcon_ws_AMR/install/kelo_tulip/include/kelo_tulip/soem/oshw/win32/oshw.c
[1.077s] -- Up-to-date: /home/shaxpy/colcon_ws_AMR/install/kelo_tulip/include/kelo_tulip/soem/oshw/rtk
[1.077s] -- Up-to-date: /home/shaxpy/colcon_ws_AMR/install/kelo_tulip/include/kelo_tulip/soem/oshw/rtk/fec
[1.077s] -- Up-to-date: /home/shaxpy/colcon_ws_AMR/install/kelo_tulip/include/kelo_tulip/soem/oshw/rtk/fec/fec_ecat.c
[1.077s] -- Up-to-date: /home/shaxpy/colcon_ws_AMR/install/kelo_tulip/include/kelo_tulip/soem/oshw/rtk/fec/fec_ecat.h
[1.077s] -- Up-to-date: /home/shaxpy/colcon_ws_AMR/install/kelo_tulip/include/kelo_tulip/soem/oshw/rtk/nicdrv.c
[1.077s] -- Up-to-date: /home/shaxpy/colcon_ws_AMR/install/kelo_tulip/include/kelo_tulip/soem/oshw/rtk/lw_mac
[1.078s] -- Up-to-date: /home/shaxpy/colcon_ws_AMR/install/kelo_tulip/include/kelo_tulip/soem/oshw/rtk/lw_mac/lw_emac.h
[1.078s] -- Up-to-date: /home/shaxpy/colcon_ws_AMR/install/kelo_tulip/include/kelo_tulip/soem/oshw/rtk/lw_mac/lw_emac.c
[1.078s] -- Up-to-date: /home/shaxpy/colcon_ws_AMR/install/kelo_tulip/include/kelo_tulip/soem/oshw/rtk/oshw.h
[1.079s] -- Up-to-date: /home/shaxpy/colcon_ws_AMR/install/kelo_tulip/include/kelo_tulip/soem/oshw/rtk/nicdrv.h
[1.080s] -- Up-to-date: /home/shaxpy/colcon_ws_AMR/install/kelo_tulip/include/kelo_tulip/soem/oshw/rtk/oshw.c
[1.087s] -- Up-to-date: /home/shaxpy/colcon_ws_AMR/install/kelo_tulip/include/kelo_tulip/soem/oshw/vxworks
[1.087s] -- Up-to-date: /home/shaxpy/colcon_ws_AMR/install/kelo_tulip/include/kelo_tulip/soem/oshw/vxworks/nicdrv.c
[1.087s] -- Up-to-date: /home/shaxpy/colcon_ws_AMR/install/kelo_tulip/include/kelo_tulip/soem/oshw/vxworks/oshw.h
[1.088s] -- Up-to-date: /home/shaxpy/colcon_ws_AMR/install/kelo_tulip/include/kelo_tulip/soem/oshw/vxworks/nicdrv.h
[1.088s] -- Up-to-date: /home/shaxpy/colcon_ws_AMR/install/kelo_tulip/include/kelo_tulip/soem/oshw/vxworks/oshw.c
[1.088s] -- Up-to-date: /home/shaxpy/colcon_ws_AMR/install/kelo_tulip/include/kelo_tulip/soem/ethercattype.h
[1.088s] -- Up-to-date: /home/shaxpy/colcon_ws_AMR/install/kelo_tulip/include/kelo_tulip/soem/ethercatbase.h
[1.088s] -- Up-to-date: /home/shaxpy/colcon_ws_AMR/install/kelo_tulip/include/kelo_tulip/soem/osal
[1.088s] -- Up-to-date: /home/shaxpy/colcon_ws_AMR/install/kelo_tulip/include/kelo_tulip/soem/osal/rtems
[1.089s] -- Up-to-date: /home/shaxpy/colcon_ws_AMR/install/kelo_tulip/include/kelo_tulip/soem/osal/rtems/osal_defs.h
[1.089s] -- Up-to-date: /home/shaxpy/colcon_ws_AMR/install/kelo_tulip/include/kelo_tulip/soem/osal/rtems/osal.c
[1.089s] -- Up-to-date: /home/shaxpy/colcon_ws_AMR/install/kelo_tulip/include/kelo_tulip/soem/osal/linux
[1.089s] -- Up-to-date: /home/shaxpy/colcon_ws_AMR/install/kelo_tulip/include/kelo_tulip/soem/osal/linux/osal_defs.h
[1.089s] -- Up-to-date: /home/shaxpy/colcon_ws_AMR/install/kelo_tulip/include/kelo_tulip/soem/osal/linux/osal.c
[1.089s] -- Up-to-date: /home/shaxpy/colcon_ws_AMR/install/kelo_tulip/include/kelo_tulip/soem/osal/intime
[1.090s] -- Up-to-date: /home/shaxpy/colcon_ws_AMR/install/kelo_tulip/include/kelo_tulip/soem/osal/intime/osal_defs.h
[1.090s] -- Up-to-date: /home/shaxpy/colcon_ws_AMR/install/kelo_tulip/include/kelo_tulip/soem/osal/intime/osal.c
[1.090s] -- Up-to-date: /home/shaxpy/colcon_ws_AMR/install/kelo_tulip/include/kelo_tulip/soem/osal/win32
[1.090s] -- Up-to-date: /home/shaxpy/colcon_ws_AMR/install/kelo_tulip/include/kelo_tulip/soem/osal/win32/inttypes.h
[1.090s] -- Up-to-date: /home/shaxpy/colcon_ws_AMR/install/kelo_tulip/include/kelo_tulip/soem/osal/win32/osal_win32.h
[1.090s] -- Up-to-date: /home/shaxpy/colcon_ws_AMR/install/kelo_tulip/include/kelo_tulip/soem/osal/win32/stdint.h
[1.090s] -- Up-to-date: /home/shaxpy/colcon_ws_AMR/install/kelo_tulip/include/kelo_tulip/soem/osal/win32/osal_defs.h
[1.091s] -- Up-to-date: /home/shaxpy/colcon_ws_AMR/install/kelo_tulip/include/kelo_tulip/soem/osal/win32/osal.c
[1.091s] -- Up-to-date: /home/shaxpy/colcon_ws_AMR/install/kelo_tulip/include/kelo_tulip/soem/osal/rtk
[1.091s] -- Up-to-date: /home/shaxpy/colcon_ws_AMR/install/kelo_tulip/include/kelo_tulip/soem/osal/rtk/osal_defs.h
[1.091s] -- Up-to-date: /home/shaxpy/colcon_ws_AMR/install/kelo_tulip/include/kelo_tulip/soem/osal/rtk/osal.c
[1.094s] -- Up-to-date: /home/shaxpy/colcon_ws_AMR/install/kelo_tulip/include/kelo_tulip/soem/osal/vxworks
[1.095s] -- Up-to-date: /home/shaxpy/colcon_ws_AMR/install/kelo_tulip/include/kelo_tulip/soem/osal/vxworks/osal_defs.h
[1.095s] -- Up-to-date: /home/shaxpy/colcon_ws_AMR/install/kelo_tulip/include/kelo_tulip/soem/osal/vxworks/osal.c
[1.095s] -- Up-to-date: /home/shaxpy/colcon_ws_AMR/install/kelo_tulip/include/kelo_tulip/soem/osal/osal.h
[1.095s] -- Up-to-date: /home/shaxpy/colcon_ws_AMR/install/kelo_tulip/include/kelo_tulip/soem/ethercatprint.h
[1.096s] -- Up-to-date: /home/shaxpy/colcon_ws_AMR/install/kelo_tulip/include/kelo_tulip/soem/ethercatfoe.h
[1.096s] -- Up-to-date: /home/shaxpy/colcon_ws_AMR/install/kelo_tulip/share/kelo_tulip/launch
[1.096s] -- Up-to-date: /home/shaxpy/colcon_ws_AMR/install/kelo_tulip/share/kelo_tulip/launch/example.joypad.launch.py
[1.100s] -- Up-to-date: /home/shaxpy/colcon_ws_AMR/install/kelo_tulip/share/kelo_tulip/launch/example.launch.py
[1.100s] -- Up-to-date: /home/shaxpy/colcon_ws_AMR/install/kelo_tulip/share/kelo_tulip/config
[1.100s] -- Up-to-date: /home/shaxpy/colcon_ws_AMR/install/kelo_tulip/share/kelo_tulip/config/robile1.yaml
[1.100s] -- Up-to-date: /home/shaxpy/colcon_ws_AMR/install/kelo_tulip/share/kelo_tulip/config/robile3.yaml
[1.101s] -- Up-to-date: /home/shaxpy/colcon_ws_AMR/install/kelo_tulip/share/kelo_tulip/config/example.yaml
[1.101s] -- Up-to-date: /home/shaxpy/colcon_ws_AMR/install/kelo_tulip/share/kelo_tulip/config/robile2.yaml
[1.101s] -- Up-to-date: /home/shaxpy/colcon_ws_AMR/install/kelo_tulip/share/kelo_tulip/config/robile4.yaml
[1.101s] -- Up-to-date: /home/shaxpy/colcon_ws_AMR/install/kelo_tulip/share/ament_index/resource_index/package_run_dependencies/kelo_tulip
[1.102s] -- Up-to-date: /home/shaxpy/colcon_ws_AMR/install/kelo_tulip/share/ament_index/resource_index/parent_prefix_path/kelo_tulip
[1.102s] -- Up-to-date: /home/shaxpy/colcon_ws_AMR/install/kelo_tulip/share/kelo_tulip/environment/ament_prefix_path.sh
[1.102s] -- Up-to-date: /home/shaxpy/colcon_ws_AMR/install/kelo_tulip/share/kelo_tulip/environment/ament_prefix_path.dsv
[1.102s] -- Up-to-date: /home/shaxpy/colcon_ws_AMR/install/kelo_tulip/share/kelo_tulip/environment/path.sh
[1.103s] -- Up-to-date: /home/shaxpy/colcon_ws_AMR/install/kelo_tulip/share/kelo_tulip/environment/path.dsv
[1.104s] -- Up-to-date: /home/shaxpy/colcon_ws_AMR/install/kelo_tulip/share/kelo_tulip/local_setup.bash
[1.104s] -- Up-to-date: /home/shaxpy/colcon_ws_AMR/install/kelo_tulip/share/kelo_tulip/local_setup.sh
[1.104s] -- Up-to-date: /home/shaxpy/colcon_ws_AMR/install/kelo_tulip/share/kelo_tulip/local_setup.zsh
[1.104s] -- Up-to-date: /home/shaxpy/colcon_ws_AMR/install/kelo_tulip/share/kelo_tulip/local_setup.dsv
[1.105s] -- Installing: /home/shaxpy/colcon_ws_AMR/install/kelo_tulip/share/kelo_tulip/package.dsv
[1.106s] -- Up-to-date: /home/shaxpy/colcon_ws_AMR/install/kelo_tulip/share/ament_index/resource_index/packages/kelo_tulip
[1.107s] -- Up-to-date: /home/shaxpy/colcon_ws_AMR/install/kelo_tulip/share/kelo_tulip/cmake/kelo_tulipConfig.cmake
[1.107s] -- Up-to-date: /home/shaxpy/colcon_ws_AMR/install/kelo_tulip/share/kelo_tulip/cmake/kelo_tulipConfig-version.cmake
[1.107s] -- Up-to-date: /home/shaxpy/colcon_ws_AMR/install/kelo_tulip/share/kelo_tulip/package.xml
[1.108s] -- Up-to-date: /home/shaxpy/colcon_ws_AMR/install/kelo_tulip/lib/libsoem.a
[1.108s] Invoked command in '/home/shaxpy/colcon_ws_AMR/build/kelo_tulip' returned '0': CMAKE_PREFIX_PATH=${CMAKE_PREFIX_PATH}:/home/shaxpy/colcon_ws_AMR/install/robile_reach_goal:/home/shaxpy/colcon_ws_AMR/install/robile_control_square:/home/shaxpy/colcon_ws_AMR/install/robile_control_simple:/home/shaxpy/colcon_ws_AMR/install/py_trees_ros:/opt/ros/rolling /usr/bin/cmake --install /home/shaxpy/colcon_ws_AMR/build/kelo_tulip
