[1.342s] Invoking command in '/home/shaxpy/colcon_ws_AMR/src/Robile/robile_demos/robile_control_simple': PYTHONPATH=/home/shaxpy/colcon_ws_AMR/build/robile_control_simple/prefix_override:/home/shaxpy/colcon_ws_AMR/install/robile_control_simple/lib/python3.8/site-packages:${PYTHONPATH} /usr/bin/python3 setup.py egg_info --egg-base ../../../../build/robile_control_simple build --build-base /home/shaxpy/colcon_ws_AMR/build/robile_control_simple/build install --record /home/shaxpy/colcon_ws_AMR/build/robile_control_simple/install.log --single-version-externally-managed
[1.518s] running egg_info
[1.519s] writing ../../../../build/robile_control_simple/robile_control_simple.egg-info/PKG-INFO
[1.519s] writing dependency_links to ../../../../build/robile_control_simple/robile_control_simple.egg-info/dependency_links.txt
[1.519s] writing entry points to ../../../../build/robile_control_simple/robile_control_simple.egg-info/entry_points.txt
[1.519s] writing requirements to ../../../../build/robile_control_simple/robile_control_simple.egg-info/requires.txt
[1.519s] writing top-level names to ../../../../build/robile_control_simple/robile_control_simple.egg-info/top_level.txt
[1.544s] reading manifest file '../../../../build/robile_control_simple/robile_control_simple.egg-info/SOURCES.txt'
[1.544s] writing manifest file '../../../../build/robile_control_simple/robile_control_simple.egg-info/SOURCES.txt'
[1.544s] running build
[1.544s] running build_py
[1.545s] copying robile_control_simple/robile_control_simple.py -> /home/shaxpy/colcon_ws_AMR/build/robile_control_simple/build/lib/robile_control_simple
[1.545s] running install
[1.545s] running install_lib
[1.546s] copying /home/shaxpy/colcon_ws_AMR/build/robile_control_simple/build/lib/robile_control_simple/robile_control_simple.py -> /home/shaxpy/colcon_ws_AMR/install/robile_control_simple/lib/python3.8/site-packages/robile_control_simple
[1.547s] byte-compiling /home/shaxpy/colcon_ws_AMR/install/robile_control_simple/lib/python3.8/site-packages/robile_control_simple/robile_control_simple.py to robile_control_simple.cpython-38.pyc
[1.548s] running install_data
[1.548s] running install_egg_info
[1.550s] removing '/home/shaxpy/colcon_ws_AMR/install/robile_control_simple/lib/python3.8/site-packages/robile_control_simple-0.0.0-py3.8.egg-info' (and everything under it)
[1.550s] Copying ../../../../build/robile_control_simple/robile_control_simple.egg-info to /home/shaxpy/colcon_ws_AMR/install/robile_control_simple/lib/python3.8/site-packages/robile_control_simple-0.0.0-py3.8.egg-info
[1.550s] running install_scripts
[1.562s] Installing circular_motion_publisher script to /home/shaxpy/colcon_ws_AMR/install/robile_control_simple/lib/robile_control_simple
[1.563s] writing list of installed files to '/home/shaxpy/colcon_ws_AMR/build/robile_control_simple/install.log'
[1.596s] Invoked command in '/home/shaxpy/colcon_ws_AMR/src/Robile/robile_demos/robile_control_simple' returned '0': PYTHONPATH=/home/shaxpy/colcon_ws_AMR/build/robile_control_simple/prefix_override:/home/shaxpy/colcon_ws_AMR/install/robile_control_simple/lib/python3.8/site-packages:${PYTHONPATH} /usr/bin/python3 setup.py egg_info --egg-base ../../../../build/robile_control_simple build --build-base /home/shaxpy/colcon_ws_AMR/build/robile_control_simple/build install --record /home/shaxpy/colcon_ws_AMR/build/robile_control_simple/install.log --single-version-externally-managed
