[1.623s] Invoking command in '/home/shaxpy/colcon_ws_AMR/src/Robile/robile_demos/robile_reach_goal': PYTHONPATH=/home/shaxpy/colcon_ws_AMR/build/robile_reach_goal/prefix_override:/home/shaxpy/colcon_ws_AMR/install/robile_reach_goal/lib/python3.8/site-packages:${PYTHONPATH} /usr/bin/python3 setup.py egg_info --egg-base ../../../../build/robile_reach_goal build --build-base /home/shaxpy/colcon_ws_AMR/build/robile_reach_goal/build install --record /home/shaxpy/colcon_ws_AMR/build/robile_reach_goal/install.log --single-version-externally-managed
[1.819s] running egg_info
[1.820s] writing ../../../../build/robile_reach_goal/robile_reach_goal.egg-info/PKG-INFO
[1.820s] writing dependency_links to ../../../../build/robile_reach_goal/robile_reach_goal.egg-info/dependency_links.txt
[1.820s] writing entry points to ../../../../build/robile_reach_goal/robile_reach_goal.egg-info/entry_points.txt
[1.820s] writing requirements to ../../../../build/robile_reach_goal/robile_reach_goal.egg-info/requires.txt
[1.820s] writing top-level names to ../../../../build/robile_reach_goal/robile_reach_goal.egg-info/top_level.txt
[1.848s] reading manifest file '../../../../build/robile_reach_goal/robile_reach_goal.egg-info/SOURCES.txt'
[1.849s] writing manifest file '../../../../build/robile_reach_goal/robile_reach_goal.egg-info/SOURCES.txt'
[1.849s] running build
[1.849s] running build_py
[1.850s] copying robile_reach_goal/robile_reach_goal.py -> /home/shaxpy/colcon_ws_AMR/build/robile_reach_goal/build/lib/robile_reach_goal
[1.850s] running install
[1.851s] running install_lib
[1.852s] copying /home/shaxpy/colcon_ws_AMR/build/robile_reach_goal/build/lib/robile_reach_goal/robile_reach_goal.py -> /home/shaxpy/colcon_ws_AMR/install/robile_reach_goal/lib/python3.8/site-packages/robile_reach_goal
[1.852s] byte-compiling /home/shaxpy/colcon_ws_AMR/install/robile_reach_goal/lib/python3.8/site-packages/robile_reach_goal/robile_reach_goal.py to robile_reach_goal.cpython-38.pyc
[1.854s] running install_data
[1.855s] running install_egg_info
[1.856s] removing '/home/shaxpy/colcon_ws_AMR/install/robile_reach_goal/lib/python3.8/site-packages/robile_reach_goal-0.0.0-py3.8.egg-info' (and everything under it)
[1.856s] Copying ../../../../build/robile_reach_goal/robile_reach_goal.egg-info to /home/shaxpy/colcon_ws_AMR/install/robile_reach_goal/lib/python3.8/site-packages/robile_reach_goal-0.0.0-py3.8.egg-info
[1.857s] running install_scripts
[1.871s] Installing robile_reach_goal script to /home/shaxpy/colcon_ws_AMR/install/robile_reach_goal/lib/robile_reach_goal
[1.871s] writing list of installed files to '/home/shaxpy/colcon_ws_AMR/build/robile_reach_goal/install.log'
[1.927s] Invoked command in '/home/shaxpy/colcon_ws_AMR/src/Robile/robile_demos/robile_reach_goal' returned '0': PYTHONPATH=/home/shaxpy/colcon_ws_AMR/build/robile_reach_goal/prefix_override:/home/shaxpy/colcon_ws_AMR/install/robile_reach_goal/lib/python3.8/site-packages:${PYTHONPATH} /usr/bin/python3 setup.py egg_info --egg-base ../../../../build/robile_reach_goal build --build-base /home/shaxpy/colcon_ws_AMR/build/robile_reach_goal/build install --record /home/shaxpy/colcon_ws_AMR/build/robile_reach_goal/install.log --single-version-externally-managed
