[0.257s] DEBUG:colcon:Command line arguments: ['/usr/bin/colcon', 'build']
[0.257s] DEBUG:colcon:Parsed command line arguments: Namespace(allow_overriding=[], ament_cmake_args=None, base_paths=['.'], build_base='build', catkin_cmake_args=None, catkin_skip_building_tests=False, cmake_args=None, cmake_clean_cache=False, cmake_clean_first=False, cmake_force_configure=False, cmake_target=None, cmake_target_skip_unavailable=False, continue_on_error=False, event_handlers=None, executor='parallel', ignore_user_meta=False, install_base='install', log_base=None, log_level=None, main=<bound method BuildVerb.main of <colcon_core.verb.build.BuildVerb object at 0x7fb9f20d42e0>>, merge_install=False, metas=['./colcon.meta'], packages_above=None, packages_above_and_dependencies=None, packages_above_depth=None, packages_end=None, packages_ignore=None, packages_ignore_regex=None, packages_select=None, packages_select_build_failed=False, packages_select_by_dep=None, packages_select_regex=None, packages_select_test_failures=False, packages_skip=None, packages_skip_build_finished=False, packages_skip_by_dep=None, packages_skip_regex=None, packages_skip_test_passed=False, packages_skip_up_to=None, packages_start=None, packages_up_to=None, packages_up_to_regex=None, parallel_workers=12, paths=None, symlink_install=False, test_result_base=None, verb_extension=<colcon_core.verb.build.BuildVerb object at 0x7fb9f20d42e0>, verb_name='build', verb_parser=<colcon_defaults.argument_parser.defaults.DefaultArgumentsDecorator object at 0x7fb9f20d4820>)
[0.284s] Level 1:colcon.colcon_core.package_discovery:discover_packages(colcon_meta) check parameters
[0.284s] Level 1:colcon.colcon_core.package_discovery:discover_packages(recursive) check parameters
[0.284s] Level 1:colcon.colcon_core.package_discovery:discover_packages(ignore) check parameters
[0.284s] Level 1:colcon.colcon_core.package_discovery:discover_packages(path) check parameters
[0.284s] Level 1:colcon.colcon_core.package_discovery:discover_packages(colcon_meta) discover
[0.284s] Level 1:colcon.colcon_core.package_discovery:discover_packages(recursive) discover
[0.285s] INFO:colcon.colcon_core.package_discovery:Crawling recursively for packages in '/home/shaxpy/colcon_ws_AMR'
[0.285s] Level 1:colcon.colcon_core.package_identification:_identify(.) by extensions ['ignore', 'ignore_ament_install']
[0.285s] Level 1:colcon.colcon_core.package_identification:_identify(.) by extension 'ignore'
[0.285s] Level 1:colcon.colcon_core.package_identification:_identify(.) by extension 'ignore_ament_install'
[0.285s] Level 1:colcon.colcon_core.package_identification:_identify(.) by extensions ['colcon_pkg']
[0.285s] Level 1:colcon.colcon_core.package_identification:_identify(.) by extension 'colcon_pkg'
[0.285s] Level 1:colcon.colcon_core.package_identification:_identify(.) by extensions ['colcon_meta']
[0.285s] Level 1:colcon.colcon_core.package_identification:_identify(.) by extension 'colcon_meta'
[0.285s] Level 1:colcon.colcon_core.package_identification:_identify(.) by extensions ['ros']
[0.285s] Level 1:colcon.colcon_core.package_identification:_identify(.) by extension 'ros'
[0.293s] Level 1:colcon.colcon_core.package_identification:_identify(.) by extensions ['cmake', 'python']
[0.293s] Level 1:colcon.colcon_core.package_identification:_identify(.) by extension 'cmake'
[0.293s] Level 1:colcon.colcon_core.package_identification:_identify(.) by extension 'python'
[0.293s] Level 1:colcon.colcon_core.package_identification:_identify(.) by extensions ['python_setup_py']
[0.293s] Level 1:colcon.colcon_core.package_identification:_identify(.) by extension 'python_setup_py'
[0.293s] Level 1:colcon.colcon_core.package_identification:_identify(build) by extensions ['ignore', 'ignore_ament_install']
[0.293s] Level 1:colcon.colcon_core.package_identification:_identify(build) by extension 'ignore'
[0.293s] Level 1:colcon.colcon_core.package_identification:_identify(build) ignored
[0.293s] Level 1:colcon.colcon_core.package_identification:_identify(install) by extensions ['ignore', 'ignore_ament_install']
[0.293s] Level 1:colcon.colcon_core.package_identification:_identify(install) by extension 'ignore'
[0.293s] Level 1:colcon.colcon_core.package_identification:_identify(install) ignored
[0.293s] Level 1:colcon.colcon_core.package_identification:_identify(log) by extensions ['ignore', 'ignore_ament_install']
[0.293s] Level 1:colcon.colcon_core.package_identification:_identify(log) by extension 'ignore'
[0.293s] Level 1:colcon.colcon_core.package_identification:_identify(log) ignored
[0.293s] Level 1:colcon.colcon_core.package_identification:_identify(src) by extensions ['ignore', 'ignore_ament_install']
[0.293s] Level 1:colcon.colcon_core.package_identification:_identify(src) by extension 'ignore'
[0.294s] Level 1:colcon.colcon_core.package_identification:_identify(src) by extension 'ignore_ament_install'
[0.294s] Level 1:colcon.colcon_core.package_identification:_identify(src) by extensions ['colcon_pkg']
[0.294s] Level 1:colcon.colcon_core.package_identification:_identify(src) by extension 'colcon_pkg'
[0.294s] Level 1:colcon.colcon_core.package_identification:_identify(src) by extensions ['colcon_meta']
[0.294s] Level 1:colcon.colcon_core.package_identification:_identify(src) by extension 'colcon_meta'
[0.294s] Level 1:colcon.colcon_core.package_identification:_identify(src) by extensions ['ros']
[0.294s] Level 1:colcon.colcon_core.package_identification:_identify(src) by extension 'ros'
[0.294s] Level 1:colcon.colcon_core.package_identification:_identify(src) by extensions ['cmake', 'python']
[0.294s] Level 1:colcon.colcon_core.package_identification:_identify(src) by extension 'cmake'
[0.294s] Level 1:colcon.colcon_core.package_identification:_identify(src) by extension 'python'
[0.294s] Level 1:colcon.colcon_core.package_identification:_identify(src) by extensions ['python_setup_py']
[0.294s] Level 1:colcon.colcon_core.package_identification:_identify(src) by extension 'python_setup_py'
[0.294s] Level 1:colcon.colcon_core.package_identification:_identify(src/Robile) by extensions ['ignore', 'ignore_ament_install']
[0.294s] Level 1:colcon.colcon_core.package_identification:_identify(src/Robile) by extension 'ignore'
[0.294s] Level 1:colcon.colcon_core.package_identification:_identify(src/Robile) by extension 'ignore_ament_install'
[0.294s] Level 1:colcon.colcon_core.package_identification:_identify(src/Robile) by extensions ['colcon_pkg']
[0.294s] Level 1:colcon.colcon_core.package_identification:_identify(src/Robile) by extension 'colcon_pkg'
[0.294s] Level 1:colcon.colcon_core.package_identification:_identify(src/Robile) by extensions ['colcon_meta']
[0.294s] Level 1:colcon.colcon_core.package_identification:_identify(src/Robile) by extension 'colcon_meta'
[0.294s] Level 1:colcon.colcon_core.package_identification:_identify(src/Robile) by extensions ['ros']
[0.294s] Level 1:colcon.colcon_core.package_identification:_identify(src/Robile) by extension 'ros'
[0.294s] Level 1:colcon.colcon_core.package_identification:_identify(src/Robile) by extensions ['cmake', 'python']
[0.294s] Level 1:colcon.colcon_core.package_identification:_identify(src/Robile) by extension 'cmake'
[0.294s] Level 1:colcon.colcon_core.package_identification:_identify(src/Robile) by extension 'python'
[0.294s] Level 1:colcon.colcon_core.package_identification:_identify(src/Robile) by extensions ['python_setup_py']
[0.294s] Level 1:colcon.colcon_core.package_identification:_identify(src/Robile) by extension 'python_setup_py'
[0.294s] Level 1:colcon.colcon_core.package_identification:_identify(src/Robile/docs) by extensions ['ignore', 'ignore_ament_install']
[0.294s] Level 1:colcon.colcon_core.package_identification:_identify(src/Robile/docs) by extension 'ignore'
[0.294s] Level 1:colcon.colcon_core.package_identification:_identify(src/Robile/docs) ignored
[0.295s] Level 1:colcon.colcon_core.package_identification:_identify(src/Robile/robile_demos) by extensions ['ignore', 'ignore_ament_install']
[0.295s] Level 1:colcon.colcon_core.package_identification:_identify(src/Robile/robile_demos) by extension 'ignore'
[0.295s] Level 1:colcon.colcon_core.package_identification:_identify(src/Robile/robile_demos) by extension 'ignore_ament_install'
[0.295s] Level 1:colcon.colcon_core.package_identification:_identify(src/Robile/robile_demos) by extensions ['colcon_pkg']
[0.295s] Level 1:colcon.colcon_core.package_identification:_identify(src/Robile/robile_demos) by extension 'colcon_pkg'
[0.295s] Level 1:colcon.colcon_core.package_identification:_identify(src/Robile/robile_demos) by extensions ['colcon_meta']
[0.295s] Level 1:colcon.colcon_core.package_identification:_identify(src/Robile/robile_demos) by extension 'colcon_meta'
[0.295s] Level 1:colcon.colcon_core.package_identification:_identify(src/Robile/robile_demos) by extensions ['ros']
[0.295s] Level 1:colcon.colcon_core.package_identification:_identify(src/Robile/robile_demos) by extension 'ros'
[0.295s] Level 1:colcon.colcon_core.package_identification:_identify(src/Robile/robile_demos) by extensions ['cmake', 'python']
[0.295s] Level 1:colcon.colcon_core.package_identification:_identify(src/Robile/robile_demos) by extension 'cmake'
[0.295s] Level 1:colcon.colcon_core.package_identification:_identify(src/Robile/robile_demos) by extension 'python'
[0.295s] Level 1:colcon.colcon_core.package_identification:_identify(src/Robile/robile_demos) by extensions ['python_setup_py']
[0.295s] Level 1:colcon.colcon_core.package_identification:_identify(src/Robile/robile_demos) by extension 'python_setup_py'
[0.295s] Level 1:colcon.colcon_core.package_identification:_identify(src/Robile/robile_demos/robile_control_simple) by extensions ['ignore', 'ignore_ament_install']
[0.295s] Level 1:colcon.colcon_core.package_identification:_identify(src/Robile/robile_demos/robile_control_simple) by extension 'ignore'
[0.295s] Level 1:colcon.colcon_core.package_identification:_identify(src/Robile/robile_demos/robile_control_simple) by extension 'ignore_ament_install'
[0.295s] Level 1:colcon.colcon_core.package_identification:_identify(src/Robile/robile_demos/robile_control_simple) by extensions ['colcon_pkg']
[0.295s] Level 1:colcon.colcon_core.package_identification:_identify(src/Robile/robile_demos/robile_control_simple) by extension 'colcon_pkg'
[0.295s] Level 1:colcon.colcon_core.package_identification:_identify(src/Robile/robile_demos/robile_control_simple) by extensions ['colcon_meta']
[0.295s] Level 1:colcon.colcon_core.package_identification:_identify(src/Robile/robile_demos/robile_control_simple) by extension 'colcon_meta'
[0.295s] Level 1:colcon.colcon_core.package_identification:_identify(src/Robile/robile_demos/robile_control_simple) by extensions ['ros']
[0.295s] Level 1:colcon.colcon_core.package_identification:_identify(src/Robile/robile_demos/robile_control_simple) by extension 'ros'
[0.297s] DEBUG:colcon.colcon_core.package_identification:Package 'src/Robile/robile_demos/robile_control_simple' with type 'ros.ament_python' and name 'robile_control_simple'
[0.297s] Level 1:colcon.colcon_core.package_identification:_identify(src/Robile/robile_demos/robile_control_square) by extensions ['ignore', 'ignore_ament_install']
[0.297s] Level 1:colcon.colcon_core.package_identification:_identify(src/Robile/robile_demos/robile_control_square) by extension 'ignore'
[0.297s] Level 1:colcon.colcon_core.package_identification:_identify(src/Robile/robile_demos/robile_control_square) by extension 'ignore_ament_install'
[0.297s] Level 1:colcon.colcon_core.package_identification:_identify(src/Robile/robile_demos/robile_control_square) by extensions ['colcon_pkg']
[0.297s] Level 1:colcon.colcon_core.package_identification:_identify(src/Robile/robile_demos/robile_control_square) by extension 'colcon_pkg'
[0.297s] Level 1:colcon.colcon_core.package_identification:_identify(src/Robile/robile_demos/robile_control_square) by extensions ['colcon_meta']
[0.297s] Level 1:colcon.colcon_core.package_identification:_identify(src/Robile/robile_demos/robile_control_square) by extension 'colcon_meta'
[0.297s] Level 1:colcon.colcon_core.package_identification:_identify(src/Robile/robile_demos/robile_control_square) by extensions ['ros']
[0.297s] Level 1:colcon.colcon_core.package_identification:_identify(src/Robile/robile_demos/robile_control_square) by extension 'ros'
[0.298s] DEBUG:colcon.colcon_core.package_identification:Package 'src/Robile/robile_demos/robile_control_square' with type 'ros.ament_python' and name 'robile_control_square'
[0.298s] Level 1:colcon.colcon_core.package_identification:_identify(src/Robile/robile_demos/robile_new) by extensions ['ignore', 'ignore_ament_install']
[0.298s] Level 1:colcon.colcon_core.package_identification:_identify(src/Robile/robile_demos/robile_new) by extension 'ignore'
[0.298s] Level 1:colcon.colcon_core.package_identification:_identify(src/Robile/robile_demos/robile_new) by extension 'ignore_ament_install'
[0.298s] Level 1:colcon.colcon_core.package_identification:_identify(src/Robile/robile_demos/robile_new) by extensions ['colcon_pkg']
[0.298s] Level 1:colcon.colcon_core.package_identification:_identify(src/Robile/robile_demos/robile_new) by extension 'colcon_pkg'
[0.298s] Level 1:colcon.colcon_core.package_identification:_identify(src/Robile/robile_demos/robile_new) by extensions ['colcon_meta']
[0.298s] Level 1:colcon.colcon_core.package_identification:_identify(src/Robile/robile_demos/robile_new) by extension 'colcon_meta'
[0.298s] Level 1:colcon.colcon_core.package_identification:_identify(src/Robile/robile_demos/robile_new) by extensions ['ros']
[0.298s] Level 1:colcon.colcon_core.package_identification:_identify(src/Robile/robile_demos/robile_new) by extension 'ros'
[0.298s] DEBUG:colcon.colcon_core.package_identification:Package 'src/Robile/robile_demos/robile_new' with type 'ros.ament_python' and name 'robile_new'
[0.298s] Level 1:colcon.colcon_core.package_identification:_identify(src/Robile/robile_demos/robile_reach_goal) by extensions ['ignore', 'ignore_ament_install']
[0.298s] Level 1:colcon.colcon_core.package_identification:_identify(src/Robile/robile_demos/robile_reach_goal) by extension 'ignore'
[0.298s] Level 1:colcon.colcon_core.package_identification:_identify(src/Robile/robile_demos/robile_reach_goal) by extension 'ignore_ament_install'
[0.298s] Level 1:colcon.colcon_core.package_identification:_identify(src/Robile/robile_demos/robile_reach_goal) by extensions ['colcon_pkg']
[0.299s] Level 1:colcon.colcon_core.package_identification:_identify(src/Robile/robile_demos/robile_reach_goal) by extension 'colcon_pkg'
[0.299s] Level 1:colcon.colcon_core.package_identification:_identify(src/Robile/robile_demos/robile_reach_goal) by extensions ['colcon_meta']
[0.299s] Level 1:colcon.colcon_core.package_identification:_identify(src/Robile/robile_demos/robile_reach_goal) by extension 'colcon_meta'
[0.299s] Level 1:colcon.colcon_core.package_identification:_identify(src/Robile/robile_demos/robile_reach_goal) by extensions ['ros']
[0.299s] Level 1:colcon.colcon_core.package_identification:_identify(src/Robile/robile_demos/robile_reach_goal) by extension 'ros'
[0.299s] DEBUG:colcon.colcon_core.package_identification:Package 'src/Robile/robile_demos/robile_reach_goal' with type 'ros.ament_python' and name 'robile_reach_goal'
[0.299s] Level 1:colcon.colcon_core.package_identification:_identify(src/Robile/worksheets) by extensions ['ignore', 'ignore_ament_install']
[0.299s] Level 1:colcon.colcon_core.package_identification:_identify(src/Robile/worksheets) by extension 'ignore'
[0.299s] Level 1:colcon.colcon_core.package_identification:_identify(src/Robile/worksheets) by extension 'ignore_ament_install'
[0.299s] Level 1:colcon.colcon_core.package_identification:_identify(src/Robile/worksheets) by extensions ['colcon_pkg']
[0.299s] Level 1:colcon.colcon_core.package_identification:_identify(src/Robile/worksheets) by extension 'colcon_pkg'
[0.299s] Level 1:colcon.colcon_core.package_identification:_identify(src/Robile/worksheets) by extensions ['colcon_meta']
[0.299s] Level 1:colcon.colcon_core.package_identification:_identify(src/Robile/worksheets) by extension 'colcon_meta'
[0.299s] Level 1:colcon.colcon_core.package_identification:_identify(src/Robile/worksheets) by extensions ['ros']
[0.299s] Level 1:colcon.colcon_core.package_identification:_identify(src/Robile/worksheets) by extension 'ros'
[0.299s] Level 1:colcon.colcon_core.package_identification:_identify(src/Robile/worksheets) by extensions ['cmake', 'python']
[0.299s] Level 1:colcon.colcon_core.package_identification:_identify(src/Robile/worksheets) by extension 'cmake'
[0.299s] Level 1:colcon.colcon_core.package_identification:_identify(src/Robile/worksheets) by extension 'python'
[0.300s] Level 1:colcon.colcon_core.package_identification:_identify(src/Robile/worksheets) by extensions ['python_setup_py']
[0.300s] Level 1:colcon.colcon_core.package_identification:_identify(src/Robile/worksheets) by extension 'python_setup_py'
[0.300s] Level 1:colcon.colcon_core.package_identification:_identify(src/Robile/worksheets/bitmaps) by extensions ['ignore', 'ignore_ament_install']
[0.300s] Level 1:colcon.colcon_core.package_identification:_identify(src/Robile/worksheets/bitmaps) by extension 'ignore'
[0.300s] Level 1:colcon.colcon_core.package_identification:_identify(src/Robile/worksheets/bitmaps) by extension 'ignore_ament_install'
[0.300s] Level 1:colcon.colcon_core.package_identification:_identify(src/Robile/worksheets/bitmaps) by extensions ['colcon_pkg']
[0.300s] Level 1:colcon.colcon_core.package_identification:_identify(src/Robile/worksheets/bitmaps) by extension 'colcon_pkg'
[0.300s] Level 1:colcon.colcon_core.package_identification:_identify(src/Robile/worksheets/bitmaps) by extensions ['colcon_meta']
[0.300s] Level 1:colcon.colcon_core.package_identification:_identify(src/Robile/worksheets/bitmaps) by extension 'colcon_meta'
[0.300s] Level 1:colcon.colcon_core.package_identification:_identify(src/Robile/worksheets/bitmaps) by extensions ['ros']
[0.300s] Level 1:colcon.colcon_core.package_identification:_identify(src/Robile/worksheets/bitmaps) by extension 'ros'
[0.300s] Level 1:colcon.colcon_core.package_identification:_identify(src/Robile/worksheets/bitmaps) by extensions ['cmake', 'python']
[0.300s] Level 1:colcon.colcon_core.package_identification:_identify(src/Robile/worksheets/bitmaps) by extension 'cmake'
[0.300s] Level 1:colcon.colcon_core.package_identification:_identify(src/Robile/worksheets/bitmaps) by extension 'python'
[0.300s] Level 1:colcon.colcon_core.package_identification:_identify(src/Robile/worksheets/bitmaps) by extensions ['python_setup_py']
[0.300s] Level 1:colcon.colcon_core.package_identification:_identify(src/Robile/worksheets/bitmaps) by extension 'python_setup_py'
[0.300s] Level 1:colcon.colcon_core.package_identification:_identify(src/Robile/worksheets/worksheet01) by extensions ['ignore', 'ignore_ament_install']
[0.300s] Level 1:colcon.colcon_core.package_identification:_identify(src/Robile/worksheets/worksheet01) by extension 'ignore'
[0.300s] Level 1:colcon.colcon_core.package_identification:_identify(src/Robile/worksheets/worksheet01) by extension 'ignore_ament_install'
[0.300s] Level 1:colcon.colcon_core.package_identification:_identify(src/Robile/worksheets/worksheet01) by extensions ['colcon_pkg']
[0.300s] Level 1:colcon.colcon_core.package_identification:_identify(src/Robile/worksheets/worksheet01) by extension 'colcon_pkg'
[0.300s] Level 1:colcon.colcon_core.package_identification:_identify(src/Robile/worksheets/worksheet01) by extensions ['colcon_meta']
[0.300s] Level 1:colcon.colcon_core.package_identification:_identify(src/Robile/worksheets/worksheet01) by extension 'colcon_meta'
[0.300s] Level 1:colcon.colcon_core.package_identification:_identify(src/Robile/worksheets/worksheet01) by extensions ['ros']
[0.300s] Level 1:colcon.colcon_core.package_identification:_identify(src/Robile/worksheets/worksheet01) by extension 'ros'
[0.300s] Level 1:colcon.colcon_core.package_identification:_identify(src/Robile/worksheets/worksheet01) by extensions ['cmake', 'python']
[0.300s] Level 1:colcon.colcon_core.package_identification:_identify(src/Robile/worksheets/worksheet01) by extension 'cmake'
[0.300s] Level 1:colcon.colcon_core.package_identification:_identify(src/Robile/worksheets/worksheet01) by extension 'python'
[0.301s] Level 1:colcon.colcon_core.package_identification:_identify(src/Robile/worksheets/worksheet01) by extensions ['python_setup_py']
[0.301s] Level 1:colcon.colcon_core.package_identification:_identify(src/Robile/worksheets/worksheet01) by extension 'python_setup_py'
[0.301s] Level 1:colcon.colcon_core.package_identification:_identify(src/kelo_tulip) by extensions ['ignore', 'ignore_ament_install']
[0.301s] Level 1:colcon.colcon_core.package_identification:_identify(src/kelo_tulip) by extension 'ignore'
[0.301s] Level 1:colcon.colcon_core.package_identification:_identify(src/kelo_tulip) by extension 'ignore_ament_install'
[0.301s] Level 1:colcon.colcon_core.package_identification:_identify(src/kelo_tulip) by extensions ['colcon_pkg']
[0.301s] Level 1:colcon.colcon_core.package_identification:_identify(src/kelo_tulip) by extension 'colcon_pkg'
[0.301s] Level 1:colcon.colcon_core.package_identification:_identify(src/kelo_tulip) by extensions ['colcon_meta']
[0.301s] Level 1:colcon.colcon_core.package_identification:_identify(src/kelo_tulip) by extension 'colcon_meta'
[0.301s] Level 1:colcon.colcon_core.package_identification:_identify(src/kelo_tulip) by extensions ['ros']
[0.301s] Level 1:colcon.colcon_core.package_identification:_identify(src/kelo_tulip) by extension 'ros'
[0.301s] DEBUG:colcon.colcon_core.package_identification:Package 'src/kelo_tulip' with type 'ros.ament_cmake' and name 'kelo_tulip'
[0.301s] Level 1:colcon.colcon_core.package_identification:_identify(src/py_trees_ros) by extensions ['ignore', 'ignore_ament_install']
[0.301s] Level 1:colcon.colcon_core.package_identification:_identify(src/py_trees_ros) by extension 'ignore'
[0.302s] Level 1:colcon.colcon_core.package_identification:_identify(src/py_trees_ros) by extension 'ignore_ament_install'
[0.302s] Level 1:colcon.colcon_core.package_identification:_identify(src/py_trees_ros) by extensions ['colcon_pkg']
[0.302s] Level 1:colcon.colcon_core.package_identification:_identify(src/py_trees_ros) by extension 'colcon_pkg'
[0.302s] Level 1:colcon.colcon_core.package_identification:_identify(src/py_trees_ros) by extensions ['colcon_meta']
[0.302s] Level 1:colcon.colcon_core.package_identification:_identify(src/py_trees_ros) by extension 'colcon_meta'
[0.302s] Level 1:colcon.colcon_core.package_identification:_identify(src/py_trees_ros) by extensions ['ros']
[0.302s] Level 1:colcon.colcon_core.package_identification:_identify(src/py_trees_ros) by extension 'ros'
[0.303s] DEBUG:colcon.colcon_core.package_identification:Package 'src/py_trees_ros' with type 'ros.ament_python' and name 'py_trees_ros'
[0.303s] Level 1:colcon.colcon_core.package_identification:_identify(src/robile_description) by extensions ['ignore', 'ignore_ament_install']
[0.303s] Level 1:colcon.colcon_core.package_identification:_identify(src/robile_description) by extension 'ignore'
[0.303s] Level 1:colcon.colcon_core.package_identification:_identify(src/robile_description) by extension 'ignore_ament_install'
[0.303s] Level 1:colcon.colcon_core.package_identification:_identify(src/robile_description) by extensions ['colcon_pkg']
[0.303s] Level 1:colcon.colcon_core.package_identification:_identify(src/robile_description) by extension 'colcon_pkg'
[0.303s] Level 1:colcon.colcon_core.package_identification:_identify(src/robile_description) by extensions ['colcon_meta']
[0.303s] Level 1:colcon.colcon_core.package_identification:_identify(src/robile_description) by extension 'colcon_meta'
[0.303s] Level 1:colcon.colcon_core.package_identification:_identify(src/robile_description) by extensions ['ros']
[0.303s] Level 1:colcon.colcon_core.package_identification:_identify(src/robile_description) by extension 'ros'
[0.303s] DEBUG:colcon.colcon_core.package_identification:Package 'src/robile_description' with type 'ros.ament_cmake' and name 'robile_description'
[0.303s] Level 1:colcon.colcon_core.package_identification:_identify(src/robile_gazebo) by extensions ['ignore', 'ignore_ament_install']
[0.303s] Level 1:colcon.colcon_core.package_identification:_identify(src/robile_gazebo) by extension 'ignore'
[0.304s] Level 1:colcon.colcon_core.package_identification:_identify(src/robile_gazebo) by extension 'ignore_ament_install'
[0.304s] Level 1:colcon.colcon_core.package_identification:_identify(src/robile_gazebo) by extensions ['colcon_pkg']
[0.304s] Level 1:colcon.colcon_core.package_identification:_identify(src/robile_gazebo) by extension 'colcon_pkg'
[0.304s] Level 1:colcon.colcon_core.package_identification:_identify(src/robile_gazebo) by extensions ['colcon_meta']
[0.304s] Level 1:colcon.colcon_core.package_identification:_identify(src/robile_gazebo) by extension 'colcon_meta'
[0.304s] Level 1:colcon.colcon_core.package_identification:_identify(src/robile_gazebo) by extensions ['ros']
[0.304s] Level 1:colcon.colcon_core.package_identification:_identify(src/robile_gazebo) by extension 'ros'
[0.305s] DEBUG:colcon.colcon_core.package_identification:Package 'src/robile_gazebo' with type 'ros.ament_cmake' and name 'robile_gazebo'
[0.305s] Level 1:colcon.colcon_core.package_discovery:discover_packages(recursive) using defaults
[0.305s] Level 1:colcon.colcon_core.package_discovery:discover_packages(ignore) discover
[0.305s] Level 1:colcon.colcon_core.package_discovery:discover_packages(ignore) using defaults
[0.305s] Level 1:colcon.colcon_core.package_discovery:discover_packages(path) discover
[0.305s] Level 1:colcon.colcon_core.package_discovery:discover_packages(path) using defaults
[0.322s] Level 1:colcon.colcon_core.package_discovery:discover_packages(prefix_path) check parameters
[0.322s] Level 1:colcon.colcon_core.package_discovery:discover_packages(prefix_path) discover
[0.325s] DEBUG:colcon.colcon_installed_package_information.package_discovery:Found 8 installed packages in /home/shaxpy/colcon_ws_AMR/install
[0.326s] DEBUG:colcon.colcon_installed_package_information.package_discovery:Found 2 installed packages in /home/shaxpy/amr_first_ws/install
[0.328s] DEBUG:colcon.colcon_installed_package_information.package_discovery:Found 284 installed packages in /opt/ros/rolling
[0.329s] Level 1:colcon.colcon_core.package_discovery:discover_packages(prefix_path) using defaults
[0.386s] Level 5:colcon.colcon_core.verb:set package 'kelo_tulip' build argument 'cmake_args' from command line to 'None'
[0.386s] Level 5:colcon.colcon_core.verb:set package 'kelo_tulip' build argument 'cmake_target' from command line to 'None'
[0.386s] Level 5:colcon.colcon_core.verb:set package 'kelo_tulip' build argument 'cmake_target_skip_unavailable' from command line to 'False'
[0.386s] Level 5:colcon.colcon_core.verb:set package 'kelo_tulip' build argument 'cmake_clean_cache' from command line to 'False'
[0.386s] Level 5:colcon.colcon_core.verb:set package 'kelo_tulip' build argument 'cmake_clean_first' from command line to 'False'
[0.386s] Level 5:colcon.colcon_core.verb:set package 'kelo_tulip' build argument 'cmake_force_configure' from command line to 'False'
[0.386s] Level 5:colcon.colcon_core.verb:set package 'kelo_tulip' build argument 'ament_cmake_args' from command line to 'None'
[0.386s] Level 5:colcon.colcon_core.verb:set package 'kelo_tulip' build argument 'catkin_cmake_args' from command line to 'None'
[0.386s] Level 5:colcon.colcon_core.verb:set package 'kelo_tulip' build argument 'catkin_skip_building_tests' from command line to 'False'
[0.386s] DEBUG:colcon.colcon_core.verb:Building package 'kelo_tulip' with the following arguments: {'ament_cmake_args': None, 'build_base': '/home/shaxpy/colcon_ws_AMR/build/kelo_tulip', 'catkin_cmake_args': None, 'catkin_skip_building_tests': False, 'cmake_args': None, 'cmake_clean_cache': False, 'cmake_clean_first': False, 'cmake_force_configure': False, 'cmake_target': None, 'cmake_target_skip_unavailable': False, 'install_base': '/home/shaxpy/colcon_ws_AMR/install/kelo_tulip', 'merge_install': False, 'path': '/home/shaxpy/colcon_ws_AMR/src/kelo_tulip', 'symlink_install': False, 'test_result_base': None}
[0.387s] Level 5:colcon.colcon_core.verb:set package 'py_trees_ros' build argument 'cmake_args' from command line to 'None'
[0.387s] Level 5:colcon.colcon_core.verb:set package 'py_trees_ros' build argument 'cmake_target' from command line to 'None'
[0.387s] Level 5:colcon.colcon_core.verb:set package 'py_trees_ros' build argument 'cmake_target_skip_unavailable' from command line to 'False'
[0.387s] Level 5:colcon.colcon_core.verb:set package 'py_trees_ros' build argument 'cmake_clean_cache' from command line to 'False'
[0.387s] Level 5:colcon.colcon_core.verb:set package 'py_trees_ros' build argument 'cmake_clean_first' from command line to 'False'
[0.387s] Level 5:colcon.colcon_core.verb:set package 'py_trees_ros' build argument 'cmake_force_configure' from command line to 'False'
[0.387s] Level 5:colcon.colcon_core.verb:set package 'py_trees_ros' build argument 'ament_cmake_args' from command line to 'None'
[0.387s] Level 5:colcon.colcon_core.verb:set package 'py_trees_ros' build argument 'catkin_cmake_args' from command line to 'None'
[0.387s] Level 5:colcon.colcon_core.verb:set package 'py_trees_ros' build argument 'catkin_skip_building_tests' from command line to 'False'
[0.387s] DEBUG:colcon.colcon_core.verb:Building package 'py_trees_ros' with the following arguments: {'ament_cmake_args': None, 'build_base': '/home/shaxpy/colcon_ws_AMR/build/py_trees_ros', 'catkin_cmake_args': None, 'catkin_skip_building_tests': False, 'cmake_args': None, 'cmake_clean_cache': False, 'cmake_clean_first': False, 'cmake_force_configure': False, 'cmake_target': None, 'cmake_target_skip_unavailable': False, 'install_base': '/home/shaxpy/colcon_ws_AMR/install/py_trees_ros', 'merge_install': False, 'path': '/home/shaxpy/colcon_ws_AMR/src/py_trees_ros', 'symlink_install': False, 'test_result_base': None}
[0.388s] Level 5:colcon.colcon_core.verb:set package 'robile_control_simple' build argument 'cmake_args' from command line to 'None'
[0.388s] Level 5:colcon.colcon_core.verb:set package 'robile_control_simple' build argument 'cmake_target' from command line to 'None'
[0.388s] Level 5:colcon.colcon_core.verb:set package 'robile_control_simple' build argument 'cmake_target_skip_unavailable' from command line to 'False'
[0.388s] Level 5:colcon.colcon_core.verb:set package 'robile_control_simple' build argument 'cmake_clean_cache' from command line to 'False'
[0.389s] Level 5:colcon.colcon_core.verb:set package 'robile_control_simple' build argument 'cmake_clean_first' from command line to 'False'
[0.389s] Level 5:colcon.colcon_core.verb:set package 'robile_control_simple' build argument 'cmake_force_configure' from command line to 'False'
[0.389s] Level 5:colcon.colcon_core.verb:set package 'robile_control_simple' build argument 'ament_cmake_args' from command line to 'None'
[0.389s] Level 5:colcon.colcon_core.verb:set package 'robile_control_simple' build argument 'catkin_cmake_args' from command line to 'None'
[0.389s] Level 5:colcon.colcon_core.verb:set package 'robile_control_simple' build argument 'catkin_skip_building_tests' from command line to 'False'
[0.389s] DEBUG:colcon.colcon_core.verb:Building package 'robile_control_simple' with the following arguments: {'ament_cmake_args': None, 'build_base': '/home/shaxpy/colcon_ws_AMR/build/robile_control_simple', 'catkin_cmake_args': None, 'catkin_skip_building_tests': False, 'cmake_args': None, 'cmake_clean_cache': False, 'cmake_clean_first': False, 'cmake_force_configure': False, 'cmake_target': None, 'cmake_target_skip_unavailable': False, 'install_base': '/home/shaxpy/colcon_ws_AMR/install/robile_control_simple', 'merge_install': False, 'path': '/home/shaxpy/colcon_ws_AMR/src/Robile/robile_demos/robile_control_simple', 'symlink_install': False, 'test_result_base': None}
[0.390s] Level 5:colcon.colcon_core.verb:set package 'robile_control_square' build argument 'cmake_args' from command line to 'None'
[0.390s] Level 5:colcon.colcon_core.verb:set package 'robile_control_square' build argument 'cmake_target' from command line to 'None'
[0.390s] Level 5:colcon.colcon_core.verb:set package 'robile_control_square' build argument 'cmake_target_skip_unavailable' from command line to 'False'
[0.390s] Level 5:colcon.colcon_core.verb:set package 'robile_control_square' build argument 'cmake_clean_cache' from command line to 'False'
[0.390s] Level 5:colcon.colcon_core.verb:set package 'robile_control_square' build argument 'cmake_clean_first' from command line to 'False'
[0.390s] Level 5:colcon.colcon_core.verb:set package 'robile_control_square' build argument 'cmake_force_configure' from command line to 'False'
[0.390s] Level 5:colcon.colcon_core.verb:set package 'robile_control_square' build argument 'ament_cmake_args' from command line to 'None'
[0.390s] Level 5:colcon.colcon_core.verb:set package 'robile_control_square' build argument 'catkin_cmake_args' from command line to 'None'
[0.390s] Level 5:colcon.colcon_core.verb:set package 'robile_control_square' build argument 'catkin_skip_building_tests' from command line to 'False'
[0.390s] DEBUG:colcon.colcon_core.verb:Building package 'robile_control_square' with the following arguments: {'ament_cmake_args': None, 'build_base': '/home/shaxpy/colcon_ws_AMR/build/robile_control_square', 'catkin_cmake_args': None, 'catkin_skip_building_tests': False, 'cmake_args': None, 'cmake_clean_cache': False, 'cmake_clean_first': False, 'cmake_force_configure': False, 'cmake_target': None, 'cmake_target_skip_unavailable': False, 'install_base': '/home/shaxpy/colcon_ws_AMR/install/robile_control_square', 'merge_install': False, 'path': '/home/shaxpy/colcon_ws_AMR/src/Robile/robile_demos/robile_control_square', 'symlink_install': False, 'test_result_base': None}
[0.391s] Level 5:colcon.colcon_core.verb:set package 'robile_description' build argument 'cmake_args' from command line to 'None'
[0.391s] Level 5:colcon.colcon_core.verb:set package 'robile_description' build argument 'cmake_target' from command line to 'None'
[0.391s] Level 5:colcon.colcon_core.verb:set package 'robile_description' build argument 'cmake_target_skip_unavailable' from command line to 'False'
[0.391s] Level 5:colcon.colcon_core.verb:set package 'robile_description' build argument 'cmake_clean_cache' from command line to 'False'
[0.391s] Level 5:colcon.colcon_core.verb:set package 'robile_description' build argument 'cmake_clean_first' from command line to 'False'
[0.391s] Level 5:colcon.colcon_core.verb:set package 'robile_description' build argument 'cmake_force_configure' from command line to 'False'
[0.391s] Level 5:colcon.colcon_core.verb:set package 'robile_description' build argument 'ament_cmake_args' from command line to 'None'
[0.391s] Level 5:colcon.colcon_core.verb:set package 'robile_description' build argument 'catkin_cmake_args' from command line to 'None'
[0.391s] Level 5:colcon.colcon_core.verb:set package 'robile_description' build argument 'catkin_skip_building_tests' from command line to 'False'
[0.391s] DEBUG:colcon.colcon_core.verb:Building package 'robile_description' with the following arguments: {'ament_cmake_args': None, 'build_base': '/home/shaxpy/colcon_ws_AMR/build/robile_description', 'catkin_cmake_args': None, 'catkin_skip_building_tests': False, 'cmake_args': None, 'cmake_clean_cache': False, 'cmake_clean_first': False, 'cmake_force_configure': False, 'cmake_target': None, 'cmake_target_skip_unavailable': False, 'install_base': '/home/shaxpy/colcon_ws_AMR/install/robile_description', 'merge_install': False, 'path': '/home/shaxpy/colcon_ws_AMR/src/robile_description', 'symlink_install': False, 'test_result_base': None}
[0.392s] Level 5:colcon.colcon_core.verb:set package 'robile_new' build argument 'cmake_args' from command line to 'None'
[0.392s] Level 5:colcon.colcon_core.verb:set package 'robile_new' build argument 'cmake_target' from command line to 'None'
[0.392s] Level 5:colcon.colcon_core.verb:set package 'robile_new' build argument 'cmake_target_skip_unavailable' from command line to 'False'
[0.392s] Level 5:colcon.colcon_core.verb:set package 'robile_new' build argument 'cmake_clean_cache' from command line to 'False'
[0.392s] Level 5:colcon.colcon_core.verb:set package 'robile_new' build argument 'cmake_clean_first' from command line to 'False'
[0.392s] Level 5:colcon.colcon_core.verb:set package 'robile_new' build argument 'cmake_force_configure' from command line to 'False'
[0.392s] Level 5:colcon.colcon_core.verb:set package 'robile_new' build argument 'ament_cmake_args' from command line to 'None'
[0.392s] Level 5:colcon.colcon_core.verb:set package 'robile_new' build argument 'catkin_cmake_args' from command line to 'None'
[0.392s] Level 5:colcon.colcon_core.verb:set package 'robile_new' build argument 'catkin_skip_building_tests' from command line to 'False'
[0.392s] DEBUG:colcon.colcon_core.verb:Building package 'robile_new' with the following arguments: {'ament_cmake_args': None, 'build_base': '/home/shaxpy/colcon_ws_AMR/build/robile_new', 'catkin_cmake_args': None, 'catkin_skip_building_tests': False, 'cmake_args': None, 'cmake_clean_cache': False, 'cmake_clean_first': False, 'cmake_force_configure': False, 'cmake_target': None, 'cmake_target_skip_unavailable': False, 'install_base': '/home/shaxpy/colcon_ws_AMR/install/robile_new', 'merge_install': False, 'path': '/home/shaxpy/colcon_ws_AMR/src/Robile/robile_demos/robile_new', 'symlink_install': False, 'test_result_base': None}
[0.393s] Level 5:colcon.colcon_core.verb:set package 'robile_reach_goal' build argument 'cmake_args' from command line to 'None'
[0.393s] Level 5:colcon.colcon_core.verb:set package 'robile_reach_goal' build argument 'cmake_target' from command line to 'None'
[0.393s] Level 5:colcon.colcon_core.verb:set package 'robile_reach_goal' build argument 'cmake_target_skip_unavailable' from command line to 'False'
[0.393s] Level 5:colcon.colcon_core.verb:set package 'robile_reach_goal' build argument 'cmake_clean_cache' from command line to 'False'
[0.393s] Level 5:colcon.colcon_core.verb:set package 'robile_reach_goal' build argument 'cmake_clean_first' from command line to 'False'
[0.393s] Level 5:colcon.colcon_core.verb:set package 'robile_reach_goal' build argument 'cmake_force_configure' from command line to 'False'
[0.393s] Level 5:colcon.colcon_core.verb:set package 'robile_reach_goal' build argument 'ament_cmake_args' from command line to 'None'
[0.393s] Level 5:colcon.colcon_core.verb:set package 'robile_reach_goal' build argument 'catkin_cmake_args' from command line to 'None'
[0.393s] Level 5:colcon.colcon_core.verb:set package 'robile_reach_goal' build argument 'catkin_skip_building_tests' from command line to 'False'
[0.394s] DEBUG:colcon.colcon_core.verb:Building package 'robile_reach_goal' with the following arguments: {'ament_cmake_args': None, 'build_base': '/home/shaxpy/colcon_ws_AMR/build/robile_reach_goal', 'catkin_cmake_args': None, 'catkin_skip_building_tests': False, 'cmake_args': None, 'cmake_clean_cache': False, 'cmake_clean_first': False, 'cmake_force_configure': False, 'cmake_target': None, 'cmake_target_skip_unavailable': False, 'install_base': '/home/shaxpy/colcon_ws_AMR/install/robile_reach_goal', 'merge_install': False, 'path': '/home/shaxpy/colcon_ws_AMR/src/Robile/robile_demos/robile_reach_goal', 'symlink_install': False, 'test_result_base': None}
[0.395s] Level 5:colcon.colcon_core.verb:set package 'robile_gazebo' build argument 'cmake_args' from command line to 'None'
[0.395s] Level 5:colcon.colcon_core.verb:set package 'robile_gazebo' build argument 'cmake_target' from command line to 'None'
[0.395s] Level 5:colcon.colcon_core.verb:set package 'robile_gazebo' build argument 'cmake_target_skip_unavailable' from command line to 'False'
[0.395s] Level 5:colcon.colcon_core.verb:set package 'robile_gazebo' build argument 'cmake_clean_cache' from command line to 'False'
[0.395s] Level 5:colcon.colcon_core.verb:set package 'robile_gazebo' build argument 'cmake_clean_first' from command line to 'False'
[0.395s] Level 5:colcon.colcon_core.verb:set package 'robile_gazebo' build argument 'cmake_force_configure' from command line to 'False'
[0.395s] Level 5:colcon.colcon_core.verb:set package 'robile_gazebo' build argument 'ament_cmake_args' from command line to 'None'
[0.395s] Level 5:colcon.colcon_core.verb:set package 'robile_gazebo' build argument 'catkin_cmake_args' from command line to 'None'
[0.395s] Level 5:colcon.colcon_core.verb:set package 'robile_gazebo' build argument 'catkin_skip_building_tests' from command line to 'False'
[0.395s] DEBUG:colcon.colcon_core.verb:Building package 'robile_gazebo' with the following arguments: {'ament_cmake_args': None, 'build_base': '/home/shaxpy/colcon_ws_AMR/build/robile_gazebo', 'catkin_cmake_args': None, 'catkin_skip_building_tests': False, 'cmake_args': None, 'cmake_clean_cache': False, 'cmake_clean_first': False, 'cmake_force_configure': False, 'cmake_target': None, 'cmake_target_skip_unavailable': False, 'install_base': '/home/shaxpy/colcon_ws_AMR/install/robile_gazebo', 'merge_install': False, 'path': '/home/shaxpy/colcon_ws_AMR/src/robile_gazebo', 'symlink_install': False, 'test_result_base': None}
[0.396s] INFO:colcon.colcon_core.executor:Executing jobs using 'parallel' executor
[0.400s] DEBUG:colcon.colcon_parallel_executor.executor.parallel:run_until_complete
[0.400s] INFO:colcon.colcon_ros.task.ament_cmake.build:Building ROS package in '/home/shaxpy/colcon_ws_AMR/src/robile_description' with build type 'ament_cmake'
[0.400s] INFO:colcon.colcon_cmake.task.cmake.build:Building CMake package in '/home/shaxpy/colcon_ws_AMR/src/robile_description'
[0.405s] INFO:colcon.colcon_core.plugin_system:Skipping extension 'colcon_core.shell.bat': Not used on non-Windows systems
[0.405s] INFO:colcon.colcon_core.shell:Skip shell extension 'powershell' for command environment: Not usable outside of PowerShell
[0.405s] DEBUG:colcon.colcon_core.shell:Skip shell extension 'dsv' for command environment
[0.412s] INFO:colcon.colcon_ros.task.ament_cmake.build:Building ROS package in '/home/shaxpy/colcon_ws_AMR/src/kelo_tulip' with build type 'ament_cmake'
[0.412s] INFO:colcon.colcon_cmake.task.cmake.build:Building CMake package in '/home/shaxpy/colcon_ws_AMR/src/kelo_tulip'
[0.414s] INFO:colcon.colcon_core.shell:Skip shell extension 'powershell' for command environment: Not usable outside of PowerShell
[0.414s] DEBUG:colcon.colcon_core.shell:Skip shell extension 'dsv' for command environment
[0.421s] INFO:colcon.colcon_ros.task.ament_python.build:Building ROS package in '/home/shaxpy/colcon_ws_AMR/src/py_trees_ros' with build type 'ament_python'
[0.421s] Level 1:colcon.colcon_core.shell:create_environment_hook('py_trees_ros', 'ament_prefix_path')
[0.423s] INFO:colcon.colcon_core.shell:Creating environment hook '/home/shaxpy/colcon_ws_AMR/install/py_trees_ros/share/py_trees_ros/hook/ament_prefix_path.ps1'
[0.424s] INFO:colcon.colcon_core.shell:Creating environment descriptor '/home/shaxpy/colcon_ws_AMR/install/py_trees_ros/share/py_trees_ros/hook/ament_prefix_path.dsv'
[0.424s] INFO:colcon.colcon_core.shell:Creating environment hook '/home/shaxpy/colcon_ws_AMR/install/py_trees_ros/share/py_trees_ros/hook/ament_prefix_path.sh'
[0.426s] INFO:colcon.colcon_core.shell:Skip shell extension 'powershell' for command environment: Not usable outside of PowerShell
[0.426s] DEBUG:colcon.colcon_core.shell:Skip shell extension 'dsv' for command environment
[0.433s] INFO:colcon.colcon_ros.task.ament_python.build:Building ROS package in '/home/shaxpy/colcon_ws_AMR/src/Robile/robile_demos/robile_control_simple' with build type 'ament_python'
[0.434s] Level 1:colcon.colcon_core.shell:create_environment_hook('robile_control_simple', 'ament_prefix_path')
[0.436s] INFO:colcon.colcon_core.shell:Creating environment hook '/home/shaxpy/colcon_ws_AMR/install/robile_control_simple/share/robile_control_simple/hook/ament_prefix_path.ps1'
[0.436s] INFO:colcon.colcon_core.shell:Creating environment descriptor '/home/shaxpy/colcon_ws_AMR/install/robile_control_simple/share/robile_control_simple/hook/ament_prefix_path.dsv'
[0.437s] INFO:colcon.colcon_core.shell:Creating environment hook '/home/shaxpy/colcon_ws_AMR/install/robile_control_simple/share/robile_control_simple/hook/ament_prefix_path.sh'
[0.439s] INFO:colcon.colcon_core.shell:Skip shell extension 'powershell' for command environment: Not usable outside of PowerShell
[0.439s] DEBUG:colcon.colcon_core.shell:Skip shell extension 'dsv' for command environment
[0.445s] INFO:colcon.colcon_ros.task.ament_python.build:Building ROS package in '/home/shaxpy/colcon_ws_AMR/src/Robile/robile_demos/robile_control_square' with build type 'ament_python'
[0.445s] Level 1:colcon.colcon_core.shell:create_environment_hook('robile_control_square', 'ament_prefix_path')
[0.447s] INFO:colcon.colcon_core.shell:Creating environment hook '/home/shaxpy/colcon_ws_AMR/install/robile_control_square/share/robile_control_square/hook/ament_prefix_path.ps1'
[0.447s] INFO:colcon.colcon_core.shell:Creating environment descriptor '/home/shaxpy/colcon_ws_AMR/install/robile_control_square/share/robile_control_square/hook/ament_prefix_path.dsv'
[0.448s] INFO:colcon.colcon_core.shell:Creating environment hook '/home/shaxpy/colcon_ws_AMR/install/robile_control_square/share/robile_control_square/hook/ament_prefix_path.sh'
[0.450s] INFO:colcon.colcon_core.shell:Skip shell extension 'powershell' for command environment: Not usable outside of PowerShell
[0.450s] DEBUG:colcon.colcon_core.shell:Skip shell extension 'dsv' for command environment
[0.456s] INFO:colcon.colcon_ros.task.ament_python.build:Building ROS package in '/home/shaxpy/colcon_ws_AMR/src/Robile/robile_demos/robile_new' with build type 'ament_python'
[0.457s] Level 1:colcon.colcon_core.shell:create_environment_hook('robile_new', 'ament_prefix_path')
[0.459s] INFO:colcon.colcon_core.shell:Creating environment hook '/home/shaxpy/colcon_ws_AMR/install/robile_new/share/robile_new/hook/ament_prefix_path.ps1'
[0.460s] INFO:colcon.colcon_core.shell:Creating environment descriptor '/home/shaxpy/colcon_ws_AMR/install/robile_new/share/robile_new/hook/ament_prefix_path.dsv'
[0.460s] INFO:colcon.colcon_core.shell:Creating environment hook '/home/shaxpy/colcon_ws_AMR/install/robile_new/share/robile_new/hook/ament_prefix_path.sh'
[0.462s] INFO:colcon.colcon_core.shell:Skip shell extension 'powershell' for command environment: Not usable outside of PowerShell
[0.462s] DEBUG:colcon.colcon_core.shell:Skip shell extension 'dsv' for command environment
[0.469s] INFO:colcon.colcon_ros.task.ament_python.build:Building ROS package in '/home/shaxpy/colcon_ws_AMR/src/Robile/robile_demos/robile_reach_goal' with build type 'ament_python'
[0.470s] Level 1:colcon.colcon_core.shell:create_environment_hook('robile_reach_goal', 'ament_prefix_path')
[0.472s] INFO:colcon.colcon_core.shell:Creating environment hook '/home/shaxpy/colcon_ws_AMR/install/robile_reach_goal/share/robile_reach_goal/hook/ament_prefix_path.ps1'
[0.472s] INFO:colcon.colcon_core.shell:Creating environment descriptor '/home/shaxpy/colcon_ws_AMR/install/robile_reach_goal/share/robile_reach_goal/hook/ament_prefix_path.dsv'
[0.473s] INFO:colcon.colcon_core.shell:Creating environment hook '/home/shaxpy/colcon_ws_AMR/install/robile_reach_goal/share/robile_reach_goal/hook/ament_prefix_path.sh'
[0.475s] INFO:colcon.colcon_core.shell:Skip shell extension 'powershell' for command environment: Not usable outside of PowerShell
[0.475s] DEBUG:colcon.colcon_core.shell:Skip shell extension 'dsv' for command environment
[0.488s] DEBUG:colcon.colcon_core.event_handler.log_command:Invoking command in '/home/shaxpy/colcon_ws_AMR/build/robile_description': CMAKE_PREFIX_PATH=${CMAKE_PREFIX_PATH}:/home/shaxpy/colcon_ws_AMR/install/robile_reach_goal:/home/shaxpy/colcon_ws_AMR/install/robile_new:/home/shaxpy/colcon_ws_AMR/install/robile_control_square:/home/shaxpy/colcon_ws_AMR/install/robile_control_simple:/home/shaxpy/colcon_ws_AMR/install/py_trees_ros:/opt/ros/rolling /usr/bin/cmake --build /home/shaxpy/colcon_ws_AMR/build/robile_description -- -j12 -l12
[0.493s] DEBUG:colcon.colcon_core.event_handler.log_command:Invoking command in '/home/shaxpy/colcon_ws_AMR/build/kelo_tulip': CMAKE_PREFIX_PATH=${CMAKE_PREFIX_PATH}:/home/shaxpy/colcon_ws_AMR/install/robile_reach_goal:/home/shaxpy/colcon_ws_AMR/install/robile_new:/home/shaxpy/colcon_ws_AMR/install/robile_control_square:/home/shaxpy/colcon_ws_AMR/install/robile_control_simple:/home/shaxpy/colcon_ws_AMR/install/py_trees_ros:/opt/ros/rolling /usr/bin/cmake --build /home/shaxpy/colcon_ws_AMR/build/kelo_tulip -- -j12 -l12
[0.701s] INFO:colcon.colcon_core.task.python.build:Building Python package in '/home/shaxpy/colcon_ws_AMR/src/py_trees_ros'
[0.708s] INFO:colcon.colcon_core.shell:Skip shell extension 'powershell' for command environment: Not usable outside of PowerShell
[0.708s] DEBUG:colcon.colcon_core.shell:Skip shell extension 'dsv' for command environment
[0.917s] INFO:colcon.colcon_core.task.python.build:Building Python package in '/home/shaxpy/colcon_ws_AMR/src/Robile/robile_demos/robile_control_simple'
[0.924s] INFO:colcon.colcon_core.shell:Skip shell extension 'powershell' for command environment: Not usable outside of PowerShell
[0.925s] DEBUG:colcon.colcon_core.shell:Skip shell extension 'dsv' for command environment
[1.149s] INFO:colcon.colcon_core.task.python.build:Building Python package in '/home/shaxpy/colcon_ws_AMR/src/Robile/robile_demos/robile_control_square'
[1.152s] INFO:colcon.colcon_core.shell:Skip shell extension 'powershell' for command environment: Not usable outside of PowerShell
[1.152s] DEBUG:colcon.colcon_core.shell:Skip shell extension 'dsv' for command environment
[1.353s] INFO:colcon.colcon_core.task.python.build:Building Python package in '/home/shaxpy/colcon_ws_AMR/src/Robile/robile_demos/robile_new'
[1.359s] INFO:colcon.colcon_core.shell:Skip shell extension 'powershell' for command environment: Not usable outside of PowerShell
[1.360s] DEBUG:colcon.colcon_core.shell:Skip shell extension 'dsv' for command environment
[1.564s] INFO:colcon.colcon_core.task.python.build:Building Python package in '/home/shaxpy/colcon_ws_AMR/src/Robile/robile_demos/robile_reach_goal'
[1.571s] INFO:colcon.colcon_core.shell:Skip shell extension 'powershell' for command environment: Not usable outside of PowerShell
[1.571s] DEBUG:colcon.colcon_core.shell:Skip shell extension 'dsv' for command environment
[1.585s] DEBUG:colcon.colcon_core.event_handler.log_command:Invoked command in '/home/shaxpy/colcon_ws_AMR/build/robile_description' returned '0': CMAKE_PREFIX_PATH=${CMAKE_PREFIX_PATH}:/home/shaxpy/colcon_ws_AMR/install/robile_reach_goal:/home/shaxpy/colcon_ws_AMR/install/robile_new:/home/shaxpy/colcon_ws_AMR/install/robile_control_square:/home/shaxpy/colcon_ws_AMR/install/robile_control_simple:/home/shaxpy/colcon_ws_AMR/install/py_trees_ros:/opt/ros/rolling /usr/bin/cmake --build /home/shaxpy/colcon_ws_AMR/build/robile_description -- -j12 -l12
[1.586s] DEBUG:colcon.colcon_core.event_handler.log_command:Invoked command in '/home/shaxpy/colcon_ws_AMR/build/kelo_tulip' returned '0': CMAKE_PREFIX_PATH=${CMAKE_PREFIX_PATH}:/home/shaxpy/colcon_ws_AMR/install/robile_reach_goal:/home/shaxpy/colcon_ws_AMR/install/robile_new:/home/shaxpy/colcon_ws_AMR/install/robile_control_square:/home/shaxpy/colcon_ws_AMR/install/robile_control_simple:/home/shaxpy/colcon_ws_AMR/install/py_trees_ros:/opt/ros/rolling /usr/bin/cmake --build /home/shaxpy/colcon_ws_AMR/build/kelo_tulip -- -j12 -l12
[1.616s] DEBUG:colcon.colcon_core.event_handler.log_command:Invoking command in '/home/shaxpy/colcon_ws_AMR/build/robile_description': CMAKE_PREFIX_PATH=${CMAKE_PREFIX_PATH}:/home/shaxpy/colcon_ws_AMR/install/robile_reach_goal:/home/shaxpy/colcon_ws_AMR/install/robile_new:/home/shaxpy/colcon_ws_AMR/install/robile_control_square:/home/shaxpy/colcon_ws_AMR/install/robile_control_simple:/home/shaxpy/colcon_ws_AMR/install/py_trees_ros:/opt/ros/rolling /usr/bin/cmake --install /home/shaxpy/colcon_ws_AMR/build/robile_description
[1.622s] DEBUG:colcon.colcon_core.event_handler.log_command:Invoking command in '/home/shaxpy/colcon_ws_AMR/build/kelo_tulip': CMAKE_PREFIX_PATH=${CMAKE_PREFIX_PATH}:/home/shaxpy/colcon_ws_AMR/install/robile_reach_goal:/home/shaxpy/colcon_ws_AMR/install/robile_new:/home/shaxpy/colcon_ws_AMR/install/robile_control_square:/home/shaxpy/colcon_ws_AMR/install/robile_control_simple:/home/shaxpy/colcon_ws_AMR/install/py_trees_ros:/opt/ros/rolling /usr/bin/cmake --install /home/shaxpy/colcon_ws_AMR/build/kelo_tulip
[1.634s] Level 1:colcon.colcon_core.environment:create_environment_scripts_only(robile_description)
[1.641s] DEBUG:colcon.colcon_core.event_handler.log_command:Invoked command in '/home/shaxpy/colcon_ws_AMR/build/robile_description' returned '0': CMAKE_PREFIX_PATH=${CMAKE_PREFIX_PATH}:/home/shaxpy/colcon_ws_AMR/install/robile_reach_goal:/home/shaxpy/colcon_ws_AMR/install/robile_new:/home/shaxpy/colcon_ws_AMR/install/robile_control_square:/home/shaxpy/colcon_ws_AMR/install/robile_control_simple:/home/shaxpy/colcon_ws_AMR/install/py_trees_ros:/opt/ros/rolling /usr/bin/cmake --install /home/shaxpy/colcon_ws_AMR/build/robile_description
[1.674s] Level 1:colcon.colcon_core.environment:checking '/home/shaxpy/colcon_ws_AMR/install/robile_description' for CMake module files
[1.675s] Level 1:colcon.colcon_core.environment:checking '/home/shaxpy/colcon_ws_AMR/install/robile_description' for CMake config files
[1.676s] Level 1:colcon.colcon_core.shell:create_environment_hook('robile_description', 'cmake_prefix_path')
[1.680s] INFO:colcon.colcon_core.shell:Creating environment hook '/home/shaxpy/colcon_ws_AMR/install/robile_description/share/robile_description/hook/cmake_prefix_path.ps1'
[1.681s] INFO:colcon.colcon_core.shell:Creating environment descriptor '/home/shaxpy/colcon_ws_AMR/install/robile_description/share/robile_description/hook/cmake_prefix_path.dsv'
[1.682s] INFO:colcon.colcon_core.shell:Creating environment hook '/home/shaxpy/colcon_ws_AMR/install/robile_description/share/robile_description/hook/cmake_prefix_path.sh'
[1.683s] Level 1:colcon.colcon_core.environment:checking '/home/shaxpy/colcon_ws_AMR/install/robile_description/bin'
[1.683s] Level 1:colcon.colcon_core.environment:checking '/home/shaxpy/colcon_ws_AMR/install/robile_description/lib/pkgconfig/robile_description.pc'
[1.683s] Level 1:colcon.colcon_core.environment:checking '/home/shaxpy/colcon_ws_AMR/install/robile_description/lib/python3.8/site-packages'
[1.683s] Level 1:colcon.colcon_core.environment:checking '/home/shaxpy/colcon_ws_AMR/install/robile_description/bin'
[1.688s] INFO:colcon.colcon_core.shell:Creating package script '/home/shaxpy/colcon_ws_AMR/install/robile_description/share/robile_description/package.ps1'
[1.689s] INFO:colcon.colcon_core.shell:Creating package descriptor '/home/shaxpy/colcon_ws_AMR/install/robile_description/share/robile_description/package.dsv'
[1.689s] INFO:colcon.colcon_core.shell:Creating package script '/home/shaxpy/colcon_ws_AMR/install/robile_description/share/robile_description/package.sh'
[1.690s] INFO:colcon.colcon_core.shell:Creating package script '/home/shaxpy/colcon_ws_AMR/install/robile_description/share/robile_description/package.bash'
[1.691s] INFO:colcon.colcon_core.shell:Creating package script '/home/shaxpy/colcon_ws_AMR/install/robile_description/share/robile_description/package.zsh'
[1.692s] Level 1:colcon.colcon_core.environment:create_file_with_runtime_dependencies(/home/shaxpy/colcon_ws_AMR/install/robile_description/share/colcon-core/packages/robile_description)
[1.698s] Level 1:colcon.colcon_core.environment:create_environment_scripts_only(kelo_tulip)
[1.706s] Level 1:colcon.colcon_core.environment:checking '/home/shaxpy/colcon_ws_AMR/install/kelo_tulip' for CMake module files
[1.707s] DEBUG:colcon.colcon_core.event_handler.log_command:Invoked command in '/home/shaxpy/colcon_ws_AMR/build/kelo_tulip' returned '0': CMAKE_PREFIX_PATH=${CMAKE_PREFIX_PATH}:/home/shaxpy/colcon_ws_AMR/install/robile_reach_goal:/home/shaxpy/colcon_ws_AMR/install/robile_new:/home/shaxpy/colcon_ws_AMR/install/robile_control_square:/home/shaxpy/colcon_ws_AMR/install/robile_control_simple:/home/shaxpy/colcon_ws_AMR/install/py_trees_ros:/opt/ros/rolling /usr/bin/cmake --install /home/shaxpy/colcon_ws_AMR/build/kelo_tulip
[1.708s] Level 1:colcon.colcon_core.environment:checking '/home/shaxpy/colcon_ws_AMR/install/kelo_tulip' for CMake config files
[1.709s] Level 1:colcon.colcon_core.shell:create_environment_hook('kelo_tulip', 'cmake_prefix_path')
[1.715s] INFO:colcon.colcon_core.shell:Creating environment hook '/home/shaxpy/colcon_ws_AMR/install/kelo_tulip/share/kelo_tulip/hook/cmake_prefix_path.ps1'
[1.716s] INFO:colcon.colcon_core.shell:Creating environment descriptor '/home/shaxpy/colcon_ws_AMR/install/kelo_tulip/share/kelo_tulip/hook/cmake_prefix_path.dsv'
[1.716s] INFO:colcon.colcon_core.shell:Creating environment hook '/home/shaxpy/colcon_ws_AMR/install/kelo_tulip/share/kelo_tulip/hook/cmake_prefix_path.sh'
[1.717s] Level 1:colcon.colcon_core.environment:checking '/home/shaxpy/colcon_ws_AMR/install/kelo_tulip/lib'
[1.717s] Level 1:colcon.colcon_core.environment:checking '/home/shaxpy/colcon_ws_AMR/install/kelo_tulip/bin'
[1.718s] Level 1:colcon.colcon_core.environment:checking '/home/shaxpy/colcon_ws_AMR/install/kelo_tulip/lib/pkgconfig/kelo_tulip.pc'
[1.718s] Level 1:colcon.colcon_core.environment:checking '/home/shaxpy/colcon_ws_AMR/install/kelo_tulip/lib/python3.8/site-packages'
[1.718s] Level 1:colcon.colcon_core.environment:checking '/home/shaxpy/colcon_ws_AMR/install/kelo_tulip/bin'
[1.723s] INFO:colcon.colcon_core.shell:Creating package script '/home/shaxpy/colcon_ws_AMR/install/kelo_tulip/share/kelo_tulip/package.ps1'
[1.723s] INFO:colcon.colcon_core.shell:Creating package descriptor '/home/shaxpy/colcon_ws_AMR/install/kelo_tulip/share/kelo_tulip/package.dsv'
[1.724s] INFO:colcon.colcon_core.shell:Creating package script '/home/shaxpy/colcon_ws_AMR/install/kelo_tulip/share/kelo_tulip/package.sh'
[1.724s] INFO:colcon.colcon_core.shell:Creating package script '/home/shaxpy/colcon_ws_AMR/install/kelo_tulip/share/kelo_tulip/package.bash'
[1.725s] INFO:colcon.colcon_core.shell:Creating package script '/home/shaxpy/colcon_ws_AMR/install/kelo_tulip/share/kelo_tulip/package.zsh'
[1.725s] Level 1:colcon.colcon_core.environment:create_file_with_runtime_dependencies(/home/shaxpy/colcon_ws_AMR/install/kelo_tulip/share/colcon-core/packages/kelo_tulip)
[1.736s] Level 1:colcon.colcon_core.environment:create_environment_scripts_only(robile_description)
[1.743s] Level 1:colcon.colcon_core.environment:checking '/home/shaxpy/colcon_ws_AMR/install/robile_description' for CMake module files
[1.744s] Level 1:colcon.colcon_core.environment:checking '/home/shaxpy/colcon_ws_AMR/install/robile_description' for CMake config files
[1.745s] Level 1:colcon.colcon_core.shell:create_environment_hook('robile_description', 'cmake_prefix_path')
[1.750s] INFO:colcon.colcon_core.shell:Creating environment hook '/home/shaxpy/colcon_ws_AMR/install/robile_description/share/robile_description/hook/cmake_prefix_path.ps1'
[1.751s] INFO:colcon.colcon_core.shell:Creating environment descriptor '/home/shaxpy/colcon_ws_AMR/install/robile_description/share/robile_description/hook/cmake_prefix_path.dsv'
[1.751s] INFO:colcon.colcon_core.shell:Creating environment hook '/home/shaxpy/colcon_ws_AMR/install/robile_description/share/robile_description/hook/cmake_prefix_path.sh'
[1.752s] Level 1:colcon.colcon_core.environment:checking '/home/shaxpy/colcon_ws_AMR/install/robile_description/bin'
[1.752s] Level 1:colcon.colcon_core.environment:checking '/home/shaxpy/colcon_ws_AMR/install/robile_description/lib/pkgconfig/robile_description.pc'
[1.752s] Level 1:colcon.colcon_core.environment:checking '/home/shaxpy/colcon_ws_AMR/install/robile_description/lib/python3.8/site-packages'
[1.753s] Level 1:colcon.colcon_core.environment:checking '/home/shaxpy/colcon_ws_AMR/install/robile_description/bin'
[1.757s] INFO:colcon.colcon_core.shell:Creating package script '/home/shaxpy/colcon_ws_AMR/install/robile_description/share/robile_description/package.ps1'
[1.758s] INFO:colcon.colcon_core.shell:Creating package descriptor '/home/shaxpy/colcon_ws_AMR/install/robile_description/share/robile_description/package.dsv'
[1.759s] INFO:colcon.colcon_core.shell:Creating package script '/home/shaxpy/colcon_ws_AMR/install/robile_description/share/robile_description/package.sh'
[1.759s] INFO:colcon.colcon_core.shell:Creating package script '/home/shaxpy/colcon_ws_AMR/install/robile_description/share/robile_description/package.bash'
[1.760s] INFO:colcon.colcon_core.shell:Creating package script '/home/shaxpy/colcon_ws_AMR/install/robile_description/share/robile_description/package.zsh'
[1.760s] Level 1:colcon.colcon_core.environment:create_file_with_runtime_dependencies(/home/shaxpy/colcon_ws_AMR/install/robile_description/share/colcon-core/packages/robile_description)
[1.762s] INFO:colcon.colcon_ros.task.ament_cmake.build:Building ROS package in '/home/shaxpy/colcon_ws_AMR/src/robile_gazebo' with build type 'ament_cmake'
[1.763s] INFO:colcon.colcon_cmake.task.cmake.build:Building CMake package in '/home/shaxpy/colcon_ws_AMR/src/robile_gazebo'
[1.768s] INFO:colcon.colcon_core.shell:Skip shell extension 'powershell' for command environment: Not usable outside of PowerShell
[1.768s] DEBUG:colcon.colcon_core.shell:Skip shell extension 'dsv' for command environment
[1.788s] Level 1:colcon.colcon_core.environment:create_environment_scripts_only(kelo_tulip)
[1.794s] Level 1:colcon.colcon_core.environment:checking '/home/shaxpy/colcon_ws_AMR/install/kelo_tulip' for CMake module files
[1.795s] Level 1:colcon.colcon_core.environment:checking '/home/shaxpy/colcon_ws_AMR/install/kelo_tulip' for CMake config files
[1.796s] Level 1:colcon.colcon_core.shell:create_environment_hook('kelo_tulip', 'cmake_prefix_path')
[1.801s] INFO:colcon.colcon_core.shell:Creating environment hook '/home/shaxpy/colcon_ws_AMR/install/kelo_tulip/share/kelo_tulip/hook/cmake_prefix_path.ps1'
[1.802s] INFO:colcon.colcon_core.shell:Creating environment descriptor '/home/shaxpy/colcon_ws_AMR/install/kelo_tulip/share/kelo_tulip/hook/cmake_prefix_path.dsv'
[1.802s] INFO:colcon.colcon_core.shell:Creating environment hook '/home/shaxpy/colcon_ws_AMR/install/kelo_tulip/share/kelo_tulip/hook/cmake_prefix_path.sh'
[1.803s] Level 1:colcon.colcon_core.environment:checking '/home/shaxpy/colcon_ws_AMR/install/kelo_tulip/lib'
[1.803s] Level 1:colcon.colcon_core.environment:checking '/home/shaxpy/colcon_ws_AMR/install/kelo_tulip/bin'
[1.803s] Level 1:colcon.colcon_core.environment:checking '/home/shaxpy/colcon_ws_AMR/install/kelo_tulip/lib/pkgconfig/kelo_tulip.pc'
[1.804s] Level 1:colcon.colcon_core.environment:checking '/home/shaxpy/colcon_ws_AMR/install/kelo_tulip/lib/python3.8/site-packages'
[1.804s] Level 1:colcon.colcon_core.environment:checking '/home/shaxpy/colcon_ws_AMR/install/kelo_tulip/bin'
[1.809s] INFO:colcon.colcon_core.shell:Creating package script '/home/shaxpy/colcon_ws_AMR/install/kelo_tulip/share/kelo_tulip/package.ps1'
[1.810s] INFO:colcon.colcon_core.shell:Creating package descriptor '/home/shaxpy/colcon_ws_AMR/install/kelo_tulip/share/kelo_tulip/package.dsv'
[1.811s] INFO:colcon.colcon_core.shell:Creating package script '/home/shaxpy/colcon_ws_AMR/install/kelo_tulip/share/kelo_tulip/package.sh'
[1.811s] INFO:colcon.colcon_core.shell:Creating package script '/home/shaxpy/colcon_ws_AMR/install/kelo_tulip/share/kelo_tulip/package.bash'
[1.812s] INFO:colcon.colcon_core.shell:Creating package script '/home/shaxpy/colcon_ws_AMR/install/kelo_tulip/share/kelo_tulip/package.zsh'
[1.812s] Level 1:colcon.colcon_core.environment:create_file_with_runtime_dependencies(/home/shaxpy/colcon_ws_AMR/install/kelo_tulip/share/colcon-core/packages/kelo_tulip)
[1.819s] DEBUG:colcon.colcon_core.event_handler.log_command:Invoking command in '/home/shaxpy/colcon_ws_AMR/build/robile_gazebo': CMAKE_PREFIX_PATH=/home/shaxpy/colcon_ws_AMR/install/robile_description:/home/shaxpy/colcon_ws_AMR/install/robile_gazebo:/home/shaxpy/colcon_ws_AMR/install/kelo_tulip:/home/shaxpy/amr_first_ws/install/robile_gazebo:/home/shaxpy/amr_first_ws/install/robile_description:/home/shaxpy/colcon_ws_AMR/install/robile_reach_goal:/home/shaxpy/colcon_ws_AMR/install/robile_new:/home/shaxpy/colcon_ws_AMR/install/robile_control_square:/home/shaxpy/colcon_ws_AMR/install/robile_control_simple:/home/shaxpy/colcon_ws_AMR/install/py_trees_ros:/opt/ros/rolling /usr/bin/cmake --build /home/shaxpy/colcon_ws_AMR/build/robile_gazebo -- -j12 -l12
[1.867s] DEBUG:colcon.colcon_core.event_handler.log_command:Invoked command in '/home/shaxpy/colcon_ws_AMR/build/robile_gazebo' returned '0': CMAKE_PREFIX_PATH=/home/shaxpy/colcon_ws_AMR/install/robile_description:/home/shaxpy/colcon_ws_AMR/install/robile_gazebo:/home/shaxpy/colcon_ws_AMR/install/kelo_tulip:/home/shaxpy/amr_first_ws/install/robile_gazebo:/home/shaxpy/amr_first_ws/install/robile_description:/home/shaxpy/colcon_ws_AMR/install/robile_reach_goal:/home/shaxpy/colcon_ws_AMR/install/robile_new:/home/shaxpy/colcon_ws_AMR/install/robile_control_square:/home/shaxpy/colcon_ws_AMR/install/robile_control_simple:/home/shaxpy/colcon_ws_AMR/install/py_trees_ros:/opt/ros/rolling /usr/bin/cmake --build /home/shaxpy/colcon_ws_AMR/build/robile_gazebo -- -j12 -l12
[1.888s] DEBUG:colcon.colcon_core.event_handler.log_command:Invoking command in '/home/shaxpy/colcon_ws_AMR/build/robile_gazebo': CMAKE_PREFIX_PATH=/home/shaxpy/colcon_ws_AMR/install/robile_description:/home/shaxpy/colcon_ws_AMR/install/robile_gazebo:/home/shaxpy/colcon_ws_AMR/install/kelo_tulip:/home/shaxpy/amr_first_ws/install/robile_gazebo:/home/shaxpy/amr_first_ws/install/robile_description:/home/shaxpy/colcon_ws_AMR/install/robile_reach_goal:/home/shaxpy/colcon_ws_AMR/install/robile_new:/home/shaxpy/colcon_ws_AMR/install/robile_control_square:/home/shaxpy/colcon_ws_AMR/install/robile_control_simple:/home/shaxpy/colcon_ws_AMR/install/py_trees_ros:/opt/ros/rolling /usr/bin/cmake --install /home/shaxpy/colcon_ws_AMR/build/robile_gazebo
[1.899s] Level 1:colcon.colcon_core.environment:create_environment_scripts_only(robile_gazebo)
[1.900s] DEBUG:colcon.colcon_core.event_handler.log_command:Invoked command in '/home/shaxpy/colcon_ws_AMR/build/robile_gazebo' returned '0': CMAKE_PREFIX_PATH=/home/shaxpy/colcon_ws_AMR/install/robile_description:/home/shaxpy/colcon_ws_AMR/install/robile_gazebo:/home/shaxpy/colcon_ws_AMR/install/kelo_tulip:/home/shaxpy/amr_first_ws/install/robile_gazebo:/home/shaxpy/amr_first_ws/install/robile_description:/home/shaxpy/colcon_ws_AMR/install/robile_reach_goal:/home/shaxpy/colcon_ws_AMR/install/robile_new:/home/shaxpy/colcon_ws_AMR/install/robile_control_square:/home/shaxpy/colcon_ws_AMR/install/robile_control_simple:/home/shaxpy/colcon_ws_AMR/install/py_trees_ros:/opt/ros/rolling /usr/bin/cmake --install /home/shaxpy/colcon_ws_AMR/build/robile_gazebo
[1.908s] Level 1:colcon.colcon_core.environment:checking '/home/shaxpy/colcon_ws_AMR/install/robile_gazebo' for CMake module files
[1.908s] Level 1:colcon.colcon_core.environment:checking '/home/shaxpy/colcon_ws_AMR/install/robile_gazebo' for CMake config files
[1.909s] Level 1:colcon.colcon_core.shell:create_environment_hook('robile_gazebo', 'cmake_prefix_path')
[1.912s] INFO:colcon.colcon_core.shell:Creating environment hook '/home/shaxpy/colcon_ws_AMR/install/robile_gazebo/share/robile_gazebo/hook/cmake_prefix_path.ps1'
[1.913s] INFO:colcon.colcon_core.shell:Creating environment descriptor '/home/shaxpy/colcon_ws_AMR/install/robile_gazebo/share/robile_gazebo/hook/cmake_prefix_path.dsv'
[1.914s] INFO:colcon.colcon_core.shell:Creating environment hook '/home/shaxpy/colcon_ws_AMR/install/robile_gazebo/share/robile_gazebo/hook/cmake_prefix_path.sh'
[1.914s] Level 1:colcon.colcon_core.environment:checking '/home/shaxpy/colcon_ws_AMR/install/robile_gazebo/bin'
[1.914s] Level 1:colcon.colcon_core.environment:checking '/home/shaxpy/colcon_ws_AMR/install/robile_gazebo/lib/pkgconfig/robile_gazebo.pc'
[1.914s] Level 1:colcon.colcon_core.environment:checking '/home/shaxpy/colcon_ws_AMR/install/robile_gazebo/lib/python3.8/site-packages'
[1.915s] Level 1:colcon.colcon_core.environment:checking '/home/shaxpy/colcon_ws_AMR/install/robile_gazebo/bin'
[1.918s] INFO:colcon.colcon_core.shell:Creating package script '/home/shaxpy/colcon_ws_AMR/install/robile_gazebo/share/robile_gazebo/package.ps1'
[1.918s] INFO:colcon.colcon_core.shell:Creating package descriptor '/home/shaxpy/colcon_ws_AMR/install/robile_gazebo/share/robile_gazebo/package.dsv'
[1.919s] INFO:colcon.colcon_core.shell:Creating package script '/home/shaxpy/colcon_ws_AMR/install/robile_gazebo/share/robile_gazebo/package.sh'
[1.919s] INFO:colcon.colcon_core.shell:Creating package script '/home/shaxpy/colcon_ws_AMR/install/robile_gazebo/share/robile_gazebo/package.bash'
[1.919s] INFO:colcon.colcon_core.shell:Creating package script '/home/shaxpy/colcon_ws_AMR/install/robile_gazebo/share/robile_gazebo/package.zsh'
[1.919s] Level 1:colcon.colcon_core.environment:create_file_with_runtime_dependencies(/home/shaxpy/colcon_ws_AMR/install/robile_gazebo/share/colcon-core/packages/robile_gazebo)
[1.944s] Level 1:colcon.colcon_core.environment:create_environment_scripts_only(robile_gazebo)
[1.950s] Level 1:colcon.colcon_core.environment:checking '/home/shaxpy/colcon_ws_AMR/install/robile_gazebo' for CMake module files
[1.951s] Level 1:colcon.colcon_core.environment:checking '/home/shaxpy/colcon_ws_AMR/install/robile_gazebo' for CMake config files
[1.951s] Level 1:colcon.colcon_core.shell:create_environment_hook('robile_gazebo', 'cmake_prefix_path')
[1.956s] INFO:colcon.colcon_core.shell:Creating environment hook '/home/shaxpy/colcon_ws_AMR/install/robile_gazebo/share/robile_gazebo/hook/cmake_prefix_path.ps1'
[1.956s] INFO:colcon.colcon_core.shell:Creating environment descriptor '/home/shaxpy/colcon_ws_AMR/install/robile_gazebo/share/robile_gazebo/hook/cmake_prefix_path.dsv'
[1.957s] INFO:colcon.colcon_core.shell:Creating environment hook '/home/shaxpy/colcon_ws_AMR/install/robile_gazebo/share/robile_gazebo/hook/cmake_prefix_path.sh'
[1.957s] Level 1:colcon.colcon_core.environment:checking '/home/shaxpy/colcon_ws_AMR/install/robile_gazebo/bin'
[1.958s] Level 1:colcon.colcon_core.environment:checking '/home/shaxpy/colcon_ws_AMR/install/robile_gazebo/lib/pkgconfig/robile_gazebo.pc'
[1.958s] Level 1:colcon.colcon_core.environment:checking '/home/shaxpy/colcon_ws_AMR/install/robile_gazebo/lib/python3.8/site-packages'
[1.958s] Level 1:colcon.colcon_core.environment:checking '/home/shaxpy/colcon_ws_AMR/install/robile_gazebo/bin'
[1.962s] INFO:colcon.colcon_core.shell:Creating package script '/home/shaxpy/colcon_ws_AMR/install/robile_gazebo/share/robile_gazebo/package.ps1'
[1.963s] INFO:colcon.colcon_core.shell:Creating package descriptor '/home/shaxpy/colcon_ws_AMR/install/robile_gazebo/share/robile_gazebo/package.dsv'
[1.964s] INFO:colcon.colcon_core.shell:Creating package script '/home/shaxpy/colcon_ws_AMR/install/robile_gazebo/share/robile_gazebo/package.sh'
[1.964s] INFO:colcon.colcon_core.shell:Creating package script '/home/shaxpy/colcon_ws_AMR/install/robile_gazebo/share/robile_gazebo/package.bash'
[1.965s] INFO:colcon.colcon_core.shell:Creating package script '/home/shaxpy/colcon_ws_AMR/install/robile_gazebo/share/robile_gazebo/package.zsh'
[1.965s] Level 1:colcon.colcon_core.environment:create_file_with_runtime_dependencies(/home/shaxpy/colcon_ws_AMR/install/robile_gazebo/share/colcon-core/packages/robile_gazebo)
[2.205s] DEBUG:colcon.colcon_core.event_handler.log_command:Invoking command in '/home/shaxpy/colcon_ws_AMR/src/py_trees_ros': PYTHONPATH=/home/shaxpy/colcon_ws_AMR/build/py_trees_ros/prefix_override:/home/shaxpy/colcon_ws_AMR/install/py_trees_ros/lib/python3.8/site-packages:${PYTHONPATH} /usr/bin/python3 setup.py egg_info --egg-base ../../build/py_trees_ros build --build-base /home/shaxpy/colcon_ws_AMR/build/py_trees_ros/build install --record /home/shaxpy/colcon_ws_AMR/build/py_trees_ros/install.log --single-version-externally-managed
[2.216s] DEBUG:colcon.colcon_core.event_handler.log_command:Invoking command in '/home/shaxpy/colcon_ws_AMR/src/Robile/robile_demos/robile_control_square': PYTHONPATH=/home/shaxpy/colcon_ws_AMR/build/robile_control_square/prefix_override:/home/shaxpy/colcon_ws_AMR/install/robile_control_square/lib/python3.8/site-packages:${PYTHONPATH} /usr/bin/python3 setup.py egg_info --egg-base ../../../../build/robile_control_square build --build-base /home/shaxpy/colcon_ws_AMR/build/robile_control_square/build install --record /home/shaxpy/colcon_ws_AMR/build/robile_control_square/install.log --single-version-externally-managed
[2.240s] DEBUG:colcon.colcon_core.event_handler.log_command:Invoking command in '/home/shaxpy/colcon_ws_AMR/src/Robile/robile_demos/robile_new': PYTHONPATH=/home/shaxpy/colcon_ws_AMR/build/robile_new/prefix_override:/home/shaxpy/colcon_ws_AMR/install/robile_new/lib/python3.8/site-packages:${PYTHONPATH} /usr/bin/python3 setup.py egg_info --egg-base ../../../../build/robile_new build --build-base /home/shaxpy/colcon_ws_AMR/build/robile_new/build install --record /home/shaxpy/colcon_ws_AMR/build/robile_new/install.log --single-version-externally-managed
[2.249s] DEBUG:colcon.colcon_core.event_handler.log_command:Invoking command in '/home/shaxpy/colcon_ws_AMR/src/Robile/robile_demos/robile_control_simple': PYTHONPATH=/home/shaxpy/colcon_ws_AMR/build/robile_control_simple/prefix_override:/home/shaxpy/colcon_ws_AMR/install/robile_control_simple/lib/python3.8/site-packages:${PYTHONPATH} /usr/bin/python3 setup.py egg_info --egg-base ../../../../build/robile_control_simple build --build-base /home/shaxpy/colcon_ws_AMR/build/robile_control_simple/build install --record /home/shaxpy/colcon_ws_AMR/build/robile_control_simple/install.log --single-version-externally-managed
[2.266s] DEBUG:colcon.colcon_core.event_handler.log_command:Invoking command in '/home/shaxpy/colcon_ws_AMR/src/Robile/robile_demos/robile_reach_goal': PYTHONPATH=/home/shaxpy/colcon_ws_AMR/build/robile_reach_goal/prefix_override:/home/shaxpy/colcon_ws_AMR/install/robile_reach_goal/lib/python3.8/site-packages:${PYTHONPATH} /usr/bin/python3 setup.py egg_info --egg-base ../../../../build/robile_reach_goal build --build-base /home/shaxpy/colcon_ws_AMR/build/robile_reach_goal/build install --record /home/shaxpy/colcon_ws_AMR/build/robile_reach_goal/install.log --single-version-externally-managed
[2.503s] DEBUG:colcon.colcon_core.event_handler.log_command:Invoked command in '/home/shaxpy/colcon_ws_AMR/src/py_trees_ros' returned '0': PYTHONPATH=/home/shaxpy/colcon_ws_AMR/build/py_trees_ros/prefix_override:/home/shaxpy/colcon_ws_AMR/install/py_trees_ros/lib/python3.8/site-packages:${PYTHONPATH} /usr/bin/python3 setup.py egg_info --egg-base ../../build/py_trees_ros build --build-base /home/shaxpy/colcon_ws_AMR/build/py_trees_ros/build install --record /home/shaxpy/colcon_ws_AMR/build/py_trees_ros/install.log --single-version-externally-managed
[2.505s] Level 1:colcon.colcon_core.environment:checking '/home/shaxpy/colcon_ws_AMR/install/py_trees_ros' for CMake module files
[2.508s] Level 1:colcon.colcon_core.environment:checking '/home/shaxpy/colcon_ws_AMR/install/py_trees_ros' for CMake config files
[2.509s] Level 1:colcon.colcon_core.environment:checking '/home/shaxpy/colcon_ws_AMR/install/py_trees_ros/lib'
[2.509s] Level 1:colcon.colcon_core.environment:checking '/home/shaxpy/colcon_ws_AMR/install/py_trees_ros/bin'
[2.509s] Level 1:colcon.colcon_core.shell:create_environment_hook('py_trees_ros', 'path')
[2.514s] INFO:colcon.colcon_core.shell:Creating environment hook '/home/shaxpy/colcon_ws_AMR/install/py_trees_ros/share/py_trees_ros/hook/path.ps1'
[2.515s] INFO:colcon.colcon_core.shell:Creating environment descriptor '/home/shaxpy/colcon_ws_AMR/install/py_trees_ros/share/py_trees_ros/hook/path.dsv'
[2.515s] INFO:colcon.colcon_core.shell:Creating environment hook '/home/shaxpy/colcon_ws_AMR/install/py_trees_ros/share/py_trees_ros/hook/path.sh'
[2.516s] Level 1:colcon.colcon_core.environment:checking '/home/shaxpy/colcon_ws_AMR/install/py_trees_ros/lib/pkgconfig/py_trees_ros.pc'
[2.516s] Level 1:colcon.colcon_core.environment:checking '/home/shaxpy/colcon_ws_AMR/install/py_trees_ros/lib/python3.8/site-packages'
[2.516s] Level 1:colcon.colcon_core.shell:create_environment_hook('py_trees_ros', 'pythonpath')
[2.519s] INFO:colcon.colcon_core.shell:Creating environment hook '/home/shaxpy/colcon_ws_AMR/install/py_trees_ros/share/py_trees_ros/hook/pythonpath.ps1'
[2.520s] INFO:colcon.colcon_core.shell:Creating environment descriptor '/home/shaxpy/colcon_ws_AMR/install/py_trees_ros/share/py_trees_ros/hook/pythonpath.dsv'
[2.520s] INFO:colcon.colcon_core.shell:Creating environment hook '/home/shaxpy/colcon_ws_AMR/install/py_trees_ros/share/py_trees_ros/hook/pythonpath.sh'
[2.521s] Level 1:colcon.colcon_core.environment:checking '/home/shaxpy/colcon_ws_AMR/install/py_trees_ros/bin'
[2.521s] Level 1:colcon.colcon_core.shell:create_environment_hook('py_trees_ros', 'pythonscriptspath')
[2.524s] INFO:colcon.colcon_core.shell:Creating environment hook '/home/shaxpy/colcon_ws_AMR/install/py_trees_ros/share/py_trees_ros/hook/pythonscriptspath.ps1'
[2.525s] INFO:colcon.colcon_core.shell:Creating environment descriptor '/home/shaxpy/colcon_ws_AMR/install/py_trees_ros/share/py_trees_ros/hook/pythonscriptspath.dsv'
[2.526s] INFO:colcon.colcon_core.shell:Creating environment hook '/home/shaxpy/colcon_ws_AMR/install/py_trees_ros/share/py_trees_ros/hook/pythonscriptspath.sh'
[2.526s] Level 1:colcon.colcon_core.environment:create_environment_scripts_only(py_trees_ros)
[2.530s] INFO:colcon.colcon_core.shell:Creating package script '/home/shaxpy/colcon_ws_AMR/install/py_trees_ros/share/py_trees_ros/package.ps1'
[2.531s] INFO:colcon.colcon_core.shell:Creating package descriptor '/home/shaxpy/colcon_ws_AMR/install/py_trees_ros/share/py_trees_ros/package.dsv'
[2.532s] INFO:colcon.colcon_core.shell:Creating package script '/home/shaxpy/colcon_ws_AMR/install/py_trees_ros/share/py_trees_ros/package.sh'
[2.532s] INFO:colcon.colcon_core.shell:Creating package script '/home/shaxpy/colcon_ws_AMR/install/py_trees_ros/share/py_trees_ros/package.bash'
[2.533s] INFO:colcon.colcon_core.shell:Creating package script '/home/shaxpy/colcon_ws_AMR/install/py_trees_ros/share/py_trees_ros/package.zsh'
[2.533s] Level 1:colcon.colcon_core.environment:create_file_with_runtime_dependencies(/home/shaxpy/colcon_ws_AMR/install/py_trees_ros/share/colcon-core/packages/py_trees_ros)
[2.539s] Level 1:colcon.colcon_core.environment:checking '/home/shaxpy/colcon_ws_AMR/install/robile_control_square' for CMake module files
[2.540s] DEBUG:colcon.colcon_core.event_handler.log_command:Invoked command in '/home/shaxpy/colcon_ws_AMR/src/Robile/robile_demos/robile_control_square' returned '0': PYTHONPATH=/home/shaxpy/colcon_ws_AMR/build/robile_control_square/prefix_override:/home/shaxpy/colcon_ws_AMR/install/robile_control_square/lib/python3.8/site-packages:${PYTHONPATH} /usr/bin/python3 setup.py egg_info --egg-base ../../../../build/robile_control_square build --build-base /home/shaxpy/colcon_ws_AMR/build/robile_control_square/build install --record /home/shaxpy/colcon_ws_AMR/build/robile_control_square/install.log --single-version-externally-managed
[2.541s] Level 1:colcon.colcon_core.environment:checking '/home/shaxpy/colcon_ws_AMR/install/robile_control_square' for CMake config files
[2.541s] Level 1:colcon.colcon_core.environment:checking '/home/shaxpy/colcon_ws_AMR/install/robile_control_square/lib'
[2.542s] Level 1:colcon.colcon_core.environment:checking '/home/shaxpy/colcon_ws_AMR/install/robile_control_square/bin'
[2.542s] Level 1:colcon.colcon_core.environment:checking '/home/shaxpy/colcon_ws_AMR/install/robile_control_square/lib/pkgconfig/robile_control_square.pc'
[2.542s] Level 1:colcon.colcon_core.environment:checking '/home/shaxpy/colcon_ws_AMR/install/robile_control_square/lib/python3.8/site-packages'
[2.542s] Level 1:colcon.colcon_core.shell:create_environment_hook('robile_control_square', 'pythonpath')
[2.545s] INFO:colcon.colcon_core.shell:Creating environment hook '/home/shaxpy/colcon_ws_AMR/install/robile_control_square/share/robile_control_square/hook/pythonpath.ps1'
[2.546s] INFO:colcon.colcon_core.shell:Creating environment descriptor '/home/shaxpy/colcon_ws_AMR/install/robile_control_square/share/robile_control_square/hook/pythonpath.dsv'
[2.546s] INFO:colcon.colcon_core.shell:Creating environment hook '/home/shaxpy/colcon_ws_AMR/install/robile_control_square/share/robile_control_square/hook/pythonpath.sh'
[2.547s] Level 1:colcon.colcon_core.environment:checking '/home/shaxpy/colcon_ws_AMR/install/robile_control_square/bin'
[2.547s] Level 1:colcon.colcon_core.environment:create_environment_scripts_only(robile_control_square)
[2.550s] INFO:colcon.colcon_core.shell:Creating package script '/home/shaxpy/colcon_ws_AMR/install/robile_control_square/share/robile_control_square/package.ps1'
[2.551s] INFO:colcon.colcon_core.shell:Creating package descriptor '/home/shaxpy/colcon_ws_AMR/install/robile_control_square/share/robile_control_square/package.dsv'
[2.552s] INFO:colcon.colcon_core.shell:Creating package script '/home/shaxpy/colcon_ws_AMR/install/robile_control_square/share/robile_control_square/package.sh'
[2.552s] INFO:colcon.colcon_core.shell:Creating package script '/home/shaxpy/colcon_ws_AMR/install/robile_control_square/share/robile_control_square/package.bash'
[2.552s] INFO:colcon.colcon_core.shell:Creating package script '/home/shaxpy/colcon_ws_AMR/install/robile_control_square/share/robile_control_square/package.zsh'
[2.553s] Level 1:colcon.colcon_core.environment:create_file_with_runtime_dependencies(/home/shaxpy/colcon_ws_AMR/install/robile_control_square/share/colcon-core/packages/robile_control_square)
[2.557s] Level 1:colcon.colcon_core.environment:checking '/home/shaxpy/colcon_ws_AMR/install/robile_new' for CMake module files
[2.558s] DEBUG:colcon.colcon_core.event_handler.log_command:Invoked command in '/home/shaxpy/colcon_ws_AMR/src/Robile/robile_demos/robile_new' returned '0': PYTHONPATH=/home/shaxpy/colcon_ws_AMR/build/robile_new/prefix_override:/home/shaxpy/colcon_ws_AMR/install/robile_new/lib/python3.8/site-packages:${PYTHONPATH} /usr/bin/python3 setup.py egg_info --egg-base ../../../../build/robile_new build --build-base /home/shaxpy/colcon_ws_AMR/build/robile_new/build install --record /home/shaxpy/colcon_ws_AMR/build/robile_new/install.log --single-version-externally-managed
[2.558s] Level 1:colcon.colcon_core.environment:checking '/home/shaxpy/colcon_ws_AMR/install/robile_new' for CMake config files
[2.558s] Level 1:colcon.colcon_core.environment:checking '/home/shaxpy/colcon_ws_AMR/install/robile_new/lib'
[2.558s] Level 1:colcon.colcon_core.environment:checking '/home/shaxpy/colcon_ws_AMR/install/robile_new/bin'
[2.558s] Level 1:colcon.colcon_core.environment:checking '/home/shaxpy/colcon_ws_AMR/install/robile_new/lib/pkgconfig/robile_new.pc'
[2.558s] Level 1:colcon.colcon_core.environment:checking '/home/shaxpy/colcon_ws_AMR/install/robile_new/lib/python3.8/site-packages'
[2.559s] Level 1:colcon.colcon_core.shell:create_environment_hook('robile_new', 'pythonpath')
[2.561s] INFO:colcon.colcon_core.shell:Creating environment hook '/home/shaxpy/colcon_ws_AMR/install/robile_new/share/robile_new/hook/pythonpath.ps1'
[2.561s] INFO:colcon.colcon_core.shell:Creating environment descriptor '/home/shaxpy/colcon_ws_AMR/install/robile_new/share/robile_new/hook/pythonpath.dsv'
[2.561s] INFO:colcon.colcon_core.shell:Creating environment hook '/home/shaxpy/colcon_ws_AMR/install/robile_new/share/robile_new/hook/pythonpath.sh'
[2.561s] Level 1:colcon.colcon_core.environment:checking '/home/shaxpy/colcon_ws_AMR/install/robile_new/bin'
[2.562s] Level 1:colcon.colcon_core.environment:create_environment_scripts_only(robile_new)
[2.564s] INFO:colcon.colcon_core.shell:Creating package script '/home/shaxpy/colcon_ws_AMR/install/robile_new/share/robile_new/package.ps1'
[2.564s] INFO:colcon.colcon_core.shell:Creating package descriptor '/home/shaxpy/colcon_ws_AMR/install/robile_new/share/robile_new/package.dsv'
[2.564s] INFO:colcon.colcon_core.shell:Creating package script '/home/shaxpy/colcon_ws_AMR/install/robile_new/share/robile_new/package.sh'
[2.564s] INFO:colcon.colcon_core.shell:Creating package script '/home/shaxpy/colcon_ws_AMR/install/robile_new/share/robile_new/package.bash'
[2.565s] INFO:colcon.colcon_core.shell:Creating package script '/home/shaxpy/colcon_ws_AMR/install/robile_new/share/robile_new/package.zsh'
[2.565s] Level 1:colcon.colcon_core.environment:create_file_with_runtime_dependencies(/home/shaxpy/colcon_ws_AMR/install/robile_new/share/colcon-core/packages/robile_new)
[2.568s] Level 1:colcon.colcon_core.environment:checking '/home/shaxpy/colcon_ws_AMR/install/robile_control_simple' for CMake module files
[2.568s] Level 1:colcon.colcon_core.environment:checking '/home/shaxpy/colcon_ws_AMR/install/robile_control_simple' for CMake config files
[2.569s] DEBUG:colcon.colcon_core.event_handler.log_command:Invoked command in '/home/shaxpy/colcon_ws_AMR/src/Robile/robile_demos/robile_control_simple' returned '0': PYTHONPATH=/home/shaxpy/colcon_ws_AMR/build/robile_control_simple/prefix_override:/home/shaxpy/colcon_ws_AMR/install/robile_control_simple/lib/python3.8/site-packages:${PYTHONPATH} /usr/bin/python3 setup.py egg_info --egg-base ../../../../build/robile_control_simple build --build-base /home/shaxpy/colcon_ws_AMR/build/robile_control_simple/build install --record /home/shaxpy/colcon_ws_AMR/build/robile_control_simple/install.log --single-version-externally-managed
[2.569s] Level 1:colcon.colcon_core.environment:checking '/home/shaxpy/colcon_ws_AMR/install/robile_control_simple/lib'
[2.569s] Level 1:colcon.colcon_core.environment:checking '/home/shaxpy/colcon_ws_AMR/install/robile_control_simple/bin'
[2.569s] Level 1:colcon.colcon_core.environment:checking '/home/shaxpy/colcon_ws_AMR/install/robile_control_simple/lib/pkgconfig/robile_control_simple.pc'
[2.569s] Level 1:colcon.colcon_core.environment:checking '/home/shaxpy/colcon_ws_AMR/install/robile_control_simple/lib/python3.8/site-packages'
[2.569s] Level 1:colcon.colcon_core.shell:create_environment_hook('robile_control_simple', 'pythonpath')
[2.571s] INFO:colcon.colcon_core.shell:Creating environment hook '/home/shaxpy/colcon_ws_AMR/install/robile_control_simple/share/robile_control_simple/hook/pythonpath.ps1'
[2.572s] INFO:colcon.colcon_core.shell:Creating environment descriptor '/home/shaxpy/colcon_ws_AMR/install/robile_control_simple/share/robile_control_simple/hook/pythonpath.dsv'
[2.572s] INFO:colcon.colcon_core.shell:Creating environment hook '/home/shaxpy/colcon_ws_AMR/install/robile_control_simple/share/robile_control_simple/hook/pythonpath.sh'
[2.572s] Level 1:colcon.colcon_core.environment:checking '/home/shaxpy/colcon_ws_AMR/install/robile_control_simple/bin'
[2.572s] Level 1:colcon.colcon_core.environment:create_environment_scripts_only(robile_control_simple)
[2.574s] INFO:colcon.colcon_core.shell:Creating package script '/home/shaxpy/colcon_ws_AMR/install/robile_control_simple/share/robile_control_simple/package.ps1'
[2.575s] INFO:colcon.colcon_core.shell:Creating package descriptor '/home/shaxpy/colcon_ws_AMR/install/robile_control_simple/share/robile_control_simple/package.dsv'
[2.575s] INFO:colcon.colcon_core.shell:Creating package script '/home/shaxpy/colcon_ws_AMR/install/robile_control_simple/share/robile_control_simple/package.sh'
[2.575s] INFO:colcon.colcon_core.shell:Creating package script '/home/shaxpy/colcon_ws_AMR/install/robile_control_simple/share/robile_control_simple/package.bash'
[2.576s] INFO:colcon.colcon_core.shell:Creating package script '/home/shaxpy/colcon_ws_AMR/install/robile_control_simple/share/robile_control_simple/package.zsh'
[2.576s] Level 1:colcon.colcon_core.environment:create_file_with_runtime_dependencies(/home/shaxpy/colcon_ws_AMR/install/robile_control_simple/share/colcon-core/packages/robile_control_simple)
[2.579s] Level 1:colcon.colcon_core.environment:checking '/home/shaxpy/colcon_ws_AMR/install/robile_reach_goal' for CMake module files
[2.580s] DEBUG:colcon.colcon_core.event_handler.log_command:Invoked command in '/home/shaxpy/colcon_ws_AMR/src/Robile/robile_demos/robile_reach_goal' returned '0': PYTHONPATH=/home/shaxpy/colcon_ws_AMR/build/robile_reach_goal/prefix_override:/home/shaxpy/colcon_ws_AMR/install/robile_reach_goal/lib/python3.8/site-packages:${PYTHONPATH} /usr/bin/python3 setup.py egg_info --egg-base ../../../../build/robile_reach_goal build --build-base /home/shaxpy/colcon_ws_AMR/build/robile_reach_goal/build install --record /home/shaxpy/colcon_ws_AMR/build/robile_reach_goal/install.log --single-version-externally-managed
[2.580s] Level 1:colcon.colcon_core.environment:checking '/home/shaxpy/colcon_ws_AMR/install/robile_reach_goal' for CMake config files
[2.580s] Level 1:colcon.colcon_core.environment:checking '/home/shaxpy/colcon_ws_AMR/install/robile_reach_goal/lib'
[2.580s] Level 1:colcon.colcon_core.environment:checking '/home/shaxpy/colcon_ws_AMR/install/robile_reach_goal/bin'
[2.581s] Level 1:colcon.colcon_core.environment:checking '/home/shaxpy/colcon_ws_AMR/install/robile_reach_goal/lib/pkgconfig/robile_reach_goal.pc'
[2.581s] Level 1:colcon.colcon_core.environment:checking '/home/shaxpy/colcon_ws_AMR/install/robile_reach_goal/lib/python3.8/site-packages'
[2.581s] Level 1:colcon.colcon_core.shell:create_environment_hook('robile_reach_goal', 'pythonpath')
[2.583s] INFO:colcon.colcon_core.shell:Creating environment hook '/home/shaxpy/colcon_ws_AMR/install/robile_reach_goal/share/robile_reach_goal/hook/pythonpath.ps1'
[2.583s] INFO:colcon.colcon_core.shell:Creating environment descriptor '/home/shaxpy/colcon_ws_AMR/install/robile_reach_goal/share/robile_reach_goal/hook/pythonpath.dsv'
[2.583s] INFO:colcon.colcon_core.shell:Creating environment hook '/home/shaxpy/colcon_ws_AMR/install/robile_reach_goal/share/robile_reach_goal/hook/pythonpath.sh'
[2.583s] Level 1:colcon.colcon_core.environment:checking '/home/shaxpy/colcon_ws_AMR/install/robile_reach_goal/bin'
[2.584s] Level 1:colcon.colcon_core.environment:create_environment_scripts_only(robile_reach_goal)
[2.585s] INFO:colcon.colcon_core.shell:Creating package script '/home/shaxpy/colcon_ws_AMR/install/robile_reach_goal/share/robile_reach_goal/package.ps1'
[2.586s] INFO:colcon.colcon_core.shell:Creating package descriptor '/home/shaxpy/colcon_ws_AMR/install/robile_reach_goal/share/robile_reach_goal/package.dsv'
[2.586s] INFO:colcon.colcon_core.shell:Creating package script '/home/shaxpy/colcon_ws_AMR/install/robile_reach_goal/share/robile_reach_goal/package.sh'
[2.586s] INFO:colcon.colcon_core.shell:Creating package script '/home/shaxpy/colcon_ws_AMR/install/robile_reach_goal/share/robile_reach_goal/package.bash'
[2.587s] INFO:colcon.colcon_core.shell:Creating package script '/home/shaxpy/colcon_ws_AMR/install/robile_reach_goal/share/robile_reach_goal/package.zsh'
[2.587s] Level 1:colcon.colcon_core.environment:create_file_with_runtime_dependencies(/home/shaxpy/colcon_ws_AMR/install/robile_reach_goal/share/colcon-core/packages/robile_reach_goal)
[2.587s] DEBUG:colcon.colcon_parallel_executor.executor.parallel:closing loop
[2.587s] DEBUG:colcon.colcon_parallel_executor.executor.parallel:loop closed
[2.587s] DEBUG:colcon.colcon_parallel_executor.executor.parallel:run_until_complete finished with '0'
[2.587s] DEBUG:colcon.colcon_core.event_reactor:joining thread
[2.596s] INFO:colcon.colcon_core.plugin_system:Skipping extension 'colcon_notification.desktop_notification.terminal_notifier': Not used on non-Darwin systems
[2.596s] INFO:colcon.colcon_core.plugin_system:Skipping extension 'colcon_notification.desktop_notification.win32': Not used on non-Windows systems
[2.596s] INFO:colcon.colcon_notification.desktop_notification:Sending desktop notification using 'notify2'
[2.617s] DEBUG:colcon.colcon_core.event_reactor:joined thread
[2.620s] INFO:colcon.colcon_core.shell:Creating prefix script '/home/shaxpy/colcon_ws_AMR/install/local_setup.ps1'
[2.622s] INFO:colcon.colcon_core.shell:Creating prefix util module '/home/shaxpy/colcon_ws_AMR/install/_local_setup_util_ps1.py'
[2.624s] INFO:colcon.colcon_core.shell:Creating prefix chain script '/home/shaxpy/colcon_ws_AMR/install/setup.ps1'
[2.626s] INFO:colcon.colcon_core.shell:Creating prefix script '/home/shaxpy/colcon_ws_AMR/install/local_setup.sh'
[2.627s] INFO:colcon.colcon_core.shell:Creating prefix util module '/home/shaxpy/colcon_ws_AMR/install/_local_setup_util_sh.py'
[2.627s] INFO:colcon.colcon_core.shell:Creating prefix chain script '/home/shaxpy/colcon_ws_AMR/install/setup.sh'
[2.628s] INFO:colcon.colcon_core.shell:Creating prefix script '/home/shaxpy/colcon_ws_AMR/install/local_setup.bash'
[2.629s] INFO:colcon.colcon_core.shell:Creating prefix chain script '/home/shaxpy/colcon_ws_AMR/install/setup.bash'
[2.630s] INFO:colcon.colcon_core.shell:Creating prefix script '/home/shaxpy/colcon_ws_AMR/install/local_setup.zsh'
[2.630s] INFO:colcon.colcon_core.shell:Creating prefix chain script '/home/shaxpy/colcon_ws_AMR/install/setup.zsh'
