-- The C compiler identification is GNU 9.4.0
-- The CXX compiler identification is GNU 9.4.0
-- Check for working C compiler: /usr/bin/cc
-- Check for working C compiler: /usr/bin/cc -- works
-- Detecting C compiler ABI info
-- Detecting C compiler ABI info - done
-- Detecting C compile features
-- Detecting C compile features - done
-- Check for working CXX compiler: /usr/bin/c++
-- Check for working CXX compiler: /usr/bin/c++ -- works
-- Detecting CXX compiler ABI info
-- Detecting CXX compiler ABI info - done
-- Detecting CXX compile features
-- Detecting CXX compile features - done
-- Found ament_cmake: 1.2.1 (/opt/ros/rolling/share/ament_cmake/cmake)
-- Found Python3: /usr/bin/python3.8 (found version "3.8.10") found components: Interpreter 
-- Found rclcpp: 15.0.0 (/opt/ros/rolling/share/rclcpp/cmake)
-- Using all available rosidl_typesupport_c: rosidl_typesupport_fastrtps_c;rosidl_typesupport_introspection_c
-- Found rosidl_adapter: 3.0.1 (/opt/ros/rolling/share/rosidl_adapter/cmake)
-- Using all available rosidl_typesupport_cpp: rosidl_typesupport_fastrtps_cpp;rosidl_typesupport_introspection_cpp
-- Found rmw_implementation_cmake: 5.1.0 (/opt/ros/rolling/share/rmw_implementation_cmake/cmake)
-- Found rmw_cyclonedds_cpp: 1.1.2 (/opt/ros/rolling/share/rmw_cyclonedds_cpp/cmake)
-- Using RMW implementation 'rmw_cyclonedds_cpp' as default
-- Found PkgConfig: /usr/bin/pkg-config (found version "0.29.1") 
-- Checking for module 'bullet>=2.82'
--   Found bullet, version 2.88
-- Found ccd: /usr/include (found suitable version "2.0", minimum required is "2.0") 
-- Found fcl: /usr/include (found suitable version "0.5.0", minimum required is "0.3.2") 
-- Found assimp: /usr/include (found version "5.0.0") 
-- Found DART: /usr/include (Required is at least version "6.6") found components: dart 
-- Found Boost: /usr/lib/x86_64-linux-gnu/cmake/Boost-1.71.0/BoostConfig.cmake (found suitable version "1.71.0", minimum required is "1.40.0") found components: thread system filesystem program_options regex iostreams date_time 
-- Found Protobuf: /usr/lib/x86_64-linux-gnu/libprotobuf.so;-lpthread (found version "3.6.1") 
-- Looking for ignition-math6 -- found version 6.13.0
-- Searching for dependencies of ignition-math6
-- Looking for OGRE...
-- OGRE_PREFIX_WATCH changed.
-- Checking for module 'OGRE'
--   Found OGRE, version 1.9.0
-- Found Ogre Ghadamon (1.9.0)
-- Found OGRE: optimized;/usr/lib/x86_64-linux-gnu/libOgreMain.so;debug;/usr/lib/x86_64-linux-gnu/libOgreMain.so
-- Looking for OGRE_Paging...
-- Found OGRE_Paging: optimized;/usr/lib/x86_64-linux-gnu/libOgrePaging.so;debug;/usr/lib/x86_64-linux-gnu/libOgrePaging.so
-- Looking for OGRE_Terrain...
-- Found OGRE_Terrain: optimized;/usr/lib/x86_64-linux-gnu/libOgreTerrain.so;debug;/usr/lib/x86_64-linux-gnu/libOgreTerrain.so
-- Looking for OGRE_Property...
-- Found OGRE_Property: optimized;/usr/lib/x86_64-linux-gnu/libOgreProperty.so;debug;/usr/lib/x86_64-linux-gnu/libOgreProperty.so
-- Looking for OGRE_RTShaderSystem...
-- Found OGRE_RTShaderSystem: optimized;/usr/lib/x86_64-linux-gnu/libOgreRTShaderSystem.so;debug;/usr/lib/x86_64-linux-gnu/libOgreRTShaderSystem.so
-- Looking for OGRE_Volume...
-- Found OGRE_Volume: optimized;/usr/lib/x86_64-linux-gnu/libOgreVolume.so;debug;/usr/lib/x86_64-linux-gnu/libOgreVolume.so
-- Looking for OGRE_Overlay...
-- Found OGRE_Overlay: optimized;/usr/lib/x86_64-linux-gnu/libOgreOverlay.so;debug;/usr/lib/x86_64-linux-gnu/libOgreOverlay.so
-- Looking for ignition-math6 -- found version 6.13.0
-- Looking for ignition-transport8 -- found version 8.3.0
-- Searching for dependencies of ignition-transport8
-- Found Protobuf: /usr/lib/x86_64-linux-gnu/libprotobuf.so;-lpthread (found suitable version "3.6.1", minimum required is "3") 
-- Config-file not installed for ZeroMQ -- checking for pkg-config
-- Checking for module 'libzmq >= 4'
--   Found libzmq , version 4.3.2
-- Found ZeroMQ: TRUE (Required is at least version "4") 
-- Checking for module 'uuid'
--   Found uuid, version 2.34.0
-- Found UUID: TRUE  
-- Looking for ignition-msgs5 -- found version 5.10.0
-- Searching for dependencies of ignition-msgs5
-- Looking for ignition-math6 -- found version 6.13.0
-- Checking for module 'tinyxml2'
--   Found tinyxml2, version 6.2.0
-- Looking for ignition-msgs5 -- found version 5.10.0
-- Looking for ignition-common3 -- found version 3.14.2
-- Searching for dependencies of ignition-common3
-- Looking for dlfcn.h - found
-- Looking for libdl - found
-- Found DL: TRUE  
-- Searching for <ignition-common3> component [graphics]
-- Looking for ignition-common3-graphics -- found version 3.14.2
-- Searching for dependencies of ignition-common3-graphics
-- Looking for ignition-math6 -- found version 6.13.0
-- Looking for ignition-fuel_tools4 -- found version 4.6.0
-- Searching for dependencies of ignition-fuel_tools4
-- Found CURL: /usr/lib/x86_64-linux-gnu/libcurl.so (found version "7.68.0")  
-- Checking for module 'jsoncpp'
--   Found jsoncpp, version 1.7.4
-- Found JSONCPP: TRUE  
-- Checking for module 'libzip'
--   Found libzip, version 1.5.1
-- Found ZIP: TRUE  
-- Looking for ignition-common3 -- found version 3.14.2
-- Looking for ignition-math6 -- found version 6.13.0
-- Looking for ignition-msgs5 -- found version 5.10.0
-- Found gazebo_ros_pkgs: 3.5.2 (/opt/ros/rolling/share/gazebo_ros_pkgs/cmake)
-- Found geometry_msgs: 4.0.0 (/opt/ros/rolling/share/geometry_msgs/cmake)
-- Found nav_msgs: 4.0.0 (/opt/ros/rolling/share/nav_msgs/cmake)
-- Found sensor_msgs: 4.0.0 (/opt/ros/rolling/share/sensor_msgs/cmake)
-- Found tf2: 0.21.0 (/opt/ros/rolling/share/tf2/cmake)
-- Configuring done
-- Generating done
-- Build files have been written to: /home/shaxpy/colcon_ws_AMR/build/robile_gazebo
-- Install configuration: ""
-- Installing: /home/shaxpy/colcon_ws_AMR/install/robile_gazebo/share/robile_gazebo//config
-- Installing: /home/shaxpy/colcon_ws_AMR/install/robile_gazebo/share/robile_gazebo//config/rviz
-- Installing: /home/shaxpy/colcon_ws_AMR/install/robile_gazebo/share/robile_gazebo//config/rviz/robile_rolling.rviz
-- Installing: /home/shaxpy/colcon_ws_AMR/install/robile_gazebo/share/robile_gazebo//config/doxygen
-- Installing: /home/shaxpy/colcon_ws_AMR/install/robile_gazebo/share/robile_gazebo//config/doxygen/Doxyfile.in
-- Installing: /home/shaxpy/colcon_ws_AMR/install/robile_gazebo/share/robile_gazebo//launch
-- Installing: /home/shaxpy/colcon_ws_AMR/install/robile_gazebo/share/robile_gazebo//launch/gazebo_4_wheel.launch.py
-- Installing: /home/shaxpy/colcon_ws_AMR/install/robile_gazebo/share/ament_index/resource_index/package_run_dependencies/robile_gazebo
-- Installing: /home/shaxpy/colcon_ws_AMR/install/robile_gazebo/share/ament_index/resource_index/parent_prefix_path/robile_gazebo
-- Installing: /home/shaxpy/colcon_ws_AMR/install/robile_gazebo/share/robile_gazebo/environment/ament_prefix_path.sh
-- Installing: /home/shaxpy/colcon_ws_AMR/install/robile_gazebo/share/robile_gazebo/environment/ament_prefix_path.dsv
-- Installing: /home/shaxpy/colcon_ws_AMR/install/robile_gazebo/share/robile_gazebo/environment/path.sh
-- Installing: /home/shaxpy/colcon_ws_AMR/install/robile_gazebo/share/robile_gazebo/environment/path.dsv
-- Installing: /home/shaxpy/colcon_ws_AMR/install/robile_gazebo/share/robile_gazebo/local_setup.bash
-- Installing: /home/shaxpy/colcon_ws_AMR/install/robile_gazebo/share/robile_gazebo/local_setup.sh
-- Installing: /home/shaxpy/colcon_ws_AMR/install/robile_gazebo/share/robile_gazebo/local_setup.zsh
-- Installing: /home/shaxpy/colcon_ws_AMR/install/robile_gazebo/share/robile_gazebo/local_setup.dsv
-- Installing: /home/shaxpy/colcon_ws_AMR/install/robile_gazebo/share/robile_gazebo/package.dsv
-- Installing: /home/shaxpy/colcon_ws_AMR/install/robile_gazebo/share/ament_index/resource_index/packages/robile_gazebo
-- Installing: /home/shaxpy/colcon_ws_AMR/install/robile_gazebo/share/robile_gazebo/cmake/ament_cmake_export_include_directories-extras.cmake
-- Installing: /home/shaxpy/colcon_ws_AMR/install/robile_gazebo/share/robile_gazebo/cmake/robile_gazeboConfig.cmake
-- Installing: /home/shaxpy/colcon_ws_AMR/install/robile_gazebo/share/robile_gazebo/cmake/robile_gazeboConfig-version.cmake
-- Installing: /home/shaxpy/colcon_ws_AMR/install/robile_gazebo/share/robile_gazebo/package.xml
