[0.016s] Invoking command in '/home/shaxpy/colcon_ws_AMR/build/robile_gazebo': AMENT_PREFIX_PATH=/home/shaxpy/colcon_ws_AMR/install/robile_description:${AMENT_PREFIX_PATH} CMAKE_PREFIX_PATH=/home/shaxpy/colcon_ws_AMR/install/robile_description:/home/shaxpy/amr_first_ws/install/robile_gazebo:/home/shaxpy/amr_first_ws/install/robile_description:/opt/ros/rolling /usr/bin/cmake /home/shaxpy/colcon_ws_AMR/src/robile_gazebo -DCMAKE_INSTALL_PREFIX=/home/shaxpy/colcon_ws_AMR/install/robile_gazebo
[0.069s] -- The C compiler identification is GNU 9.4.0
[0.113s] -- The CXX compiler identification is GNU 9.4.0
[0.118s] -- Check for working C compiler: /usr/bin/cc
[0.178s] -- Check for working C compiler: /usr/bin/cc -- works
[0.179s] -- Detecting C compiler ABI info
[0.240s] -- Detecting C compiler ABI info - done
[0.251s] -- Detecting C compile features
[0.251s] -- Detecting C compile features - done
[0.253s] -- Check for working CXX compiler: /usr/bin/c++
[0.314s] -- Check for working CXX compiler: /usr/bin/c++ -- works
[0.315s] -- Detecting CXX compiler ABI info
[0.382s] -- Detecting CXX compiler ABI info - done
[0.393s] -- Detecting CXX compile features
[0.393s] -- Detecting CXX compile features - done
[0.395s] -- Found ament_cmake: 1.2.1 (/opt/ros/rolling/share/ament_cmake/cmake)
[0.517s] -- Found Python3: /usr/bin/python3.8 (found version "3.8.10") found components: Interpreter 
[0.598s] -- Found rclcpp: 15.0.0 (/opt/ros/rolling/share/rclcpp/cmake)
[0.662s] -- Using all available rosidl_typesupport_c: rosidl_typesupport_fastrtps_c;rosidl_typesupport_introspection_c
[0.670s] -- Found rosidl_adapter: 3.0.1 (/opt/ros/rolling/share/rosidl_adapter/cmake)
[0.725s] -- Using all available rosidl_typesupport_cpp: rosidl_typesupport_fastrtps_cpp;rosidl_typesupport_introspection_cpp
[0.814s] -- Found rmw_implementation_cmake: 5.1.0 (/opt/ros/rolling/share/rmw_implementation_cmake/cmake)
[0.817s] -- Found rmw_cyclonedds_cpp: 1.1.2 (/opt/ros/rolling/share/rmw_cyclonedds_cpp/cmake)
[0.849s] -- Using RMW implementation 'rmw_cyclonedds_cpp' as default
[0.985s] -- Found PkgConfig: /usr/bin/pkg-config (found version "0.29.1") 
[0.987s] -- Checking for module 'bullet>=2.82'
[1.000s] --   Found bullet, version 2.88
[1.101s] -- Found ccd: /usr/include (found suitable version "2.0", minimum required is "2.0") 
[1.151s] -- Found fcl: /usr/include (found suitable version "0.5.0", minimum required is "0.3.2") 
[1.208s] -- Found assimp: /usr/include (found version "5.0.0") 
[1.227s] -- Found DART: /usr/include (Required is at least version "6.6") found components: dart 
[1.530s] -- Found Boost: /usr/lib/x86_64-linux-gnu/cmake/Boost-1.71.0/BoostConfig.cmake (found suitable version "1.71.0", minimum required is "1.40.0") found components: thread system filesystem program_options regex iostreams date_time 
[1.552s] -- Found Protobuf: /usr/lib/x86_64-linux-gnu/libprotobuf.so;-lpthread (found version "3.6.1") 
[1.557s] -- Looking for ignition-math6 -- found version 6.13.0
[1.566s] -- Searching for dependencies of ignition-math6
[1.568s] -- Looking for OGRE...
[1.569s] -- OGRE_PREFIX_WATCH changed.
[1.573s] -- Checking for module 'OGRE'
[1.584s] --   Found OGRE, version 1.9.0
[1.613s] -- Found Ogre Ghadamon (1.9.0)
[1.622s] -- Found OGRE: optimized;/usr/lib/x86_64-linux-gnu/libOgreMain.so;debug;/usr/lib/x86_64-linux-gnu/libOgreMain.so
[1.631s] -- Looking for OGRE_Paging...
[1.638s] -- Found OGRE_Paging: optimized;/usr/lib/x86_64-linux-gnu/libOgrePaging.so;debug;/usr/lib/x86_64-linux-gnu/libOgrePaging.so
[1.638s] -- Looking for OGRE_Terrain...
[1.643s] -- Found OGRE_Terrain: optimized;/usr/lib/x86_64-linux-gnu/libOgreTerrain.so;debug;/usr/lib/x86_64-linux-gnu/libOgreTerrain.so
[1.643s] -- Looking for OGRE_Property...
[1.648s] -- Found OGRE_Property: optimized;/usr/lib/x86_64-linux-gnu/libOgreProperty.so;debug;/usr/lib/x86_64-linux-gnu/libOgreProperty.so
[1.648s] -- Looking for OGRE_RTShaderSystem...
[1.654s] -- Found OGRE_RTShaderSystem: optimized;/usr/lib/x86_64-linux-gnu/libOgreRTShaderSystem.so;debug;/usr/lib/x86_64-linux-gnu/libOgreRTShaderSystem.so
[1.654s] -- Looking for OGRE_Volume...
[1.660s] -- Found OGRE_Volume: optimized;/usr/lib/x86_64-linux-gnu/libOgreVolume.so;debug;/usr/lib/x86_64-linux-gnu/libOgreVolume.so
[1.660s] -- Looking for OGRE_Overlay...
[1.665s] -- Found OGRE_Overlay: optimized;/usr/lib/x86_64-linux-gnu/libOgreOverlay.so;debug;/usr/lib/x86_64-linux-gnu/libOgreOverlay.so
[1.765s] -- Looking for ignition-math6 -- found version 6.13.0
[1.767s] -- Looking for ignition-transport8 -- found version 8.3.0
[1.767s] -- Searching for dependencies of ignition-transport8
[1.781s] -- Found Protobuf: /usr/lib/x86_64-linux-gnu/libprotobuf.so;-lpthread (found suitable version "3.6.1", minimum required is "3") 
[1.789s] -- Config-file not installed for ZeroMQ -- checking for pkg-config
[1.793s] -- Checking for module 'libzmq >= 4'
[1.804s] --   Found libzmq , version 4.3.2
[1.832s] -- Found ZeroMQ: TRUE (Required is at least version "4") 
[1.837s] -- Checking for module 'uuid'
[1.848s] --   Found uuid, version 2.34.0
[1.879s] -- Found UUID: TRUE  
[1.880s] -- Looking for ignition-msgs5 -- found version 5.10.0
[1.881s] -- Searching for dependencies of ignition-msgs5
[1.895s] -- Looking for ignition-math6 -- found version 6.13.0
[1.899s] -- Checking for module 'tinyxml2'
[1.909s] --   Found tinyxml2, version 6.2.0
[1.937s] -- Looking for ignition-msgs5 -- found version 5.10.0
[1.939s] -- Looking for ignition-common3 -- found version 3.14.2
[1.939s] -- Searching for dependencies of ignition-common3
[1.940s] -- Looking for dlfcn.h - found
[1.941s] -- Looking for libdl - found
[1.942s] -- Found DL: TRUE  
[1.949s] -- Searching for <ignition-common3> component [graphics]
[1.951s] -- Looking for ignition-common3-graphics -- found version 3.14.2
[1.951s] -- Searching for dependencies of ignition-common3-graphics
[1.951s] -- Looking for ignition-math6 -- found version 6.13.0
[1.954s] -- Looking for ignition-fuel_tools4 -- found version 4.6.0
[1.954s] -- Searching for dependencies of ignition-fuel_tools4
[2.016s] -- Found CURL: /usr/lib/x86_64-linux-gnu/libcurl.so (found version "7.68.0")  
[2.022s] -- Checking for module 'jsoncpp'
[2.033s] --   Found jsoncpp, version 1.7.4
[2.059s] -- Found JSONCPP: TRUE  
[2.063s] -- Checking for module 'libzip'
[2.073s] --   Found libzip, version 1.5.1
[2.099s] -- Found ZIP: TRUE  
[2.100s] -- Looking for ignition-common3 -- found version 3.14.2
[2.100s] -- Looking for ignition-math6 -- found version 6.13.0
[2.101s] -- Looking for ignition-msgs5 -- found version 5.10.0
[2.103s] -- Found gazebo_ros_pkgs: 3.5.2 (/opt/ros/rolling/share/gazebo_ros_pkgs/cmake)
[2.104s] -- Found geometry_msgs: 4.0.0 (/opt/ros/rolling/share/geometry_msgs/cmake)
[2.138s] -- Found nav_msgs: 4.0.0 (/opt/ros/rolling/share/nav_msgs/cmake)
[2.208s] -- Found sensor_msgs: 4.0.0 (/opt/ros/rolling/share/sensor_msgs/cmake)
[2.278s] -- Found tf2: 0.21.0 (/opt/ros/rolling/share/tf2/cmake)
[2.348s] -- Configuring done
[2.350s] -- Generating done
[2.352s] -- Build files have been written to: /home/shaxpy/colcon_ws_AMR/build/robile_gazebo
[2.361s] Invoked command in '/home/shaxpy/colcon_ws_AMR/build/robile_gazebo' returned '0': AMENT_PREFIX_PATH=/home/shaxpy/colcon_ws_AMR/install/robile_description:${AMENT_PREFIX_PATH} CMAKE_PREFIX_PATH=/home/shaxpy/colcon_ws_AMR/install/robile_description:/home/shaxpy/amr_first_ws/install/robile_gazebo:/home/shaxpy/amr_first_ws/install/robile_description:/opt/ros/rolling /usr/bin/cmake /home/shaxpy/colcon_ws_AMR/src/robile_gazebo -DCMAKE_INSTALL_PREFIX=/home/shaxpy/colcon_ws_AMR/install/robile_gazebo
[2.362s] Invoking command in '/home/shaxpy/colcon_ws_AMR/build/robile_gazebo': AMENT_PREFIX_PATH=/home/shaxpy/colcon_ws_AMR/install/robile_description:${AMENT_PREFIX_PATH} CMAKE_PREFIX_PATH=/home/shaxpy/colcon_ws_AMR/install/robile_description:/home/shaxpy/amr_first_ws/install/robile_gazebo:/home/shaxpy/amr_first_ws/install/robile_description:/opt/ros/rolling /usr/bin/cmake --build /home/shaxpy/colcon_ws_AMR/build/robile_gazebo -- -j12 -l12
[2.396s] Invoked command in '/home/shaxpy/colcon_ws_AMR/build/robile_gazebo' returned '0': AMENT_PREFIX_PATH=/home/shaxpy/colcon_ws_AMR/install/robile_description:${AMENT_PREFIX_PATH} CMAKE_PREFIX_PATH=/home/shaxpy/colcon_ws_AMR/install/robile_description:/home/shaxpy/amr_first_ws/install/robile_gazebo:/home/shaxpy/amr_first_ws/install/robile_description:/opt/ros/rolling /usr/bin/cmake --build /home/shaxpy/colcon_ws_AMR/build/robile_gazebo -- -j12 -l12
[2.414s] Invoking command in '/home/shaxpy/colcon_ws_AMR/build/robile_gazebo': AMENT_PREFIX_PATH=/home/shaxpy/colcon_ws_AMR/install/robile_description:${AMENT_PREFIX_PATH} CMAKE_PREFIX_PATH=/home/shaxpy/colcon_ws_AMR/install/robile_description:/home/shaxpy/amr_first_ws/install/robile_gazebo:/home/shaxpy/amr_first_ws/install/robile_description:/opt/ros/rolling /usr/bin/cmake --install /home/shaxpy/colcon_ws_AMR/build/robile_gazebo
[2.421s] -- Install configuration: ""
[2.421s] -- Installing: /home/shaxpy/colcon_ws_AMR/install/robile_gazebo/share/robile_gazebo//config
[2.421s] -- Installing: /home/shaxpy/colcon_ws_AMR/install/robile_gazebo/share/robile_gazebo//config/rviz
[2.421s] -- Installing: /home/shaxpy/colcon_ws_AMR/install/robile_gazebo/share/robile_gazebo//config/rviz/robile_rolling.rviz
[2.421s] -- Installing: /home/shaxpy/colcon_ws_AMR/install/robile_gazebo/share/robile_gazebo//config/doxygen
[2.422s] -- Installing: /home/shaxpy/colcon_ws_AMR/install/robile_gazebo/share/robile_gazebo//config/doxygen/Doxyfile.in
[2.422s] -- Installing: /home/shaxpy/colcon_ws_AMR/install/robile_gazebo/share/robile_gazebo//launch
[2.422s] -- Installing: /home/shaxpy/colcon_ws_AMR/install/robile_gazebo/share/robile_gazebo//launch/gazebo_4_wheel.launch.py
[2.422s] -- Installing: /home/shaxpy/colcon_ws_AMR/install/robile_gazebo/share/ament_index/resource_index/package_run_dependencies/robile_gazebo
[2.422s] -- Installing: /home/shaxpy/colcon_ws_AMR/install/robile_gazebo/share/ament_index/resource_index/parent_prefix_path/robile_gazebo
[2.422s] -- Installing: /home/shaxpy/colcon_ws_AMR/install/robile_gazebo/share/robile_gazebo/environment/ament_prefix_path.sh
[2.422s] -- Installing: /home/shaxpy/colcon_ws_AMR/install/robile_gazebo/share/robile_gazebo/environment/ament_prefix_path.dsv
[2.422s] -- Installing: /home/shaxpy/colcon_ws_AMR/install/robile_gazebo/share/robile_gazebo/environment/path.sh
[2.422s] -- Installing: /home/shaxpy/colcon_ws_AMR/install/robile_gazebo/share/robile_gazebo/environment/path.dsv
[2.422s] -- Installing: /home/shaxpy/colcon_ws_AMR/install/robile_gazebo/share/robile_gazebo/local_setup.bash
[2.422s] -- Installing: /home/shaxpy/colcon_ws_AMR/install/robile_gazebo/share/robile_gazebo/local_setup.sh
[2.422s] -- Installing: /home/shaxpy/colcon_ws_AMR/install/robile_gazebo/share/robile_gazebo/local_setup.zsh
[2.423s] -- Installing: /home/shaxpy/colcon_ws_AMR/install/robile_gazebo/share/robile_gazebo/local_setup.dsv
[2.423s] -- Installing: /home/shaxpy/colcon_ws_AMR/install/robile_gazebo/share/robile_gazebo/package.dsv
[2.423s] -- Installing: /home/shaxpy/colcon_ws_AMR/install/robile_gazebo/share/ament_index/resource_index/packages/robile_gazebo
[2.423s] -- Installing: /home/shaxpy/colcon_ws_AMR/install/robile_gazebo/share/robile_gazebo/cmake/ament_cmake_export_include_directories-extras.cmake
[2.423s] -- Installing: /home/shaxpy/colcon_ws_AMR/install/robile_gazebo/share/robile_gazebo/cmake/robile_gazeboConfig.cmake
[2.423s] -- Installing: /home/shaxpy/colcon_ws_AMR/install/robile_gazebo/share/robile_gazebo/cmake/robile_gazeboConfig-version.cmake
[2.423s] -- Installing: /home/shaxpy/colcon_ws_AMR/install/robile_gazebo/share/robile_gazebo/package.xml
[2.429s] Invoked command in '/home/shaxpy/colcon_ws_AMR/build/robile_gazebo' returned '0': AMENT_PREFIX_PATH=/home/shaxpy/colcon_ws_AMR/install/robile_description:${AMENT_PREFIX_PATH} CMAKE_PREFIX_PATH=/home/shaxpy/colcon_ws_AMR/install/robile_description:/home/shaxpy/amr_first_ws/install/robile_gazebo:/home/shaxpy/amr_first_ws/install/robile_description:/opt/ros/rolling /usr/bin/cmake --install /home/shaxpy/colcon_ws_AMR/build/robile_gazebo
