[1.856s] Invoking command in '/home/shaxpy/colcon_ws_AMR/src/Robile/robile_demos/robile_control_simple': PYTHONPATH=/home/shaxpy/colcon_ws_AMR/build/robile_control_simple/prefix_override:/home/shaxpy/colcon_ws_AMR/install/robile_control_simple/lib/python3.8/site-packages:${PYTHONPATH} /usr/bin/python3 setup.py egg_info --egg-base ../../../../build/robile_control_simple build --build-base /home/shaxpy/colcon_ws_AMR/build/robile_control_simple/build install --record /home/shaxpy/colcon_ws_AMR/build/robile_control_simple/install.log --single-version-externally-managed
[2.055s] running egg_info
[2.056s] writing ../../../../build/robile_control_simple/robile_control_simple.egg-info/PKG-INFO
[2.056s] writing dependency_links to ../../../../build/robile_control_simple/robile_control_simple.egg-info/dependency_links.txt
[2.056s] writing entry points to ../../../../build/robile_control_simple/robile_control_simple.egg-info/entry_points.txt
[2.056s] writing requirements to ../../../../build/robile_control_simple/robile_control_simple.egg-info/requires.txt
[2.056s] writing top-level names to ../../../../build/robile_control_simple/robile_control_simple.egg-info/top_level.txt
[2.084s] reading manifest file '../../../../build/robile_control_simple/robile_control_simple.egg-info/SOURCES.txt'
[2.084s] writing manifest file '../../../../build/robile_control_simple/robile_control_simple.egg-info/SOURCES.txt'
[2.084s] running build
[2.084s] running build_py
[2.084s] running install
[2.085s] running install_lib
[2.087s] running install_data
[2.087s] running install_egg_info
[2.088s] removing '/home/shaxpy/colcon_ws_AMR/install/robile_control_simple/lib/python3.8/site-packages/robile_control_simple-0.0.0-py3.8.egg-info' (and everything under it)
[2.088s] Copying ../../../../build/robile_control_simple/robile_control_simple.egg-info to /home/shaxpy/colcon_ws_AMR/install/robile_control_simple/lib/python3.8/site-packages/robile_control_simple-0.0.0-py3.8.egg-info
[2.089s] running install_scripts
[2.102s] Installing circular_motion_publisher script to /home/shaxpy/colcon_ws_AMR/install/robile_control_simple/lib/robile_control_simple
[2.102s] writing list of installed files to '/home/shaxpy/colcon_ws_AMR/build/robile_control_simple/install.log'
[2.124s] Invoked command in '/home/shaxpy/colcon_ws_AMR/src/Robile/robile_demos/robile_control_simple' returned '0': PYTHONPATH=/home/shaxpy/colcon_ws_AMR/build/robile_control_simple/prefix_override:/home/shaxpy/colcon_ws_AMR/install/robile_control_simple/lib/python3.8/site-packages:${PYTHONPATH} /usr/bin/python3 setup.py egg_info --egg-base ../../../../build/robile_control_simple build --build-base /home/shaxpy/colcon_ws_AMR/build/robile_control_simple/build install --record /home/shaxpy/colcon_ws_AMR/build/robile_control_simple/install.log --single-version-externally-managed
