[1.738s] Invoking command in '/home/shaxpy/colcon_ws_AMR/src/py_trees_ros': PYTHONPATH=/home/shaxpy/colcon_ws_AMR/build/py_trees_ros/prefix_override:/home/shaxpy/colcon_ws_AMR/install/py_trees_ros/lib/python3.8/site-packages:${PYTHONPATH} /usr/bin/python3 setup.py egg_info --egg-base ../../build/py_trees_ros build --build-base /home/shaxpy/colcon_ws_AMR/build/py_trees_ros/build install --record /home/shaxpy/colcon_ws_AMR/build/py_trees_ros/install.log --single-version-externally-managed
[1.938s] running egg_info
[1.939s] writing ../../build/py_trees_ros/py_trees_ros.egg-info/PKG-INFO
[1.939s] writing dependency_links to ../../build/py_trees_ros/py_trees_ros.egg-info/dependency_links.txt
[1.939s] writing entry points to ../../build/py_trees_ros/py_trees_ros.egg-info/entry_points.txt
[1.939s] writing top-level names to ../../build/py_trees_ros/py_trees_ros.egg-info/top_level.txt
[1.968s] reading manifest file '../../build/py_trees_ros/py_trees_ros.egg-info/SOURCES.txt'
[1.969s] writing manifest file '../../build/py_trees_ros/py_trees_ros.egg-info/SOURCES.txt'
[1.969s] running build
[1.969s] running build_py
[1.970s] running install
[1.971s] running install_lib
[1.973s] running install_data
[1.973s] running install_egg_info
[1.975s] removing '/home/shaxpy/colcon_ws_AMR/install/py_trees_ros/lib/python3.8/site-packages/py_trees_ros-2.2.2-py3.8.egg-info' (and everything under it)
[1.975s] Copying ../../build/py_trees_ros/py_trees_ros.egg-info to /home/shaxpy/colcon_ws_AMR/install/py_trees_ros/lib/python3.8/site-packages/py_trees_ros-2.2.2-py3.8.egg-info
[1.976s] running install_scripts
[1.990s] Installing py-trees-blackboard-watcher script to /home/shaxpy/colcon_ws_AMR/install/py_trees_ros/bin
[1.990s] Installing py-trees-tree-watcher script to /home/shaxpy/colcon_ws_AMR/install/py_trees_ros/bin
[1.991s] writing list of installed files to '/home/shaxpy/colcon_ws_AMR/build/py_trees_ros/install.log'
[2.017s] Invoked command in '/home/shaxpy/colcon_ws_AMR/src/py_trees_ros' returned '0': PYTHONPATH=/home/shaxpy/colcon_ws_AMR/build/py_trees_ros/prefix_override:/home/shaxpy/colcon_ws_AMR/install/py_trees_ros/lib/python3.8/site-packages:${PYTHONPATH} /usr/bin/python3 setup.py egg_info --egg-base ../../build/py_trees_ros build --build-base /home/shaxpy/colcon_ws_AMR/build/py_trees_ros/build install --record /home/shaxpy/colcon_ws_AMR/build/py_trees_ros/install.log --single-version-externally-managed
